[0.020s] Invoking command in '/home/nvidia/MotorcarV1.1_ws/build/joy_control': AMENT_PREFIX_PATH=/home/nvidia/MotorcarV1.1_ws/install/serial:${AMENT_PREFIX_PATH} CMAKE_PREFIX_PATH=/home/nvidia/MotorcarV1.1_ws/install/serial:/home/nvidia/piek-src/install/motor_control:/home/nvidia/piek-src/install/willy_interfaces:/home/nvidia/piek-src/install/serial:/home/nvidia/piek-src/install/joy_control:/home/nvidia/piek-src/install/keyboard_joy:/opt/ros/humble LD_LIBRARY_PATH=/home/nvidia/MotorcarV1.1_ws/install/serial/lib:${LD_LIBRARY_PATH} /usr/bin/cmake /home/nvidia/MotorcarV1.1_ws/src/joy_control -DCMAKE_INSTALL_PREFIX=/home/nvidia/MotorcarV1.1_ws/install/joy_control
[0.118s] -- The C compiler identification is GNU 11.4.0
[0.212s] -- The CXX compiler identification is GNU 11.4.0
[0.228s] -- Detecting C compiler ABI info
[0.366s] -- Detecting C compiler ABI info - done
[0.390s] -- Check for working C compiler: /usr/bin/cc - skipped
[0.391s] -- Detecting C compile features
[0.392s] -- Detecting C compile features - done
[0.403s] -- Detecting CXX compiler ABI info
[0.554s] -- Detecting CXX compiler ABI info - done
[0.579s] -- Check for working CXX compiler: /usr/bin/c++ - skipped
[0.580s] -- Detecting CXX compile features
[0.582s] -- Detecting CXX compile features - done
[0.591s] -- Found ament_cmake: 1.3.12 (/opt/ros/humble/share/ament_cmake/cmake)
[0.876s] -- Found Python3: /usr/bin/python3 (found version "3.10.12") found components: Interpreter 
[1.068s] -- Found rclcpp: 16.0.14 (/opt/ros/humble/share/rclcpp/cmake)
[1.149s] -- Found rosidl_generator_c: 3.1.7 (/opt/ros/humble/share/rosidl_generator_c/cmake)
[1.155s] -- Found rosidl_adapter: 3.1.7 (/opt/ros/humble/share/rosidl_adapter/cmake)
[1.166s] -- Found rosidl_generator_cpp: 3.1.7 (/opt/ros/humble/share/rosidl_generator_cpp/cmake)
[1.182s] -- Using all available rosidl_typesupport_c: rosidl_typesupport_fastrtps_c;rosidl_typesupport_introspection_c
[1.203s] -- Using all available rosidl_typesupport_cpp: rosidl_typesupport_fastrtps_cpp;rosidl_typesupport_introspection_cpp
[1.261s] -- Found rmw_implementation_cmake: 6.1.2 (/opt/ros/humble/share/rmw_implementation_cmake/cmake)
[1.264s] -- Found rmw_fastrtps_cpp: 6.2.8 (/opt/ros/humble/share/rmw_fastrtps_cpp/cmake)
[1.415s] -- Found OpenSSL: /usr/lib/aarch64-linux-gnu/libcrypto.so (found version "3.0.2")  
[1.463s] -- Found FastRTPS: /opt/ros/humble/include  
[1.526s] -- Using RMW implementation 'rmw_fastrtps_cpp' as default
[1.538s] -- Looking for pthread.h
[1.675s] -- Looking for pthread.h - found
[1.676s] -- Performing Test CMAKE_HAVE_LIBC_PTHREAD
[1.819s] -- Performing Test CMAKE_HAVE_LIBC_PTHREAD - Success
[1.822s] -- Found Threads: TRUE  
[1.937s] -- Found serial: 1.2.1 (/home/nvidia/MotorcarV1.1_ws/install/serial/share/serial/cmake)
[1.941s] -- Found sensor_msgs: 4.9.0 (/opt/ros/humble/share/sensor_msgs/cmake)
[2.091s] -- Configuring done
[2.106s] -- Generating done
[2.111s] -- Build files have been written to: /home/nvidia/MotorcarV1.1_ws/build/joy_control
[2.134s] Invoked command in '/home/nvidia/MotorcarV1.1_ws/build/joy_control' returned '0': AMENT_PREFIX_PATH=/home/nvidia/MotorcarV1.1_ws/install/serial:${AMENT_PREFIX_PATH} CMAKE_PREFIX_PATH=/home/nvidia/MotorcarV1.1_ws/install/serial:/home/nvidia/piek-src/install/motor_control:/home/nvidia/piek-src/install/willy_interfaces:/home/nvidia/piek-src/install/serial:/home/nvidia/piek-src/install/joy_control:/home/nvidia/piek-src/install/keyboard_joy:/opt/ros/humble LD_LIBRARY_PATH=/home/nvidia/MotorcarV1.1_ws/install/serial/lib:${LD_LIBRARY_PATH} /usr/bin/cmake /home/nvidia/MotorcarV1.1_ws/src/joy_control -DCMAKE_INSTALL_PREFIX=/home/nvidia/MotorcarV1.1_ws/install/joy_control
[2.138s] Invoking command in '/home/nvidia/MotorcarV1.1_ws/build/joy_control': AMENT_PREFIX_PATH=/home/nvidia/MotorcarV1.1_ws/install/serial:${AMENT_PREFIX_PATH} CMAKE_PREFIX_PATH=/home/nvidia/MotorcarV1.1_ws/install/serial:/home/nvidia/piek-src/install/motor_control:/home/nvidia/piek-src/install/willy_interfaces:/home/nvidia/piek-src/install/serial:/home/nvidia/piek-src/install/joy_control:/home/nvidia/piek-src/install/keyboard_joy:/opt/ros/humble LD_LIBRARY_PATH=/home/nvidia/MotorcarV1.1_ws/install/serial/lib:${LD_LIBRARY_PATH} /usr/bin/cmake --build /home/nvidia/MotorcarV1.1_ws/build/joy_control -- -j12 -l12
[2.236s] [ 50%] [32mBuilding CXX object CMakeFiles/joy_control.dir/src/Modectl.cpp.o[0m
[17.542s] [100%] [32m[1mLinking CXX executable joy_control[0m
[18.268s] [100%] Built target joy_control
[18.292s] Invoked command in '/home/nvidia/MotorcarV1.1_ws/build/joy_control' returned '0': AMENT_PREFIX_PATH=/home/nvidia/MotorcarV1.1_ws/install/serial:${AMENT_PREFIX_PATH} CMAKE_PREFIX_PATH=/home/nvidia/MotorcarV1.1_ws/install/serial:/home/nvidia/piek-src/install/motor_control:/home/nvidia/piek-src/install/willy_interfaces:/home/nvidia/piek-src/install/serial:/home/nvidia/piek-src/install/joy_control:/home/nvidia/piek-src/install/keyboard_joy:/opt/ros/humble LD_LIBRARY_PATH=/home/nvidia/MotorcarV1.1_ws/install/serial/lib:${LD_LIBRARY_PATH} /usr/bin/cmake --build /home/nvidia/MotorcarV1.1_ws/build/joy_control -- -j12 -l12
[18.297s] Invoking command in '/home/nvidia/MotorcarV1.1_ws/build/joy_control': AMENT_PREFIX_PATH=/home/nvidia/MotorcarV1.1_ws/install/serial:${AMENT_PREFIX_PATH} CMAKE_PREFIX_PATH=/home/nvidia/MotorcarV1.1_ws/install/serial:/home/nvidia/piek-src/install/motor_control:/home/nvidia/piek-src/install/willy_interfaces:/home/nvidia/piek-src/install/serial:/home/nvidia/piek-src/install/joy_control:/home/nvidia/piek-src/install/keyboard_joy:/opt/ros/humble LD_LIBRARY_PATH=/home/nvidia/MotorcarV1.1_ws/install/serial/lib:${LD_LIBRARY_PATH} /usr/bin/cmake --install /home/nvidia/MotorcarV1.1_ws/build/joy_control
[18.312s] -- Install configuration: ""
[18.313s] -- Installing: /home/nvidia/MotorcarV1.1_ws/install/joy_control/lib/joy_control/joy_control
[18.323s] -- Set runtime path of "/home/nvidia/MotorcarV1.1_ws/install/joy_control/lib/joy_control/joy_control" to ""
[18.323s] -- Installing: /home/nvidia/MotorcarV1.1_ws/install/joy_control/share/ament_index/resource_index/package_run_dependencies/joy_control
[18.323s] -- Installing: /home/nvidia/MotorcarV1.1_ws/install/joy_control/share/ament_index/resource_index/parent_prefix_path/joy_control
[18.324s] -- Installing: /home/nvidia/MotorcarV1.1_ws/install/joy_control/share/joy_control/environment/ament_prefix_path.sh
[18.324s] -- Installing: /home/nvidia/MotorcarV1.1_ws/install/joy_control/share/joy_control/environment/ament_prefix_path.dsv
[18.324s] -- Installing: /home/nvidia/MotorcarV1.1_ws/install/joy_control/share/joy_control/environment/path.sh
[18.325s] -- Installing: /home/nvidia/MotorcarV1.1_ws/install/joy_control/share/joy_control/environment/path.dsv
[18.325s] -- Installing: /home/nvidia/MotorcarV1.1_ws/install/joy_control/share/joy_control/local_setup.bash
[18.325s] -- Installing: /home/nvidia/MotorcarV1.1_ws/install/joy_control/share/joy_control/local_setup.sh
[18.326s] -- Installing: /home/nvidia/MotorcarV1.1_ws/install/joy_control/share/joy_control/local_setup.zsh
[18.326s] -- Installing: /home/nvidia/MotorcarV1.1_ws/install/joy_control/share/joy_control/local_setup.dsv
[18.326s] -- Installing: /home/nvidia/MotorcarV1.1_ws/install/joy_control/share/joy_control/package.dsv
[18.326s] -- Installing: /home/nvidia/MotorcarV1.1_ws/install/joy_control/share/ament_index/resource_index/packages/joy_control
[18.327s] -- Installing: /home/nvidia/MotorcarV1.1_ws/install/joy_control/share/joy_control/cmake/joy_controlConfig.cmake
[18.327s] -- Installing: /home/nvidia/MotorcarV1.1_ws/install/joy_control/share/joy_control/cmake/joy_controlConfig-version.cmake
[18.327s] -- Installing: /home/nvidia/MotorcarV1.1_ws/install/joy_control/share/joy_control/package.xml
[18.332s] Invoked command in '/home/nvidia/MotorcarV1.1_ws/build/joy_control' returned '0': AMENT_PREFIX_PATH=/home/nvidia/MotorcarV1.1_ws/install/serial:${AMENT_PREFIX_PATH} CMAKE_PREFIX_PATH=/home/nvidia/MotorcarV1.1_ws/install/serial:/home/nvidia/piek-src/install/motor_control:/home/nvidia/piek-src/install/willy_interfaces:/home/nvidia/piek-src/install/serial:/home/nvidia/piek-src/install/joy_control:/home/nvidia/piek-src/install/keyboard_joy:/opt/ros/humble LD_LIBRARY_PATH=/home/nvidia/MotorcarV1.1_ws/install/serial/lib:${LD_LIBRARY_PATH} /usr/bin/cmake --install /home/nvidia/MotorcarV1.1_ws/build/joy_control
