-- Found ament_cmake: 1.3.12 (/opt/ros/humble/share/ament_cmake/cmake)
-- Found rclcpp: 16.0.14 (/opt/ros/humble/share/rclcpp/cmake)
-- Found rosidl_generator_c: 3.1.7 (/opt/ros/humble/share/rosidl_generator_c/cmake)
-- Found rosidl_adapter: 3.1.7 (/opt/ros/humble/share/rosidl_adapter/cmake)
-- Found rosidl_generator_cpp: 3.1.7 (/opt/ros/humble/share/rosidl_generator_cpp/cmake)
-- Using all available rosidl_typesupport_c: rosidl_typesupport_fastrtps_c;rosidl_typesupport_introspection_c
-- Using all available rosidl_typesupport_cpp: rosidl_typesupport_fastrtps_cpp;rosidl_typesupport_introspection_cpp
-- Found rmw_implementation_cmake: 6.1.2 (/opt/ros/humble/share/rmw_implementation_cmake/cmake)
-- Found rmw_fastrtps_cpp: 6.2.8 (/opt/ros/humble/share/rmw_fastrtps_cpp/cmake)
-- Using RMW implementation 'rmw_fastrtps_cpp' as default
-- Found serial: 1.2.1 (/home/nvidia/Motorcar-NEW_ws/install/serial/share/serial/cmake)
-- Found geometry_msgs: 4.9.0 (/opt/ros/humble/share/geometry_msgs/cmake)
-- Found sensor_msgs: 4.9.0 (/opt/ros/humble/share/sensor_msgs/cmake)
-- Configuring done
-- Generating done
-- Build files have been written to: /home/nvidia/Motorcar-NEW_ws/build/zlac8015d_serial
gmake[2]: Warning: File '/home/nvidia/Motorcar-NEW_ws/src/ROS2_ZLAC8015D_serial/src/Motorctl.cpp' has modification time 23595 s in the future
[ 63%] [32mBuilding CXX object CMakeFiles/zlac8015d.dir/src/zlac8015d.cpp.o[0m
[ 63%] [32mBuilding CXX object CMakeFiles/SimpleControl.dir/src/SimpleControl.cpp.o[0m
[ 63%] [32mBuilding CXX object CMakeFiles/example.dir/src/zlac8015d.cpp.o[0m
[ 63%] [32mBuilding CXX object CMakeFiles/Motorctl.dir/src/zlac8015d.cpp.o[0m
[ 63%] [32mBuilding CXX object CMakeFiles/SimpleControl.dir/src/zlac8015d.cpp.o[0m
[ 63%] [32mBuilding CXX object CMakeFiles/example.dir/src/example.cpp.o[0m
[ 63%] [32mBuilding CXX object CMakeFiles/Motorctl.dir/src/Motorctl.cpp.o[0m
[ 72%] [32m[1mLinking CXX static library libzlac8015d.a[0m
[ 81%] [32m[1mLinking CXX executable example[0m
[ 81%] Built target zlac8015d
[ 81%] Built target example
[01m[K/home/nvidia/Motorcar-NEW_ws/src/ROS2_ZLAC8015D_serial/src/Motorctl.cpp:[m[K In member function ‘[01m[Kvoid ModeToZlac::ZLACoutput()[m[K’:
[01m[K/home/nvidia/Motorcar-NEW_ws/src/ROS2_ZLAC8015D_serial/src/Motorctl.cpp:106:40:[m[K [01;31m[Kerror: [m[K‘[01m[KW[m[K’ was not declared in this scope
  106 |         rpm_left  = to_rpm * (N_V_set-([01;31m[KW[m[K/2)*N_yawrate_set);
      |                                        [01;31m[K^[m[K
[01m[K/home/nvidia/Motorcar-NEW_ws/src/ROS2_ZLAC8015D_serial/src/Motorctl.cpp:110:38:[m[K [01;31m[Kerror: [m[K‘[01m[KW[m[K’ was not declared in this scope
  110 |         rpm_left  = to_rpm*(j_V_set-([01;31m[KW[m[K/2)*j_yawrate_set);
      |                                      [01;31m[K^[m[K
gmake[2]: *** [CMakeFiles/Motorctl.dir/build.make:76: CMakeFiles/Motorctl.dir/src/Motorctl.cpp.o] Error 1
gmake[1]: *** [CMakeFiles/Makefile2:195: CMakeFiles/Motorctl.dir/all] Error 2
gmake[1]: *** Waiting for unfinished jobs....
[ 90%] [32m[1mLinking CXX executable SimpleControl[0m
[ 90%] Built target SimpleControl
gmake: *** [Makefile:146: all] Error 2
