[0.426s] Invoking command in '/home/nvidia/MotorcarV1.1_ws/build/nav_sim': CMAKE_PREFIX_PATH=${CMAKE_PREFIX_PATH}:/home/nvidia/piek-src/install/keyboard_joy:/opt/ros/humble /usr/bin/cmake /home/nvidia/MotorcarV1.1_ws/src/nav_sim -DCMAKE_INSTALL_PREFIX=/home/nvidia/MotorcarV1.1_ws/install/nav_sim
[0.516s] -- The C compiler identification is GNU 11.4.0
[0.608s] -- The CXX compiler identification is GNU 11.4.0
[0.620s] -- Detecting C compiler ABI info
[0.746s] -- Detecting C compiler ABI info - done
[0.762s] -- Check for working C compiler: /usr/bin/cc - skipped
[0.762s] -- Detecting C compile features
[0.763s] -- Detecting C compile features - done
[0.769s] -- Detecting CXX compiler ABI info
[0.902s] -- Detecting CXX compiler ABI info - done
[0.911s] -- Check for working CXX compiler: /usr/bin/c++ - skipped
[0.911s] -- Detecting CXX compile features
[0.912s] -- Detecting CXX compile features - done
[0.916s] -- Found ament_cmake: 1.3.12 (/opt/ros/humble/share/ament_cmake/cmake)
[1.191s] -- Found Python3: /usr/bin/python3 (found version "3.10.12") found components: Interpreter 
[1.341s] -- Found rclcpp: 16.0.14 (/opt/ros/humble/share/rclcpp/cmake)
[1.402s] -- Found rosidl_generator_c: 3.1.7 (/opt/ros/humble/share/rosidl_generator_c/cmake)
[1.409s] -- Found rosidl_adapter: 3.1.7 (/opt/ros/humble/share/rosidl_adapter/cmake)
[1.421s] -- Found rosidl_generator_cpp: 3.1.7 (/opt/ros/humble/share/rosidl_generator_cpp/cmake)
[1.439s] -- Using all available rosidl_typesupport_c: rosidl_typesupport_fastrtps_c;rosidl_typesupport_introspection_c
[1.463s] -- Using all available rosidl_typesupport_cpp: rosidl_typesupport_fastrtps_cpp;rosidl_typesupport_introspection_cpp
[1.528s] -- Found rmw_implementation_cmake: 6.1.2 (/opt/ros/humble/share/rmw_implementation_cmake/cmake)
[1.532s] -- Found rmw_fastrtps_cpp: 6.2.8 (/opt/ros/humble/share/rmw_fastrtps_cpp/cmake)
[1.664s] -- Found OpenSSL: /usr/lib/aarch64-linux-gnu/libcrypto.so (found version "3.0.2")  
[1.706s] -- Found FastRTPS: /opt/ros/humble/include  
[1.766s] -- Using RMW implementation 'rmw_fastrtps_cpp' as default
[1.777s] -- Looking for pthread.h
[1.895s] -- Looking for pthread.h - found
[1.896s] -- Performing Test CMAKE_HAVE_LIBC_PTHREAD
[2.046s] -- Performing Test CMAKE_HAVE_LIBC_PTHREAD - Success
[2.049s] -- Found Threads: TRUE  
[2.168s] -- Found geometry_msgs: 4.9.0 (/opt/ros/humble/share/geometry_msgs/cmake)
[2.302s] -- Configuring done
[2.317s] -- Generating done
[2.322s] -- Build files have been written to: /home/nvidia/MotorcarV1.1_ws/build/nav_sim
[2.344s] Invoked command in '/home/nvidia/MotorcarV1.1_ws/build/nav_sim' returned '0': CMAKE_PREFIX_PATH=${CMAKE_PREFIX_PATH}:/home/nvidia/piek-src/install/keyboard_joy:/opt/ros/humble /usr/bin/cmake /home/nvidia/MotorcarV1.1_ws/src/nav_sim -DCMAKE_INSTALL_PREFIX=/home/nvidia/MotorcarV1.1_ws/install/nav_sim
[2.347s] Invoking command in '/home/nvidia/MotorcarV1.1_ws/build/nav_sim': CMAKE_PREFIX_PATH=${CMAKE_PREFIX_PATH}:/home/nvidia/piek-src/install/keyboard_joy:/opt/ros/humble /usr/bin/cmake --build /home/nvidia/MotorcarV1.1_ws/build/nav_sim -- -j12 -l12
[2.449s] [ 50%] [32mBuilding CXX object CMakeFiles/NAV_cmd.dir/src/NAV_cmd.cpp.o[0m
[16.901s] [100%] [32m[1mLinking CXX executable NAV_cmd[0m
[17.591s] [100%] Built target NAV_cmd
[17.615s] Invoked command in '/home/nvidia/MotorcarV1.1_ws/build/nav_sim' returned '0': CMAKE_PREFIX_PATH=${CMAKE_PREFIX_PATH}:/home/nvidia/piek-src/install/keyboard_joy:/opt/ros/humble /usr/bin/cmake --build /home/nvidia/MotorcarV1.1_ws/build/nav_sim -- -j12 -l12
[17.618s] Invoking command in '/home/nvidia/MotorcarV1.1_ws/build/nav_sim': CMAKE_PREFIX_PATH=${CMAKE_PREFIX_PATH}:/home/nvidia/piek-src/install/keyboard_joy:/opt/ros/humble /usr/bin/cmake --install /home/nvidia/MotorcarV1.1_ws/build/nav_sim
[17.633s] -- Install configuration: ""
[17.633s] -- Installing: /home/nvidia/MotorcarV1.1_ws/install/nav_sim/lib/nav_sim/NAV_cmd
[17.640s] -- Set runtime path of "/home/nvidia/MotorcarV1.1_ws/install/nav_sim/lib/nav_sim/NAV_cmd" to ""
[17.640s] -- Installing: /home/nvidia/MotorcarV1.1_ws/install/nav_sim/share/ament_index/resource_index/package_run_dependencies/nav_sim
[17.640s] -- Installing: /home/nvidia/MotorcarV1.1_ws/install/nav_sim/share/ament_index/resource_index/parent_prefix_path/nav_sim
[17.641s] -- Installing: /home/nvidia/MotorcarV1.1_ws/install/nav_sim/share/nav_sim/environment/ament_prefix_path.sh
[17.641s] -- Installing: /home/nvidia/MotorcarV1.1_ws/install/nav_sim/share/nav_sim/environment/ament_prefix_path.dsv
[17.641s] -- Installing: /home/nvidia/MotorcarV1.1_ws/install/nav_sim/share/nav_sim/environment/path.sh
[17.641s] -- Installing: /home/nvidia/MotorcarV1.1_ws/install/nav_sim/share/nav_sim/environment/path.dsv
[17.642s] -- Installing: /home/nvidia/MotorcarV1.1_ws/install/nav_sim/share/nav_sim/local_setup.bash
[17.642s] -- Installing: /home/nvidia/MotorcarV1.1_ws/install/nav_sim/share/nav_sim/local_setup.sh
[17.642s] -- Installing: /home/nvidia/MotorcarV1.1_ws/install/nav_sim/share/nav_sim/local_setup.zsh
[17.642s] -- Installing: /home/nvidia/MotorcarV1.1_ws/install/nav_sim/share/nav_sim/local_setup.dsv
[17.642s] -- Installing: /home/nvidia/MotorcarV1.1_ws/install/nav_sim/share/nav_sim/package.dsv
[17.643s] -- Installing: /home/nvidia/MotorcarV1.1_ws/install/nav_sim/share/ament_index/resource_index/packages/nav_sim
[17.643s] -- Installing: /home/nvidia/MotorcarV1.1_ws/install/nav_sim/share/nav_sim/cmake/nav_simConfig.cmake
[17.643s] -- Installing: /home/nvidia/MotorcarV1.1_ws/install/nav_sim/share/nav_sim/cmake/nav_simConfig-version.cmake
[17.643s] -- Installing: /home/nvidia/MotorcarV1.1_ws/install/nav_sim/share/nav_sim/package.xml
[17.648s] Invoked command in '/home/nvidia/MotorcarV1.1_ws/build/nav_sim' returned '0': CMAKE_PREFIX_PATH=${CMAKE_PREFIX_PATH}:/home/nvidia/piek-src/install/keyboard_joy:/opt/ros/humble /usr/bin/cmake --install /home/nvidia/MotorcarV1.1_ws/build/nav_sim
