[0.030s] Invoking command in '/home/nvidia/MotorcarV1.1_ws/build/zlac8015d_serial': AMENT_PREFIX_PATH=/home/nvidia/MotorcarV1.1_ws/install/joy_control:/home/nvidia/MotorcarV1.1_ws/install/serial:/home/nvidia/MotorcarV1.1_ws/install/keyboard_joy:${AMENT_PREFIX_PATH} CMAKE_PREFIX_PATH=/home/nvidia/MotorcarV1.1_ws/install/joy_control:/home/nvidia/MotorcarV1.1_ws/install/serial:/home/nvidia/piek-src/install/motor_control:/home/nvidia/piek-src/install/willy_interfaces:/home/nvidia/piek-src/install/serial:/home/nvidia/piek-src/install/joy_control:/home/nvidia/piek-src/install/keyboard_joy:/opt/ros/humble LD_LIBRARY_PATH=/home/nvidia/MotorcarV1.1_ws/install/serial/lib:${LD_LIBRARY_PATH} PYTHONPATH=/home/nvidia/MotorcarV1.1_ws/install/keyboard_joy/lib/python3.10/site-packages:${PYTHONPATH} /usr/bin/cmake --build /home/nvidia/MotorcarV1.1_ws/build/zlac8015d_serial -- -j12 -l12
[0.121s] [35m[1mConsolidate compiler generated dependencies of target Motorctl[0m
[0.121s] [35m[1mConsolidate compiler generated dependencies of target Motorrcv[0m
[0.138s] [ 23%] Built target example
[0.138s] [ 38%] Built target zlac8015d
[0.146s] [ 61%] Built target SimpleControl
[0.155s] [ 69%] [32mBuilding CXX object CMakeFiles/Motorctl.dir/src/Motorctl.cpp.o[0m
[0.156s] [ 76%] [32mBuilding CXX object CMakeFiles/Motorrcv.dir/src/Motorrcv.cpp.o[0m
[20.290s] [ 84%] [32m[1mLinking CXX executable Motorrcv[0m
[21.403s] [ 84%] Built target Motorrcv
[24.485s] [ 92%] [32m[1mLinking CXX executable Motorctl[0m
[25.761s] [100%] Built target Motorctl
[25.786s] Invoked command in '/home/nvidia/MotorcarV1.1_ws/build/zlac8015d_serial' returned '0': AMENT_PREFIX_PATH=/home/nvidia/MotorcarV1.1_ws/install/joy_control:/home/nvidia/MotorcarV1.1_ws/install/serial:/home/nvidia/MotorcarV1.1_ws/install/keyboard_joy:${AMENT_PREFIX_PATH} CMAKE_PREFIX_PATH=/home/nvidia/MotorcarV1.1_ws/install/joy_control:/home/nvidia/MotorcarV1.1_ws/install/serial:/home/nvidia/piek-src/install/motor_control:/home/nvidia/piek-src/install/willy_interfaces:/home/nvidia/piek-src/install/serial:/home/nvidia/piek-src/install/joy_control:/home/nvidia/piek-src/install/keyboard_joy:/opt/ros/humble LD_LIBRARY_PATH=/home/nvidia/MotorcarV1.1_ws/install/serial/lib:${LD_LIBRARY_PATH} PYTHONPATH=/home/nvidia/MotorcarV1.1_ws/install/keyboard_joy/lib/python3.10/site-packages:${PYTHONPATH} /usr/bin/cmake --build /home/nvidia/MotorcarV1.1_ws/build/zlac8015d_serial -- -j12 -l12
[25.791s] Invoking command in '/home/nvidia/MotorcarV1.1_ws/build/zlac8015d_serial': AMENT_PREFIX_PATH=/home/nvidia/MotorcarV1.1_ws/install/joy_control:/home/nvidia/MotorcarV1.1_ws/install/serial:/home/nvidia/MotorcarV1.1_ws/install/keyboard_joy:${AMENT_PREFIX_PATH} CMAKE_PREFIX_PATH=/home/nvidia/MotorcarV1.1_ws/install/joy_control:/home/nvidia/MotorcarV1.1_ws/install/serial:/home/nvidia/piek-src/install/motor_control:/home/nvidia/piek-src/install/willy_interfaces:/home/nvidia/piek-src/install/serial:/home/nvidia/piek-src/install/joy_control:/home/nvidia/piek-src/install/keyboard_joy:/opt/ros/humble LD_LIBRARY_PATH=/home/nvidia/MotorcarV1.1_ws/install/serial/lib:${LD_LIBRARY_PATH} PYTHONPATH=/home/nvidia/MotorcarV1.1_ws/install/keyboard_joy/lib/python3.10/site-packages:${PYTHONPATH} /usr/bin/cmake --install /home/nvidia/MotorcarV1.1_ws/build/zlac8015d_serial
[25.809s] -- Install configuration: ""
[25.809s] -- Up-to-date: /home/nvidia/MotorcarV1.1_ws/install/zlac8015d_serial/share/zlac8015d_serial/environment/library_path.sh
[25.809s] -- Up-to-date: /home/nvidia/MotorcarV1.1_ws/install/zlac8015d_serial/share/zlac8015d_serial/environment/library_path.dsv
[25.810s] -- Up-to-date: /home/nvidia/MotorcarV1.1_ws/install/zlac8015d_serial/include/include
[25.810s] -- Up-to-date: /home/nvidia/MotorcarV1.1_ws/install/zlac8015d_serial/include/include/Motorctl.h
[25.810s] -- Up-to-date: /home/nvidia/MotorcarV1.1_ws/install/zlac8015d_serial/include/include/zlac8015d.h
[25.810s] -- Up-to-date: /home/nvidia/MotorcarV1.1_ws/install/zlac8015d_serial/include/include/Comm
[25.811s] -- Up-to-date: /home/nvidia/MotorcarV1.1_ws/install/zlac8015d_serial/include/include/Comm/crc_check.h
[25.811s] -- Up-to-date: /home/nvidia/MotorcarV1.1_ws/install/zlac8015d_serial/lib/zlac8015d_serial/example
[25.811s] -- Up-to-date: /home/nvidia/MotorcarV1.1_ws/install/zlac8015d_serial/lib/zlac8015d_serial/SimpleControl
[25.811s] -- Installing: /home/nvidia/MotorcarV1.1_ws/install/zlac8015d_serial/lib/zlac8015d_serial/Motorctl
[25.826s] -- Set runtime path of "/home/nvidia/MotorcarV1.1_ws/install/zlac8015d_serial/lib/zlac8015d_serial/Motorctl" to ""
[25.826s] -- Installing: /home/nvidia/MotorcarV1.1_ws/install/zlac8015d_serial/lib/zlac8015d_serial/Motorrcv
[25.837s] -- Set runtime path of "/home/nvidia/MotorcarV1.1_ws/install/zlac8015d_serial/lib/zlac8015d_serial/Motorrcv" to ""
[25.838s] -- Up-to-date: /home/nvidia/MotorcarV1.1_ws/install/zlac8015d_serial/share/zlac8015d_serial/launch
[25.838s] -- Up-to-date: /home/nvidia/MotorcarV1.1_ws/install/zlac8015d_serial/share/zlac8015d_serial/launch/serial_test.launch.py
[25.839s] -- Up-to-date: /home/nvidia/MotorcarV1.1_ws/install/zlac8015d_serial/share/zlac8015d_serial/launch/joyCH_motor.launch.py
[25.839s] -- Up-to-date: /home/nvidia/MotorcarV1.1_ws/install/zlac8015d_serial/lib/libzlac8015d.a
[25.839s] -- Up-to-date: /home/nvidia/MotorcarV1.1_ws/install/zlac8015d_serial/share/ament_index/resource_index/package_run_dependencies/zlac8015d_serial
[25.839s] -- Up-to-date: /home/nvidia/MotorcarV1.1_ws/install/zlac8015d_serial/share/ament_index/resource_index/parent_prefix_path/zlac8015d_serial
[25.839s] -- Up-to-date: /home/nvidia/MotorcarV1.1_ws/install/zlac8015d_serial/share/zlac8015d_serial/environment/ament_prefix_path.sh
[25.840s] -- Up-to-date: /home/nvidia/MotorcarV1.1_ws/install/zlac8015d_serial/share/zlac8015d_serial/environment/ament_prefix_path.dsv
[25.840s] -- Up-to-date: /home/nvidia/MotorcarV1.1_ws/install/zlac8015d_serial/share/zlac8015d_serial/environment/path.sh
[25.840s] -- Up-to-date: /home/nvidia/MotorcarV1.1_ws/install/zlac8015d_serial/share/zlac8015d_serial/environment/path.dsv
[25.840s] -- Up-to-date: /home/nvidia/MotorcarV1.1_ws/install/zlac8015d_serial/share/zlac8015d_serial/local_setup.bash
[25.841s] -- Up-to-date: /home/nvidia/MotorcarV1.1_ws/install/zlac8015d_serial/share/zlac8015d_serial/local_setup.sh
[25.841s] -- Up-to-date: /home/nvidia/MotorcarV1.1_ws/install/zlac8015d_serial/share/zlac8015d_serial/local_setup.zsh
[25.841s] -- Up-to-date: /home/nvidia/MotorcarV1.1_ws/install/zlac8015d_serial/share/zlac8015d_serial/local_setup.dsv
[25.841s] -- Installing: /home/nvidia/MotorcarV1.1_ws/install/zlac8015d_serial/share/zlac8015d_serial/package.dsv
[25.842s] -- Up-to-date: /home/nvidia/MotorcarV1.1_ws/install/zlac8015d_serial/share/ament_index/resource_index/packages/zlac8015d_serial
[25.843s] -- Up-to-date: /home/nvidia/MotorcarV1.1_ws/install/zlac8015d_serial/share/zlac8015d_serial/cmake/zlac8015dExport.cmake
[25.845s] -- Up-to-date: /home/nvidia/MotorcarV1.1_ws/install/zlac8015d_serial/share/zlac8015d_serial/cmake/zlac8015dExport-noconfig.cmake
[25.846s] -- Up-to-date: /home/nvidia/MotorcarV1.1_ws/install/zlac8015d_serial/share/zlac8015d_serial/cmake/ament_cmake_export_targets-extras.cmake
[25.847s] -- Up-to-date: /home/nvidia/MotorcarV1.1_ws/install/zlac8015d_serial/share/zlac8015d_serial/cmake/zlac8015d_serialConfig.cmake
[25.847s] -- Up-to-date: /home/nvidia/MotorcarV1.1_ws/install/zlac8015d_serial/share/zlac8015d_serial/cmake/zlac8015d_serialConfig-version.cmake
[25.847s] -- Up-to-date: /home/nvidia/MotorcarV1.1_ws/install/zlac8015d_serial/share/zlac8015d_serial/package.xml
[25.848s] Invoked command in '/home/nvidia/MotorcarV1.1_ws/build/zlac8015d_serial' returned '0': AMENT_PREFIX_PATH=/home/nvidia/MotorcarV1.1_ws/install/joy_control:/home/nvidia/MotorcarV1.1_ws/install/serial:/home/nvidia/MotorcarV1.1_ws/install/keyboard_joy:${AMENT_PREFIX_PATH} CMAKE_PREFIX_PATH=/home/nvidia/MotorcarV1.1_ws/install/joy_control:/home/nvidia/MotorcarV1.1_ws/install/serial:/home/nvidia/piek-src/install/motor_control:/home/nvidia/piek-src/install/willy_interfaces:/home/nvidia/piek-src/install/serial:/home/nvidia/piek-src/install/joy_control:/home/nvidia/piek-src/install/keyboard_joy:/opt/ros/humble LD_LIBRARY_PATH=/home/nvidia/MotorcarV1.1_ws/install/serial/lib:${LD_LIBRARY_PATH} PYTHONPATH=/home/nvidia/MotorcarV1.1_ws/install/keyboard_joy/lib/python3.10/site-packages:${PYTHONPATH} /usr/bin/cmake --install /home/nvidia/MotorcarV1.1_ws/build/zlac8015d_serial
