[1.016s] Invoking command in '/home/nvidia/MotorcarV1.1_ws/src/keyboard_joy': PYTHONPATH=/home/nvidia/MotorcarV1.1_ws/build/keyboard_joy/prefix_override:/usr/lib/python3/dist-packages/colcon_core/task/python/colcon_distutils_commands:/home/nvidia/MotorcarV1.1_ws/install/keyboard_joy/lib/python3.10/site-packages:${PYTHONPATH} /usr/bin/python3 -W ignore:setup.py install is deprecated -W ignore:easy_install command is deprecated setup.py egg_info --egg-base ../../build/keyboard_joy build --build-base /home/nvidia/MotorcarV1.1_ws/build/keyboard_joy/build install --record /home/nvidia/MotorcarV1.1_ws/build/keyboard_joy/install.log --single-version-externally-managed install_data
[1.375s] running egg_info
[1.376s] writing ../../build/keyboard_joy/keyboard_joy.egg-info/PKG-INFO
[1.376s] writing dependency_links to ../../build/keyboard_joy/keyboard_joy.egg-info/dependency_links.txt
[1.377s] writing entry points to ../../build/keyboard_joy/keyboard_joy.egg-info/entry_points.txt
[1.377s] writing requirements to ../../build/keyboard_joy/keyboard_joy.egg-info/requires.txt
[1.377s] writing top-level names to ../../build/keyboard_joy/keyboard_joy.egg-info/top_level.txt
[1.379s] reading manifest file '../../build/keyboard_joy/keyboard_joy.egg-info/SOURCES.txt'
[1.381s] writing manifest file '../../build/keyboard_joy/keyboard_joy.egg-info/SOURCES.txt'
[1.381s] running build
[1.381s] running build_py
[1.381s] running install
[1.382s] running install_lib
[1.384s] running install_data
[1.384s] running install_egg_info
[1.386s] removing '/home/nvidia/MotorcarV1.1_ws/install/keyboard_joy/lib/python3.10/site-packages/keyboard_joy-0.0.1-py3.10.egg-info' (and everything under it)
[1.387s] Copying ../../build/keyboard_joy/keyboard_joy.egg-info to /home/nvidia/MotorcarV1.1_ws/install/keyboard_joy/lib/python3.10/site-packages/keyboard_joy-0.0.1-py3.10.egg-info
[1.388s] running install_scripts
[1.421s] Installing joy_node script to /home/nvidia/MotorcarV1.1_ws/install/keyboard_joy/lib/keyboard_joy
[1.421s] writing list of installed files to '/home/nvidia/MotorcarV1.1_ws/build/keyboard_joy/install.log'
[1.480s] Invoked command in '/home/nvidia/MotorcarV1.1_ws/src/keyboard_joy' returned '0': PYTHONPATH=/home/nvidia/MotorcarV1.1_ws/build/keyboard_joy/prefix_override:/usr/lib/python3/dist-packages/colcon_core/task/python/colcon_distutils_commands:/home/nvidia/MotorcarV1.1_ws/install/keyboard_joy/lib/python3.10/site-packages:${PYTHONPATH} /usr/bin/python3 -W ignore:setup.py install is deprecated -W ignore:easy_install command is deprecated setup.py egg_info --egg-base ../../build/keyboard_joy build --build-base /home/nvidia/MotorcarV1.1_ws/build/keyboard_joy/build install --record /home/nvidia/MotorcarV1.1_ws/build/keyboard_joy/install.log --single-version-externally-managed install_data
