[0.030s] Invoking command in '/home/nvidia/Motorcar-NEW_ws/build/motorcar_bringup': AMENT_PREFIX_PATH=/home/nvidia/Motorcar-NEW_ws/install/zlac8015d_serial:/home/nvidia/Motorcar-NEW_ws/install/joy_control:/home/nvidia/Motorcar-NEW_ws/install/serial:/home/nvidia/Motorcar-NEW_ws/install/nav_sim:/home/nvidia/Motorcar-NEW_ws/install/keyboard_joy:${AMENT_PREFIX_PATH} CMAKE_PREFIX_PATH=/home/nvidia/Motorcar-NEW_ws/install/zlac8015d_serial:/home/nvidia/Motorcar-NEW_ws/install/joy_control:/home/nvidia/Motorcar-NEW_ws/install/serial:/home/nvidia/Motorcar-NEW_ws/install/nav_sim:${CMAKE_PREFIX_PATH} LD_LIBRARY_PATH=/home/nvidia/Motorcar-NEW_ws/install/zlac8015d_serial/lib:/home/nvidia/Motorcar-NEW_ws/install/serial/lib:${LD_LIBRARY_PATH} PYTHONPATH=/home/nvidia/Motorcar-NEW_ws/install/keyboard_joy/lib/python3.10/site-packages:${PYTHONPATH} /usr/bin/cmake --build /home/nvidia/Motorcar-NEW_ws/build/motorcar_bringup -- -j12 -l12
[0.110s] Invoked command in '/home/nvidia/Motorcar-NEW_ws/build/motorcar_bringup' returned '0': AMENT_PREFIX_PATH=/home/nvidia/Motorcar-NEW_ws/install/zlac8015d_serial:/home/nvidia/Motorcar-NEW_ws/install/joy_control:/home/nvidia/Motorcar-NEW_ws/install/serial:/home/nvidia/Motorcar-NEW_ws/install/nav_sim:/home/nvidia/Motorcar-NEW_ws/install/keyboard_joy:${AMENT_PREFIX_PATH} CMAKE_PREFIX_PATH=/home/nvidia/Motorcar-NEW_ws/install/zlac8015d_serial:/home/nvidia/Motorcar-NEW_ws/install/joy_control:/home/nvidia/Motorcar-NEW_ws/install/serial:/home/nvidia/Motorcar-NEW_ws/install/nav_sim:${CMAKE_PREFIX_PATH} LD_LIBRARY_PATH=/home/nvidia/Motorcar-NEW_ws/install/zlac8015d_serial/lib:/home/nvidia/Motorcar-NEW_ws/install/serial/lib:${LD_LIBRARY_PATH} PYTHONPATH=/home/nvidia/Motorcar-NEW_ws/install/keyboard_joy/lib/python3.10/site-packages:${PYTHONPATH} /usr/bin/cmake --build /home/nvidia/Motorcar-NEW_ws/build/motorcar_bringup -- -j12 -l12
[0.116s] Invoking command in '/home/nvidia/Motorcar-NEW_ws/build/motorcar_bringup': AMENT_PREFIX_PATH=/home/nvidia/Motorcar-NEW_ws/install/zlac8015d_serial:/home/nvidia/Motorcar-NEW_ws/install/joy_control:/home/nvidia/Motorcar-NEW_ws/install/serial:/home/nvidia/Motorcar-NEW_ws/install/nav_sim:/home/nvidia/Motorcar-NEW_ws/install/keyboard_joy:${AMENT_PREFIX_PATH} CMAKE_PREFIX_PATH=/home/nvidia/Motorcar-NEW_ws/install/zlac8015d_serial:/home/nvidia/Motorcar-NEW_ws/install/joy_control:/home/nvidia/Motorcar-NEW_ws/install/serial:/home/nvidia/Motorcar-NEW_ws/install/nav_sim:${CMAKE_PREFIX_PATH} LD_LIBRARY_PATH=/home/nvidia/Motorcar-NEW_ws/install/zlac8015d_serial/lib:/home/nvidia/Motorcar-NEW_ws/install/serial/lib:${LD_LIBRARY_PATH} PYTHONPATH=/home/nvidia/Motorcar-NEW_ws/install/keyboard_joy/lib/python3.10/site-packages:${PYTHONPATH} /usr/bin/cmake --install /home/nvidia/Motorcar-NEW_ws/build/motorcar_bringup
[0.132s] -- Install configuration: ""
[0.132s] -- Up-to-date: /home/nvidia/Motorcar-NEW_ws/install/motorcar_bringup/share/motorcar_bringup
[0.132s] -- Up-to-date: /home/nvidia/Motorcar-NEW_ws/install/motorcar_bringup/share/motorcar_bringup/bringup.launch.py
[0.133s] -- Up-to-date: /home/nvidia/Motorcar-NEW_ws/install/motorcar_bringup/share/ament_index/resource_index/package_run_dependencies/motorcar_bringup
[0.133s] -- Up-to-date: /home/nvidia/Motorcar-NEW_ws/install/motorcar_bringup/share/ament_index/resource_index/parent_prefix_path/motorcar_bringup
[0.134s] -- Up-to-date: /home/nvidia/Motorcar-NEW_ws/install/motorcar_bringup/share/motorcar_bringup/environment/ament_prefix_path.sh
[0.134s] -- Up-to-date: /home/nvidia/Motorcar-NEW_ws/install/motorcar_bringup/share/motorcar_bringup/environment/ament_prefix_path.dsv
[0.134s] -- Up-to-date: /home/nvidia/Motorcar-NEW_ws/install/motorcar_bringup/share/motorcar_bringup/environment/path.sh
[0.134s] -- Up-to-date: /home/nvidia/Motorcar-NEW_ws/install/motorcar_bringup/share/motorcar_bringup/environment/path.dsv
[0.135s] -- Up-to-date: /home/nvidia/Motorcar-NEW_ws/install/motorcar_bringup/share/motorcar_bringup/local_setup.bash
[0.135s] -- Up-to-date: /home/nvidia/Motorcar-NEW_ws/install/motorcar_bringup/share/motorcar_bringup/local_setup.sh
[0.135s] -- Up-to-date: /home/nvidia/Motorcar-NEW_ws/install/motorcar_bringup/share/motorcar_bringup/local_setup.zsh
[0.135s] -- Up-to-date: /home/nvidia/Motorcar-NEW_ws/install/motorcar_bringup/share/motorcar_bringup/local_setup.dsv
[0.136s] -- Installing: /home/nvidia/Motorcar-NEW_ws/install/motorcar_bringup/share/motorcar_bringup/package.dsv
[0.136s] -- Up-to-date: /home/nvidia/Motorcar-NEW_ws/install/motorcar_bringup/share/ament_index/resource_index/packages/motorcar_bringup
[0.136s] -- Up-to-date: /home/nvidia/Motorcar-NEW_ws/install/motorcar_bringup/share/motorcar_bringup/cmake/motorcar_bringupConfig.cmake
[0.136s] -- Up-to-date: /home/nvidia/Motorcar-NEW_ws/install/motorcar_bringup/share/motorcar_bringup/cmake/motorcar_bringupConfig-version.cmake
[0.137s] -- Up-to-date: /home/nvidia/Motorcar-NEW_ws/install/motorcar_bringup/share/motorcar_bringup/package.xml
[0.139s] Invoked command in '/home/nvidia/Motorcar-NEW_ws/build/motorcar_bringup' returned '0': AMENT_PREFIX_PATH=/home/nvidia/Motorcar-NEW_ws/install/zlac8015d_serial:/home/nvidia/Motorcar-NEW_ws/install/joy_control:/home/nvidia/Motorcar-NEW_ws/install/serial:/home/nvidia/Motorcar-NEW_ws/install/nav_sim:/home/nvidia/Motorcar-NEW_ws/install/keyboard_joy:${AMENT_PREFIX_PATH} CMAKE_PREFIX_PATH=/home/nvidia/Motorcar-NEW_ws/install/zlac8015d_serial:/home/nvidia/Motorcar-NEW_ws/install/joy_control:/home/nvidia/Motorcar-NEW_ws/install/serial:/home/nvidia/Motorcar-NEW_ws/install/nav_sim:${CMAKE_PREFIX_PATH} LD_LIBRARY_PATH=/home/nvidia/Motorcar-NEW_ws/install/zlac8015d_serial/lib:/home/nvidia/Motorcar-NEW_ws/install/serial/lib:${LD_LIBRARY_PATH} PYTHONPATH=/home/nvidia/Motorcar-NEW_ws/install/keyboard_joy/lib/python3.10/site-packages:${PYTHONPATH} /usr/bin/cmake --install /home/nvidia/Motorcar-NEW_ws/build/motorcar_bringup
