[35m[1mConsolidate compiler generated dependencies of target Motorctl[0m
[ 38%] Built target zlac8015d
[ 38%] Built target example
[ 61%] Built target SimpleControl
[ 69%] [32mBuilding CXX object CMakeFiles/Motorrcv.dir/src/Motorrcv.cpp.o[0m
[ 76%] [32mBuilding CXX object CMakeFiles/Motorctl.dir/src/Motorctl.cpp.o[0m
[01m[K/home/nvidia/MotorcarV1.1_ws/src/ROS2_ZLAC8015D_serial/src/Motorrcv.cpp:[m[K In member function ‘[01m[Kvoid Motorreceiv::ZLACreceiv()[m[K’:
[01m[K/home/nvidia/MotorcarV1.1_ws/src/ROS2_ZLAC8015D_serial/src/Motorrcv.cpp:174:12:[m[K [01;35m[Kwarning: [m[Kunused variable ‘[01m[KVset_log[m[K’ [[01;35m[K]8;;https://gcc.gnu.org/onlinedocs/gcc/Warning-Options.html#index-Wunused-variable-Wunused-variable]8;;[m[K]
  174 |     double [01;35m[KVset_log[m[K = (Vset_WL_avg + Vset_WR_avg)/2;
      |            [01;35m[K^~~~~~~~[m[K
[01m[K/home/nvidia/MotorcarV1.1_ws/src/ROS2_ZLAC8015D_serial/src/Motorrcv.cpp:175:12:[m[K [01;35m[Kwarning: [m[Kunused variable ‘[01m[Kyawset_rate[m[K’ [[01;35m[K]8;;https://gcc.gnu.org/onlinedocs/gcc/Warning-Options.html#index-Wunused-variable-Wunused-variable]8;;[m[K]
  175 |     double [01;35m[Kyawset_rate[m[K = (Vset_WL_avg - Vset_WR_avg)/motor_ctl::Kinematics::W;
      |            [01;35m[K^~~~~~~~~~~[m[K
[ 84%] [32m[1mLinking CXX executable Motorrcv[0m
[ 84%] Built target Motorrcv
[ 92%] [32m[1mLinking CXX executable Motorctl[0m
[100%] Built target Motorctl
-- Install configuration: ""
-- Up-to-date: /home/nvidia/MotorcarV1.1_ws/install/zlac8015d_serial/share/zlac8015d_serial/environment/library_path.sh
-- Up-to-date: /home/nvidia/MotorcarV1.1_ws/install/zlac8015d_serial/share/zlac8015d_serial/environment/library_path.dsv
-- Up-to-date: /home/nvidia/MotorcarV1.1_ws/install/zlac8015d_serial/include/include
-- Installing: /home/nvidia/MotorcarV1.1_ws/install/zlac8015d_serial/include/include/Motorctl.h
-- Up-to-date: /home/nvidia/MotorcarV1.1_ws/install/zlac8015d_serial/include/include/zlac8015d.h
-- Up-to-date: /home/nvidia/MotorcarV1.1_ws/install/zlac8015d_serial/include/include/Comm
-- Up-to-date: /home/nvidia/MotorcarV1.1_ws/install/zlac8015d_serial/include/include/Comm/crc_check.h
-- Up-to-date: /home/nvidia/MotorcarV1.1_ws/install/zlac8015d_serial/lib/zlac8015d_serial/example
-- Up-to-date: /home/nvidia/MotorcarV1.1_ws/install/zlac8015d_serial/lib/zlac8015d_serial/SimpleControl
-- Installing: /home/nvidia/MotorcarV1.1_ws/install/zlac8015d_serial/lib/zlac8015d_serial/Motorctl
-- Set runtime path of "/home/nvidia/MotorcarV1.1_ws/install/zlac8015d_serial/lib/zlac8015d_serial/Motorctl" to ""
-- Installing: /home/nvidia/MotorcarV1.1_ws/install/zlac8015d_serial/lib/zlac8015d_serial/Motorrcv
-- Set runtime path of "/home/nvidia/MotorcarV1.1_ws/install/zlac8015d_serial/lib/zlac8015d_serial/Motorrcv" to ""
-- Up-to-date: /home/nvidia/MotorcarV1.1_ws/install/zlac8015d_serial/share/zlac8015d_serial/launch
-- Up-to-date: /home/nvidia/MotorcarV1.1_ws/install/zlac8015d_serial/share/zlac8015d_serial/launch/serial_test.launch.py
-- Up-to-date: /home/nvidia/MotorcarV1.1_ws/install/zlac8015d_serial/share/zlac8015d_serial/launch/joyCH_motor.launch.py
-- Up-to-date: /home/nvidia/MotorcarV1.1_ws/install/zlac8015d_serial/lib/libzlac8015d.a
-- Up-to-date: /home/nvidia/MotorcarV1.1_ws/install/zlac8015d_serial/share/ament_index/resource_index/package_run_dependencies/zlac8015d_serial
-- Up-to-date: /home/nvidia/MotorcarV1.1_ws/install/zlac8015d_serial/share/ament_index/resource_index/parent_prefix_path/zlac8015d_serial
-- Up-to-date: /home/nvidia/MotorcarV1.1_ws/install/zlac8015d_serial/share/zlac8015d_serial/environment/ament_prefix_path.sh
-- Up-to-date: /home/nvidia/MotorcarV1.1_ws/install/zlac8015d_serial/share/zlac8015d_serial/environment/ament_prefix_path.dsv
-- Up-to-date: /home/nvidia/MotorcarV1.1_ws/install/zlac8015d_serial/share/zlac8015d_serial/environment/path.sh
-- Up-to-date: /home/nvidia/MotorcarV1.1_ws/install/zlac8015d_serial/share/zlac8015d_serial/environment/path.dsv
-- Up-to-date: /home/nvidia/MotorcarV1.1_ws/install/zlac8015d_serial/share/zlac8015d_serial/local_setup.bash
-- Up-to-date: /home/nvidia/MotorcarV1.1_ws/install/zlac8015d_serial/share/zlac8015d_serial/local_setup.sh
-- Up-to-date: /home/nvidia/MotorcarV1.1_ws/install/zlac8015d_serial/share/zlac8015d_serial/local_setup.zsh
-- Up-to-date: /home/nvidia/MotorcarV1.1_ws/install/zlac8015d_serial/share/zlac8015d_serial/local_setup.dsv
-- Installing: /home/nvidia/MotorcarV1.1_ws/install/zlac8015d_serial/share/zlac8015d_serial/package.dsv
-- Up-to-date: /home/nvidia/MotorcarV1.1_ws/install/zlac8015d_serial/share/ament_index/resource_index/packages/zlac8015d_serial
-- Up-to-date: /home/nvidia/MotorcarV1.1_ws/install/zlac8015d_serial/share/zlac8015d_serial/cmake/zlac8015dExport.cmake
-- Up-to-date: /home/nvidia/MotorcarV1.1_ws/install/zlac8015d_serial/share/zlac8015d_serial/cmake/zlac8015dExport-noconfig.cmake
-- Up-to-date: /home/nvidia/MotorcarV1.1_ws/install/zlac8015d_serial/share/zlac8015d_serial/cmake/ament_cmake_export_targets-extras.cmake
-- Up-to-date: /home/nvidia/MotorcarV1.1_ws/install/zlac8015d_serial/share/zlac8015d_serial/cmake/zlac8015d_serialConfig.cmake
-- Up-to-date: /home/nvidia/MotorcarV1.1_ws/install/zlac8015d_serial/share/zlac8015d_serial/cmake/zlac8015d_serialConfig-version.cmake
-- Up-to-date: /home/nvidia/MotorcarV1.1_ws/install/zlac8015d_serial/share/zlac8015d_serial/package.xml
