[0.019s] Invoking command in '/home/nvidia/Motorcar-NEW_ws/build/joy_control': AMENT_PREFIX_PATH=/home/nvidia/Motorcar-NEW_ws/install/serial:${AMENT_PREFIX_PATH} CMAKE_PREFIX_PATH=/home/nvidia/Motorcar-NEW_ws/install/serial:/home/nvidia/piek-src/install/motor_control:/home/nvidia/piek-src/install/willy_interfaces:/home/nvidia/piek-src/install/serial:/home/nvidia/piek-src/install/joy_control:/home/nvidia/piek-src/install/keyboard_joy:/opt/ros/humble LD_LIBRARY_PATH=/home/nvidia/Motorcar-NEW_ws/install/serial/lib:${LD_LIBRARY_PATH} /usr/bin/cmake --build /home/nvidia/Motorcar-NEW_ws/build/joy_control -- -j12 -l12
[0.124s] [ 50%] [32mBuilding CXX object CMakeFiles/joy_control.dir/src/Modectl.cpp.o[0m
[15.382s] [100%] [32m[1mLinking CXX executable joy_control[0m
[16.159s] [100%] Built target joy_control
[16.182s] Invoked command in '/home/nvidia/Motorcar-NEW_ws/build/joy_control' returned '0': AMENT_PREFIX_PATH=/home/nvidia/Motorcar-NEW_ws/install/serial:${AMENT_PREFIX_PATH} CMAKE_PREFIX_PATH=/home/nvidia/Motorcar-NEW_ws/install/serial:/home/nvidia/piek-src/install/motor_control:/home/nvidia/piek-src/install/willy_interfaces:/home/nvidia/piek-src/install/serial:/home/nvidia/piek-src/install/joy_control:/home/nvidia/piek-src/install/keyboard_joy:/opt/ros/humble LD_LIBRARY_PATH=/home/nvidia/Motorcar-NEW_ws/install/serial/lib:${LD_LIBRARY_PATH} /usr/bin/cmake --build /home/nvidia/Motorcar-NEW_ws/build/joy_control -- -j12 -l12
[16.185s] Invoking command in '/home/nvidia/Motorcar-NEW_ws/build/joy_control': AMENT_PREFIX_PATH=/home/nvidia/Motorcar-NEW_ws/install/serial:${AMENT_PREFIX_PATH} CMAKE_PREFIX_PATH=/home/nvidia/Motorcar-NEW_ws/install/serial:/home/nvidia/piek-src/install/motor_control:/home/nvidia/piek-src/install/willy_interfaces:/home/nvidia/piek-src/install/serial:/home/nvidia/piek-src/install/joy_control:/home/nvidia/piek-src/install/keyboard_joy:/opt/ros/humble LD_LIBRARY_PATH=/home/nvidia/Motorcar-NEW_ws/install/serial/lib:${LD_LIBRARY_PATH} /usr/bin/cmake --install /home/nvidia/Motorcar-NEW_ws/build/joy_control
[16.200s] -- Install configuration: ""
[16.201s] -- Installing: /home/nvidia/Motorcar-NEW_ws/install/joy_control/lib/joy_control/joy_control
[16.209s] -- Set runtime path of "/home/nvidia/Motorcar-NEW_ws/install/joy_control/lib/joy_control/joy_control" to ""
[16.210s] -- Up-to-date: /home/nvidia/Motorcar-NEW_ws/install/joy_control/share/ament_index/resource_index/package_run_dependencies/joy_control
[16.210s] -- Up-to-date: /home/nvidia/Motorcar-NEW_ws/install/joy_control/share/ament_index/resource_index/parent_prefix_path/joy_control
[16.210s] -- Up-to-date: /home/nvidia/Motorcar-NEW_ws/install/joy_control/share/joy_control/environment/ament_prefix_path.sh
[16.211s] -- Up-to-date: /home/nvidia/Motorcar-NEW_ws/install/joy_control/share/joy_control/environment/ament_prefix_path.dsv
[16.211s] -- Up-to-date: /home/nvidia/Motorcar-NEW_ws/install/joy_control/share/joy_control/environment/path.sh
[16.211s] -- Up-to-date: /home/nvidia/Motorcar-NEW_ws/install/joy_control/share/joy_control/environment/path.dsv
[16.211s] -- Up-to-date: /home/nvidia/Motorcar-NEW_ws/install/joy_control/share/joy_control/local_setup.bash
[16.212s] -- Up-to-date: /home/nvidia/Motorcar-NEW_ws/install/joy_control/share/joy_control/local_setup.sh
[16.212s] -- Up-to-date: /home/nvidia/Motorcar-NEW_ws/install/joy_control/share/joy_control/local_setup.zsh
[16.212s] -- Up-to-date: /home/nvidia/Motorcar-NEW_ws/install/joy_control/share/joy_control/local_setup.dsv
[16.212s] -- Installing: /home/nvidia/Motorcar-NEW_ws/install/joy_control/share/joy_control/package.dsv
[16.212s] -- Up-to-date: /home/nvidia/Motorcar-NEW_ws/install/joy_control/share/ament_index/resource_index/packages/joy_control
[16.213s] -- Up-to-date: /home/nvidia/Motorcar-NEW_ws/install/joy_control/share/joy_control/cmake/joy_controlConfig.cmake
[16.213s] -- Up-to-date: /home/nvidia/Motorcar-NEW_ws/install/joy_control/share/joy_control/cmake/joy_controlConfig-version.cmake
[16.214s] -- Up-to-date: /home/nvidia/Motorcar-NEW_ws/install/joy_control/share/joy_control/package.xml
[16.217s] Invoked command in '/home/nvidia/Motorcar-NEW_ws/build/joy_control' returned '0': AMENT_PREFIX_PATH=/home/nvidia/Motorcar-NEW_ws/install/serial:${AMENT_PREFIX_PATH} CMAKE_PREFIX_PATH=/home/nvidia/Motorcar-NEW_ws/install/serial:/home/nvidia/piek-src/install/motor_control:/home/nvidia/piek-src/install/willy_interfaces:/home/nvidia/piek-src/install/serial:/home/nvidia/piek-src/install/joy_control:/home/nvidia/piek-src/install/keyboard_joy:/opt/ros/humble LD_LIBRARY_PATH=/home/nvidia/Motorcar-NEW_ws/install/serial/lib:${LD_LIBRARY_PATH} /usr/bin/cmake --install /home/nvidia/Motorcar-NEW_ws/build/joy_control
