[1.049s] Invoking command in '/home/nvidia/Motorcar-NEW_ws/src/keyboard_joy': PYTHONPATH=/home/nvidia/Motorcar-NEW_ws/build/keyboard_joy/prefix_override:/usr/lib/python3/dist-packages/colcon_core/task/python/colcon_distutils_commands:/home/nvidia/Motorcar-NEW_ws/install/keyboard_joy/lib/python3.10/site-packages:${PYTHONPATH} /usr/bin/python3 -W ignore:setup.py install is deprecated -W ignore:easy_install command is deprecated setup.py egg_info --egg-base ../../build/keyboard_joy build --build-base /home/nvidia/Motorcar-NEW_ws/build/keyboard_joy/build install --record /home/nvidia/Motorcar-NEW_ws/build/keyboard_joy/install.log --single-version-externally-managed install_data
[1.397s] running egg_info
[1.398s] writing ../../build/keyboard_joy/keyboard_joy.egg-info/PKG-INFO
[1.399s] writing dependency_links to ../../build/keyboard_joy/keyboard_joy.egg-info/dependency_links.txt
[1.399s] writing entry points to ../../build/keyboard_joy/keyboard_joy.egg-info/entry_points.txt
[1.399s] writing requirements to ../../build/keyboard_joy/keyboard_joy.egg-info/requires.txt
[1.399s] writing top-level names to ../../build/keyboard_joy/keyboard_joy.egg-info/top_level.txt
[1.402s] reading manifest file '../../build/keyboard_joy/keyboard_joy.egg-info/SOURCES.txt'
[1.403s] writing manifest file '../../build/keyboard_joy/keyboard_joy.egg-info/SOURCES.txt'
[1.403s] running build
[1.404s] running build_py
[1.404s] running install
[1.404s] running install_lib
[1.406s] running install_data
[1.406s] running install_egg_info
[1.409s] removing '/home/nvidia/Motorcar-NEW_ws/install/keyboard_joy/lib/python3.10/site-packages/keyboard_joy-0.0.1-py3.10.egg-info' (and everything under it)
[1.409s] Copying ../../build/keyboard_joy/keyboard_joy.egg-info to /home/nvidia/Motorcar-NEW_ws/install/keyboard_joy/lib/python3.10/site-packages/keyboard_joy-0.0.1-py3.10.egg-info
[1.410s] running install_scripts
[1.441s] Installing joy_node script to /home/nvidia/Motorcar-NEW_ws/install/keyboard_joy/lib/keyboard_joy
[1.442s] writing list of installed files to '/home/nvidia/Motorcar-NEW_ws/build/keyboard_joy/install.log'
[1.499s] Invoked command in '/home/nvidia/Motorcar-NEW_ws/src/keyboard_joy' returned '0': PYTHONPATH=/home/nvidia/Motorcar-NEW_ws/build/keyboard_joy/prefix_override:/usr/lib/python3/dist-packages/colcon_core/task/python/colcon_distutils_commands:/home/nvidia/Motorcar-NEW_ws/install/keyboard_joy/lib/python3.10/site-packages:${PYTHONPATH} /usr/bin/python3 -W ignore:setup.py install is deprecated -W ignore:easy_install command is deprecated setup.py egg_info --egg-base ../../build/keyboard_joy build --build-base /home/nvidia/Motorcar-NEW_ws/build/keyboard_joy/build install --record /home/nvidia/Motorcar-NEW_ws/build/keyboard_joy/install.log --single-version-externally-managed install_data
