[0.027s] Invoking command in '/home/nvidia/MotorcarV1.1_ws/build/zlac8015d_serial': AMENT_PREFIX_PATH=/home/nvidia/MotorcarV1.1_ws/install/joy_control:/home/nvidia/MotorcarV1.1_ws/install/serial:/home/nvidia/MotorcarV1.1_ws/install/keyboard_joy:${AMENT_PREFIX_PATH} CMAKE_PREFIX_PATH=/home/nvidia/MotorcarV1.1_ws/install/joy_control:/home/nvidia/MotorcarV1.1_ws/install/serial:/home/nvidia/piek-src/install/motor_control:/home/nvidia/piek-src/install/willy_interfaces:/home/nvidia/piek-src/install/serial:/home/nvidia/piek-src/install/joy_control:/home/nvidia/piek-src/install/keyboard_joy:/opt/ros/humble LD_LIBRARY_PATH=/home/nvidia/MotorcarV1.1_ws/install/serial/lib:${LD_LIBRARY_PATH} PYTHONPATH=/home/nvidia/MotorcarV1.1_ws/install/keyboard_joy/lib/python3.10/site-packages:${PYTHONPATH} /usr/bin/cmake --build /home/nvidia/MotorcarV1.1_ws/build/zlac8015d_serial -- -j12 -l12
[0.104s] [35m[1mConsolidate compiler generated dependencies of target SimpleControl[0m
[0.104s] [35m[1mConsolidate compiler generated dependencies of target Motorctl[0m
[0.121s] [ 38%] Built target example
[0.121s] [ 38%] Built target zlac8015d
[0.132s] [ 53%] Built target Motorrcv
[0.138s] [ 76%] Built target Motorctl
[0.139s] [ 84%] [32mBuilding CXX object CMakeFiles/SimpleControl.dir/src/SimpleControl.cpp.o[0m
[13.381s] [ 92%] [32m[1mLinking CXX executable SimpleControl[0m
[14.034s] [100%] Built target SimpleControl
[14.060s] Invoked command in '/home/nvidia/MotorcarV1.1_ws/build/zlac8015d_serial' returned '0': AMENT_PREFIX_PATH=/home/nvidia/MotorcarV1.1_ws/install/joy_control:/home/nvidia/MotorcarV1.1_ws/install/serial:/home/nvidia/MotorcarV1.1_ws/install/keyboard_joy:${AMENT_PREFIX_PATH} CMAKE_PREFIX_PATH=/home/nvidia/MotorcarV1.1_ws/install/joy_control:/home/nvidia/MotorcarV1.1_ws/install/serial:/home/nvidia/piek-src/install/motor_control:/home/nvidia/piek-src/install/willy_interfaces:/home/nvidia/piek-src/install/serial:/home/nvidia/piek-src/install/joy_control:/home/nvidia/piek-src/install/keyboard_joy:/opt/ros/humble LD_LIBRARY_PATH=/home/nvidia/MotorcarV1.1_ws/install/serial/lib:${LD_LIBRARY_PATH} PYTHONPATH=/home/nvidia/MotorcarV1.1_ws/install/keyboard_joy/lib/python3.10/site-packages:${PYTHONPATH} /usr/bin/cmake --build /home/nvidia/MotorcarV1.1_ws/build/zlac8015d_serial -- -j12 -l12
[14.066s] Invoking command in '/home/nvidia/MotorcarV1.1_ws/build/zlac8015d_serial': AMENT_PREFIX_PATH=/home/nvidia/MotorcarV1.1_ws/install/joy_control:/home/nvidia/MotorcarV1.1_ws/install/serial:/home/nvidia/MotorcarV1.1_ws/install/keyboard_joy:${AMENT_PREFIX_PATH} CMAKE_PREFIX_PATH=/home/nvidia/MotorcarV1.1_ws/install/joy_control:/home/nvidia/MotorcarV1.1_ws/install/serial:/home/nvidia/piek-src/install/motor_control:/home/nvidia/piek-src/install/willy_interfaces:/home/nvidia/piek-src/install/serial:/home/nvidia/piek-src/install/joy_control:/home/nvidia/piek-src/install/keyboard_joy:/opt/ros/humble LD_LIBRARY_PATH=/home/nvidia/MotorcarV1.1_ws/install/serial/lib:${LD_LIBRARY_PATH} PYTHONPATH=/home/nvidia/MotorcarV1.1_ws/install/keyboard_joy/lib/python3.10/site-packages:${PYTHONPATH} /usr/bin/cmake --install /home/nvidia/MotorcarV1.1_ws/build/zlac8015d_serial
[14.080s] -- Install configuration: ""
[14.081s] -- Up-to-date: /home/nvidia/MotorcarV1.1_ws/install/zlac8015d_serial/share/zlac8015d_serial/environment/library_path.sh
[14.081s] -- Up-to-date: /home/nvidia/MotorcarV1.1_ws/install/zlac8015d_serial/share/zlac8015d_serial/environment/library_path.dsv
[14.081s] -- Up-to-date: /home/nvidia/MotorcarV1.1_ws/install/zlac8015d_serial/include/include
[14.081s] -- Up-to-date: /home/nvidia/MotorcarV1.1_ws/install/zlac8015d_serial/include/include/Motorctl.h
[14.081s] -- Installing: /home/nvidia/MotorcarV1.1_ws/install/zlac8015d_serial/include/include/zlac8015d.h
[14.081s] -- Up-to-date: /home/nvidia/MotorcarV1.1_ws/install/zlac8015d_serial/include/include/Comm
[14.082s] -- Up-to-date: /home/nvidia/MotorcarV1.1_ws/install/zlac8015d_serial/include/include/Comm/crc_check.h
[14.082s] -- Installing: /home/nvidia/MotorcarV1.1_ws/install/zlac8015d_serial/lib/zlac8015d_serial/example
[14.084s] -- Set runtime path of "/home/nvidia/MotorcarV1.1_ws/install/zlac8015d_serial/lib/zlac8015d_serial/example" to ""
[14.084s] -- Installing: /home/nvidia/MotorcarV1.1_ws/install/zlac8015d_serial/lib/zlac8015d_serial/SimpleControl
[14.091s] -- Set runtime path of "/home/nvidia/MotorcarV1.1_ws/install/zlac8015d_serial/lib/zlac8015d_serial/SimpleControl" to ""
[14.092s] -- Installing: /home/nvidia/MotorcarV1.1_ws/install/zlac8015d_serial/lib/zlac8015d_serial/Motorctl
[14.106s] -- Set runtime path of "/home/nvidia/MotorcarV1.1_ws/install/zlac8015d_serial/lib/zlac8015d_serial/Motorctl" to ""
[14.106s] -- Up-to-date: /home/nvidia/MotorcarV1.1_ws/install/zlac8015d_serial/lib/zlac8015d_serial/Motorrcv
[14.106s] -- Up-to-date: /home/nvidia/MotorcarV1.1_ws/install/zlac8015d_serial/share/zlac8015d_serial/launch
[14.107s] -- Up-to-date: /home/nvidia/MotorcarV1.1_ws/install/zlac8015d_serial/share/zlac8015d_serial/launch/serial_test.launch.py
[14.107s] -- Up-to-date: /home/nvidia/MotorcarV1.1_ws/install/zlac8015d_serial/share/zlac8015d_serial/launch/joyCH_motor.launch.py
[14.107s] -- Installing: /home/nvidia/MotorcarV1.1_ws/install/zlac8015d_serial/lib/libzlac8015d.a
[14.107s] -- Up-to-date: /home/nvidia/MotorcarV1.1_ws/install/zlac8015d_serial/share/ament_index/resource_index/package_run_dependencies/zlac8015d_serial
[14.107s] -- Up-to-date: /home/nvidia/MotorcarV1.1_ws/install/zlac8015d_serial/share/ament_index/resource_index/parent_prefix_path/zlac8015d_serial
[14.108s] -- Up-to-date: /home/nvidia/MotorcarV1.1_ws/install/zlac8015d_serial/share/zlac8015d_serial/environment/ament_prefix_path.sh
[14.108s] -- Up-to-date: /home/nvidia/MotorcarV1.1_ws/install/zlac8015d_serial/share/zlac8015d_serial/environment/ament_prefix_path.dsv
[14.108s] -- Up-to-date: /home/nvidia/MotorcarV1.1_ws/install/zlac8015d_serial/share/zlac8015d_serial/environment/path.sh
[14.108s] -- Up-to-date: /home/nvidia/MotorcarV1.1_ws/install/zlac8015d_serial/share/zlac8015d_serial/environment/path.dsv
[14.108s] -- Up-to-date: /home/nvidia/MotorcarV1.1_ws/install/zlac8015d_serial/share/zlac8015d_serial/local_setup.bash
[14.108s] -- Up-to-date: /home/nvidia/MotorcarV1.1_ws/install/zlac8015d_serial/share/zlac8015d_serial/local_setup.sh
[14.108s] -- Up-to-date: /home/nvidia/MotorcarV1.1_ws/install/zlac8015d_serial/share/zlac8015d_serial/local_setup.zsh
[14.108s] -- Up-to-date: /home/nvidia/MotorcarV1.1_ws/install/zlac8015d_serial/share/zlac8015d_serial/local_setup.dsv
[14.109s] -- Installing: /home/nvidia/MotorcarV1.1_ws/install/zlac8015d_serial/share/zlac8015d_serial/package.dsv
[14.109s] -- Up-to-date: /home/nvidia/MotorcarV1.1_ws/install/zlac8015d_serial/share/ament_index/resource_index/packages/zlac8015d_serial
[14.109s] -- Up-to-date: /home/nvidia/MotorcarV1.1_ws/install/zlac8015d_serial/share/zlac8015d_serial/cmake/zlac8015dExport.cmake
[14.109s] -- Up-to-date: /home/nvidia/MotorcarV1.1_ws/install/zlac8015d_serial/share/zlac8015d_serial/cmake/zlac8015dExport-noconfig.cmake
[14.110s] -- Up-to-date: /home/nvidia/MotorcarV1.1_ws/install/zlac8015d_serial/share/zlac8015d_serial/cmake/ament_cmake_export_targets-extras.cmake
[14.110s] -- Up-to-date: /home/nvidia/MotorcarV1.1_ws/install/zlac8015d_serial/share/zlac8015d_serial/cmake/zlac8015d_serialConfig.cmake
[14.110s] -- Up-to-date: /home/nvidia/MotorcarV1.1_ws/install/zlac8015d_serial/share/zlac8015d_serial/cmake/zlac8015d_serialConfig-version.cmake
[14.110s] -- Up-to-date: /home/nvidia/MotorcarV1.1_ws/install/zlac8015d_serial/share/zlac8015d_serial/package.xml
[14.114s] Invoked command in '/home/nvidia/MotorcarV1.1_ws/build/zlac8015d_serial' returned '0': AMENT_PREFIX_PATH=/home/nvidia/MotorcarV1.1_ws/install/joy_control:/home/nvidia/MotorcarV1.1_ws/install/serial:/home/nvidia/MotorcarV1.1_ws/install/keyboard_joy:${AMENT_PREFIX_PATH} CMAKE_PREFIX_PATH=/home/nvidia/MotorcarV1.1_ws/install/joy_control:/home/nvidia/MotorcarV1.1_ws/install/serial:/home/nvidia/piek-src/install/motor_control:/home/nvidia/piek-src/install/willy_interfaces:/home/nvidia/piek-src/install/serial:/home/nvidia/piek-src/install/joy_control:/home/nvidia/piek-src/install/keyboard_joy:/opt/ros/humble LD_LIBRARY_PATH=/home/nvidia/MotorcarV1.1_ws/install/serial/lib:${LD_LIBRARY_PATH} PYTHONPATH=/home/nvidia/MotorcarV1.1_ws/install/keyboard_joy/lib/python3.10/site-packages:${PYTHONPATH} /usr/bin/cmake --install /home/nvidia/MotorcarV1.1_ws/build/zlac8015d_serial
