[0.028s] Invoking command in '/home/nvidia/Motorcar-NEW_ws/build/zlac8015d_serial': AMENT_PREFIX_PATH=/home/nvidia/Motorcar-NEW_ws/install/joy_control:/home/nvidia/Motorcar-NEW_ws/install/serial:/home/nvidia/Motorcar-NEW_ws/install/keyboard_joy:${AMENT_PREFIX_PATH} CMAKE_PREFIX_PATH=/home/nvidia/Motorcar-NEW_ws/install/joy_control:/home/nvidia/Motorcar-NEW_ws/install/serial:/home/nvidia/piek-src/install/motor_control:/home/nvidia/piek-src/install/willy_interfaces:/home/nvidia/piek-src/install/serial:/home/nvidia/piek-src/install/joy_control:/home/nvidia/piek-src/install/keyboard_joy:/opt/ros/humble LD_LIBRARY_PATH=/home/nvidia/Motorcar-NEW_ws/install/serial/lib:${LD_LIBRARY_PATH} PYTHONPATH=/home/nvidia/Motorcar-NEW_ws/install/keyboard_joy/lib/python3.10/site-packages:${PYTHONPATH} /usr/bin/cmake --build /home/nvidia/Motorcar-NEW_ws/build/zlac8015d_serial -- -j12 -l12
[0.107s] [35m[1mConsolidate compiler generated dependencies of target Motorctl[0m
[0.123s] [ 36%] Built target example
[0.124s] [ 45%] Built target zlac8015d
[0.132s] [ 72%] Built target SimpleControl
[0.139s] [100%] Built target Motorctl
[0.163s] Invoked command in '/home/nvidia/Motorcar-NEW_ws/build/zlac8015d_serial' returned '0': AMENT_PREFIX_PATH=/home/nvidia/Motorcar-NEW_ws/install/joy_control:/home/nvidia/Motorcar-NEW_ws/install/serial:/home/nvidia/Motorcar-NEW_ws/install/keyboard_joy:${AMENT_PREFIX_PATH} CMAKE_PREFIX_PATH=/home/nvidia/Motorcar-NEW_ws/install/joy_control:/home/nvidia/Motorcar-NEW_ws/install/serial:/home/nvidia/piek-src/install/motor_control:/home/nvidia/piek-src/install/willy_interfaces:/home/nvidia/piek-src/install/serial:/home/nvidia/piek-src/install/joy_control:/home/nvidia/piek-src/install/keyboard_joy:/opt/ros/humble LD_LIBRARY_PATH=/home/nvidia/Motorcar-NEW_ws/install/serial/lib:${LD_LIBRARY_PATH} PYTHONPATH=/home/nvidia/Motorcar-NEW_ws/install/keyboard_joy/lib/python3.10/site-packages:${PYTHONPATH} /usr/bin/cmake --build /home/nvidia/Motorcar-NEW_ws/build/zlac8015d_serial -- -j12 -l12
[0.168s] Invoking command in '/home/nvidia/Motorcar-NEW_ws/build/zlac8015d_serial': AMENT_PREFIX_PATH=/home/nvidia/Motorcar-NEW_ws/install/joy_control:/home/nvidia/Motorcar-NEW_ws/install/serial:/home/nvidia/Motorcar-NEW_ws/install/keyboard_joy:${AMENT_PREFIX_PATH} CMAKE_PREFIX_PATH=/home/nvidia/Motorcar-NEW_ws/install/joy_control:/home/nvidia/Motorcar-NEW_ws/install/serial:/home/nvidia/piek-src/install/motor_control:/home/nvidia/piek-src/install/willy_interfaces:/home/nvidia/piek-src/install/serial:/home/nvidia/piek-src/install/joy_control:/home/nvidia/piek-src/install/keyboard_joy:/opt/ros/humble LD_LIBRARY_PATH=/home/nvidia/Motorcar-NEW_ws/install/serial/lib:${LD_LIBRARY_PATH} PYTHONPATH=/home/nvidia/Motorcar-NEW_ws/install/keyboard_joy/lib/python3.10/site-packages:${PYTHONPATH} /usr/bin/cmake --install /home/nvidia/Motorcar-NEW_ws/build/zlac8015d_serial
[0.185s] -- Install configuration: ""
[0.186s] -- Up-to-date: /home/nvidia/Motorcar-NEW_ws/install/zlac8015d_serial/share/zlac8015d_serial/environment/library_path.sh
[0.186s] -- Up-to-date: /home/nvidia/Motorcar-NEW_ws/install/zlac8015d_serial/share/zlac8015d_serial/environment/library_path.dsv
[0.187s] -- Up-to-date: /home/nvidia/Motorcar-NEW_ws/install/zlac8015d_serial/include/include
[0.187s] -- Up-to-date: /home/nvidia/Motorcar-NEW_ws/install/zlac8015d_serial/include/include/Motorctl.h
[0.187s] -- Up-to-date: /home/nvidia/Motorcar-NEW_ws/install/zlac8015d_serial/include/include/zlac8015d.h
[0.188s] -- Up-to-date: /home/nvidia/Motorcar-NEW_ws/install/zlac8015d_serial/include/include/Comm
[0.188s] -- Up-to-date: /home/nvidia/Motorcar-NEW_ws/install/zlac8015d_serial/include/include/Comm/crc_check.h
[0.188s] -- Up-to-date: /home/nvidia/Motorcar-NEW_ws/install/zlac8015d_serial/lib/zlac8015d_serial/example
[0.188s] -- Up-to-date: /home/nvidia/Motorcar-NEW_ws/install/zlac8015d_serial/lib/zlac8015d_serial/SimpleControl
[0.189s] -- Up-to-date: /home/nvidia/Motorcar-NEW_ws/install/zlac8015d_serial/lib/zlac8015d_serial/Motorctl
[0.189s] -- Up-to-date: /home/nvidia/Motorcar-NEW_ws/install/zlac8015d_serial/share/zlac8015d_serial/launch
[0.189s] -- Up-to-date: /home/nvidia/Motorcar-NEW_ws/install/zlac8015d_serial/share/zlac8015d_serial/launch/serial_test.launch.py
[0.189s] -- Up-to-date: /home/nvidia/Motorcar-NEW_ws/install/zlac8015d_serial/share/zlac8015d_serial/launch/joyCH_motor.launch.py
[0.190s] -- Up-to-date: /home/nvidia/Motorcar-NEW_ws/install/zlac8015d_serial/lib/libzlac8015d.a
[0.190s] -- Up-to-date: /home/nvidia/Motorcar-NEW_ws/install/zlac8015d_serial/share/ament_index/resource_index/package_run_dependencies/zlac8015d_serial
[0.191s] -- Up-to-date: /home/nvidia/Motorcar-NEW_ws/install/zlac8015d_serial/share/ament_index/resource_index/parent_prefix_path/zlac8015d_serial
[0.193s] -- Up-to-date: /home/nvidia/Motorcar-NEW_ws/install/zlac8015d_serial/share/zlac8015d_serial/environment/ament_prefix_path.sh
[0.194s] -- Up-to-date: /home/nvidia/Motorcar-NEW_ws/install/zlac8015d_serial/share/zlac8015d_serial/environment/ament_prefix_path.dsv
[0.194s] -- Up-to-date: /home/nvidia/Motorcar-NEW_ws/install/zlac8015d_serial/share/zlac8015d_serial/environment/path.sh
[0.195s] -- Up-to-date: /home/nvidia/Motorcar-NEW_ws/install/zlac8015d_serial/share/zlac8015d_serial/environment/path.dsv
[0.195s] -- Up-to-date: /home/nvidia/Motorcar-NEW_ws/install/zlac8015d_serial/share/zlac8015d_serial/local_setup.bash
[0.195s] -- Up-to-date: /home/nvidia/Motorcar-NEW_ws/install/zlac8015d_serial/share/zlac8015d_serial/local_setup.sh
[0.196s] -- Up-to-date: /home/nvidia/Motorcar-NEW_ws/install/zlac8015d_serial/share/zlac8015d_serial/local_setup.zsh
[0.196s] -- Up-to-date: /home/nvidia/Motorcar-NEW_ws/install/zlac8015d_serial/share/zlac8015d_serial/local_setup.dsv
[0.197s] -- Installing: /home/nvidia/Motorcar-NEW_ws/install/zlac8015d_serial/share/zlac8015d_serial/package.dsv
[0.197s] -- Up-to-date: /home/nvidia/Motorcar-NEW_ws/install/zlac8015d_serial/share/ament_index/resource_index/packages/zlac8015d_serial
[0.197s] -- Up-to-date: /home/nvidia/Motorcar-NEW_ws/install/zlac8015d_serial/share/zlac8015d_serial/cmake/zlac8015dExport.cmake
[0.198s] -- Up-to-date: /home/nvidia/Motorcar-NEW_ws/install/zlac8015d_serial/share/zlac8015d_serial/cmake/zlac8015dExport-noconfig.cmake
[0.198s] -- Up-to-date: /home/nvidia/Motorcar-NEW_ws/install/zlac8015d_serial/share/zlac8015d_serial/cmake/ament_cmake_export_targets-extras.cmake
[0.199s] -- Up-to-date: /home/nvidia/Motorcar-NEW_ws/install/zlac8015d_serial/share/zlac8015d_serial/cmake/zlac8015d_serialConfig.cmake
[0.199s] -- Up-to-date: /home/nvidia/Motorcar-NEW_ws/install/zlac8015d_serial/share/zlac8015d_serial/cmake/zlac8015d_serialConfig-version.cmake
[0.200s] -- Up-to-date: /home/nvidia/Motorcar-NEW_ws/install/zlac8015d_serial/share/zlac8015d_serial/package.xml
[0.200s] Invoked command in '/home/nvidia/Motorcar-NEW_ws/build/zlac8015d_serial' returned '0': AMENT_PREFIX_PATH=/home/nvidia/Motorcar-NEW_ws/install/joy_control:/home/nvidia/Motorcar-NEW_ws/install/serial:/home/nvidia/Motorcar-NEW_ws/install/keyboard_joy:${AMENT_PREFIX_PATH} CMAKE_PREFIX_PATH=/home/nvidia/Motorcar-NEW_ws/install/joy_control:/home/nvidia/Motorcar-NEW_ws/install/serial:/home/nvidia/piek-src/install/motor_control:/home/nvidia/piek-src/install/willy_interfaces:/home/nvidia/piek-src/install/serial:/home/nvidia/piek-src/install/joy_control:/home/nvidia/piek-src/install/keyboard_joy:/opt/ros/humble LD_LIBRARY_PATH=/home/nvidia/Motorcar-NEW_ws/install/serial/lib:${LD_LIBRARY_PATH} PYTHONPATH=/home/nvidia/Motorcar-NEW_ws/install/keyboard_joy/lib/python3.10/site-packages:${PYTHONPATH} /usr/bin/cmake --install /home/nvidia/Motorcar-NEW_ws/build/zlac8015d_serial
