[01m[K/home/nvidia/Motorcar-NEW_ws/src/ROS2_ZLAC8015D_serial/src/Motorctl.cpp:222:2:[m[K [01;31m[Kerror: [m[Kexpected ‘[01m[K}[m[K’ at end of input
  222 | }
      |  [01;31m[K^[m[K
[01m[K/home/nvidia/Motorcar-NEW_ws/src/ROS2_ZLAC8015D_serial/src/Motorctl.cpp:20:40:[m[K [01;36m[Knote: [m[Kto match this ‘[01m[K{[m[K’
   20 | class ModeToZlac : public rclcpp::Node [01;36m[K{[m[K
      |                                        [01;36m[K^[m[K
[01m[K/home/nvidia/Motorcar-NEW_ws/src/ROS2_ZLAC8015D_serial/src/Motorctl.cpp:[m[K In constructor ‘[01m[KModeToZlac::ModeToZlac()[m[K’:
[01m[K/home/nvidia/Motorcar-NEW_ws/src/ROS2_ZLAC8015D_serial/src/Motorctl.cpp:36:5:[m[K [01;31m[Kerror: [m[K‘[01m[KmotorF_[m[K’ was not declared in this scope
   36 |     [01;31m[KmotorF_[m[K.begin(port_f.c_str(), motor_ctl::Comms::BAUDRATE, motor_ctl::Comms::MOTOR_ID);
      |     [01;31m[K^~~~~~~[m[K
[01m[K/home/nvidia/Motorcar-NEW_ws/src/ROS2_ZLAC8015D_serial/src/Motorctl.cpp:37:5:[m[K [01;31m[Kerror: [m[K‘[01m[KmotorR_[m[K’ was not declared in this scope
   37 |     [01;31m[KmotorR_[m[K.begin(port_r.c_str(), motor_ctl::Comms::BAUDRATE, motor_ctl::Comms::MOTOR_ID);
      |     [01;31m[K^~~~~~~[m[K
[01m[K/home/nvidia/Motorcar-NEW_ws/src/ROS2_ZLAC8015D_serial/src/Motorctl.cpp:46:5:[m[K [01;31m[Kerror: [m[K‘[01m[Ksetrpm_pub_[m[K’ was not declared in this scope
   46 |     [01;31m[Ksetrpm_pub_[m[K = this->create_publisher<sensor_msgs::msg::JointState>("/setrpm_value", 10);
      |     [01;31m[K^~~~~~~~~~~[m[K
[01m[K/home/nvidia/Motorcar-NEW_ws/src/ROS2_ZLAC8015D_serial/src/Motorctl.cpp:49:5:[m[K [01;31m[Kerror: [m[K‘[01m[Kjcmd_sub_[m[K’ was not declared in this scope
   49 |     [01;31m[Kjcmd_sub_[m[K = this->create_subscription<geometry_msgs::msg::Twist>(
      |     [01;31m[K^~~~~~~~~[m[K
[01m[K/home/nvidia/Motorcar-NEW_ws/src/ROS2_ZLAC8015D_serial/src/Motorctl.cpp:51:5:[m[K [01;31m[Kerror: [m[K‘[01m[KNAVcmd_sub_[m[K’ was not declared in this scope
   51 |     [01;31m[KNAVcmd_sub_[m[K = this->create_subscription<geometry_msgs::msg::Twist>(
      |     [01;31m[K^~~~~~~~~~~[m[K
[01m[K/home/nvidia/Motorcar-NEW_ws/src/ROS2_ZLAC8015D_serial/src/Motorctl.cpp:54:5:[m[K [01;31m[Kerror: [m[K‘[01m[Kmode_sub_[m[K’ was not declared in this scope
   54 |     [01;31m[Kmode_sub_[m[K = this->create_subscription<std_msgs::msg::Int32>(
      |     [01;31m[K^~~~~~~~~[m[K
[01m[K/home/nvidia/Motorcar-NEW_ws/src/ROS2_ZLAC8015D_serial/src/Motorctl.cpp:57:5:[m[K [01;31m[Kerror: [m[K‘[01m[Kaxes_sub_[m[K’ was not declared in this scope
   57 |     [01;31m[Kaxes_sub_[m[K = this->create_subscription<std_msgs::msg::Float32MultiArray>(
      |     [01;31m[K^~~~~~~~~[m[K
[01m[K/home/nvidia/Motorcar-NEW_ws/src/ROS2_ZLAC8015D_serial/src/Motorctl.cpp:61:5:[m[K [01;31m[Kerror: [m[K‘[01m[KMotor_[m[K’ was not declared in this scope; did you mean ‘[01m[Kmotor_ctl[m[K’?
   61 |     [01;31m[KMotor_[m[K = this-> create_wall_timer(200ms,std::bind(&ModeToZlac::ZLACoutput,this));
      |     [01;31m[K^~~~~~[m[K
      |     [32m[Kmotor_ctl[m[K
[01m[K/home/nvidia/Motorcar-NEW_ws/src/ROS2_ZLAC8015D_serial/src/Motorctl.cpp:[m[K In destructor ‘[01m[Kvirtual ModeToZlac::~ModeToZlac()[m[K’:
[01m[K/home/nvidia/Motorcar-NEW_ws/src/ROS2_ZLAC8015D_serial/src/Motorctl.cpp:66:5:[m[K [01;31m[Kerror: [m[K‘[01m[KmotorF_[m[K’ was not declared in this scope
   66 |     [01;31m[KmotorF_[m[K.disable();
      |     [01;31m[K^~~~~~~[m[K
[01m[K/home/nvidia/Motorcar-NEW_ws/src/ROS2_ZLAC8015D_serial/src/Motorctl.cpp:67:5:[m[K [01;31m[Kerror: [m[K‘[01m[KmotorR_[m[K’ was not declared in this scope
   67 |     [01;31m[KmotorR_[m[K.disable();
      |     [01;31m[K^~~~~~~[m[K
[01m[K/home/nvidia/Motorcar-NEW_ws/src/ROS2_ZLAC8015D_serial/src/Motorctl.cpp:[m[K In member function ‘[01m[Kvoid ModeToZlac::ZLACoutput()[m[K’:
[01m[K/home/nvidia/Motorcar-NEW_ws/src/ROS2_ZLAC8015D_serial/src/Motorctl.cpp:182:5:[m[K [01;31m[Kerror: [m[K‘[01m[KmotorF_[m[K’ was not declared in this scope
  182 |     [01;31m[KmotorF_[m[K.set_rpm(rpm_left,  "LEFT");
      |     [01;31m[K^~~~~~~[m[K
[01m[K/home/nvidia/Motorcar-NEW_ws/src/ROS2_ZLAC8015D_serial/src/Motorctl.cpp:184:5:[m[K [01;31m[Kerror: [m[K‘[01m[KmotorR_[m[K’ was not declared in this scope
  184 |     [01;31m[KmotorR_[m[K.set_rpm(rpm_left,  "LEFT");
      |     [01;31m[K^~~~~~~[m[K
[01m[K/home/nvidia/Motorcar-NEW_ws/src/ROS2_ZLAC8015D_serial/src/Motorctl.cpp:194:5:[m[K [01;31m[Kerror: [m[K‘[01m[Ksetrpm_pub_[m[K’ was not declared in this scope
  194 |     [01;31m[Ksetrpm_pub_[m[K->publish(rotat);
      |     [01;31m[K^~~~~~~~~~~[m[K
[01m[K/home/nvidia/Motorcar-NEW_ws/src/ROS2_ZLAC8015D_serial/src/Motorctl.cpp:[m[K At global scope:
[01m[K/home/nvidia/Motorcar-NEW_ws/src/ROS2_ZLAC8015D_serial/src/Motorctl.cpp:222:2:[m[K [01;31m[Kerror: [m[Kexpected unqualified-id at end of input
  222 | }
      |  [01;31m[K^[m[K
gmake[2]: *** [CMakeFiles/Motorctl.dir/build.make:76: CMakeFiles/Motorctl.dir/src/Motorctl.cpp.o] Error 1
gmake[1]: *** [CMakeFiles/Makefile2:197: CMakeFiles/Motorctl.dir/all] Error 2
gmake[1]: *** Waiting for unfinished jobs....
gmake: *** [Makefile:146: all] Error 2
