[0.028s] Invoking command in '/home/nvidia/Motorcar-NEW_ws/build/zlac8015d_serial': AMENT_PREFIX_PATH=/home/nvidia/Motorcar-NEW_ws/install/joy_control:/home/nvidia/Motorcar-NEW_ws/install/serial:/home/nvidia/Motorcar-NEW_ws/install/keyboard_joy:${AMENT_PREFIX_PATH} CMAKE_PREFIX_PATH=/home/nvidia/Motorcar-NEW_ws/install/joy_control:/home/nvidia/Motorcar-NEW_ws/install/serial:/home/nvidia/piek-src/install/motor_control:/home/nvidia/piek-src/install/willy_interfaces:/home/nvidia/piek-src/install/serial:/home/nvidia/piek-src/install/joy_control:/home/nvidia/piek-src/install/keyboard_joy:/opt/ros/humble LD_LIBRARY_PATH=/home/nvidia/Motorcar-NEW_ws/install/serial/lib:${LD_LIBRARY_PATH} PYTHONPATH=/home/nvidia/Motorcar-NEW_ws/install/keyboard_joy/lib/python3.10/site-packages:${PYTHONPATH} /usr/bin/cmake --build /home/nvidia/Motorcar-NEW_ws/build/zlac8015d_serial -- -j12 -l12
[0.105s] [35m[1mConsolidate compiler generated dependencies of target Motorrcv[0m
[0.127s] [ 21%] Built target zlac8015d
[0.127s] [ 35%] Built target example
[0.129s] [ 64%] Built target SimpleControl
[0.129s] [ 64%] [32mBuilding CXX object CMakeFiles/Motorctl.dir/src/Motorctl.cpp.o[0m
[0.138s] [ 71%] [32mBuilding CXX object CMakeFiles/Motorrcv.dir/src/Motorrcv.cpp.o[0m
[4.122s] [01m[K/home/nvidia/Motorcar-NEW_ws/src/ROS2_ZLAC8015D_serial/src/Motorctl.cpp:222:2:[m[K [01;31m[Kerror: [m[Kexpected ‘[01m[K}[m[K’ at end of input
[4.122s]   222 | }
[4.122s]       |  [01;31m[K^[m[K
[4.122s] [01m[K/home/nvidia/Motorcar-NEW_ws/src/ROS2_ZLAC8015D_serial/src/Motorctl.cpp:20:40:[m[K [01;36m[Knote: [m[Kto match this ‘[01m[K{[m[K’
[4.122s]    20 | class ModeToZlac : public rclcpp::Node [01;36m[K{[m[K
[4.122s]       |                                        [01;36m[K^[m[K
[4.139s] [01m[K/home/nvidia/Motorcar-NEW_ws/src/ROS2_ZLAC8015D_serial/src/Motorctl.cpp:[m[K In constructor ‘[01m[KModeToZlac::ModeToZlac()[m[K’:
[4.139s] [01m[K/home/nvidia/Motorcar-NEW_ws/src/ROS2_ZLAC8015D_serial/src/Motorctl.cpp:36:5:[m[K [01;31m[Kerror: [m[K‘[01m[KmotorF_[m[K’ was not declared in this scope
[4.139s]    36 |     [01;31m[KmotorF_[m[K.begin(port_f.c_str(), motor_ctl::Comms::BAUDRATE, motor_ctl::Comms::MOTOR_ID);
[4.139s]       |     [01;31m[K^~~~~~~[m[K
[4.149s] [01m[K/home/nvidia/Motorcar-NEW_ws/src/ROS2_ZLAC8015D_serial/src/Motorctl.cpp:37:5:[m[K [01;31m[Kerror: [m[K‘[01m[KmotorR_[m[K’ was not declared in this scope
[4.150s]    37 |     [01;31m[KmotorR_[m[K.begin(port_r.c_str(), motor_ctl::Comms::BAUDRATE, motor_ctl::Comms::MOTOR_ID);
[4.150s]       |     [01;31m[K^~~~~~~[m[K
[4.162s] [01m[K/home/nvidia/Motorcar-NEW_ws/src/ROS2_ZLAC8015D_serial/src/Motorctl.cpp:46:5:[m[K [01;31m[Kerror: [m[K‘[01m[Ksetrpm_pub_[m[K’ was not declared in this scope
[4.163s]    46 |     [01;31m[Ksetrpm_pub_[m[K = this->create_publisher<sensor_msgs::msg::JointState>("/setrpm_value", 10);
[4.163s]       |     [01;31m[K^~~~~~~~~~~[m[K
[4.182s] [01m[K/home/nvidia/Motorcar-NEW_ws/src/ROS2_ZLAC8015D_serial/src/Motorctl.cpp:49:5:[m[K [01;31m[Kerror: [m[K‘[01m[Kjcmd_sub_[m[K’ was not declared in this scope
[4.182s]    49 |     [01;31m[Kjcmd_sub_[m[K = this->create_subscription<geometry_msgs::msg::Twist>(
[4.182s]       |     [01;31m[K^~~~~~~~~[m[K
[4.275s] [01m[K/home/nvidia/Motorcar-NEW_ws/src/ROS2_ZLAC8015D_serial/src/Motorctl.cpp:51:5:[m[K [01;31m[Kerror: [m[K‘[01m[KNAVcmd_sub_[m[K’ was not declared in this scope
[4.275s]    51 |     [01;31m[KNAVcmd_sub_[m[K = this->create_subscription<geometry_msgs::msg::Twist>(
[4.275s]       |     [01;31m[K^~~~~~~~~~~[m[K
[4.287s] [01m[K/home/nvidia/Motorcar-NEW_ws/src/ROS2_ZLAC8015D_serial/src/Motorctl.cpp:54:5:[m[K [01;31m[Kerror: [m[K‘[01m[Kmode_sub_[m[K’ was not declared in this scope
[4.287s]    54 |     [01;31m[Kmode_sub_[m[K = this->create_subscription<std_msgs::msg::Int32>(
[4.287s]       |     [01;31m[K^~~~~~~~~[m[K
[4.371s] [01m[K/home/nvidia/Motorcar-NEW_ws/src/ROS2_ZLAC8015D_serial/src/Motorctl.cpp:57:5:[m[K [01;31m[Kerror: [m[K‘[01m[Kaxes_sub_[m[K’ was not declared in this scope
[4.371s]    57 |     [01;31m[Kaxes_sub_[m[K = this->create_subscription<std_msgs::msg::Float32MultiArray>(
[4.372s]       |     [01;31m[K^~~~~~~~~[m[K
[4.456s] [01m[K/home/nvidia/Motorcar-NEW_ws/src/ROS2_ZLAC8015D_serial/src/Motorctl.cpp:61:5:[m[K [01;31m[Kerror: [m[K‘[01m[KMotor_[m[K’ was not declared in this scope; did you mean ‘[01m[Kmotor_ctl[m[K’?
[4.456s]    61 |     [01;31m[KMotor_[m[K = this-> create_wall_timer(200ms,std::bind(&ModeToZlac::ZLACoutput,this));
[4.456s]       |     [01;31m[K^~~~~~[m[K
[4.456s]       |     [32m[Kmotor_ctl[m[K
[4.484s] [01m[K/home/nvidia/Motorcar-NEW_ws/src/ROS2_ZLAC8015D_serial/src/Motorctl.cpp:[m[K In destructor ‘[01m[Kvirtual ModeToZlac::~ModeToZlac()[m[K’:
[4.484s] [01m[K/home/nvidia/Motorcar-NEW_ws/src/ROS2_ZLAC8015D_serial/src/Motorctl.cpp:66:5:[m[K [01;31m[Kerror: [m[K‘[01m[KmotorF_[m[K’ was not declared in this scope
[4.484s]    66 |     [01;31m[KmotorF_[m[K.disable();
[4.484s]       |     [01;31m[K^~~~~~~[m[K
[4.495s] [01m[K/home/nvidia/Motorcar-NEW_ws/src/ROS2_ZLAC8015D_serial/src/Motorctl.cpp:67:5:[m[K [01;31m[Kerror: [m[K‘[01m[KmotorR_[m[K’ was not declared in this scope
[4.495s]    67 |     [01;31m[KmotorR_[m[K.disable();
[4.495s]       |     [01;31m[K^~~~~~~[m[K
[4.522s] [01m[K/home/nvidia/Motorcar-NEW_ws/src/ROS2_ZLAC8015D_serial/src/Motorctl.cpp:[m[K In member function ‘[01m[Kvoid ModeToZlac::ZLACoutput()[m[K’:
[4.522s] [01m[K/home/nvidia/Motorcar-NEW_ws/src/ROS2_ZLAC8015D_serial/src/Motorctl.cpp:182:5:[m[K [01;31m[Kerror: [m[K‘[01m[KmotorF_[m[K’ was not declared in this scope
[4.522s]   182 |     [01;31m[KmotorF_[m[K.set_rpm(rpm_left,  "LEFT");
[4.522s]       |     [01;31m[K^~~~~~~[m[K
[4.532s] [01m[K/home/nvidia/Motorcar-NEW_ws/src/ROS2_ZLAC8015D_serial/src/Motorctl.cpp:184:5:[m[K [01;31m[Kerror: [m[K‘[01m[KmotorR_[m[K’ was not declared in this scope
[4.532s]   184 |     [01;31m[KmotorR_[m[K.set_rpm(rpm_left,  "LEFT");
[4.532s]       |     [01;31m[K^~~~~~~[m[K
[4.544s] [01m[K/home/nvidia/Motorcar-NEW_ws/src/ROS2_ZLAC8015D_serial/src/Motorctl.cpp:194:5:[m[K [01;31m[Kerror: [m[K‘[01m[Ksetrpm_pub_[m[K’ was not declared in this scope
[4.544s]   194 |     [01;31m[Ksetrpm_pub_[m[K->publish(rotat);
[4.545s]       |     [01;31m[K^~~~~~~~~~~[m[K
[4.559s] [01m[K/home/nvidia/Motorcar-NEW_ws/src/ROS2_ZLAC8015D_serial/src/Motorctl.cpp:[m[K At global scope:
[4.559s] [01m[K/home/nvidia/Motorcar-NEW_ws/src/ROS2_ZLAC8015D_serial/src/Motorctl.cpp:222:2:[m[K [01;31m[Kerror: [m[Kexpected unqualified-id at end of input
[4.559s]   222 | }
[4.559s]       |  [01;31m[K^[m[K
[11.278s] gmake[2]: *** [CMakeFiles/Motorctl.dir/build.make:76: CMakeFiles/Motorctl.dir/src/Motorctl.cpp.o] Error 1
[11.279s] gmake[1]: *** [CMakeFiles/Makefile2:197: CMakeFiles/Motorctl.dir/all] Error 2
[11.279s] gmake[1]: *** Waiting for unfinished jobs....
[15.029s] [ 78%] [32m[1mLinking CXX executable Motorrcv[0m
[15.788s] [ 85%] Built target Motorrcv
[15.790s] gmake: *** [Makefile:146: all] Error 2
[15.795s] Invoked command in '/home/nvidia/Motorcar-NEW_ws/build/zlac8015d_serial' returned '2': AMENT_PREFIX_PATH=/home/nvidia/Motorcar-NEW_ws/install/joy_control:/home/nvidia/Motorcar-NEW_ws/install/serial:/home/nvidia/Motorcar-NEW_ws/install/keyboard_joy:${AMENT_PREFIX_PATH} CMAKE_PREFIX_PATH=/home/nvidia/Motorcar-NEW_ws/install/joy_control:/home/nvidia/Motorcar-NEW_ws/install/serial:/home/nvidia/piek-src/install/motor_control:/home/nvidia/piek-src/install/willy_interfaces:/home/nvidia/piek-src/install/serial:/home/nvidia/piek-src/install/joy_control:/home/nvidia/piek-src/install/keyboard_joy:/opt/ros/humble LD_LIBRARY_PATH=/home/nvidia/Motorcar-NEW_ws/install/serial/lib:${LD_LIBRARY_PATH} PYTHONPATH=/home/nvidia/Motorcar-NEW_ws/install/keyboard_joy/lib/python3.10/site-packages:${PYTHONPATH} /usr/bin/cmake --build /home/nvidia/Motorcar-NEW_ws/build/zlac8015d_serial -- -j12 -l12
