[0.029s] Invoking command in '/home/nvidia/MotorcarV1.1_ws/build/zlac8015d_serial': AMENT_PREFIX_PATH=/home/nvidia/MotorcarV1.1_ws/install/joy_control:/home/nvidia/MotorcarV1.1_ws/install/serial:/home/nvidia/MotorcarV1.1_ws/install/keyboard_joy:${AMENT_PREFIX_PATH} CMAKE_PREFIX_PATH=/home/nvidia/MotorcarV1.1_ws/install/joy_control:/home/nvidia/MotorcarV1.1_ws/install/serial:/home/nvidia/piek-src/install/motor_control:/home/nvidia/piek-src/install/willy_interfaces:/home/nvidia/piek-src/install/serial:/home/nvidia/piek-src/install/joy_control:/home/nvidia/piek-src/install/keyboard_joy:/opt/ros/humble LD_LIBRARY_PATH=/home/nvidia/MotorcarV1.1_ws/install/serial/lib:${LD_LIBRARY_PATH} PYTHONPATH=/home/nvidia/MotorcarV1.1_ws/install/keyboard_joy/lib/python3.10/site-packages:${PYTHONPATH} /usr/bin/cmake --build /home/nvidia/MotorcarV1.1_ws/build/zlac8015d_serial -- -j12 -l12
[0.114s] [35m[1mConsolidate compiler generated dependencies of target Motorctl[0m
[0.134s] [ 15%] Built target zlac8015d
[0.134s] [ 38%] Built target example
[0.138s] [ 61%] Built target SimpleControl
[0.139s] [ 76%] Built target Motorrcv
[0.140s] [ 84%] [32mBuilding CXX object CMakeFiles/Motorctl.dir/src/Motorctl.cpp.o[0m
[23.920s] [ 92%] [32m[1mLinking CXX executable Motorctl[0m
[25.191s] [100%] Built target Motorctl
[25.248s] Invoked command in '/home/nvidia/MotorcarV1.1_ws/build/zlac8015d_serial' returned '0': AMENT_PREFIX_PATH=/home/nvidia/MotorcarV1.1_ws/install/joy_control:/home/nvidia/MotorcarV1.1_ws/install/serial:/home/nvidia/MotorcarV1.1_ws/install/keyboard_joy:${AMENT_PREFIX_PATH} CMAKE_PREFIX_PATH=/home/nvidia/MotorcarV1.1_ws/install/joy_control:/home/nvidia/MotorcarV1.1_ws/install/serial:/home/nvidia/piek-src/install/motor_control:/home/nvidia/piek-src/install/willy_interfaces:/home/nvidia/piek-src/install/serial:/home/nvidia/piek-src/install/joy_control:/home/nvidia/piek-src/install/keyboard_joy:/opt/ros/humble LD_LIBRARY_PATH=/home/nvidia/MotorcarV1.1_ws/install/serial/lib:${LD_LIBRARY_PATH} PYTHONPATH=/home/nvidia/MotorcarV1.1_ws/install/keyboard_joy/lib/python3.10/site-packages:${PYTHONPATH} /usr/bin/cmake --build /home/nvidia/MotorcarV1.1_ws/build/zlac8015d_serial -- -j12 -l12
[25.252s] Invoking command in '/home/nvidia/MotorcarV1.1_ws/build/zlac8015d_serial': AMENT_PREFIX_PATH=/home/nvidia/MotorcarV1.1_ws/install/joy_control:/home/nvidia/MotorcarV1.1_ws/install/serial:/home/nvidia/MotorcarV1.1_ws/install/keyboard_joy:${AMENT_PREFIX_PATH} CMAKE_PREFIX_PATH=/home/nvidia/MotorcarV1.1_ws/install/joy_control:/home/nvidia/MotorcarV1.1_ws/install/serial:/home/nvidia/piek-src/install/motor_control:/home/nvidia/piek-src/install/willy_interfaces:/home/nvidia/piek-src/install/serial:/home/nvidia/piek-src/install/joy_control:/home/nvidia/piek-src/install/keyboard_joy:/opt/ros/humble LD_LIBRARY_PATH=/home/nvidia/MotorcarV1.1_ws/install/serial/lib:${LD_LIBRARY_PATH} PYTHONPATH=/home/nvidia/MotorcarV1.1_ws/install/keyboard_joy/lib/python3.10/site-packages:${PYTHONPATH} /usr/bin/cmake --install /home/nvidia/MotorcarV1.1_ws/build/zlac8015d_serial
[25.269s] -- Install configuration: ""
[25.270s] -- Up-to-date: /home/nvidia/MotorcarV1.1_ws/install/zlac8015d_serial/share/zlac8015d_serial/environment/library_path.sh
[25.270s] -- Up-to-date: /home/nvidia/MotorcarV1.1_ws/install/zlac8015d_serial/share/zlac8015d_serial/environment/library_path.dsv
[25.270s] -- Up-to-date: /home/nvidia/MotorcarV1.1_ws/install/zlac8015d_serial/include/include
[25.271s] -- Up-to-date: /home/nvidia/MotorcarV1.1_ws/install/zlac8015d_serial/include/include/Motorctl.h
[25.271s] -- Up-to-date: /home/nvidia/MotorcarV1.1_ws/install/zlac8015d_serial/include/include/zlac8015d.h
[25.271s] -- Up-to-date: /home/nvidia/MotorcarV1.1_ws/install/zlac8015d_serial/include/include/Comm
[25.271s] -- Up-to-date: /home/nvidia/MotorcarV1.1_ws/install/zlac8015d_serial/include/include/Comm/crc_check.h
[25.271s] -- Up-to-date: /home/nvidia/MotorcarV1.1_ws/install/zlac8015d_serial/lib/zlac8015d_serial/example
[25.272s] -- Up-to-date: /home/nvidia/MotorcarV1.1_ws/install/zlac8015d_serial/lib/zlac8015d_serial/SimpleControl
[25.272s] -- Installing: /home/nvidia/MotorcarV1.1_ws/install/zlac8015d_serial/lib/zlac8015d_serial/Motorctl
[25.286s] -- Set runtime path of "/home/nvidia/MotorcarV1.1_ws/install/zlac8015d_serial/lib/zlac8015d_serial/Motorctl" to ""
[25.286s] -- Up-to-date: /home/nvidia/MotorcarV1.1_ws/install/zlac8015d_serial/lib/zlac8015d_serial/Motorrcv
[25.287s] -- Up-to-date: /home/nvidia/MotorcarV1.1_ws/install/zlac8015d_serial/share/zlac8015d_serial/launch
[25.287s] -- Up-to-date: /home/nvidia/MotorcarV1.1_ws/install/zlac8015d_serial/share/zlac8015d_serial/launch/serial_test.launch.py
[25.288s] -- Up-to-date: /home/nvidia/MotorcarV1.1_ws/install/zlac8015d_serial/share/zlac8015d_serial/launch/joyCH_motor.launch.py
[25.288s] -- Up-to-date: /home/nvidia/MotorcarV1.1_ws/install/zlac8015d_serial/lib/libzlac8015d.a
[25.288s] -- Up-to-date: /home/nvidia/MotorcarV1.1_ws/install/zlac8015d_serial/share/ament_index/resource_index/package_run_dependencies/zlac8015d_serial
[25.289s] -- Up-to-date: /home/nvidia/MotorcarV1.1_ws/install/zlac8015d_serial/share/ament_index/resource_index/parent_prefix_path/zlac8015d_serial
[25.289s] -- Up-to-date: /home/nvidia/MotorcarV1.1_ws/install/zlac8015d_serial/share/zlac8015d_serial/environment/ament_prefix_path.sh
[25.289s] -- Up-to-date: /home/nvidia/MotorcarV1.1_ws/install/zlac8015d_serial/share/zlac8015d_serial/environment/ament_prefix_path.dsv
[25.289s] -- Up-to-date: /home/nvidia/MotorcarV1.1_ws/install/zlac8015d_serial/share/zlac8015d_serial/environment/path.sh
[25.289s] -- Up-to-date: /home/nvidia/MotorcarV1.1_ws/install/zlac8015d_serial/share/zlac8015d_serial/environment/path.dsv
[25.290s] -- Up-to-date: /home/nvidia/MotorcarV1.1_ws/install/zlac8015d_serial/share/zlac8015d_serial/local_setup.bash
[25.290s] -- Up-to-date: /home/nvidia/MotorcarV1.1_ws/install/zlac8015d_serial/share/zlac8015d_serial/local_setup.sh
[25.290s] -- Up-to-date: /home/nvidia/MotorcarV1.1_ws/install/zlac8015d_serial/share/zlac8015d_serial/local_setup.zsh
[25.290s] -- Up-to-date: /home/nvidia/MotorcarV1.1_ws/install/zlac8015d_serial/share/zlac8015d_serial/local_setup.dsv
[25.290s] -- Installing: /home/nvidia/MotorcarV1.1_ws/install/zlac8015d_serial/share/zlac8015d_serial/package.dsv
[25.291s] -- Up-to-date: /home/nvidia/MotorcarV1.1_ws/install/zlac8015d_serial/share/ament_index/resource_index/packages/zlac8015d_serial
[25.292s] -- Up-to-date: /home/nvidia/MotorcarV1.1_ws/install/zlac8015d_serial/share/zlac8015d_serial/cmake/zlac8015dExport.cmake
[25.294s] -- Up-to-date: /home/nvidia/MotorcarV1.1_ws/install/zlac8015d_serial/share/zlac8015d_serial/cmake/zlac8015dExport-noconfig.cmake
[25.295s] -- Up-to-date: /home/nvidia/MotorcarV1.1_ws/install/zlac8015d_serial/share/zlac8015d_serial/cmake/ament_cmake_export_targets-extras.cmake
[25.295s] -- Up-to-date: /home/nvidia/MotorcarV1.1_ws/install/zlac8015d_serial/share/zlac8015d_serial/cmake/zlac8015d_serialConfig.cmake
[25.296s] -- Up-to-date: /home/nvidia/MotorcarV1.1_ws/install/zlac8015d_serial/share/zlac8015d_serial/cmake/zlac8015d_serialConfig-version.cmake
[25.296s] -- Up-to-date: /home/nvidia/MotorcarV1.1_ws/install/zlac8015d_serial/share/zlac8015d_serial/package.xml
[25.297s] Invoked command in '/home/nvidia/MotorcarV1.1_ws/build/zlac8015d_serial' returned '0': AMENT_PREFIX_PATH=/home/nvidia/MotorcarV1.1_ws/install/joy_control:/home/nvidia/MotorcarV1.1_ws/install/serial:/home/nvidia/MotorcarV1.1_ws/install/keyboard_joy:${AMENT_PREFIX_PATH} CMAKE_PREFIX_PATH=/home/nvidia/MotorcarV1.1_ws/install/joy_control:/home/nvidia/MotorcarV1.1_ws/install/serial:/home/nvidia/piek-src/install/motor_control:/home/nvidia/piek-src/install/willy_interfaces:/home/nvidia/piek-src/install/serial:/home/nvidia/piek-src/install/joy_control:/home/nvidia/piek-src/install/keyboard_joy:/opt/ros/humble LD_LIBRARY_PATH=/home/nvidia/MotorcarV1.1_ws/install/serial/lib:${LD_LIBRARY_PATH} PYTHONPATH=/home/nvidia/MotorcarV1.1_ws/install/keyboard_joy/lib/python3.10/site-packages:${PYTHONPATH} /usr/bin/cmake --install /home/nvidia/MotorcarV1.1_ws/build/zlac8015d_serial
