[35m[1mConsolidate compiler generated dependencies of target Motorctl[0m
[35m[1mConsolidate compiler generated dependencies of target SimpleControl[0m
[ 23%] Built target example
[ 38%] Built target zlac8015d
[ 53%] Built target Motorrcv
[ 61%] [32mBuilding CXX object CMakeFiles/SimpleControl.dir/src/SimpleControl.cpp.o[0m
[ 69%] [32mBuilding CXX object CMakeFiles/Motorctl.dir/src/Motorctl.cpp.o[0m
[01m[K/home/nvidia/MotorcarV1.1_ws/src/ROS2_ZLAC8015D_serial/src/SimpleControl.cpp:[m[K In member function ‘[01m[Kvoid JoyToZlac::joy_callback(sensor_msgs::msg::Joy_<std::allocator<void> >::SharedPtr)[m[K’:
[01m[K/home/nvidia/MotorcarV1.1_ws/src/ROS2_ZLAC8015D_serial/src/SimpleControl.cpp:78:20:[m[K [01;31m[Kerror: [m[Kno matching function for call to ‘[01m[KZLAC::get_rpm()[m[K’
   78 |     [01;31m[KmotorF_.get_rpm()[m[K;
      |     [01;31m[K~~~~~~~~~~~~~~~^~[m[K
In file included from [01m[K/home/nvidia/MotorcarV1.1_ws/src/ROS2_ZLAC8015D_serial/src/SimpleControl.cpp:5[m[K:
[01m[K/home/nvidia/MotorcarV1.1_ws/src/ROS2_ZLAC8015D_serial/include/zlac8015d.h:139:11:[m[K [01;36m[Knote: [m[Kcandidate: ‘[01m[Kfloat ZLAC::get_rpm(std::string)[m[K’
  139 |     float [01;36m[Kget_rpm[m[K(std::string side);
      |           [01;36m[K^~~~~~~[m[K
[01m[K/home/nvidia/MotorcarV1.1_ws/src/ROS2_ZLAC8015D_serial/include/zlac8015d.h:139:11:[m[K [01;36m[Knote: [m[K  candidate expects 1 argument, 0 provided
[01m[K/home/nvidia/MotorcarV1.1_ws/src/ROS2_ZLAC8015D_serial/src/SimpleControl.cpp:79:20:[m[K [01;31m[Kerror: [m[Kno matching function for call to ‘[01m[KZLAC::get_rpm()[m[K’
   79 |     [01;31m[KmotorR_.get_rpm()[m[K;
      |     [01;31m[K~~~~~~~~~~~~~~~^~[m[K
In file included from [01m[K/home/nvidia/MotorcarV1.1_ws/src/ROS2_ZLAC8015D_serial/src/SimpleControl.cpp:5[m[K:
[01m[K/home/nvidia/MotorcarV1.1_ws/src/ROS2_ZLAC8015D_serial/include/zlac8015d.h:139:11:[m[K [01;36m[Knote: [m[Kcandidate: ‘[01m[Kfloat ZLAC::get_rpm(std::string)[m[K’
  139 |     float [01;36m[Kget_rpm[m[K(std::string side);
      |           [01;36m[K^~~~~~~[m[K
[01m[K/home/nvidia/MotorcarV1.1_ws/src/ROS2_ZLAC8015D_serial/include/zlac8015d.h:139:11:[m[K [01;36m[Knote: [m[K  candidate expects 1 argument, 0 provided
gmake[2]: *** [CMakeFiles/SimpleControl.dir/build.make:76: CMakeFiles/SimpleControl.dir/src/SimpleControl.cpp.o] Error 1
gmake[1]: *** [CMakeFiles/Makefile2:171: CMakeFiles/SimpleControl.dir/all] Error 2
gmake[1]: *** Waiting for unfinished jobs....
[ 76%] [32m[1mLinking CXX executable Motorctl[0m
[ 84%] Built target Motorctl
gmake: *** [Makefile:146: all] Error 2
