[0.028s] Invoking command in '/home/nvidia/MotorcarV1.1_ws/build/zlac8015d_serial': AMENT_PREFIX_PATH=/home/nvidia/MotorcarV1.1_ws/install/joy_control:/home/nvidia/MotorcarV1.1_ws/install/serial:/home/nvidia/MotorcarV1.1_ws/install/keyboard_joy:${AMENT_PREFIX_PATH} CMAKE_PREFIX_PATH=/home/nvidia/MotorcarV1.1_ws/install/joy_control:/home/nvidia/MotorcarV1.1_ws/install/serial:/home/nvidia/piek-src/install/motor_control:/home/nvidia/piek-src/install/willy_interfaces:/home/nvidia/piek-src/install/serial:/home/nvidia/piek-src/install/joy_control:/home/nvidia/piek-src/install/keyboard_joy:/opt/ros/humble LD_LIBRARY_PATH=/home/nvidia/MotorcarV1.1_ws/install/serial/lib:${LD_LIBRARY_PATH} PYTHONPATH=/home/nvidia/MotorcarV1.1_ws/install/keyboard_joy/lib/python3.10/site-packages:${PYTHONPATH} /usr/bin/cmake --build /home/nvidia/MotorcarV1.1_ws/build/zlac8015d_serial -- -j12 -l12
[0.103s] [35m[1mConsolidate compiler generated dependencies of target Motorctl[0m
[0.104s] [35m[1mConsolidate compiler generated dependencies of target SimpleControl[0m
[0.121s] [ 23%] Built target example
[0.122s] [ 38%] Built target zlac8015d
[0.130s] [ 53%] Built target Motorrcv
[0.138s] [ 61%] [32mBuilding CXX object CMakeFiles/SimpleControl.dir/src/SimpleControl.cpp.o[0m
[0.138s] [ 69%] [32mBuilding CXX object CMakeFiles/Motorctl.dir/src/Motorctl.cpp.o[0m
[4.136s] [01m[K/home/nvidia/MotorcarV1.1_ws/src/ROS2_ZLAC8015D_serial/src/SimpleControl.cpp:[m[K In member function ‘[01m[Kvoid JoyToZlac::joy_callback(sensor_msgs::msg::Joy_<std::allocator<void> >::SharedPtr)[m[K’:
[4.136s] [01m[K/home/nvidia/MotorcarV1.1_ws/src/ROS2_ZLAC8015D_serial/src/SimpleControl.cpp:78:20:[m[K [01;31m[Kerror: [m[Kno matching function for call to ‘[01m[KZLAC::get_rpm()[m[K’
[4.136s]    78 |     [01;31m[KmotorF_.get_rpm()[m[K;
[4.137s]       |     [01;31m[K~~~~~~~~~~~~~~~^~[m[K
[4.137s] In file included from [01m[K/home/nvidia/MotorcarV1.1_ws/src/ROS2_ZLAC8015D_serial/src/SimpleControl.cpp:5[m[K:
[4.137s] [01m[K/home/nvidia/MotorcarV1.1_ws/src/ROS2_ZLAC8015D_serial/include/zlac8015d.h:139:11:[m[K [01;36m[Knote: [m[Kcandidate: ‘[01m[Kfloat ZLAC::get_rpm(std::string)[m[K’
[4.137s]   139 |     float [01;36m[Kget_rpm[m[K(std::string side);
[4.137s]       |           [01;36m[K^~~~~~~[m[K
[4.137s] [01m[K/home/nvidia/MotorcarV1.1_ws/src/ROS2_ZLAC8015D_serial/include/zlac8015d.h:139:11:[m[K [01;36m[Knote: [m[K  candidate expects 1 argument, 0 provided
[4.137s] [01m[K/home/nvidia/MotorcarV1.1_ws/src/ROS2_ZLAC8015D_serial/src/SimpleControl.cpp:79:20:[m[K [01;31m[Kerror: [m[Kno matching function for call to ‘[01m[KZLAC::get_rpm()[m[K’
[4.137s]    79 |     [01;31m[KmotorR_.get_rpm()[m[K;
[4.137s]       |     [01;31m[K~~~~~~~~~~~~~~~^~[m[K
[4.137s] In file included from [01m[K/home/nvidia/MotorcarV1.1_ws/src/ROS2_ZLAC8015D_serial/src/SimpleControl.cpp:5[m[K:
[4.137s] [01m[K/home/nvidia/MotorcarV1.1_ws/src/ROS2_ZLAC8015D_serial/include/zlac8015d.h:139:11:[m[K [01;36m[Knote: [m[Kcandidate: ‘[01m[Kfloat ZLAC::get_rpm(std::string)[m[K’
[4.137s]   139 |     float [01;36m[Kget_rpm[m[K(std::string side);
[4.138s]       |           [01;36m[K^~~~~~~[m[K
[4.138s] [01m[K/home/nvidia/MotorcarV1.1_ws/src/ROS2_ZLAC8015D_serial/include/zlac8015d.h:139:11:[m[K [01;36m[Knote: [m[K  candidate expects 1 argument, 0 provided
[8.541s] gmake[2]: *** [CMakeFiles/SimpleControl.dir/build.make:76: CMakeFiles/SimpleControl.dir/src/SimpleControl.cpp.o] Error 1
[8.541s] gmake[1]: *** [CMakeFiles/Makefile2:171: CMakeFiles/SimpleControl.dir/all] Error 2
[8.541s] gmake[1]: *** Waiting for unfinished jobs....
[23.975s] [ 76%] [32m[1mLinking CXX executable Motorctl[0m
[25.329s] [ 84%] Built target Motorctl
[25.332s] gmake: *** [Makefile:146: all] Error 2
[25.338s] Invoked command in '/home/nvidia/MotorcarV1.1_ws/build/zlac8015d_serial' returned '2': AMENT_PREFIX_PATH=/home/nvidia/MotorcarV1.1_ws/install/joy_control:/home/nvidia/MotorcarV1.1_ws/install/serial:/home/nvidia/MotorcarV1.1_ws/install/keyboard_joy:${AMENT_PREFIX_PATH} CMAKE_PREFIX_PATH=/home/nvidia/MotorcarV1.1_ws/install/joy_control:/home/nvidia/MotorcarV1.1_ws/install/serial:/home/nvidia/piek-src/install/motor_control:/home/nvidia/piek-src/install/willy_interfaces:/home/nvidia/piek-src/install/serial:/home/nvidia/piek-src/install/joy_control:/home/nvidia/piek-src/install/keyboard_joy:/opt/ros/humble LD_LIBRARY_PATH=/home/nvidia/MotorcarV1.1_ws/install/serial/lib:${LD_LIBRARY_PATH} PYTHONPATH=/home/nvidia/MotorcarV1.1_ws/install/keyboard_joy/lib/python3.10/site-packages:${PYTHONPATH} /usr/bin/cmake --build /home/nvidia/MotorcarV1.1_ws/build/zlac8015d_serial -- -j12 -l12
