[0.033s] Invoking command in '/home/nvidia/Motorcar-NEW_ws/build/zlac8015d_serial': AMENT_PREFIX_PATH=/home/nvidia/Motorcar-NEW_ws/install/joy_control:/home/nvidia/Motorcar-NEW_ws/install/serial:/home/nvidia/Motorcar-NEW_ws/install/keyboard_joy:${AMENT_PREFIX_PATH} CMAKE_PREFIX_PATH=/home/nvidia/Motorcar-NEW_ws/install/joy_control:/home/nvidia/Motorcar-NEW_ws/install/serial:/home/nvidia/piek-src/install/motor_control:/home/nvidia/piek-src/install/willy_interfaces:/home/nvidia/piek-src/install/serial:/home/nvidia/piek-src/install/joy_control:/home/nvidia/piek-src/install/keyboard_joy:/opt/ros/humble LD_LIBRARY_PATH=/home/nvidia/Motorcar-NEW_ws/install/serial/lib:${LD_LIBRARY_PATH} PYTHONPATH=/home/nvidia/Motorcar-NEW_ws/install/keyboard_joy/lib/python3.10/site-packages:${PYTHONPATH} /usr/bin/cmake --build /home/nvidia/Motorcar-NEW_ws/build/zlac8015d_serial -- -j12 -l12
[0.106s] [35m[1mConsolidate compiler generated dependencies of target Motorrcv[0m
[0.107s] [35m[1mConsolidate compiler generated dependencies of target Motorctl[0m
[0.126s] [ 21%] Built target example
[0.126s] [ 35%] Built target zlac8015d
[0.135s] [ 57%] Built target SimpleControl
[0.136s] [ 64%] [32mBuilding CXX object CMakeFiles/Motorrcv.dir/src/Motorrcv.cpp.o[0m
[0.137s] [ 71%] [32mBuilding CXX object CMakeFiles/Motorctl.dir/src/Motorctl.cpp.o[0m
[4.149s] [01m[K/home/nvidia/Motorcar-NEW_ws/src/ROS2_ZLAC8015D_serial/src/Motorrcv.cpp:48:36:[m[K [01;31m[Kerror: [m[K‘[01m[KJointState[m[K’ in namespace ‘[01m[Kstd_msgs::msg[m[K’ does not name a type
[4.150s]    48 |   void getrpm(const std_msgs::msg::[01;31m[KJointState[m[K::SharedPtr msg) {
[4.150s]       |                                    [01;31m[K^~~~~~~~~~[m[K
[4.150s] [01m[K/home/nvidia/Motorcar-NEW_ws/src/ROS2_ZLAC8015D_serial/src/Motorrcv.cpp:48:58:[m[K [01;31m[Kerror: [m[Kexpected unqualified-id before ‘[01m[Kmsg[m[K’
[4.150s]    48 |   void getrpm(const std_msgs::msg::JointState::SharedPtr [01;31m[Kmsg[m[K) {
[4.151s]       |                                                          [01;31m[K^~~[m[K
[4.151s] [01m[K/home/nvidia/Motorcar-NEW_ws/src/ROS2_ZLAC8015D_serial/src/Motorrcv.cpp:48:57:[m[K [01;31m[Kerror: [m[Kexpected ‘[01m[K)[m[K’ before ‘[01m[Kmsg[m[K’
[4.151s]    48 |   void getrpm[34m[K([m[Kconst std_msgs::msg::JointState::SharedPtr[01;31m[K [m[K[32m[Kmsg[m[K) {
[4.151s]       |              [34m[K~[m[K                                          [01;31m[K^[m[K[32m[K~~~[m[K
[4.152s]       |                                                         [32m[K)[m[K
[4.152s] [01m[K/home/nvidia/Motorcar-NEW_ws/src/ROS2_ZLAC8015D_serial/src/Motorrcv.cpp:48:48:[m[K [01;31m[Kerror: [m[Kexpected ‘[01m[K;[m[K’ at end of member declaration
[4.152s]    48 |   void getrpm(const std_msgs::msg::JointState::[01;31m[KSharedPtr[m[K msg) {
[4.152s]       |                                                [01;31m[K^~~~~~~~~[m[K
[4.152s]       |                                                         [32m[K;[m[K
[4.152s] [01m[K/home/nvidia/Motorcar-NEW_ws/src/ROS2_ZLAC8015D_serial/src/Motorrcv.cpp:48:58:[m[K [01;31m[Kerror: [m[K‘[01m[Kmsg[m[K’ does not name a type
[4.152s]    48 |   void getrpm(const std_msgs::msg::JointState::SharedPtr [01;31m[Kmsg[m[K) {
[4.153s]       |                                                          [01;31m[K^~~[m[K
[4.260s] [01m[K/home/nvidia/Motorcar-NEW_ws/src/ROS2_ZLAC8015D_serial/src/Motorrcv.cpp:[m[K In constructor ‘[01m[KMotorreceiv::Motorreceiv()[m[K’:
[4.260s] [01m[K/home/nvidia/Motorcar-NEW_ws/src/ROS2_ZLAC8015D_serial/src/Motorrcv.cpp:41:70:[m[K [01;31m[Kerror: [m[K‘[01m[KZLACReceiv[m[K’ is not a member of ‘[01m[KMotorreceiv[m[K’
[4.260s]    41 |     Receiv_ = this-> create_wall_timer(200ms,std::bind(&Motorreceiv::[01;31m[KZLACReceiv[m[K,this));
[4.261s]       |                                                                      [01;31m[K^~~~~~~~~~[m[K
[4.261s] [01m[K/home/nvidia/Motorcar-NEW_ws/src/ROS2_ZLAC8015D_serial/src/Motorrcv.cpp:[m[K In member function ‘[01m[Kvoid Motorreceiv::ZLACrecive()[m[K’:
[4.261s] [01m[K/home/nvidia/Motorcar-NEW_ws/src/ROS2_ZLAC8015D_serial/src/Motorrcv.cpp:60:12:[m[K [01;35m[Kwarning: [m[Kunused variable ‘[01m[Kto_rpm[m[K’ [[01;35m[K]8;;https://gcc.gnu.org/onlinedocs/gcc/Warning-Options.html#index-Wunused-variable-Wunused-variable]8;;[m[K]
[4.261s]    60 |     double [01;35m[Kto_rpm[m[K = motor_ctl::Kinematics::to_RPM;
[4.262s]       |            [01;35m[K^~~~~~[m[K
[4.411s] [01m[K/home/nvidia/Motorcar-NEW_ws/src/ROS2_ZLAC8015D_serial/src/Motorctl.cpp:[m[K In member function ‘[01m[Kvoid ModeToZlac::ZLACoutput()[m[K’:
[4.411s] [01m[K/home/nvidia/Motorcar-NEW_ws/src/ROS2_ZLAC8015D_serial/src/Motorctl.cpp:168:25:[m[K [01;31m[Kerror: [m[Kno matching function for call to ‘[01m[Krclcpp::Publisher<sensor_msgs::msg::JointState_<std::allocator<void> > >::publish(std_msgs::msg::Float32MultiArray&)[m[K’
[4.412s]   168 |     [01;31m[Ksetrpm_pub_->publish(rotat)[m[K;
[4.412s]       |     [01;31m[K~~~~~~~~~~~~~~~~~~~~^~~~~~~[m[K
[4.412s] In file included from [01m[K/opt/ros/humble/include/rclcpp/rclcpp/topic_statistics/subscription_topic_statistics.hpp:31[m[K,
[4.412s]                  from [01m[K/opt/ros/humble/include/rclcpp/rclcpp/subscription.hpp:50[m[K,
[4.413s]                  from [01m[K/opt/ros/humble/include/rclcpp/rclcpp/any_executable.hpp:25[m[K,
[4.413s]                  from [01m[K/opt/ros/humble/include/rclcpp/rclcpp/memory_strategy.hpp:25[m[K,
[4.413s]                  from [01m[K/opt/ros/humble/include/rclcpp/rclcpp/memory_strategies.hpp:18[m[K,
[4.413s]                  from [01m[K/opt/ros/humble/include/rclcpp/rclcpp/executor_options.hpp:20[m[K,
[4.414s]                  from [01m[K/opt/ros/humble/include/rclcpp/rclcpp/executor.hpp:37[m[K,
[4.414s]                  from [01m[K/opt/ros/humble/include/rclcpp/rclcpp/executors/multi_threaded_executor.hpp:25[m[K,
[4.414s]                  from [01m[K/opt/ros/humble/include/rclcpp/rclcpp/executors.hpp:21[m[K,
[4.414s]                  from [01m[K/opt/ros/humble/include/rclcpp/rclcpp/rclcpp.hpp:155[m[K,
[4.414s]                  from [01m[K/home/nvidia/Motorcar-NEW_ws/src/ROS2_ZLAC8015D_serial/src/Motorctl.cpp:6[m[K:
[4.415s] [01m[K/opt/ros/humble/include/rclcpp/rclcpp/publisher.hpp:254:3:[m[K [01;36m[Knote: [m[Kcandidate: ‘[01m[Ktemplate<class T> std::enable_if_t<(rosidl_generator_traits::is_message<T>::value && std::is_same<T, typename rclcpp::TypeAdapter<MessageT>::ros_message_type>::value)> rclcpp::Publisher<MessageT, AllocatorT>::publish(std::unique_ptr<T, typename std::conditional<std::is_same<typename std::allocator_traits<typename std::allocator_traits<_Allocator>::rebind_traits<typename rclcpp::TypeAdapter<MessageT, void, void>::ros_message_type>::allocator_type>::rebind_alloc<typename rclcpp::TypeAdapter<MessageT, void, void>::ros_message_type>, std::allocator<typename rclcpp::TypeAdapter<MessageT>::ros_message_type> >::value, std::default_delete<typename rclcpp::TypeAdapter<MessageT>::ros_message_type>, rclcpp::allocator::AllocatorDeleter<typename std::allocator_traits<_Allocator>::rebind_traits<typename rclcpp::TypeAdapter<MessageT, void, void>::ros_message_type>::allocator_type> >::type>) [with T = T; MessageT = sensor_msgs::msg::JointState_<std::allocator<void> >; AllocatorT = std::allocator<void>][m[K’
[4.415s]   254 |   [01;36m[Kpublish[m[K(std::unique_ptr<T, ROSMessageTypeDeleter> msg)
[4.415s]       |   [01;36m[K^~~~~~~[m[K
[4.415s] [01m[K/opt/ros/humble/include/rclcpp/rclcpp/publisher.hpp:254:3:[m[K [01;36m[Knote: [m[K  template argument deduction/substitution failed:
[4.415s] [01m[K/home/nvidia/Motorcar-NEW_ws/src/ROS2_ZLAC8015D_serial/src/Motorctl.cpp:168:25:[m[K [01;36m[Knote: [m[K  ‘[01m[Kstd_msgs::msg::Float32MultiArray_<std::allocator<void> >[m[K’ is not derived from ‘[01m[Kstd::unique_ptr<T, std::default_delete<sensor_msgs::msg::JointState_<std::allocator<void> > > >[m[K’
[4.416s]   168 |     [01;36m[Ksetrpm_pub_->publish(rotat)[m[K;
[4.416s]       |     [01;36m[K~~~~~~~~~~~~~~~~~~~~^~~~~~~[m[K
[4.416s] In file included from [01m[K/opt/ros/humble/include/rclcpp/rclcpp/topic_statistics/subscription_topic_statistics.hpp:31[m[K,
[4.416s]                  from [01m[K/opt/ros/humble/include/rclcpp/rclcpp/subscription.hpp:50[m[K,
[4.417s]                  from [01m[K/opt/ros/humble/include/rclcpp/rclcpp/any_executable.hpp:25[m[K,
[4.417s]                  from [01m[K/opt/ros/humble/include/rclcpp/rclcpp/memory_strategy.hpp:25[m[K,
[4.417s]                  from [01m[K/opt/ros/humble/include/rclcpp/rclcpp/memory_strategies.hpp:18[m[K,
[4.418s]                  from [01m[K/opt/ros/humble/include/rclcpp/rclcpp/executor_options.hpp:20[m[K,
[4.418s]                  from [01m[K/opt/ros/humble/include/rclcpp/rclcpp/executor.hpp:37[m[K,
[4.418s]                  from [01m[K/opt/ros/humble/include/rclcpp/rclcpp/executors/multi_threaded_executor.hpp:25[m[K,
[4.418s]                  from [01m[K/opt/ros/humble/include/rclcpp/rclcpp/executors.hpp:21[m[K,
[4.418s]                  from [01m[K/opt/ros/humble/include/rclcpp/rclcpp/rclcpp.hpp:155[m[K,
[4.419s]                  from [01m[K/home/nvidia/Motorcar-NEW_ws/src/ROS2_ZLAC8015D_serial/src/Motorctl.cpp:6[m[K:
[4.419s] [01m[K/opt/ros/humble/include/rclcpp/rclcpp/publisher.hpp:295:3:[m[K [01;36m[Knote: [m[Kcandidate: ‘[01m[Ktemplate<class T> std::enable_if_t<(rosidl_generator_traits::is_message<T>::value && std::is_same<T, typename rclcpp::TypeAdapter<MessageT>::ros_message_type>::value)> rclcpp::Publisher<MessageT, AllocatorT>::publish(const T&) [with T = T; MessageT = sensor_msgs::msg::JointState_<std::allocator<void> >; AllocatorT = std::allocator<void>][m[K’
[4.419s]   295 |   [01;36m[Kpublish[m[K(const T & msg)
[4.419s]       |   [01;36m[K^~~~~~~[m[K
[4.419s] [01m[K/opt/ros/humble/include/rclcpp/rclcpp/publisher.hpp:295:3:[m[K [01;36m[Knote: [m[K  template argument deduction/substitution failed:
[4.420s] In file included from [01m[K/usr/include/c++/11/bits/move.h:57[m[K,
[4.420s]                  from [01m[K/usr/include/c++/11/bits/stl_pair.h:59[m[K,
[4.420s]                  from [01m[K/usr/include/c++/11/bits/stl_algobase.h:64[m[K,
[4.420s]                  from [01m[K/usr/include/c++/11/memory:63[m[K,
[4.420s]                  from [01m[K/home/nvidia/Motorcar-NEW_ws/src/ROS2_ZLAC8015D_serial/src/Motorctl.cpp:1[m[K:
[4.421s] /usr/include/c++/11/type_traits: In substitution of ‘[01m[Ktemplate<bool _Cond, class _Tp> using enable_if_t = typename std::enable_if::type [with bool _Cond = false; _Tp = void][m[K’:
[4.421s] [01m[K/opt/ros/humble/include/rclcpp/rclcpp/publisher.hpp:295:3:[m[K   required by substitution of ‘[01m[Ktemplate<class T> std::enable_if_t<(rosidl_generator_traits::is_message<T>::value && std::is_same<T, sensor_msgs::msg::JointState_<std::allocator<void> > >::value), void> rclcpp::Publisher<sensor_msgs::msg::JointState_<std::allocator<void> > >::publish<T>(const T&) [with T = std_msgs::msg::Float32MultiArray_<std::allocator<void> >][m[K’
[4.421s] [01m[K/home/nvidia/Motorcar-NEW_ws/src/ROS2_ZLAC8015D_serial/src/Motorctl.cpp:168:25:[m[K   required from here
[4.421s] [01m[K/usr/include/c++/11/type_traits:2579:11:[m[K [01;31m[Kerror: [m[Kno type named ‘[01m[Ktype[m[K’ in ‘[01m[Kstruct std::enable_if<false, void>[m[K’
[4.421s]  2579 |     using [01;31m[Kenable_if_t[m[K = typename enable_if<_Cond, _Tp>::type;
[4.422s]       |           [01;31m[K^~~~~~~~~~~[m[K
[4.422s] In file included from [01m[K/opt/ros/humble/include/rclcpp/rclcpp/topic_statistics/subscription_topic_statistics.hpp:31[m[K,
[4.422s]                  from [01m[K/opt/ros/humble/include/rclcpp/rclcpp/subscription.hpp:50[m[K,
[4.422s]                  from [01m[K/opt/ros/humble/include/rclcpp/rclcpp/any_executable.hpp:25[m[K,
[4.422s]                  from [01m[K/opt/ros/humble/include/rclcpp/rclcpp/memory_strategy.hpp:25[m[K,
[4.423s]                  from [01m[K/opt/ros/humble/include/rclcpp/rclcpp/memory_strategies.hpp:18[m[K,
[4.423s]                  from [01m[K/opt/ros/humble/include/rclcpp/rclcpp/executor_options.hpp:20[m[K,
[4.423s]                  from [01m[K/opt/ros/humble/include/rclcpp/rclcpp/executor.hpp:37[m[K,
[4.423s]                  from [01m[K/opt/ros/humble/include/rclcpp/rclcpp/executors/multi_threaded_executor.hpp:25[m[K,
[4.423s]                  from [01m[K/opt/ros/humble/include/rclcpp/rclcpp/executors.hpp:21[m[K,
[4.424s]                  from [01m[K/opt/ros/humble/include/rclcpp/rclcpp/rclcpp.hpp:155[m[K,
[4.424s]                  from [01m[K/home/nvidia/Motorcar-NEW_ws/src/ROS2_ZLAC8015D_serial/src/Motorctl.cpp:6[m[K:
[4.424s] [01m[K/opt/ros/humble/include/rclcpp/rclcpp/publisher.hpp:325:3:[m[K [01;36m[Knote: [m[Kcandidate: ‘[01m[Ktemplate<class T> std::enable_if_t<(typename rclcpp::TypeAdapter<MessageT>::is_specialized::value && std::is_same<T, typename rclcpp::TypeAdapter<MessageT>::custom_type>::value)> rclcpp::Publisher<MessageT, AllocatorT>::publish(std::unique_ptr<T, typename std::conditional<std::is_same<typename std::allocator_traits<typename std::allocator_traits<_Allocator>::rebind_traits<typename rclcpp::TypeAdapter<MessageT, void, void>::custom_type>::allocator_type>::rebind_alloc<typename rclcpp::TypeAdapter<MessageT, void, void>::custom_type>, std::allocator<typename rclcpp::TypeAdapter<MessageT>::custom_type> >::value, std::default_delete<typename rclcpp::TypeAdapter<MessageT>::custom_type>, rclcpp::allocator::AllocatorDeleter<typename std::allocator_traits<_Allocator>::rebind_traits<typename rclcpp::TypeAdapter<MessageT, void, void>::custom_type>::allocator_type> >::type>) [with T = T; MessageT = sensor_msgs::msg::JointState_<std::allocator<void> >; AllocatorT = std::allocator<void>][m[K’
[4.424s]   325 |   [01;36m[Kpublish[m[K(std::unique_ptr<T, PublishedTypeDeleter> msg)
[4.424s]       |   [01;36m[K^~~~~~~[m[K
[4.425s] [01m[K/opt/ros/humble/include/rclcpp/rclcpp/publisher.hpp:325:3:[m[K [01;36m[Knote: [m[K  template argument deduction/substitution failed:
[4.425s] [01m[K/home/nvidia/Motorcar-NEW_ws/src/ROS2_ZLAC8015D_serial/src/Motorctl.cpp:168:25:[m[K [01;36m[Knote: [m[K  ‘[01m[Kstd_msgs::msg::Float32MultiArray_<std::allocator<void> >[m[K’ is not derived from ‘[01m[Kstd::unique_ptr<T, std::default_delete<sensor_msgs::msg::JointState_<std::allocator<void> > > >[m[K’
[4.425s]   168 |     [01;36m[Ksetrpm_pub_->publish(rotat)[m[K;
[4.425s]       |     [01;36m[K~~~~~~~~~~~~~~~~~~~~^~~~~~~[m[K
[4.426s] In file included from [01m[K/opt/ros/humble/include/rclcpp/rclcpp/topic_statistics/subscription_topic_statistics.hpp:31[m[K,
[4.426s]                  from [01m[K/opt/ros/humble/include/rclcpp/rclcpp/subscription.hpp:50[m[K,
[4.426s]                  from [01m[K/opt/ros/humble/include/rclcpp/rclcpp/any_executable.hpp:25[m[K,
[4.426s]                  from [01m[K/opt/ros/humble/include/rclcpp/rclcpp/memory_strategy.hpp:25[m[K,
[4.426s]                  from [01m[K/opt/ros/humble/include/rclcpp/rclcpp/memory_strategies.hpp:18[m[K,
[4.427s]                  from [01m[K/opt/ros/humble/include/rclcpp/rclcpp/executor_options.hpp:20[m[K,
[4.427s]                  from [01m[K/opt/ros/humble/include/rclcpp/rclcpp/executor.hpp:37[m[K,
[4.427s]                  from [01m[K/opt/ros/humble/include/rclcpp/rclcpp/executors/multi_threaded_executor.hpp:25[m[K,
[4.427s]                  from [01m[K/opt/ros/humble/include/rclcpp/rclcpp/executors.hpp:21[m[K,
[4.427s]                  from [01m[K/opt/ros/humble/include/rclcpp/rclcpp/rclcpp.hpp:155[m[K,
[4.428s]                  from [01m[K/home/nvidia/Motorcar-NEW_ws/src/ROS2_ZLAC8015D_serial/src/Motorctl.cpp:6[m[K:
[4.428s] [01m[K/opt/ros/humble/include/rclcpp/rclcpp/publisher.hpp:367:3:[m[K [01;36m[Knote: [m[Kcandidate: ‘[01m[Ktemplate<class T> std::enable_if_t<(typename rclcpp::TypeAdapter<MessageT>::is_specialized::value && std::is_same<T, typename rclcpp::TypeAdapter<MessageT>::custom_type>::value)> rclcpp::Publisher<MessageT, AllocatorT>::publish(const T&) [with T = T; MessageT = sensor_msgs::msg::JointState_<std::allocator<void> >; AllocatorT = std::allocator<void>][m[K’
[4.428s]   367 |   [01;36m[Kpublish[m[K(const T & msg)
[4.428s]       |   [01;36m[K^~~~~~~[m[K
[4.428s] [01m[K/opt/ros/humble/include/rclcpp/rclcpp/publisher.hpp:367:3:[m[K [01;36m[Knote: [m[K  template argument deduction/substitution failed:
[4.429s] [01m[K/opt/ros/humble/include/rclcpp/rclcpp/publisher.hpp:386:3:[m[K [01;36m[Knote: [m[Kcandidate: ‘[01m[Kvoid rclcpp::Publisher<MessageT, AllocatorT>::publish(const rcl_serialized_message_t&) [with MessageT = sensor_msgs::msg::JointState_<std::allocator<void> >; AllocatorT = std::allocator<void>; rcl_serialized_message_t = rcutils_uint8_array_s][m[K’
[4.429s]   386 |   [01;36m[Kpublish[m[K(const rcl_serialized_message_t & serialized_msg)
[4.429s]       |   [01;36m[K^~~~~~~[m[K
[4.429s] [01m[K/opt/ros/humble/include/rclcpp/rclcpp/publisher.hpp:386:44:[m[K [01;36m[Knote: [m[K  no known conversion for argument 1 from ‘[01m[Kstd_msgs::msg::Float32MultiArray[m[K’ {aka ‘[01m[Kstd_msgs::msg::Float32MultiArray_<std::allocator<void> >[m[K’} to ‘[01m[Kconst rcl_serialized_message_t&[m[K’ {aka ‘[01m[Kconst rcutils_uint8_array_s&[m[K’}
[4.429s]   386 |   publish([01;36m[Kconst rcl_serialized_message_t & serialized_msg[m[K)
[4.430s]       |           [01;36m[K~~~~~~~~~~~~~~~~~~~~~~~~~~~~~~~~~^~~~~~~~~~~~~~[m[K
[4.430s] [01m[K/opt/ros/humble/include/rclcpp/rclcpp/publisher.hpp:392:3:[m[K [01;36m[Knote: [m[Kcandidate: ‘[01m[Kvoid rclcpp::Publisher<MessageT, AllocatorT>::publish(const rclcpp::SerializedMessage&) [with MessageT = sensor_msgs::msg::JointState_<std::allocator<void> >; AllocatorT = std::allocator<void>][m[K’
[4.430s]   392 |   [01;36m[Kpublish[m[K(const SerializedMessage & serialized_msg)
[4.430s]       |   [01;36m[K^~~~~~~[m[K
[4.430s] [01m[K/opt/ros/humble/include/rclcpp/rclcpp/publisher.hpp:392:37:[m[K [01;36m[Knote: [m[K  no known conversion for argument 1 from ‘[01m[Kstd_msgs::msg::Float32MultiArray[m[K’ {aka ‘[01m[Kstd_msgs::msg::Float32MultiArray_<std::allocator<void> >[m[K’} to ‘[01m[Kconst rclcpp::SerializedMessage&[m[K’
[4.431s]   392 |   publish([01;36m[Kconst SerializedMessage & serialized_msg[m[K)
[4.431s]       |           [01;36m[K~~~~~~~~~~~~~~~~~~~~~~~~~~^~~~~~~~~~~~~~[m[K
[4.431s] [01m[K/opt/ros/humble/include/rclcpp/rclcpp/publisher.hpp:406:3:[m[K [01;36m[Knote: [m[Kcandidate: ‘[01m[Kvoid rclcpp::Publisher<MessageT, AllocatorT>::publish(rclcpp::LoanedMessage<typename rclcpp::TypeAdapter<MessageT>::ros_message_type, AllocatorT>&&) [with MessageT = sensor_msgs::msg::JointState_<std::allocator<void> >; AllocatorT = std::allocator<void>; typename rclcpp::TypeAdapter<MessageT>::ros_message_type = sensor_msgs::msg::JointState_<std::allocator<void> >][m[K’
[4.431s]   406 |   [01;36m[Kpublish[m[K(rclcpp::LoanedMessage<ROSMessageType, AllocatorT> && loaned_msg)
[4.431s]       |   [01;36m[K^~~~~~~[m[K
[4.432s] [01m[K/opt/ros/humble/include/rclcpp/rclcpp/publisher.hpp:406:64:[m[K [01;36m[Knote: [m[K  no known conversion for argument 1 from ‘[01m[Kstd_msgs::msg::Float32MultiArray[m[K’ {aka ‘[01m[Kstd_msgs::msg::Float32MultiArray_<std::allocator<void> >[m[K’} to ‘[01m[Krclcpp::LoanedMessage<sensor_msgs::msg::JointState_<std::allocator<void> >, std::allocator<void> >&&[m[K’
[4.432s]   406 |   publish([01;36m[Krclcpp::LoanedMessage<ROSMessageType, AllocatorT> && loaned_msg[m[K)
[4.432s]       |           [01;36m[K~~~~~~~~~~~~~~~~~~~~~~~~~~~~~~~~~~~~~~~~~~~~~~~~~~~~~^~~~~~~~~~[m[K
[5.068s] In file included from [01m[K/opt/ros/humble/include/rclcpp/rclcpp/client.hpp:39[m[K,
[5.068s]                  from [01m[K/opt/ros/humble/include/rclcpp/rclcpp/callback_group.hpp:24[m[K,
[5.069s]                  from [01m[K/opt/ros/humble/include/rclcpp/rclcpp/any_executable.hpp:20[m[K,
[5.069s]                  from [01m[K/opt/ros/humble/include/rclcpp/rclcpp/memory_strategy.hpp:25[m[K,
[5.069s]                  from [01m[K/opt/ros/humble/include/rclcpp/rclcpp/memory_strategies.hpp:18[m[K,
[5.069s]                  from [01m[K/opt/ros/humble/include/rclcpp/rclcpp/executor_options.hpp:20[m[K,
[5.070s]                  from [01m[K/opt/ros/humble/include/rclcpp/rclcpp/executor.hpp:37[m[K,
[5.070s]                  from [01m[K/opt/ros/humble/include/rclcpp/rclcpp/executors/multi_threaded_executor.hpp:25[m[K,
[5.070s]                  from [01m[K/opt/ros/humble/include/rclcpp/rclcpp/executors.hpp:21[m[K,
[5.070s]                  from [01m[K/opt/ros/humble/include/rclcpp/rclcpp/rclcpp.hpp:155[m[K,
[5.070s]                  from [01m[K/home/nvidia/Motorcar-NEW_ws/src/ROS2_ZLAC8015D_serial/src/Motorrcv.cpp:6[m[K:
[5.071s] /opt/ros/humble/include/rclcpp/rclcpp/function_traits.hpp: In instantiation of ‘[01m[Kstruct rclcpp::function_traits::function_traits<std::_Bind<void (Motorreceiv::*(Motorreceiv*, std::_Placeholder<1>))(...)> >[m[K’:
[5.071s] [01m[K/opt/ros/humble/include/rclcpp/rclcpp/any_subscription_callback.hpp:380:10:[m[K   recursively required by substitution of ‘[01m[Ktemplate<class MessageT, class CallbackT> struct rclcpp::detail::SubscriptionCallbackTypeHelper<MessageT, CallbackT, typename std::enable_if<rclcpp::function_traits::same_arguments<CallbackT, std::function<void(std::shared_ptr<_Tp>, const rclcpp::MessageInfo&)> >::value, void>::type> [with MessageT = sensor_msgs::msg::JointState_<std::allocator<void> >; CallbackT = std::_Bind<void (Motorreceiv::*(Motorreceiv*, std::_Placeholder<1>))(...)>][m[K’
[5.071s] [01m[K/opt/ros/humble/include/rclcpp/rclcpp/any_subscription_callback.hpp:380:10:[m[K   required from ‘[01m[Krclcpp::AnySubscriptionCallback<MessageT, AllocatorT> rclcpp::AnySubscriptionCallback<MessageT, AllocatorT>::set(CallbackT) [with CallbackT = std::_Bind<void (Motorreceiv::*(Motorreceiv*, std::_Placeholder<1>))(...)>; MessageT = sensor_msgs::msg::JointState_<std::allocator<void> >; AllocatorT = std::allocator<void>][m[K’
[5.071s] [01m[K/opt/ros/humble/include/rclcpp/rclcpp/subscription_factory.hpp:94:32:[m[K   required from ‘[01m[Krclcpp::SubscriptionFactory rclcpp::create_subscription_factory(CallbackT&&, const rclcpp::SubscriptionOptionsWithAllocator<AllocatorT>&, typename MessageMemoryStrategyT::SharedPtr, std::shared_ptr<rclcpp::topic_statistics::SubscriptionTopicStatistics<ROSMessageType> >) [with MessageT = sensor_msgs::msg::JointState_<std::allocator<void> >; CallbackT = std::_Bind<void (Motorreceiv::*(Motorreceiv*, std::_Placeholder<1>))(...)>; AllocatorT = std::allocator<void>; SubscriptionT = rclcpp::Subscription<sensor_msgs::msg::JointState_<std::allocator<void> > >; MessageMemoryStrategyT = rclcpp::message_memory_strategy::MessageMemoryStrategy<sensor_msgs::msg::JointState_<std::allocator<void> >, std::allocator<void> >; ROSMessageType = sensor_msgs::msg::JointState_<std::allocator<void> >; typename MessageMemoryStrategyT::SharedPtr = std::shared_ptr<rclcpp::message_memory_strategy::MessageMemoryStrategy<sensor_msgs::msg::JointState_<std::allocator<void> >, std::allocator<void> > >][m[K’
[5.071s] [01m[K/opt/ros/humble/include/rclcpp/rclcpp/create_subscription.hpp:122:63:[m[K   required from ‘[01m[Kstd::shared_ptr<ROSMessageT> rclcpp::detail::create_subscription(NodeParametersT&, NodeTopicsT&, const string&, const rclcpp::QoS&, CallbackT&&, const rclcpp::SubscriptionOptionsWithAllocator<AllocatorT>&, typename MessageMemoryStrategyT::SharedPtr) [with MessageT = sensor_msgs::msg::JointState_<std::allocator<void> >; CallbackT = std::_Bind<void (Motorreceiv::*(Motorreceiv*, std::_Placeholder<1>))(...)>; AllocatorT = std::allocator<void>; SubscriptionT = rclcpp::Subscription<sensor_msgs::msg::JointState_<std::allocator<void> > >; MessageMemoryStrategyT = rclcpp::message_memory_strategy::MessageMemoryStrategy<sensor_msgs::msg::JointState_<std::allocator<void> >, std::allocator<void> >; NodeParametersT = rclcpp::Node; NodeTopicsT = rclcpp::Node; ROSMessageType = sensor_msgs::msg::JointState_<std::allocator<void> >; std::string = std::__cxx11::basic_string<char>; typename MessageMemoryStrategyT::SharedPtr = std::shared_ptr<rclcpp::message_memory_strategy::MessageMemoryStrategy<sensor_msgs::msg::JointState_<std::allocator<void> >, std::allocator<void> > >][m[K’
[5.071s] [01m[K/opt/ros/humble/include/rclcpp/rclcpp/create_subscription.hpp:191:76:[m[K   required from ‘[01m[Kstd::shared_ptr<ROSMessageT> rclcpp::create_subscription(NodeT&, const string&, const rclcpp::QoS&, CallbackT&&, const rclcpp::SubscriptionOptionsWithAllocator<AllocatorT>&, typename MessageMemoryStrategyT::SharedPtr) [with MessageT = sensor_msgs::msg::JointState_<std::allocator<void> >; CallbackT = std::_Bind<void (Motorreceiv::*(Motorreceiv*, std::_Placeholder<1>))(...)>; AllocatorT = std::allocator<void>; SubscriptionT = rclcpp::Subscription<sensor_msgs::msg::JointState_<std::allocator<void> > >; MessageMemoryStrategyT = rclcpp::message_memory_strategy::MessageMemoryStrategy<sensor_msgs::msg::JointState_<std::allocator<void> >, std::allocator<void> >; NodeT = rclcpp::Node; std::string = std::__cxx11::basic_string<char>; typename MessageMemoryStrategyT::SharedPtr = std::shared_ptr<rclcpp::message_memory_strategy::MessageMemoryStrategy<sensor_msgs::msg::JointState_<std::allocator<void> >, std::allocator<void> > >][m[K’
[5.072s] [01m[K/opt/ros/humble/include/rclcpp/rclcpp/node_impl.hpp:99:47:[m[K   required from ‘[01m[Kstd::shared_ptr<ROSMessageT> rclcpp::Node::create_subscription(const string&, const rclcpp::QoS&, CallbackT&&, const rclcpp::SubscriptionOptionsWithAllocator<AllocatorT>&, typename MessageMemoryStrategyT::SharedPtr) [with MessageT = sensor_msgs::msg::JointState_<std::allocator<void> >; CallbackT = std::_Bind<void (Motorreceiv::*(Motorreceiv*, std::_Placeholder<1>))(...)>; AllocatorT = std::allocator<void>; SubscriptionT = rclcpp::Subscription<sensor_msgs::msg::JointState_<std::allocator<void> > >; MessageMemoryStrategyT = rclcpp::message_memory_strategy::MessageMemoryStrategy<sensor_msgs::msg::JointState_<std::allocator<void> >, std::allocator<void> >; std::string = std::__cxx11::basic_string<char>; typename MessageMemoryStrategyT::SharedPtr = std::shared_ptr<rclcpp::message_memory_strategy::MessageMemoryStrategy<sensor_msgs::msg::JointState_<std::allocator<void> >, std::allocator<void> > >][m[K’
[5.072s] [01m[K/home/nvidia/Motorcar-NEW_ws/src/ROS2_ZLAC8015D_serial/src/Motorrcv.cpp:37:78:[m[K   required from here
[5.072s] [01m[K/opt/ros/humble/include/rclcpp/rclcpp/function_traits.hpp:51:9:[m[K [01;31m[Kerror: [m[K‘[01m[Kdecltype[m[K’ cannot resolve address of overloaded function
[5.072s]    51 |   using [01;31m[Karguments[m[K = typename tuple_tail<
[5.072s]       |         [01;31m[K^~~~~~~~~[m[K
[5.072s] [01m[K/opt/ros/humble/include/rclcpp/rclcpp/function_traits.hpp:57:9:[m[K [01;31m[Kerror: [m[K‘[01m[Kdecltype[m[K’ cannot resolve address of overloaded function
[5.072s]    57 |   using [01;31m[Kargument_type[m[K = typename std::tuple_element<N, arguments>::type;
[5.072s]       |         [01;31m[K^~~~~~~~~~~~~[m[K
[5.072s] [01m[K/opt/ros/humble/include/rclcpp/rclcpp/function_traits.hpp:59:9:[m[K [01;31m[Kerror: [m[K‘[01m[Kdecltype[m[K’ cannot resolve address of overloaded function
[5.072s]    59 |   using [01;31m[Kreturn_type[m[K = typename function_traits<decltype( &FunctionT::operator())>::return_type;
[5.072s]       |         [01;31m[K^~~~~~~~~~~[m[K
[9.007s] gmake[2]: *** [CMakeFiles/Motorrcv.dir/build.make:76: CMakeFiles/Motorrcv.dir/src/Motorrcv.cpp.o] Error 1
[9.007s] gmake[1]: *** [CMakeFiles/Makefile2:223: CMakeFiles/Motorrcv.dir/all] Error 2
[9.007s] gmake[1]: *** Waiting for unfinished jobs....
[11.735s] gmake[2]: *** [CMakeFiles/Motorctl.dir/build.make:76: CMakeFiles/Motorctl.dir/src/Motorctl.cpp.o] Error 1
[11.736s] gmake[1]: *** [CMakeFiles/Makefile2:197: CMakeFiles/Motorctl.dir/all] Error 2
[11.737s] gmake: *** [Makefile:146: all] Error 2
[11.742s] Invoked command in '/home/nvidia/Motorcar-NEW_ws/build/zlac8015d_serial' returned '2': AMENT_PREFIX_PATH=/home/nvidia/Motorcar-NEW_ws/install/joy_control:/home/nvidia/Motorcar-NEW_ws/install/serial:/home/nvidia/Motorcar-NEW_ws/install/keyboard_joy:${AMENT_PREFIX_PATH} CMAKE_PREFIX_PATH=/home/nvidia/Motorcar-NEW_ws/install/joy_control:/home/nvidia/Motorcar-NEW_ws/install/serial:/home/nvidia/piek-src/install/motor_control:/home/nvidia/piek-src/install/willy_interfaces:/home/nvidia/piek-src/install/serial:/home/nvidia/piek-src/install/joy_control:/home/nvidia/piek-src/install/keyboard_joy:/opt/ros/humble LD_LIBRARY_PATH=/home/nvidia/Motorcar-NEW_ws/install/serial/lib:${LD_LIBRARY_PATH} PYTHONPATH=/home/nvidia/Motorcar-NEW_ws/install/keyboard_joy/lib/python3.10/site-packages:${PYTHONPATH} /usr/bin/cmake --build /home/nvidia/Motorcar-NEW_ws/build/zlac8015d_serial -- -j12 -l12
