[0.983s] Invoking command in '/home/nvidia/Motorcar-NEW_ws/src/keyboard_joy': PYTHONPATH=/home/nvidia/Motorcar-NEW_ws/build/keyboard_joy/prefix_override:/usr/lib/python3/dist-packages/colcon_core/task/python/colcon_distutils_commands:/home/nvidia/Motorcar-NEW_ws/install/keyboard_joy/lib/python3.10/site-packages:${PYTHONPATH} /usr/bin/python3 -W ignore:setup.py install is deprecated -W ignore:easy_install command is deprecated setup.py egg_info --egg-base ../../build/keyboard_joy build --build-base /home/nvidia/Motorcar-NEW_ws/build/keyboard_joy/build install --record /home/nvidia/Motorcar-NEW_ws/build/keyboard_joy/install.log --single-version-externally-managed install_data
[1.340s] running egg_info
[1.342s] creating ../../build/keyboard_joy/keyboard_joy.egg-info
[1.342s] writing ../../build/keyboard_joy/keyboard_joy.egg-info/PKG-INFO
[1.343s] writing dependency_links to ../../build/keyboard_joy/keyboard_joy.egg-info/dependency_links.txt
[1.343s] writing entry points to ../../build/keyboard_joy/keyboard_joy.egg-info/entry_points.txt
[1.343s] writing requirements to ../../build/keyboard_joy/keyboard_joy.egg-info/requires.txt
[1.343s] writing top-level names to ../../build/keyboard_joy/keyboard_joy.egg-info/top_level.txt
[1.343s] writing manifest file '../../build/keyboard_joy/keyboard_joy.egg-info/SOURCES.txt'
[1.346s] reading manifest file '../../build/keyboard_joy/keyboard_joy.egg-info/SOURCES.txt'
[1.347s] writing manifest file '../../build/keyboard_joy/keyboard_joy.egg-info/SOURCES.txt'
[1.347s] running build
[1.347s] running build_py
[1.347s] creating /home/nvidia/Motorcar-NEW_ws/build/keyboard_joy/build
[1.348s] creating /home/nvidia/Motorcar-NEW_ws/build/keyboard_joy/build/lib
[1.348s] creating /home/nvidia/Motorcar-NEW_ws/build/keyboard_joy/build/lib/keyboard_joy
[1.348s] copying keyboard_joy/__init__.py -> /home/nvidia/Motorcar-NEW_ws/build/keyboard_joy/build/lib/keyboard_joy
[1.348s] copying keyboard_joy/joy_node.py -> /home/nvidia/Motorcar-NEW_ws/build/keyboard_joy/build/lib/keyboard_joy
[1.348s] running install
[1.349s] running install_lib
[1.350s] creating /home/nvidia/Motorcar-NEW_ws/install/keyboard_joy/lib/python3.10/site-packages/keyboard_joy
[1.350s] copying /home/nvidia/Motorcar-NEW_ws/build/keyboard_joy/build/lib/keyboard_joy/__init__.py -> /home/nvidia/Motorcar-NEW_ws/install/keyboard_joy/lib/python3.10/site-packages/keyboard_joy
[1.350s] copying /home/nvidia/Motorcar-NEW_ws/build/keyboard_joy/build/lib/keyboard_joy/joy_node.py -> /home/nvidia/Motorcar-NEW_ws/install/keyboard_joy/lib/python3.10/site-packages/keyboard_joy
[1.351s] byte-compiling /home/nvidia/Motorcar-NEW_ws/install/keyboard_joy/lib/python3.10/site-packages/keyboard_joy/__init__.py to __init__.cpython-310.pyc
[1.352s] byte-compiling /home/nvidia/Motorcar-NEW_ws/install/keyboard_joy/lib/python3.10/site-packages/keyboard_joy/joy_node.py to joy_node.cpython-310.pyc
[1.354s] running install_data
[1.354s] creating /home/nvidia/Motorcar-NEW_ws/install/keyboard_joy/share/ament_index
[1.354s] creating /home/nvidia/Motorcar-NEW_ws/install/keyboard_joy/share/ament_index/resource_index
[1.355s] creating /home/nvidia/Motorcar-NEW_ws/install/keyboard_joy/share/ament_index/resource_index/packages
[1.355s] copying resource/keyboard_joy -> /home/nvidia/Motorcar-NEW_ws/install/keyboard_joy/share/ament_index/resource_index/packages
[1.355s] copying package.xml -> /home/nvidia/Motorcar-NEW_ws/install/keyboard_joy/share/keyboard_joy
[1.355s] creating /home/nvidia/Motorcar-NEW_ws/install/keyboard_joy/share/keyboard_joy/config
[1.355s] copying config/key_mappings.yaml -> /home/nvidia/Motorcar-NEW_ws/install/keyboard_joy/share/keyboard_joy/config
[1.355s] creating /home/nvidia/Motorcar-NEW_ws/install/keyboard_joy/share/keyboard_joy/launch
[1.355s] copying launch/keyboard_joy.launch.py -> /home/nvidia/Motorcar-NEW_ws/install/keyboard_joy/share/keyboard_joy/launch
[1.355s] running install_egg_info
[1.358s] Copying ../../build/keyboard_joy/keyboard_joy.egg-info to /home/nvidia/Motorcar-NEW_ws/install/keyboard_joy/lib/python3.10/site-packages/keyboard_joy-0.0.1-py3.10.egg-info
[1.360s] running install_scripts
[1.395s] Installing joy_node script to /home/nvidia/Motorcar-NEW_ws/install/keyboard_joy/lib/keyboard_joy
[1.395s] writing list of installed files to '/home/nvidia/Motorcar-NEW_ws/build/keyboard_joy/install.log'
[1.463s] Invoked command in '/home/nvidia/Motorcar-NEW_ws/src/keyboard_joy' returned '0': PYTHONPATH=/home/nvidia/Motorcar-NEW_ws/build/keyboard_joy/prefix_override:/usr/lib/python3/dist-packages/colcon_core/task/python/colcon_distutils_commands:/home/nvidia/Motorcar-NEW_ws/install/keyboard_joy/lib/python3.10/site-packages:${PYTHONPATH} /usr/bin/python3 -W ignore:setup.py install is deprecated -W ignore:easy_install command is deprecated setup.py egg_info --egg-base ../../build/keyboard_joy build --build-base /home/nvidia/Motorcar-NEW_ws/build/keyboard_joy/build install --record /home/nvidia/Motorcar-NEW_ws/build/keyboard_joy/install.log --single-version-externally-managed install_data
