[0.429s] Invoking command in '/home/nvidia/MotorcarV1.1_ws/build/amr_description': CMAKE_PREFIX_PATH=${CMAKE_PREFIX_PATH}:/home/nvidia/piek-src/install/keyboard_joy:/opt/ros/humble /usr/bin/cmake /home/nvidia/MotorcarV1.1_ws/src/amr_description -DCMAKE_INSTALL_PREFIX=/home/nvidia/MotorcarV1.1_ws/install/amr_description
[0.509s] -- The C compiler identification is GNU 11.4.0
[0.603s] -- The CXX compiler identification is GNU 11.4.0
[0.622s] -- Detecting C compiler ABI info
[0.741s] -- Detecting C compiler ABI info - done
[0.765s] -- Check for working C compiler: /usr/bin/cc - skipped
[0.766s] -- Detecting C compile features
[0.767s] -- Detecting C compile features - done
[0.777s] -- Detecting CXX compiler ABI info
[0.917s] -- Detecting CXX compiler ABI info - done
[0.934s] -- Check for working CXX compiler: /usr/bin/c++ - skipped
[0.934s] -- Detecting CXX compile features
[0.935s] -- Detecting CXX compile features - done
[0.940s] -- Found ament_cmake: 1.3.12 (/opt/ros/humble/share/ament_cmake/cmake)
[1.222s] -- Found Python3: /usr/bin/python3 (found version "3.10.12") found components: Interpreter 
[1.471s] -- Configuring done
[1.475s] -- Generating done
[1.478s] -- Build files have been written to: /home/nvidia/MotorcarV1.1_ws/build/amr_description
[1.488s] Invoked command in '/home/nvidia/MotorcarV1.1_ws/build/amr_description' returned '0': CMAKE_PREFIX_PATH=${CMAKE_PREFIX_PATH}:/home/nvidia/piek-src/install/keyboard_joy:/opt/ros/humble /usr/bin/cmake /home/nvidia/MotorcarV1.1_ws/src/amr_description -DCMAKE_INSTALL_PREFIX=/home/nvidia/MotorcarV1.1_ws/install/amr_description
[1.491s] Invoking command in '/home/nvidia/MotorcarV1.1_ws/build/amr_description': CMAKE_PREFIX_PATH=${CMAKE_PREFIX_PATH}:/home/nvidia/piek-src/install/keyboard_joy:/opt/ros/humble /usr/bin/cmake --build /home/nvidia/MotorcarV1.1_ws/build/amr_description -- -j12 -l12
[1.558s] Invoked command in '/home/nvidia/MotorcarV1.1_ws/build/amr_description' returned '0': CMAKE_PREFIX_PATH=${CMAKE_PREFIX_PATH}:/home/nvidia/piek-src/install/keyboard_joy:/opt/ros/humble /usr/bin/cmake --build /home/nvidia/MotorcarV1.1_ws/build/amr_description -- -j12 -l12
[1.581s] Invoking command in '/home/nvidia/MotorcarV1.1_ws/build/amr_description': CMAKE_PREFIX_PATH=${CMAKE_PREFIX_PATH}:/home/nvidia/piek-src/install/keyboard_joy:/opt/ros/humble /usr/bin/cmake --install /home/nvidia/MotorcarV1.1_ws/build/amr_description
[1.593s] -- Install configuration: ""
[1.594s] -- Installing: /home/nvidia/MotorcarV1.1_ws/install/amr_description/share/amr_description/urdf
[1.594s] -- Installing: /home/nvidia/MotorcarV1.1_ws/install/amr_description/share/amr_description/urdf/basestructure_link.urdf.xacro
[1.594s] -- Installing: /home/nvidia/MotorcarV1.1_ws/install/amr_description/share/amr_description/urdf/structure_link.urdf.xacro
[1.594s] -- Installing: /home/nvidia/MotorcarV1.1_ws/install/amr_description/share/amr_description/launch
[1.594s] -- Installing: /home/nvidia/MotorcarV1.1_ws/install/amr_description/share/amr_description/launch/display.launch.py
[1.595s] -- Installing: /home/nvidia/MotorcarV1.1_ws/install/amr_description/share/ament_index/resource_index/package_run_dependencies/amr_description
[1.595s] -- Installing: /home/nvidia/MotorcarV1.1_ws/install/amr_description/share/ament_index/resource_index/parent_prefix_path/amr_description
[1.595s] -- Installing: /home/nvidia/MotorcarV1.1_ws/install/amr_description/share/amr_description/environment/ament_prefix_path.sh
[1.596s] -- Installing: /home/nvidia/MotorcarV1.1_ws/install/amr_description/share/amr_description/environment/ament_prefix_path.dsv
[1.596s] -- Installing: /home/nvidia/MotorcarV1.1_ws/install/amr_description/share/amr_description/environment/path.sh
[1.597s] -- Installing: /home/nvidia/MotorcarV1.1_ws/install/amr_description/share/amr_description/environment/path.dsv
[1.597s] -- Installing: /home/nvidia/MotorcarV1.1_ws/install/amr_description/share/amr_description/local_setup.bash
[1.597s] -- Installing: /home/nvidia/MotorcarV1.1_ws/install/amr_description/share/amr_description/local_setup.sh
[1.597s] -- Installing: /home/nvidia/MotorcarV1.1_ws/install/amr_description/share/amr_description/local_setup.zsh
[1.597s] -- Installing: /home/nvidia/MotorcarV1.1_ws/install/amr_description/share/amr_description/local_setup.dsv
[1.597s] -- Installing: /home/nvidia/MotorcarV1.1_ws/install/amr_description/share/amr_description/package.dsv
[1.597s] -- Installing: /home/nvidia/MotorcarV1.1_ws/install/amr_description/share/ament_index/resource_index/packages/amr_description
[1.597s] -- Installing: /home/nvidia/MotorcarV1.1_ws/install/amr_description/share/amr_description/cmake/amr_descriptionConfig.cmake
[1.598s] -- Installing: /home/nvidia/MotorcarV1.1_ws/install/amr_description/share/amr_description/cmake/amr_descriptionConfig-version.cmake
[1.598s] -- Installing: /home/nvidia/MotorcarV1.1_ws/install/amr_description/share/amr_description/package.xml
[1.602s] Invoked command in '/home/nvidia/MotorcarV1.1_ws/build/amr_description' returned '0': CMAKE_PREFIX_PATH=${CMAKE_PREFIX_PATH}:/home/nvidia/piek-src/install/keyboard_joy:/opt/ros/humble /usr/bin/cmake --install /home/nvidia/MotorcarV1.1_ws/build/amr_description
