[0.031s] Invoking command in '/home/nvidia/Motorcar-NEW_ws/build/motorcar_bringup': AMENT_PREFIX_PATH=/home/nvidia/Motorcar-NEW_ws/install/zlac8015d_serial:/home/nvidia/Motorcar-NEW_ws/install/joy_control:/home/nvidia/Motorcar-NEW_ws/install/serial:/home/nvidia/Motorcar-NEW_ws/install/nav_sim:/home/nvidia/Motorcar-NEW_ws/install/keyboard_joy:${AMENT_PREFIX_PATH} CMAKE_PREFIX_PATH=/home/nvidia/Motorcar-NEW_ws/install/zlac8015d_serial:/home/nvidia/Motorcar-NEW_ws/install/joy_control:/home/nvidia/Motorcar-NEW_ws/install/serial:/home/nvidia/Motorcar-NEW_ws/install/nav_sim:${CMAKE_PREFIX_PATH} LD_LIBRARY_PATH=/home/nvidia/Motorcar-NEW_ws/install/zlac8015d_serial/lib:/home/nvidia/Motorcar-NEW_ws/install/serial/lib:${LD_LIBRARY_PATH} PYTHONPATH=/home/nvidia/Motorcar-NEW_ws/install/keyboard_joy/lib/python3.10/site-packages:${PYTHONPATH} /usr/bin/cmake /home/nvidia/Motorcar-NEW_ws/src/bringup -DCATKIN_INSTALL_INTO_PREFIX_ROOT=0 -DCMAKE_INSTALL_PREFIX=/home/nvidia/Motorcar-NEW_ws/install/motorcar_bringup
[0.136s] -- The C compiler identification is GNU 11.4.0
[0.245s] -- The CXX compiler identification is GNU 11.4.0
[0.268s] -- Detecting C compiler ABI info
[0.411s] -- Detecting C compiler ABI info - done
[0.435s] -- Check for working C compiler: /usr/bin/cc - skipped
[0.436s] -- Detecting C compile features
[0.437s] -- Detecting C compile features - done
[0.448s] -- Detecting CXX compiler ABI info
[0.609s] -- Detecting CXX compiler ABI info - done
[0.634s] -- Check for working CXX compiler: /usr/bin/c++ - skipped
[0.635s] -- Detecting CXX compile features
[0.637s] -- Detecting CXX compile features - done
[0.647s] -- Found ament_cmake: 1.3.12 (/opt/ros/humble/share/ament_cmake/cmake)
[0.945s] -- Found Python3: /usr/bin/python3 (found version "3.10.12") found components: Interpreter 
[1.255s] -- Configuring done
[1.263s] -- Generating done
[1.265s] [33mCMake Warning:
[1.265s]   Manually-specified variables were not used by the project:
[1.265s] 
[1.265s]     CATKIN_INSTALL_INTO_PREFIX_ROOT
[1.265s] 
[1.266s] [0m
[1.268s] -- Build files have been written to: /home/nvidia/Motorcar-NEW_ws/build/motorcar_bringup
[1.280s] Invoked command in '/home/nvidia/Motorcar-NEW_ws/build/motorcar_bringup' returned '0': AMENT_PREFIX_PATH=/home/nvidia/Motorcar-NEW_ws/install/zlac8015d_serial:/home/nvidia/Motorcar-NEW_ws/install/joy_control:/home/nvidia/Motorcar-NEW_ws/install/serial:/home/nvidia/Motorcar-NEW_ws/install/nav_sim:/home/nvidia/Motorcar-NEW_ws/install/keyboard_joy:${AMENT_PREFIX_PATH} CMAKE_PREFIX_PATH=/home/nvidia/Motorcar-NEW_ws/install/zlac8015d_serial:/home/nvidia/Motorcar-NEW_ws/install/joy_control:/home/nvidia/Motorcar-NEW_ws/install/serial:/home/nvidia/Motorcar-NEW_ws/install/nav_sim:${CMAKE_PREFIX_PATH} LD_LIBRARY_PATH=/home/nvidia/Motorcar-NEW_ws/install/zlac8015d_serial/lib:/home/nvidia/Motorcar-NEW_ws/install/serial/lib:${LD_LIBRARY_PATH} PYTHONPATH=/home/nvidia/Motorcar-NEW_ws/install/keyboard_joy/lib/python3.10/site-packages:${PYTHONPATH} /usr/bin/cmake /home/nvidia/Motorcar-NEW_ws/src/bringup -DCATKIN_INSTALL_INTO_PREFIX_ROOT=0 -DCMAKE_INSTALL_PREFIX=/home/nvidia/Motorcar-NEW_ws/install/motorcar_bringup
[1.284s] Invoking command in '/home/nvidia/Motorcar-NEW_ws/build/motorcar_bringup': AMENT_PREFIX_PATH=/home/nvidia/Motorcar-NEW_ws/install/zlac8015d_serial:/home/nvidia/Motorcar-NEW_ws/install/joy_control:/home/nvidia/Motorcar-NEW_ws/install/serial:/home/nvidia/Motorcar-NEW_ws/install/nav_sim:/home/nvidia/Motorcar-NEW_ws/install/keyboard_joy:${AMENT_PREFIX_PATH} CMAKE_PREFIX_PATH=/home/nvidia/Motorcar-NEW_ws/install/zlac8015d_serial:/home/nvidia/Motorcar-NEW_ws/install/joy_control:/home/nvidia/Motorcar-NEW_ws/install/serial:/home/nvidia/Motorcar-NEW_ws/install/nav_sim:${CMAKE_PREFIX_PATH} LD_LIBRARY_PATH=/home/nvidia/Motorcar-NEW_ws/install/zlac8015d_serial/lib:/home/nvidia/Motorcar-NEW_ws/install/serial/lib:${LD_LIBRARY_PATH} PYTHONPATH=/home/nvidia/Motorcar-NEW_ws/install/keyboard_joy/lib/python3.10/site-packages:${PYTHONPATH} /usr/bin/cmake --build /home/nvidia/Motorcar-NEW_ws/build/motorcar_bringup -- -j12 -l12
[1.327s] -- Found ament_cmake: 1.3.12 (/opt/ros/humble/share/ament_cmake/cmake)
[1.672s] -- Configuring done
[1.681s] -- Generating done
[1.687s] -- Build files have been written to: /home/nvidia/Motorcar-NEW_ws/build/motorcar_bringup
[1.735s] Invoked command in '/home/nvidia/Motorcar-NEW_ws/build/motorcar_bringup' returned '0': AMENT_PREFIX_PATH=/home/nvidia/Motorcar-NEW_ws/install/zlac8015d_serial:/home/nvidia/Motorcar-NEW_ws/install/joy_control:/home/nvidia/Motorcar-NEW_ws/install/serial:/home/nvidia/Motorcar-NEW_ws/install/nav_sim:/home/nvidia/Motorcar-NEW_ws/install/keyboard_joy:${AMENT_PREFIX_PATH} CMAKE_PREFIX_PATH=/home/nvidia/Motorcar-NEW_ws/install/zlac8015d_serial:/home/nvidia/Motorcar-NEW_ws/install/joy_control:/home/nvidia/Motorcar-NEW_ws/install/serial:/home/nvidia/Motorcar-NEW_ws/install/nav_sim:${CMAKE_PREFIX_PATH} LD_LIBRARY_PATH=/home/nvidia/Motorcar-NEW_ws/install/zlac8015d_serial/lib:/home/nvidia/Motorcar-NEW_ws/install/serial/lib:${LD_LIBRARY_PATH} PYTHONPATH=/home/nvidia/Motorcar-NEW_ws/install/keyboard_joy/lib/python3.10/site-packages:${PYTHONPATH} /usr/bin/cmake --build /home/nvidia/Motorcar-NEW_ws/build/motorcar_bringup -- -j12 -l12
[1.741s] Invoking command in '/home/nvidia/Motorcar-NEW_ws/build/motorcar_bringup': AMENT_PREFIX_PATH=/home/nvidia/Motorcar-NEW_ws/install/zlac8015d_serial:/home/nvidia/Motorcar-NEW_ws/install/joy_control:/home/nvidia/Motorcar-NEW_ws/install/serial:/home/nvidia/Motorcar-NEW_ws/install/nav_sim:/home/nvidia/Motorcar-NEW_ws/install/keyboard_joy:${AMENT_PREFIX_PATH} CMAKE_PREFIX_PATH=/home/nvidia/Motorcar-NEW_ws/install/zlac8015d_serial:/home/nvidia/Motorcar-NEW_ws/install/joy_control:/home/nvidia/Motorcar-NEW_ws/install/serial:/home/nvidia/Motorcar-NEW_ws/install/nav_sim:${CMAKE_PREFIX_PATH} LD_LIBRARY_PATH=/home/nvidia/Motorcar-NEW_ws/install/zlac8015d_serial/lib:/home/nvidia/Motorcar-NEW_ws/install/serial/lib:${LD_LIBRARY_PATH} PYTHONPATH=/home/nvidia/Motorcar-NEW_ws/install/keyboard_joy/lib/python3.10/site-packages:${PYTHONPATH} /usr/bin/cmake --install /home/nvidia/Motorcar-NEW_ws/build/motorcar_bringup
[1.758s] -- Install configuration: ""
[1.758s] -- Installing: /home/nvidia/Motorcar-NEW_ws/install/motorcar_bringup/share/motorcar_bringup/launch
[1.759s] -- Installing: /home/nvidia/Motorcar-NEW_ws/install/motorcar_bringup/share/motorcar_bringup/launch/bringup.launch.py
[1.759s] -- Installing: /home/nvidia/Motorcar-NEW_ws/install/motorcar_bringup/share/ament_index/resource_index/package_run_dependencies/motorcar_bringup
[1.759s] -- Installing: /home/nvidia/Motorcar-NEW_ws/install/motorcar_bringup/share/ament_index/resource_index/parent_prefix_path/motorcar_bringup
[1.760s] -- Installing: /home/nvidia/Motorcar-NEW_ws/install/motorcar_bringup/share/motorcar_bringup/environment/ament_prefix_path.sh
[1.760s] -- Installing: /home/nvidia/Motorcar-NEW_ws/install/motorcar_bringup/share/motorcar_bringup/environment/ament_prefix_path.dsv
[1.760s] -- Installing: /home/nvidia/Motorcar-NEW_ws/install/motorcar_bringup/share/motorcar_bringup/environment/path.sh
[1.761s] -- Installing: /home/nvidia/Motorcar-NEW_ws/install/motorcar_bringup/share/motorcar_bringup/environment/path.dsv
[1.761s] -- Installing: /home/nvidia/Motorcar-NEW_ws/install/motorcar_bringup/share/motorcar_bringup/local_setup.bash
[1.761s] -- Installing: /home/nvidia/Motorcar-NEW_ws/install/motorcar_bringup/share/motorcar_bringup/local_setup.sh
[1.761s] -- Installing: /home/nvidia/Motorcar-NEW_ws/install/motorcar_bringup/share/motorcar_bringup/local_setup.zsh
[1.762s] -- Installing: /home/nvidia/Motorcar-NEW_ws/install/motorcar_bringup/share/motorcar_bringup/local_setup.dsv
[1.762s] -- Installing: /home/nvidia/Motorcar-NEW_ws/install/motorcar_bringup/share/motorcar_bringup/package.dsv
[1.762s] -- Installing: /home/nvidia/Motorcar-NEW_ws/install/motorcar_bringup/share/ament_index/resource_index/packages/motorcar_bringup
[1.762s] -- Installing: /home/nvidia/Motorcar-NEW_ws/install/motorcar_bringup/share/motorcar_bringup/cmake/motorcar_bringupConfig.cmake
[1.763s] -- Installing: /home/nvidia/Motorcar-NEW_ws/install/motorcar_bringup/share/motorcar_bringup/cmake/motorcar_bringupConfig-version.cmake
[1.763s] -- Installing: /home/nvidia/Motorcar-NEW_ws/install/motorcar_bringup/share/motorcar_bringup/package.xml
[1.766s] Invoked command in '/home/nvidia/Motorcar-NEW_ws/build/motorcar_bringup' returned '0': AMENT_PREFIX_PATH=/home/nvidia/Motorcar-NEW_ws/install/zlac8015d_serial:/home/nvidia/Motorcar-NEW_ws/install/joy_control:/home/nvidia/Motorcar-NEW_ws/install/serial:/home/nvidia/Motorcar-NEW_ws/install/nav_sim:/home/nvidia/Motorcar-NEW_ws/install/keyboard_joy:${AMENT_PREFIX_PATH} CMAKE_PREFIX_PATH=/home/nvidia/Motorcar-NEW_ws/install/zlac8015d_serial:/home/nvidia/Motorcar-NEW_ws/install/joy_control:/home/nvidia/Motorcar-NEW_ws/install/serial:/home/nvidia/Motorcar-NEW_ws/install/nav_sim:${CMAKE_PREFIX_PATH} LD_LIBRARY_PATH=/home/nvidia/Motorcar-NEW_ws/install/zlac8015d_serial/lib:/home/nvidia/Motorcar-NEW_ws/install/serial/lib:${LD_LIBRARY_PATH} PYTHONPATH=/home/nvidia/Motorcar-NEW_ws/install/keyboard_joy/lib/python3.10/site-packages:${PYTHONPATH} /usr/bin/cmake --install /home/nvidia/Motorcar-NEW_ws/build/motorcar_bringup
