[35m[1mConsolidate compiler generated dependencies of target Motorctl[0m
[ 23%] Built target zlac8015d
[ 38%] Built target example
[ 76%] Built target SimpleControl
[ 76%] Built target Motorrcv
[ 84%] [32mBuilding CXX object CMakeFiles/Motorctl.dir/src/Motorctl.cpp.o[0m
In file included from [01m[K/opt/ros/humble/include/rclcpp/rclcpp/logging.hpp:24[m[K,
                 from [01m[K/opt/ros/humble/include/rclcpp/rclcpp/client.hpp:40[m[K,
                 from [01m[K/opt/ros/humble/include/rclcpp/rclcpp/callback_group.hpp:24[m[K,
                 from [01m[K/opt/ros/humble/include/rclcpp/rclcpp/any_executable.hpp:20[m[K,
                 from [01m[K/opt/ros/humble/include/rclcpp/rclcpp/memory_strategy.hpp:25[m[K,
                 from [01m[K/opt/ros/humble/include/rclcpp/rclcpp/memory_strategies.hpp:18[m[K,
                 from [01m[K/opt/ros/humble/include/rclcpp/rclcpp/executor_options.hpp:20[m[K,
                 from [01m[K/opt/ros/humble/include/rclcpp/rclcpp/executor.hpp:37[m[K,
                 from [01m[K/opt/ros/humble/include/rclcpp/rclcpp/executors/multi_threaded_executor.hpp:25[m[K,
                 from [01m[K/opt/ros/humble/include/rclcpp/rclcpp/executors.hpp:21[m[K,
                 from [01m[K/opt/ros/humble/include/rclcpp/rclcpp/rclcpp.hpp:155[m[K,
                 from [01m[K/home/nvidia/MotorcarV1.1_ws/src/ROS2_ZLAC8015D_serial/src/Motorctl.cpp:7[m[K:
[01m[K/home/nvidia/MotorcarV1.1_ws/src/ROS2_ZLAC8015D_serial/src/Motorctl.cpp:[m[K In member function ‘[01m[Kvoid ModeToZlac::ZLACoutput()[m[K’:
[01m[K/home/nvidia/MotorcarV1.1_ws/src/ROS2_ZLAC8015D_serial/src/Motorctl.cpp:209:33:[m[K [01;35m[Kwarning: [m[Kformat ‘[01m[K%f[m[K’ expects a matching ‘[01m[Kdouble[m[K’ argument [[01;35m[K]8;;https://gcc.gnu.org/onlinedocs/gcc/Warning-Options.html#index-Wformat=-Wformat=]8;;[m[K]
  209 |       RCLCPP_INFO(get_logger(), [01;35m[K"FrontCtl: pos=%d rpmFL=%.1f rpmFR=%.1f tq=%.1f"[m[K, posF, rpmF, tqF);
      |                                 [01;35m[K^~~~~~~~~~~~~~~~~~~~~~~~~~~~~~~~~~~~~~~~~~~~~~~~[m[K
[01m[K/home/nvidia/MotorcarV1.1_ws/src/ROS2_ZLAC8015D_serial/src/Motorctl.cpp:209:79:[m[K [01;36m[Knote: [m[Kformat string is defined here
  209 |       RCLCPP_INFO(get_logger(), "FrontCtl: pos=%d rpmFL=%.1f rpmFR=%.1f tq=[01;36m[K%.1f[m[K", posF, rpmF, tqF);
      |                                                                            [01;36m[K~~~^[m[K
      |                                                                               [01;36m[K|[m[K
      |                                                                               [01;36m[Kdouble[m[K
In file included from [01m[K/opt/ros/humble/include/rclcpp/rclcpp/logging.hpp:24[m[K,
                 from [01m[K/opt/ros/humble/include/rclcpp/rclcpp/client.hpp:40[m[K,
                 from [01m[K/opt/ros/humble/include/rclcpp/rclcpp/callback_group.hpp:24[m[K,
                 from [01m[K/opt/ros/humble/include/rclcpp/rclcpp/any_executable.hpp:20[m[K,
                 from [01m[K/opt/ros/humble/include/rclcpp/rclcpp/memory_strategy.hpp:25[m[K,
                 from [01m[K/opt/ros/humble/include/rclcpp/rclcpp/memory_strategies.hpp:18[m[K,
                 from [01m[K/opt/ros/humble/include/rclcpp/rclcpp/executor_options.hpp:20[m[K,
                 from [01m[K/opt/ros/humble/include/rclcpp/rclcpp/executor.hpp:37[m[K,
                 from [01m[K/opt/ros/humble/include/rclcpp/rclcpp/executors/multi_threaded_executor.hpp:25[m[K,
                 from [01m[K/opt/ros/humble/include/rclcpp/rclcpp/executors.hpp:21[m[K,
                 from [01m[K/opt/ros/humble/include/rclcpp/rclcpp/rclcpp.hpp:155[m[K,
                 from [01m[K/home/nvidia/MotorcarV1.1_ws/src/ROS2_ZLAC8015D_serial/src/Motorctl.cpp:7[m[K:
[01m[K/home/nvidia/MotorcarV1.1_ws/src/ROS2_ZLAC8015D_serial/src/Motorctl.cpp:221:33:[m[K [01;35m[Kwarning: [m[Kformat ‘[01m[K%f[m[K’ expects a matching ‘[01m[Kdouble[m[K’ argument [[01;35m[K]8;;https://gcc.gnu.org/onlinedocs/gcc/Warning-Options.html#index-Wformat=-Wformat=]8;;[m[K]
  221 |       RCLCPP_INFO(get_logger(), [01;35m[K"RearCtl:  pos=%d rpmRL=%.1f rpmRR=%.1f tq=%.1f"[m[K, posR, rpmR, tqR);
      |                                 [01;35m[K^~~~~~~~~~~~~~~~~~~~~~~~~~~~~~~~~~~~~~~~~~~~~~~~[m[K
[01m[K/home/nvidia/MotorcarV1.1_ws/src/ROS2_ZLAC8015D_serial/src/Motorctl.cpp:221:79:[m[K [01;36m[Knote: [m[Kformat string is defined here
  221 |       RCLCPP_INFO(get_logger(), "RearCtl:  pos=%d rpmRL=%.1f rpmRR=%.1f tq=[01;36m[K%.1f[m[K", posR, rpmR, tqR);
      |                                                                            [01;36m[K~~~^[m[K
      |                                                                               [01;36m[K|[m[K
      |                                                                               [01;36m[Kdouble[m[K
[01m[K/home/nvidia/MotorcarV1.1_ws/src/ROS2_ZLAC8015D_serial/src/Motorctl.cpp:229:59:[m[K [01;31m[Kerror: [m[K‘[01m[KrpmFL[m[K’ was not declared in this scope; did you mean ‘[01m[KrpmF[m[K’?
  229 |     double get_radpsecFL = motor_ctl::Kinematics::REV2RAD*[01;31m[KrpmFL[m[K;
      |                                                           [01;31m[K^~~~~[m[K
      |                                                           [32m[KrpmF[m[K
[01m[K/home/nvidia/MotorcarV1.1_ws/src/ROS2_ZLAC8015D_serial/src/Motorctl.cpp:230:59:[m[K [01;31m[Kerror: [m[K‘[01m[KrpmFR[m[K’ was not declared in this scope; did you mean ‘[01m[KrpmR[m[K’?
  230 |     double get_radpsecFR = motor_ctl::Kinematics::REV2RAD*[01;31m[KrpmFR[m[K;
      |                                                           [01;31m[K^~~~~[m[K
      |                                                           [32m[KrpmR[m[K
[01m[K/home/nvidia/MotorcarV1.1_ws/src/ROS2_ZLAC8015D_serial/src/Motorctl.cpp:231:59:[m[K [01;31m[Kerror: [m[K‘[01m[KrpmRL[m[K’ was not declared in this scope; did you mean ‘[01m[KrpmR[m[K’?
  231 |     double get_radpsecRL = motor_ctl::Kinematics::REV2RAD*[01;31m[KrpmRL[m[K;
      |                                                           [01;31m[K^~~~~[m[K
      |                                                           [32m[KrpmR[m[K
[01m[K/home/nvidia/MotorcarV1.1_ws/src/ROS2_ZLAC8015D_serial/src/Motorctl.cpp:232:59:[m[K [01;31m[Kerror: [m[K‘[01m[KrpmRR[m[K’ was not declared in this scope; did you mean ‘[01m[KrpmR[m[K’?
  232 |     double get_radpsecRR = motor_ctl::Kinematics::REV2RAD*[01;31m[KrpmRR[m[K;
      |                                                           [01;31m[K^~~~~[m[K
      |                                                           [32m[KrpmR[m[K
gmake[2]: *** [CMakeFiles/Motorctl.dir/build.make:76: CMakeFiles/Motorctl.dir/src/Motorctl.cpp.o] Error 1
gmake[1]: *** [CMakeFiles/Makefile2:197: CMakeFiles/Motorctl.dir/all] Error 2
gmake: *** [Makefile:146: all] Error 2
