[0.029s] Invoking command in '/home/nvidia/Motorcar-NEW_ws/build/zlac8015d_serial': AMENT_PREFIX_PATH=/home/nvidia/Motorcar-NEW_ws/install/joy_control:/home/nvidia/Motorcar-NEW_ws/install/serial:/home/nvidia/Motorcar-NEW_ws/install/keyboard_joy:${AMENT_PREFIX_PATH} CMAKE_PREFIX_PATH=/home/nvidia/Motorcar-NEW_ws/install/joy_control:/home/nvidia/Motorcar-NEW_ws/install/serial:/home/nvidia/piek-src/install/motor_control:/home/nvidia/piek-src/install/willy_interfaces:/home/nvidia/piek-src/install/serial:/home/nvidia/piek-src/install/joy_control:/home/nvidia/piek-src/install/keyboard_joy:/opt/ros/humble LD_LIBRARY_PATH=/home/nvidia/Motorcar-NEW_ws/install/serial/lib:${LD_LIBRARY_PATH} PYTHONPATH=/home/nvidia/Motorcar-NEW_ws/install/keyboard_joy/lib/python3.10/site-packages:${PYTHONPATH} /usr/bin/cmake --build /home/nvidia/Motorcar-NEW_ws/build/zlac8015d_serial -- -j12 -l12
[0.115s] [35m[1mConsolidate compiler generated dependencies of target Motorrcv[0m
[0.131s] [ 14%] Built target zlac8015d
[0.132s] [ 35%] Built target example
[0.134s] [ 57%] Built target Motorctl
[0.137s] [ 78%] Built target SimpleControl
[0.151s] [ 85%] [32mBuilding CXX object CMakeFiles/Motorrcv.dir/src/Motorrcv.cpp.o[0m
[14.867s] [ 92%] [32m[1mLinking CXX executable Motorrcv[0m
[15.624s] [100%] Built target Motorrcv
[15.650s] Invoked command in '/home/nvidia/Motorcar-NEW_ws/build/zlac8015d_serial' returned '0': AMENT_PREFIX_PATH=/home/nvidia/Motorcar-NEW_ws/install/joy_control:/home/nvidia/Motorcar-NEW_ws/install/serial:/home/nvidia/Motorcar-NEW_ws/install/keyboard_joy:${AMENT_PREFIX_PATH} CMAKE_PREFIX_PATH=/home/nvidia/Motorcar-NEW_ws/install/joy_control:/home/nvidia/Motorcar-NEW_ws/install/serial:/home/nvidia/piek-src/install/motor_control:/home/nvidia/piek-src/install/willy_interfaces:/home/nvidia/piek-src/install/serial:/home/nvidia/piek-src/install/joy_control:/home/nvidia/piek-src/install/keyboard_joy:/opt/ros/humble LD_LIBRARY_PATH=/home/nvidia/Motorcar-NEW_ws/install/serial/lib:${LD_LIBRARY_PATH} PYTHONPATH=/home/nvidia/Motorcar-NEW_ws/install/keyboard_joy/lib/python3.10/site-packages:${PYTHONPATH} /usr/bin/cmake --build /home/nvidia/Motorcar-NEW_ws/build/zlac8015d_serial -- -j12 -l12
[15.655s] Invoking command in '/home/nvidia/Motorcar-NEW_ws/build/zlac8015d_serial': AMENT_PREFIX_PATH=/home/nvidia/Motorcar-NEW_ws/install/joy_control:/home/nvidia/Motorcar-NEW_ws/install/serial:/home/nvidia/Motorcar-NEW_ws/install/keyboard_joy:${AMENT_PREFIX_PATH} CMAKE_PREFIX_PATH=/home/nvidia/Motorcar-NEW_ws/install/joy_control:/home/nvidia/Motorcar-NEW_ws/install/serial:/home/nvidia/piek-src/install/motor_control:/home/nvidia/piek-src/install/willy_interfaces:/home/nvidia/piek-src/install/serial:/home/nvidia/piek-src/install/joy_control:/home/nvidia/piek-src/install/keyboard_joy:/opt/ros/humble LD_LIBRARY_PATH=/home/nvidia/Motorcar-NEW_ws/install/serial/lib:${LD_LIBRARY_PATH} PYTHONPATH=/home/nvidia/Motorcar-NEW_ws/install/keyboard_joy/lib/python3.10/site-packages:${PYTHONPATH} /usr/bin/cmake --install /home/nvidia/Motorcar-NEW_ws/build/zlac8015d_serial
[15.672s] -- Install configuration: ""
[15.672s] -- Up-to-date: /home/nvidia/Motorcar-NEW_ws/install/zlac8015d_serial/share/zlac8015d_serial/environment/library_path.sh
[15.672s] -- Up-to-date: /home/nvidia/Motorcar-NEW_ws/install/zlac8015d_serial/share/zlac8015d_serial/environment/library_path.dsv
[15.673s] -- Up-to-date: /home/nvidia/Motorcar-NEW_ws/install/zlac8015d_serial/include/include
[15.673s] -- Up-to-date: /home/nvidia/Motorcar-NEW_ws/install/zlac8015d_serial/include/include/Motorctl.h
[15.673s] -- Up-to-date: /home/nvidia/Motorcar-NEW_ws/install/zlac8015d_serial/include/include/zlac8015d.h
[15.673s] -- Up-to-date: /home/nvidia/Motorcar-NEW_ws/install/zlac8015d_serial/include/include/Comm
[15.674s] -- Up-to-date: /home/nvidia/Motorcar-NEW_ws/install/zlac8015d_serial/include/include/Comm/crc_check.h
[15.674s] -- Up-to-date: /home/nvidia/Motorcar-NEW_ws/install/zlac8015d_serial/lib/zlac8015d_serial/example
[15.674s] -- Up-to-date: /home/nvidia/Motorcar-NEW_ws/install/zlac8015d_serial/lib/zlac8015d_serial/SimpleControl
[15.674s] -- Up-to-date: /home/nvidia/Motorcar-NEW_ws/install/zlac8015d_serial/lib/zlac8015d_serial/Motorctl
[15.675s] -- Installing: /home/nvidia/Motorcar-NEW_ws/install/zlac8015d_serial/lib/zlac8015d_serial/Motorrcv
[15.682s] -- Set runtime path of "/home/nvidia/Motorcar-NEW_ws/install/zlac8015d_serial/lib/zlac8015d_serial/Motorrcv" to ""
[15.682s] -- Up-to-date: /home/nvidia/Motorcar-NEW_ws/install/zlac8015d_serial/share/zlac8015d_serial/launch
[15.682s] -- Up-to-date: /home/nvidia/Motorcar-NEW_ws/install/zlac8015d_serial/share/zlac8015d_serial/launch/serial_test.launch.py
[15.682s] -- Up-to-date: /home/nvidia/Motorcar-NEW_ws/install/zlac8015d_serial/share/zlac8015d_serial/launch/joyCH_motor.launch.py
[15.682s] -- Up-to-date: /home/nvidia/Motorcar-NEW_ws/install/zlac8015d_serial/lib/libzlac8015d.a
[15.683s] -- Up-to-date: /home/nvidia/Motorcar-NEW_ws/install/zlac8015d_serial/share/ament_index/resource_index/package_run_dependencies/zlac8015d_serial
[15.683s] -- Up-to-date: /home/nvidia/Motorcar-NEW_ws/install/zlac8015d_serial/share/ament_index/resource_index/parent_prefix_path/zlac8015d_serial
[15.683s] -- Up-to-date: /home/nvidia/Motorcar-NEW_ws/install/zlac8015d_serial/share/zlac8015d_serial/environment/ament_prefix_path.sh
[15.683s] -- Up-to-date: /home/nvidia/Motorcar-NEW_ws/install/zlac8015d_serial/share/zlac8015d_serial/environment/ament_prefix_path.dsv
[15.683s] -- Up-to-date: /home/nvidia/Motorcar-NEW_ws/install/zlac8015d_serial/share/zlac8015d_serial/environment/path.sh
[15.683s] -- Up-to-date: /home/nvidia/Motorcar-NEW_ws/install/zlac8015d_serial/share/zlac8015d_serial/environment/path.dsv
[15.685s] -- Up-to-date: /home/nvidia/Motorcar-NEW_ws/install/zlac8015d_serial/share/zlac8015d_serial/local_setup.bash
[15.685s] -- Up-to-date: /home/nvidia/Motorcar-NEW_ws/install/zlac8015d_serial/share/zlac8015d_serial/local_setup.sh
[15.685s] -- Up-to-date: /home/nvidia/Motorcar-NEW_ws/install/zlac8015d_serial/share/zlac8015d_serial/local_setup.zsh
[15.686s] -- Up-to-date: /home/nvidia/Motorcar-NEW_ws/install/zlac8015d_serial/share/zlac8015d_serial/local_setup.dsv
[15.686s] -- Installing: /home/nvidia/Motorcar-NEW_ws/install/zlac8015d_serial/share/zlac8015d_serial/package.dsv
[15.687s] -- Up-to-date: /home/nvidia/Motorcar-NEW_ws/install/zlac8015d_serial/share/ament_index/resource_index/packages/zlac8015d_serial
[15.687s] -- Up-to-date: /home/nvidia/Motorcar-NEW_ws/install/zlac8015d_serial/share/zlac8015d_serial/cmake/zlac8015dExport.cmake
[15.688s] -- Up-to-date: /home/nvidia/Motorcar-NEW_ws/install/zlac8015d_serial/share/zlac8015d_serial/cmake/zlac8015dExport-noconfig.cmake
[15.691s] -- Up-to-date: /home/nvidia/Motorcar-NEW_ws/install/zlac8015d_serial/share/zlac8015d_serial/cmake/ament_cmake_export_targets-extras.cmake
[15.692s] -- Up-to-date: /home/nvidia/Motorcar-NEW_ws/install/zlac8015d_serial/share/zlac8015d_serial/cmake/zlac8015d_serialConfig.cmake
[15.692s] -- Up-to-date: /home/nvidia/Motorcar-NEW_ws/install/zlac8015d_serial/share/zlac8015d_serial/cmake/zlac8015d_serialConfig-version.cmake
[15.693s] -- Up-to-date: /home/nvidia/Motorcar-NEW_ws/install/zlac8015d_serial/share/zlac8015d_serial/package.xml
[15.693s] Invoked command in '/home/nvidia/Motorcar-NEW_ws/build/zlac8015d_serial' returned '0': AMENT_PREFIX_PATH=/home/nvidia/Motorcar-NEW_ws/install/joy_control:/home/nvidia/Motorcar-NEW_ws/install/serial:/home/nvidia/Motorcar-NEW_ws/install/keyboard_joy:${AMENT_PREFIX_PATH} CMAKE_PREFIX_PATH=/home/nvidia/Motorcar-NEW_ws/install/joy_control:/home/nvidia/Motorcar-NEW_ws/install/serial:/home/nvidia/piek-src/install/motor_control:/home/nvidia/piek-src/install/willy_interfaces:/home/nvidia/piek-src/install/serial:/home/nvidia/piek-src/install/joy_control:/home/nvidia/piek-src/install/keyboard_joy:/opt/ros/humble LD_LIBRARY_PATH=/home/nvidia/Motorcar-NEW_ws/install/serial/lib:${LD_LIBRARY_PATH} PYTHONPATH=/home/nvidia/Motorcar-NEW_ws/install/keyboard_joy/lib/python3.10/site-packages:${PYTHONPATH} /usr/bin/cmake --install /home/nvidia/Motorcar-NEW_ws/build/zlac8015d_serial
