[0.039s] Invoking command in '/home/nvidia/MotorcarV1.1_ws/build/serial': CMAKE_PREFIX_PATH=${CMAKE_PREFIX_PATH}:/home/nvidia/piek-src/install/keyboard_joy:/opt/ros/humble /usr/bin/cmake --build /home/nvidia/MotorcarV1.1_ws/build/serial -- -j12 -l12
[0.461s] [100%] Built target serial
[0.464s] Invoked command in '/home/nvidia/MotorcarV1.1_ws/build/serial' returned '0': CMAKE_PREFIX_PATH=${CMAKE_PREFIX_PATH}:/home/nvidia/piek-src/install/keyboard_joy:/opt/ros/humble /usr/bin/cmake --build /home/nvidia/MotorcarV1.1_ws/build/serial -- -j12 -l12
[0.482s] Invoking command in '/home/nvidia/MotorcarV1.1_ws/build/serial': CMAKE_PREFIX_PATH=${CMAKE_PREFIX_PATH}:/home/nvidia/piek-src/install/keyboard_joy:/opt/ros/humble /usr/bin/cmake --install /home/nvidia/MotorcarV1.1_ws/build/serial
[0.496s] -- Install configuration: ""
[0.496s] -- Up-to-date: /home/nvidia/MotorcarV1.1_ws/install/serial/share/serial/environment/library_path.sh
[0.496s] -- Up-to-date: /home/nvidia/MotorcarV1.1_ws/install/serial/share/serial/environment/library_path.dsv
[0.496s] -- Up-to-date: /home/nvidia/MotorcarV1.1_ws/install/serial/lib/libserial.a
[0.497s] -- Up-to-date: /home/nvidia/MotorcarV1.1_ws/install/serial/include/serial/serial.h
[0.497s] -- Up-to-date: /home/nvidia/MotorcarV1.1_ws/install/serial/include/serial/v8stdint.h
[0.497s] -- Up-to-date: /home/nvidia/MotorcarV1.1_ws/install/serial/share/ament_index/resource_index/package_run_dependencies/serial
[0.497s] -- Up-to-date: /home/nvidia/MotorcarV1.1_ws/install/serial/share/ament_index/resource_index/parent_prefix_path/serial
[0.497s] -- Up-to-date: /home/nvidia/MotorcarV1.1_ws/install/serial/share/serial/environment/ament_prefix_path.sh
[0.497s] -- Up-to-date: /home/nvidia/MotorcarV1.1_ws/install/serial/share/serial/environment/ament_prefix_path.dsv
[0.498s] -- Up-to-date: /home/nvidia/MotorcarV1.1_ws/install/serial/share/serial/environment/path.sh
[0.498s] -- Up-to-date: /home/nvidia/MotorcarV1.1_ws/install/serial/share/serial/environment/path.dsv
[0.498s] -- Up-to-date: /home/nvidia/MotorcarV1.1_ws/install/serial/share/serial/local_setup.bash
[0.498s] -- Up-to-date: /home/nvidia/MotorcarV1.1_ws/install/serial/share/serial/local_setup.sh
[0.498s] -- Up-to-date: /home/nvidia/MotorcarV1.1_ws/install/serial/share/serial/local_setup.zsh
[0.498s] -- Up-to-date: /home/nvidia/MotorcarV1.1_ws/install/serial/share/serial/local_setup.dsv
[0.498s] -- Installing: /home/nvidia/MotorcarV1.1_ws/install/serial/share/serial/package.dsv
[0.499s] -- Up-to-date: /home/nvidia/MotorcarV1.1_ws/install/serial/share/ament_index/resource_index/packages/serial
[0.499s] -- Up-to-date: /home/nvidia/MotorcarV1.1_ws/install/serial/share/serial/cmake/ament_cmake_export_include_directories-extras.cmake
[0.499s] -- Up-to-date: /home/nvidia/MotorcarV1.1_ws/install/serial/share/serial/cmake/ament_cmake_export_libraries-extras.cmake
[0.499s] -- Up-to-date: /home/nvidia/MotorcarV1.1_ws/install/serial/share/serial/cmake/serialConfig.cmake
[0.499s] -- Up-to-date: /home/nvidia/MotorcarV1.1_ws/install/serial/share/serial/cmake/serialConfig-version.cmake
[0.499s] -- Up-to-date: /home/nvidia/MotorcarV1.1_ws/install/serial/share/serial/package.xml
[0.503s] Invoked command in '/home/nvidia/MotorcarV1.1_ws/build/serial' returned '0': CMAKE_PREFIX_PATH=${CMAKE_PREFIX_PATH}:/home/nvidia/piek-src/install/keyboard_joy:/opt/ros/humble /usr/bin/cmake --install /home/nvidia/MotorcarV1.1_ws/build/serial
