[0.018s] Invoking command in '/home/nvidia/Motorcar-NEW_ws/build/joy_control': AMENT_PREFIX_PATH=/home/nvidia/Motorcar-NEW_ws/install/serial:${AMENT_PREFIX_PATH} CMAKE_PREFIX_PATH=/home/nvidia/Motorcar-NEW_ws/install/serial:/home/nvidia/piek-src/install/motor_control:/home/nvidia/piek-src/install/willy_interfaces:/home/nvidia/piek-src/install/serial:/home/nvidia/piek-src/install/joy_control:/home/nvidia/piek-src/install/keyboard_joy:/opt/ros/humble LD_LIBRARY_PATH=/home/nvidia/Motorcar-NEW_ws/install/serial/lib:${LD_LIBRARY_PATH} /usr/bin/cmake --build /home/nvidia/Motorcar-NEW_ws/build/joy_control -- -j12 -l12
[0.118s] [100%] Built target joy_control
[0.140s] Invoked command in '/home/nvidia/Motorcar-NEW_ws/build/joy_control' returned '0': AMENT_PREFIX_PATH=/home/nvidia/Motorcar-NEW_ws/install/serial:${AMENT_PREFIX_PATH} CMAKE_PREFIX_PATH=/home/nvidia/Motorcar-NEW_ws/install/serial:/home/nvidia/piek-src/install/motor_control:/home/nvidia/piek-src/install/willy_interfaces:/home/nvidia/piek-src/install/serial:/home/nvidia/piek-src/install/joy_control:/home/nvidia/piek-src/install/keyboard_joy:/opt/ros/humble LD_LIBRARY_PATH=/home/nvidia/Motorcar-NEW_ws/install/serial/lib:${LD_LIBRARY_PATH} /usr/bin/cmake --build /home/nvidia/Motorcar-NEW_ws/build/joy_control -- -j12 -l12
[0.143s] Invoking command in '/home/nvidia/Motorcar-NEW_ws/build/joy_control': AMENT_PREFIX_PATH=/home/nvidia/Motorcar-NEW_ws/install/serial:${AMENT_PREFIX_PATH} CMAKE_PREFIX_PATH=/home/nvidia/Motorcar-NEW_ws/install/serial:/home/nvidia/piek-src/install/motor_control:/home/nvidia/piek-src/install/willy_interfaces:/home/nvidia/piek-src/install/serial:/home/nvidia/piek-src/install/joy_control:/home/nvidia/piek-src/install/keyboard_joy:/opt/ros/humble LD_LIBRARY_PATH=/home/nvidia/Motorcar-NEW_ws/install/serial/lib:${LD_LIBRARY_PATH} /usr/bin/cmake --install /home/nvidia/Motorcar-NEW_ws/build/joy_control
[0.160s] -- Install configuration: ""
[0.160s] -- Up-to-date: /home/nvidia/Motorcar-NEW_ws/install/joy_control/lib/joy_control/joy_control
[0.160s] -- Up-to-date: /home/nvidia/Motorcar-NEW_ws/install/joy_control/share/ament_index/resource_index/package_run_dependencies/joy_control
[0.160s] -- Up-to-date: /home/nvidia/Motorcar-NEW_ws/install/joy_control/share/ament_index/resource_index/parent_prefix_path/joy_control
[0.161s] -- Up-to-date: /home/nvidia/Motorcar-NEW_ws/install/joy_control/share/joy_control/environment/ament_prefix_path.sh
[0.161s] -- Up-to-date: /home/nvidia/Motorcar-NEW_ws/install/joy_control/share/joy_control/environment/ament_prefix_path.dsv
[0.161s] -- Up-to-date: /home/nvidia/Motorcar-NEW_ws/install/joy_control/share/joy_control/environment/path.sh
[0.161s] -- Up-to-date: /home/nvidia/Motorcar-NEW_ws/install/joy_control/share/joy_control/environment/path.dsv
[0.161s] -- Up-to-date: /home/nvidia/Motorcar-NEW_ws/install/joy_control/share/joy_control/local_setup.bash
[0.161s] -- Up-to-date: /home/nvidia/Motorcar-NEW_ws/install/joy_control/share/joy_control/local_setup.sh
[0.161s] -- Up-to-date: /home/nvidia/Motorcar-NEW_ws/install/joy_control/share/joy_control/local_setup.zsh
[0.161s] -- Up-to-date: /home/nvidia/Motorcar-NEW_ws/install/joy_control/share/joy_control/local_setup.dsv
[0.161s] -- Installing: /home/nvidia/Motorcar-NEW_ws/install/joy_control/share/joy_control/package.dsv
[0.162s] -- Up-to-date: /home/nvidia/Motorcar-NEW_ws/install/joy_control/share/ament_index/resource_index/packages/joy_control
[0.162s] -- Up-to-date: /home/nvidia/Motorcar-NEW_ws/install/joy_control/share/joy_control/cmake/joy_controlConfig.cmake
[0.162s] -- Up-to-date: /home/nvidia/Motorcar-NEW_ws/install/joy_control/share/joy_control/cmake/joy_controlConfig-version.cmake
[0.162s] -- Up-to-date: /home/nvidia/Motorcar-NEW_ws/install/joy_control/share/joy_control/package.xml
[0.166s] Invoked command in '/home/nvidia/Motorcar-NEW_ws/build/joy_control' returned '0': AMENT_PREFIX_PATH=/home/nvidia/Motorcar-NEW_ws/install/serial:${AMENT_PREFIX_PATH} CMAKE_PREFIX_PATH=/home/nvidia/Motorcar-NEW_ws/install/serial:/home/nvidia/piek-src/install/motor_control:/home/nvidia/piek-src/install/willy_interfaces:/home/nvidia/piek-src/install/serial:/home/nvidia/piek-src/install/joy_control:/home/nvidia/piek-src/install/keyboard_joy:/opt/ros/humble LD_LIBRARY_PATH=/home/nvidia/Motorcar-NEW_ws/install/serial/lib:${LD_LIBRARY_PATH} /usr/bin/cmake --install /home/nvidia/Motorcar-NEW_ws/build/joy_control
