[0.026s] Invoking command in '/home/nvidia/Motorcar-NEW_ws/build/zlac8015d_serial': AMENT_PREFIX_PATH=/home/nvidia/Motorcar-NEW_ws/install/joy_control:/home/nvidia/Motorcar-NEW_ws/install/serial:/home/nvidia/Motorcar-NEW_ws/install/keyboard_joy:${AMENT_PREFIX_PATH} CMAKE_PREFIX_PATH=/home/nvidia/Motorcar-NEW_ws/install/joy_control:/home/nvidia/Motorcar-NEW_ws/install/serial:/home/nvidia/piek-src/install/motor_control:/home/nvidia/piek-src/install/willy_interfaces:/home/nvidia/piek-src/install/serial:/home/nvidia/piek-src/install/joy_control:/home/nvidia/piek-src/install/keyboard_joy:/opt/ros/humble LD_LIBRARY_PATH=/home/nvidia/Motorcar-NEW_ws/install/serial/lib:${LD_LIBRARY_PATH} PYTHONPATH=/home/nvidia/Motorcar-NEW_ws/install/keyboard_joy/lib/python3.10/site-packages:${PYTHONPATH} /usr/bin/cmake --build /home/nvidia/Motorcar-NEW_ws/build/zlac8015d_serial -- -j12 -l12
[0.123s] [ 21%] Built target example
[0.123s] [ 35%] Built target zlac8015d
[0.128s] [ 57%] [32mBuilding CXX object CMakeFiles/Motorctl.dir/src/Motorctl.cpp.o[0m
[0.129s] [ 64%] Built target SimpleControl
[0.130s] [ 85%] Built target Motorrcv
[23.662s] [ 92%] [32m[1mLinking CXX executable Motorctl[0m
[24.950s] [100%] Built target Motorctl
[24.972s] Invoked command in '/home/nvidia/Motorcar-NEW_ws/build/zlac8015d_serial' returned '0': AMENT_PREFIX_PATH=/home/nvidia/Motorcar-NEW_ws/install/joy_control:/home/nvidia/Motorcar-NEW_ws/install/serial:/home/nvidia/Motorcar-NEW_ws/install/keyboard_joy:${AMENT_PREFIX_PATH} CMAKE_PREFIX_PATH=/home/nvidia/Motorcar-NEW_ws/install/joy_control:/home/nvidia/Motorcar-NEW_ws/install/serial:/home/nvidia/piek-src/install/motor_control:/home/nvidia/piek-src/install/willy_interfaces:/home/nvidia/piek-src/install/serial:/home/nvidia/piek-src/install/joy_control:/home/nvidia/piek-src/install/keyboard_joy:/opt/ros/humble LD_LIBRARY_PATH=/home/nvidia/Motorcar-NEW_ws/install/serial/lib:${LD_LIBRARY_PATH} PYTHONPATH=/home/nvidia/Motorcar-NEW_ws/install/keyboard_joy/lib/python3.10/site-packages:${PYTHONPATH} /usr/bin/cmake --build /home/nvidia/Motorcar-NEW_ws/build/zlac8015d_serial -- -j12 -l12
[24.977s] Invoking command in '/home/nvidia/Motorcar-NEW_ws/build/zlac8015d_serial': AMENT_PREFIX_PATH=/home/nvidia/Motorcar-NEW_ws/install/joy_control:/home/nvidia/Motorcar-NEW_ws/install/serial:/home/nvidia/Motorcar-NEW_ws/install/keyboard_joy:${AMENT_PREFIX_PATH} CMAKE_PREFIX_PATH=/home/nvidia/Motorcar-NEW_ws/install/joy_control:/home/nvidia/Motorcar-NEW_ws/install/serial:/home/nvidia/piek-src/install/motor_control:/home/nvidia/piek-src/install/willy_interfaces:/home/nvidia/piek-src/install/serial:/home/nvidia/piek-src/install/joy_control:/home/nvidia/piek-src/install/keyboard_joy:/opt/ros/humble LD_LIBRARY_PATH=/home/nvidia/Motorcar-NEW_ws/install/serial/lib:${LD_LIBRARY_PATH} PYTHONPATH=/home/nvidia/Motorcar-NEW_ws/install/keyboard_joy/lib/python3.10/site-packages:${PYTHONPATH} /usr/bin/cmake --install /home/nvidia/Motorcar-NEW_ws/build/zlac8015d_serial
[24.994s] -- Install configuration: ""
[24.995s] -- Up-to-date: /home/nvidia/Motorcar-NEW_ws/install/zlac8015d_serial/share/zlac8015d_serial/environment/library_path.sh
[24.995s] -- Up-to-date: /home/nvidia/Motorcar-NEW_ws/install/zlac8015d_serial/share/zlac8015d_serial/environment/library_path.dsv
[24.995s] -- Up-to-date: /home/nvidia/Motorcar-NEW_ws/install/zlac8015d_serial/include/include
[24.996s] -- Up-to-date: /home/nvidia/Motorcar-NEW_ws/install/zlac8015d_serial/include/include/Motorctl.h
[24.996s] -- Up-to-date: /home/nvidia/Motorcar-NEW_ws/install/zlac8015d_serial/include/include/zlac8015d.h
[24.996s] -- Up-to-date: /home/nvidia/Motorcar-NEW_ws/install/zlac8015d_serial/include/include/Comm
[24.996s] -- Up-to-date: /home/nvidia/Motorcar-NEW_ws/install/zlac8015d_serial/include/include/Comm/crc_check.h
[24.997s] -- Up-to-date: /home/nvidia/Motorcar-NEW_ws/install/zlac8015d_serial/lib/zlac8015d_serial/example
[24.997s] -- Up-to-date: /home/nvidia/Motorcar-NEW_ws/install/zlac8015d_serial/lib/zlac8015d_serial/SimpleControl
[24.997s] -- Installing: /home/nvidia/Motorcar-NEW_ws/install/zlac8015d_serial/lib/zlac8015d_serial/Motorctl
[25.012s] -- Set runtime path of "/home/nvidia/Motorcar-NEW_ws/install/zlac8015d_serial/lib/zlac8015d_serial/Motorctl" to ""
[25.012s] -- Installing: /home/nvidia/Motorcar-NEW_ws/install/zlac8015d_serial/lib/zlac8015d_serial/Motorrcv
[25.021s] -- Set runtime path of "/home/nvidia/Motorcar-NEW_ws/install/zlac8015d_serial/lib/zlac8015d_serial/Motorrcv" to ""
[25.021s] -- Up-to-date: /home/nvidia/Motorcar-NEW_ws/install/zlac8015d_serial/share/zlac8015d_serial/launch
[25.023s] -- Up-to-date: /home/nvidia/Motorcar-NEW_ws/install/zlac8015d_serial/share/zlac8015d_serial/launch/serial_test.launch.py
[25.023s] -- Up-to-date: /home/nvidia/Motorcar-NEW_ws/install/zlac8015d_serial/share/zlac8015d_serial/launch/joyCH_motor.launch.py
[25.024s] -- Up-to-date: /home/nvidia/Motorcar-NEW_ws/install/zlac8015d_serial/lib/libzlac8015d.a
[25.024s] -- Up-to-date: /home/nvidia/Motorcar-NEW_ws/install/zlac8015d_serial/share/ament_index/resource_index/package_run_dependencies/zlac8015d_serial
[25.024s] -- Up-to-date: /home/nvidia/Motorcar-NEW_ws/install/zlac8015d_serial/share/ament_index/resource_index/parent_prefix_path/zlac8015d_serial
[25.024s] -- Up-to-date: /home/nvidia/Motorcar-NEW_ws/install/zlac8015d_serial/share/zlac8015d_serial/environment/ament_prefix_path.sh
[25.024s] -- Up-to-date: /home/nvidia/Motorcar-NEW_ws/install/zlac8015d_serial/share/zlac8015d_serial/environment/ament_prefix_path.dsv
[25.025s] -- Up-to-date: /home/nvidia/Motorcar-NEW_ws/install/zlac8015d_serial/share/zlac8015d_serial/environment/path.sh
[25.025s] -- Up-to-date: /home/nvidia/Motorcar-NEW_ws/install/zlac8015d_serial/share/zlac8015d_serial/environment/path.dsv
[25.026s] -- Up-to-date: /home/nvidia/Motorcar-NEW_ws/install/zlac8015d_serial/share/zlac8015d_serial/local_setup.bash
[25.026s] -- Up-to-date: /home/nvidia/Motorcar-NEW_ws/install/zlac8015d_serial/share/zlac8015d_serial/local_setup.sh
[25.029s] -- Up-to-date: /home/nvidia/Motorcar-NEW_ws/install/zlac8015d_serial/share/zlac8015d_serial/local_setup.zsh
[25.030s] -- Up-to-date: /home/nvidia/Motorcar-NEW_ws/install/zlac8015d_serial/share/zlac8015d_serial/local_setup.dsv
[25.030s] -- Installing: /home/nvidia/Motorcar-NEW_ws/install/zlac8015d_serial/share/zlac8015d_serial/package.dsv
[25.030s] -- Up-to-date: /home/nvidia/Motorcar-NEW_ws/install/zlac8015d_serial/share/ament_index/resource_index/packages/zlac8015d_serial
[25.031s] -- Up-to-date: /home/nvidia/Motorcar-NEW_ws/install/zlac8015d_serial/share/zlac8015d_serial/cmake/zlac8015dExport.cmake
[25.031s] -- Up-to-date: /home/nvidia/Motorcar-NEW_ws/install/zlac8015d_serial/share/zlac8015d_serial/cmake/zlac8015dExport-noconfig.cmake
[25.032s] -- Up-to-date: /home/nvidia/Motorcar-NEW_ws/install/zlac8015d_serial/share/zlac8015d_serial/cmake/ament_cmake_export_targets-extras.cmake
[25.032s] -- Up-to-date: /home/nvidia/Motorcar-NEW_ws/install/zlac8015d_serial/share/zlac8015d_serial/cmake/zlac8015d_serialConfig.cmake
[25.033s] -- Up-to-date: /home/nvidia/Motorcar-NEW_ws/install/zlac8015d_serial/share/zlac8015d_serial/cmake/zlac8015d_serialConfig-version.cmake
[25.033s] -- Up-to-date: /home/nvidia/Motorcar-NEW_ws/install/zlac8015d_serial/share/zlac8015d_serial/package.xml
[25.034s] Invoked command in '/home/nvidia/Motorcar-NEW_ws/build/zlac8015d_serial' returned '0': AMENT_PREFIX_PATH=/home/nvidia/Motorcar-NEW_ws/install/joy_control:/home/nvidia/Motorcar-NEW_ws/install/serial:/home/nvidia/Motorcar-NEW_ws/install/keyboard_joy:${AMENT_PREFIX_PATH} CMAKE_PREFIX_PATH=/home/nvidia/Motorcar-NEW_ws/install/joy_control:/home/nvidia/Motorcar-NEW_ws/install/serial:/home/nvidia/piek-src/install/motor_control:/home/nvidia/piek-src/install/willy_interfaces:/home/nvidia/piek-src/install/serial:/home/nvidia/piek-src/install/joy_control:/home/nvidia/piek-src/install/keyboard_joy:/opt/ros/humble LD_LIBRARY_PATH=/home/nvidia/Motorcar-NEW_ws/install/serial/lib:${LD_LIBRARY_PATH} PYTHONPATH=/home/nvidia/Motorcar-NEW_ws/install/keyboard_joy/lib/python3.10/site-packages:${PYTHONPATH} /usr/bin/cmake --install /home/nvidia/Motorcar-NEW_ws/build/zlac8015d_serial
