[0.022s] Invoking command in '/home/nvidia/MotorcarV1.1_ws/build/joy_control': CMAKE_PREFIX_PATH=/home/nvidia/MotorcarV1.1_ws/install/serial:/home/nvidia/MotorcarV1.1_ws/install/keyboard_joy:/home/nvidia/piek-src/install/keyboard_joy:/opt/ros/humble:/home/nvidia/MotorcarV1.1_ws/install/motorcar_bringup:/home/nvidia/MotorcarV1.1_ws/install/zlac8015d_serial:/home/nvidia/MotorcarV1.1_ws/install/joy_control:/home/nvidia/MotorcarV1.1_ws/install/nav_sim:/home/nvidia/MotorcarV1.1_ws/install/amr_description:/home/nvidia/piek-src/install/motor_control:/home/nvidia/piek-src/install/willy_interfaces:/home/nvidia/piek-src/install/serial:/home/nvidia/piek-src/install/joy_control /usr/bin/cmake --build /home/nvidia/MotorcarV1.1_ws/build/joy_control -- -j12 -l12
[0.137s] [100%] Built target joy_control
[0.159s] Invoked command in '/home/nvidia/MotorcarV1.1_ws/build/joy_control' returned '0': CMAKE_PREFIX_PATH=/home/nvidia/MotorcarV1.1_ws/install/serial:/home/nvidia/MotorcarV1.1_ws/install/keyboard_joy:/home/nvidia/piek-src/install/keyboard_joy:/opt/ros/humble:/home/nvidia/MotorcarV1.1_ws/install/motorcar_bringup:/home/nvidia/MotorcarV1.1_ws/install/zlac8015d_serial:/home/nvidia/MotorcarV1.1_ws/install/joy_control:/home/nvidia/MotorcarV1.1_ws/install/nav_sim:/home/nvidia/MotorcarV1.1_ws/install/amr_description:/home/nvidia/piek-src/install/motor_control:/home/nvidia/piek-src/install/willy_interfaces:/home/nvidia/piek-src/install/serial:/home/nvidia/piek-src/install/joy_control /usr/bin/cmake --build /home/nvidia/MotorcarV1.1_ws/build/joy_control -- -j12 -l12
[0.162s] Invoking command in '/home/nvidia/MotorcarV1.1_ws/build/joy_control': CMAKE_PREFIX_PATH=/home/nvidia/MotorcarV1.1_ws/install/serial:/home/nvidia/MotorcarV1.1_ws/install/keyboard_joy:/home/nvidia/piek-src/install/keyboard_joy:/opt/ros/humble:/home/nvidia/MotorcarV1.1_ws/install/motorcar_bringup:/home/nvidia/MotorcarV1.1_ws/install/zlac8015d_serial:/home/nvidia/MotorcarV1.1_ws/install/joy_control:/home/nvidia/MotorcarV1.1_ws/install/nav_sim:/home/nvidia/MotorcarV1.1_ws/install/amr_description:/home/nvidia/piek-src/install/motor_control:/home/nvidia/piek-src/install/willy_interfaces:/home/nvidia/piek-src/install/serial:/home/nvidia/piek-src/install/joy_control /usr/bin/cmake --install /home/nvidia/MotorcarV1.1_ws/build/joy_control
[0.179s] -- Install configuration: ""
[0.180s] -- Up-to-date: /home/nvidia/MotorcarV1.1_ws/install/joy_control/lib/joy_control/joy_control
[0.181s] -- Up-to-date: /home/nvidia/MotorcarV1.1_ws/install/joy_control/share/ament_index/resource_index/package_run_dependencies/joy_control
[0.181s] -- Up-to-date: /home/nvidia/MotorcarV1.1_ws/install/joy_control/share/ament_index/resource_index/parent_prefix_path/joy_control
[0.181s] -- Up-to-date: /home/nvidia/MotorcarV1.1_ws/install/joy_control/share/joy_control/environment/ament_prefix_path.sh
[0.181s] -- Up-to-date: /home/nvidia/MotorcarV1.1_ws/install/joy_control/share/joy_control/environment/ament_prefix_path.dsv
[0.181s] -- Up-to-date: /home/nvidia/MotorcarV1.1_ws/install/joy_control/share/joy_control/environment/path.sh
[0.182s] -- Up-to-date: /home/nvidia/MotorcarV1.1_ws/install/joy_control/share/joy_control/environment/path.dsv
[0.182s] -- Up-to-date: /home/nvidia/MotorcarV1.1_ws/install/joy_control/share/joy_control/local_setup.bash
[0.182s] -- Up-to-date: /home/nvidia/MotorcarV1.1_ws/install/joy_control/share/joy_control/local_setup.sh
[0.182s] -- Up-to-date: /home/nvidia/MotorcarV1.1_ws/install/joy_control/share/joy_control/local_setup.zsh
[0.182s] -- Up-to-date: /home/nvidia/MotorcarV1.1_ws/install/joy_control/share/joy_control/local_setup.dsv
[0.182s] -- Installing: /home/nvidia/MotorcarV1.1_ws/install/joy_control/share/joy_control/package.dsv
[0.182s] -- Up-to-date: /home/nvidia/MotorcarV1.1_ws/install/joy_control/share/ament_index/resource_index/packages/joy_control
[0.183s] -- Up-to-date: /home/nvidia/MotorcarV1.1_ws/install/joy_control/share/joy_control/cmake/joy_controlConfig.cmake
[0.183s] -- Up-to-date: /home/nvidia/MotorcarV1.1_ws/install/joy_control/share/joy_control/cmake/joy_controlConfig-version.cmake
[0.183s] -- Up-to-date: /home/nvidia/MotorcarV1.1_ws/install/joy_control/share/joy_control/package.xml
[0.187s] Invoked command in '/home/nvidia/MotorcarV1.1_ws/build/joy_control' returned '0': CMAKE_PREFIX_PATH=/home/nvidia/MotorcarV1.1_ws/install/serial:/home/nvidia/MotorcarV1.1_ws/install/keyboard_joy:/home/nvidia/piek-src/install/keyboard_joy:/opt/ros/humble:/home/nvidia/MotorcarV1.1_ws/install/motorcar_bringup:/home/nvidia/MotorcarV1.1_ws/install/zlac8015d_serial:/home/nvidia/MotorcarV1.1_ws/install/joy_control:/home/nvidia/MotorcarV1.1_ws/install/nav_sim:/home/nvidia/MotorcarV1.1_ws/install/amr_description:/home/nvidia/piek-src/install/motor_control:/home/nvidia/piek-src/install/willy_interfaces:/home/nvidia/piek-src/install/serial:/home/nvidia/piek-src/install/joy_control /usr/bin/cmake --install /home/nvidia/MotorcarV1.1_ws/build/joy_control
