[0.036s] Invoking command in '/home/nvidia/MotorcarV1.1_ws/build/motorcar_bringup': AMENT_PREFIX_PATH=/home/nvidia/MotorcarV1.1_ws/install/zlac8015d_serial:/home/nvidia/MotorcarV1.1_ws/install/joy_control:/home/nvidia/MotorcarV1.1_ws/install/serial:/home/nvidia/MotorcarV1.1_ws/install/nav_sim:/home/nvidia/MotorcarV1.1_ws/install/keyboard_joy:${AMENT_PREFIX_PATH} CMAKE_PREFIX_PATH=/home/nvidia/MotorcarV1.1_ws/install/zlac8015d_serial:/home/nvidia/MotorcarV1.1_ws/install/joy_control:/home/nvidia/MotorcarV1.1_ws/install/serial:/home/nvidia/MotorcarV1.1_ws/install/nav_sim:${CMAKE_PREFIX_PATH} LD_LIBRARY_PATH=/home/nvidia/MotorcarV1.1_ws/install/zlac8015d_serial/lib:/home/nvidia/MotorcarV1.1_ws/install/serial/lib:${LD_LIBRARY_PATH} PYTHONPATH=/home/nvidia/MotorcarV1.1_ws/install/keyboard_joy/lib/python3.10/site-packages:${PYTHONPATH} /usr/bin/cmake /home/nvidia/MotorcarV1.1_ws/src/bringup -DCATKIN_INSTALL_INTO_PREFIX_ROOT=0 -DCMAKE_INSTALL_PREFIX=/home/nvidia/MotorcarV1.1_ws/install/motorcar_bringup
[0.155s] -- The C compiler identification is GNU 11.4.0
[0.261s] -- The CXX compiler identification is GNU 11.4.0
[0.285s] -- Detecting C compiler ABI info
[0.434s] -- Detecting C compiler ABI info - done
[0.448s] -- Check for working C compiler: /usr/bin/cc - skipped
[0.449s] -- Detecting C compile features
[0.449s] -- Detecting C compile features - done
[0.460s] -- Detecting CXX compiler ABI info
[0.618s] -- Detecting CXX compiler ABI info - done
[0.644s] -- Check for working CXX compiler: /usr/bin/c++ - skipped
[0.645s] -- Detecting CXX compile features
[0.647s] -- Detecting CXX compile features - done
[0.658s] -- Found ament_cmake: 1.3.12 (/opt/ros/humble/share/ament_cmake/cmake)
[0.960s] -- Found Python3: /usr/bin/python3 (found version "3.10.12") found components: Interpreter 
[1.270s] -- Configuring done
[1.277s] -- Generating done
[1.278s] [33mCMake Warning:
[1.279s]   Manually-specified variables were not used by the project:
[1.279s] 
[1.279s]     CATKIN_INSTALL_INTO_PREFIX_ROOT
[1.280s] 
[1.280s] [0m
[1.281s] -- Build files have been written to: /home/nvidia/MotorcarV1.1_ws/build/motorcar_bringup
[1.293s] Invoked command in '/home/nvidia/MotorcarV1.1_ws/build/motorcar_bringup' returned '0': AMENT_PREFIX_PATH=/home/nvidia/MotorcarV1.1_ws/install/zlac8015d_serial:/home/nvidia/MotorcarV1.1_ws/install/joy_control:/home/nvidia/MotorcarV1.1_ws/install/serial:/home/nvidia/MotorcarV1.1_ws/install/nav_sim:/home/nvidia/MotorcarV1.1_ws/install/keyboard_joy:${AMENT_PREFIX_PATH} CMAKE_PREFIX_PATH=/home/nvidia/MotorcarV1.1_ws/install/zlac8015d_serial:/home/nvidia/MotorcarV1.1_ws/install/joy_control:/home/nvidia/MotorcarV1.1_ws/install/serial:/home/nvidia/MotorcarV1.1_ws/install/nav_sim:${CMAKE_PREFIX_PATH} LD_LIBRARY_PATH=/home/nvidia/MotorcarV1.1_ws/install/zlac8015d_serial/lib:/home/nvidia/MotorcarV1.1_ws/install/serial/lib:${LD_LIBRARY_PATH} PYTHONPATH=/home/nvidia/MotorcarV1.1_ws/install/keyboard_joy/lib/python3.10/site-packages:${PYTHONPATH} /usr/bin/cmake /home/nvidia/MotorcarV1.1_ws/src/bringup -DCATKIN_INSTALL_INTO_PREFIX_ROOT=0 -DCMAKE_INSTALL_PREFIX=/home/nvidia/MotorcarV1.1_ws/install/motorcar_bringup
[1.298s] Invoking command in '/home/nvidia/MotorcarV1.1_ws/build/motorcar_bringup': AMENT_PREFIX_PATH=/home/nvidia/MotorcarV1.1_ws/install/zlac8015d_serial:/home/nvidia/MotorcarV1.1_ws/install/joy_control:/home/nvidia/MotorcarV1.1_ws/install/serial:/home/nvidia/MotorcarV1.1_ws/install/nav_sim:/home/nvidia/MotorcarV1.1_ws/install/keyboard_joy:${AMENT_PREFIX_PATH} CMAKE_PREFIX_PATH=/home/nvidia/MotorcarV1.1_ws/install/zlac8015d_serial:/home/nvidia/MotorcarV1.1_ws/install/joy_control:/home/nvidia/MotorcarV1.1_ws/install/serial:/home/nvidia/MotorcarV1.1_ws/install/nav_sim:${CMAKE_PREFIX_PATH} LD_LIBRARY_PATH=/home/nvidia/MotorcarV1.1_ws/install/zlac8015d_serial/lib:/home/nvidia/MotorcarV1.1_ws/install/serial/lib:${LD_LIBRARY_PATH} PYTHONPATH=/home/nvidia/MotorcarV1.1_ws/install/keyboard_joy/lib/python3.10/site-packages:${PYTHONPATH} /usr/bin/cmake --build /home/nvidia/MotorcarV1.1_ws/build/motorcar_bringup -- -j12 -l12
[1.375s] Invoked command in '/home/nvidia/MotorcarV1.1_ws/build/motorcar_bringup' returned '0': AMENT_PREFIX_PATH=/home/nvidia/MotorcarV1.1_ws/install/zlac8015d_serial:/home/nvidia/MotorcarV1.1_ws/install/joy_control:/home/nvidia/MotorcarV1.1_ws/install/serial:/home/nvidia/MotorcarV1.1_ws/install/nav_sim:/home/nvidia/MotorcarV1.1_ws/install/keyboard_joy:${AMENT_PREFIX_PATH} CMAKE_PREFIX_PATH=/home/nvidia/MotorcarV1.1_ws/install/zlac8015d_serial:/home/nvidia/MotorcarV1.1_ws/install/joy_control:/home/nvidia/MotorcarV1.1_ws/install/serial:/home/nvidia/MotorcarV1.1_ws/install/nav_sim:${CMAKE_PREFIX_PATH} LD_LIBRARY_PATH=/home/nvidia/MotorcarV1.1_ws/install/zlac8015d_serial/lib:/home/nvidia/MotorcarV1.1_ws/install/serial/lib:${LD_LIBRARY_PATH} PYTHONPATH=/home/nvidia/MotorcarV1.1_ws/install/keyboard_joy/lib/python3.10/site-packages:${PYTHONPATH} /usr/bin/cmake --build /home/nvidia/MotorcarV1.1_ws/build/motorcar_bringup -- -j12 -l12
[1.381s] Invoking command in '/home/nvidia/MotorcarV1.1_ws/build/motorcar_bringup': AMENT_PREFIX_PATH=/home/nvidia/MotorcarV1.1_ws/install/zlac8015d_serial:/home/nvidia/MotorcarV1.1_ws/install/joy_control:/home/nvidia/MotorcarV1.1_ws/install/serial:/home/nvidia/MotorcarV1.1_ws/install/nav_sim:/home/nvidia/MotorcarV1.1_ws/install/keyboard_joy:${AMENT_PREFIX_PATH} CMAKE_PREFIX_PATH=/home/nvidia/MotorcarV1.1_ws/install/zlac8015d_serial:/home/nvidia/MotorcarV1.1_ws/install/joy_control:/home/nvidia/MotorcarV1.1_ws/install/serial:/home/nvidia/MotorcarV1.1_ws/install/nav_sim:${CMAKE_PREFIX_PATH} LD_LIBRARY_PATH=/home/nvidia/MotorcarV1.1_ws/install/zlac8015d_serial/lib:/home/nvidia/MotorcarV1.1_ws/install/serial/lib:${LD_LIBRARY_PATH} PYTHONPATH=/home/nvidia/MotorcarV1.1_ws/install/keyboard_joy/lib/python3.10/site-packages:${PYTHONPATH} /usr/bin/cmake --install /home/nvidia/MotorcarV1.1_ws/build/motorcar_bringup
[1.397s] -- Install configuration: ""
[1.397s] -- Installing: /home/nvidia/MotorcarV1.1_ws/install/motorcar_bringup/share/motorcar_bringup
[1.397s] -- Installing: /home/nvidia/MotorcarV1.1_ws/install/motorcar_bringup/share/motorcar_bringup/bringup.launch.py
[1.398s] -- Installing: /home/nvidia/MotorcarV1.1_ws/install/motorcar_bringup/share/ament_index/resource_index/package_run_dependencies/motorcar_bringup
[1.398s] -- Installing: /home/nvidia/MotorcarV1.1_ws/install/motorcar_bringup/share/ament_index/resource_index/parent_prefix_path/motorcar_bringup
[1.399s] -- Installing: /home/nvidia/MotorcarV1.1_ws/install/motorcar_bringup/share/motorcar_bringup/environment/ament_prefix_path.sh
[1.399s] -- Installing: /home/nvidia/MotorcarV1.1_ws/install/motorcar_bringup/share/motorcar_bringup/environment/ament_prefix_path.dsv
[1.399s] -- Installing: /home/nvidia/MotorcarV1.1_ws/install/motorcar_bringup/share/motorcar_bringup/environment/path.sh
[1.400s] -- Installing: /home/nvidia/MotorcarV1.1_ws/install/motorcar_bringup/share/motorcar_bringup/environment/path.dsv
[1.400s] -- Installing: /home/nvidia/MotorcarV1.1_ws/install/motorcar_bringup/share/motorcar_bringup/local_setup.bash
[1.400s] -- Installing: /home/nvidia/MotorcarV1.1_ws/install/motorcar_bringup/share/motorcar_bringup/local_setup.sh
[1.400s] -- Installing: /home/nvidia/MotorcarV1.1_ws/install/motorcar_bringup/share/motorcar_bringup/local_setup.zsh
[1.401s] -- Installing: /home/nvidia/MotorcarV1.1_ws/install/motorcar_bringup/share/motorcar_bringup/local_setup.dsv
[1.401s] -- Installing: /home/nvidia/MotorcarV1.1_ws/install/motorcar_bringup/share/motorcar_bringup/package.dsv
[1.402s] -- Installing: /home/nvidia/MotorcarV1.1_ws/install/motorcar_bringup/share/ament_index/resource_index/packages/motorcar_bringup
[1.402s] -- Installing: /home/nvidia/MotorcarV1.1_ws/install/motorcar_bringup/share/motorcar_bringup/cmake/motorcar_bringupConfig.cmake
[1.402s] -- Installing: /home/nvidia/MotorcarV1.1_ws/install/motorcar_bringup/share/motorcar_bringup/cmake/motorcar_bringupConfig-version.cmake
[1.403s] -- Installing: /home/nvidia/MotorcarV1.1_ws/install/motorcar_bringup/share/motorcar_bringup/package.xml
[1.406s] Invoked command in '/home/nvidia/MotorcarV1.1_ws/build/motorcar_bringup' returned '0': AMENT_PREFIX_PATH=/home/nvidia/MotorcarV1.1_ws/install/zlac8015d_serial:/home/nvidia/MotorcarV1.1_ws/install/joy_control:/home/nvidia/MotorcarV1.1_ws/install/serial:/home/nvidia/MotorcarV1.1_ws/install/nav_sim:/home/nvidia/MotorcarV1.1_ws/install/keyboard_joy:${AMENT_PREFIX_PATH} CMAKE_PREFIX_PATH=/home/nvidia/MotorcarV1.1_ws/install/zlac8015d_serial:/home/nvidia/MotorcarV1.1_ws/install/joy_control:/home/nvidia/MotorcarV1.1_ws/install/serial:/home/nvidia/MotorcarV1.1_ws/install/nav_sim:${CMAKE_PREFIX_PATH} LD_LIBRARY_PATH=/home/nvidia/MotorcarV1.1_ws/install/zlac8015d_serial/lib:/home/nvidia/MotorcarV1.1_ws/install/serial/lib:${LD_LIBRARY_PATH} PYTHONPATH=/home/nvidia/MotorcarV1.1_ws/install/keyboard_joy/lib/python3.10/site-packages:${PYTHONPATH} /usr/bin/cmake --install /home/nvidia/MotorcarV1.1_ws/build/motorcar_bringup
