[0.417s] Invoking command in '/home/nvidia/Motorcar-NEW_ws/build/nav_sim': CMAKE_PREFIX_PATH=${CMAKE_PREFIX_PATH}:/home/nvidia/piek-src/install/keyboard_joy:/opt/ros/humble /usr/bin/cmake /home/nvidia/Motorcar-NEW_ws/src/nav_sim -DCMAKE_INSTALL_PREFIX=/home/nvidia/Motorcar-NEW_ws/install/nav_sim
[0.500s] -- The C compiler identification is GNU 11.4.0
[0.583s] -- The CXX compiler identification is GNU 11.4.0
[0.599s] -- Detecting C compiler ABI info
[0.716s] -- Detecting C compiler ABI info - done
[0.725s] -- Check for working C compiler: /usr/bin/cc - skipped
[0.726s] -- Detecting C compile features
[0.727s] -- Detecting C compile features - done
[0.736s] -- Detecting CXX compiler ABI info
[0.864s] -- Detecting CXX compiler ABI info - done
[0.889s] -- Check for working CXX compiler: /usr/bin/c++ - skipped
[0.890s] -- Detecting CXX compile features
[0.892s] -- Detecting CXX compile features - done
[0.901s] -- Found ament_cmake: 1.3.12 (/opt/ros/humble/share/ament_cmake/cmake)
[1.188s] -- Found Python3: /usr/bin/python3 (found version "3.10.12") found components: Interpreter 
[1.342s] -- Found rclcpp: 16.0.14 (/opt/ros/humble/share/rclcpp/cmake)
[1.420s] -- Found rosidl_generator_c: 3.1.7 (/opt/ros/humble/share/rosidl_generator_c/cmake)
[1.428s] -- Found rosidl_adapter: 3.1.7 (/opt/ros/humble/share/rosidl_adapter/cmake)
[1.442s] -- Found rosidl_generator_cpp: 3.1.7 (/opt/ros/humble/share/rosidl_generator_cpp/cmake)
[1.462s] -- Using all available rosidl_typesupport_c: rosidl_typesupport_fastrtps_c;rosidl_typesupport_introspection_c
[1.487s] -- Using all available rosidl_typesupport_cpp: rosidl_typesupport_fastrtps_cpp;rosidl_typesupport_introspection_cpp
[1.556s] -- Found rmw_implementation_cmake: 6.1.2 (/opt/ros/humble/share/rmw_implementation_cmake/cmake)
[1.560s] -- Found rmw_fastrtps_cpp: 6.2.8 (/opt/ros/humble/share/rmw_fastrtps_cpp/cmake)
[1.684s] -- Found OpenSSL: /usr/lib/aarch64-linux-gnu/libcrypto.so (found version "3.0.2")  
[1.729s] -- Found FastRTPS: /opt/ros/humble/include  
[1.786s] -- Using RMW implementation 'rmw_fastrtps_cpp' as default
[1.801s] -- Looking for pthread.h
[1.922s] -- Looking for pthread.h - found
[1.923s] -- Performing Test CMAKE_HAVE_LIBC_PTHREAD
[2.056s] -- Performing Test CMAKE_HAVE_LIBC_PTHREAD - Success
[2.057s] -- Found Threads: TRUE  
[2.141s] -- Found geometry_msgs: 4.9.0 (/opt/ros/humble/share/geometry_msgs/cmake)
[2.286s] -- Configuring done
[2.303s] -- Generating done
[2.308s] -- Build files have been written to: /home/nvidia/Motorcar-NEW_ws/build/nav_sim
[2.377s] Invoked command in '/home/nvidia/Motorcar-NEW_ws/build/nav_sim' returned '0': CMAKE_PREFIX_PATH=${CMAKE_PREFIX_PATH}:/home/nvidia/piek-src/install/keyboard_joy:/opt/ros/humble /usr/bin/cmake /home/nvidia/Motorcar-NEW_ws/src/nav_sim -DCMAKE_INSTALL_PREFIX=/home/nvidia/Motorcar-NEW_ws/install/nav_sim
[2.380s] Invoking command in '/home/nvidia/Motorcar-NEW_ws/build/nav_sim': CMAKE_PREFIX_PATH=${CMAKE_PREFIX_PATH}:/home/nvidia/piek-src/install/keyboard_joy:/opt/ros/humble /usr/bin/cmake --build /home/nvidia/Motorcar-NEW_ws/build/nav_sim -- -j12 -l12
[2.472s] [ 50%] [32mBuilding CXX object CMakeFiles/NAV_cmd.dir/src/NAV_cmd.cpp.o[0m
[16.983s] [100%] [32m[1mLinking CXX executable NAV_cmd[0m
[17.689s] [100%] Built target NAV_cmd
[17.710s] Invoked command in '/home/nvidia/Motorcar-NEW_ws/build/nav_sim' returned '0': CMAKE_PREFIX_PATH=${CMAKE_PREFIX_PATH}:/home/nvidia/piek-src/install/keyboard_joy:/opt/ros/humble /usr/bin/cmake --build /home/nvidia/Motorcar-NEW_ws/build/nav_sim -- -j12 -l12
[17.714s] Invoking command in '/home/nvidia/Motorcar-NEW_ws/build/nav_sim': CMAKE_PREFIX_PATH=${CMAKE_PREFIX_PATH}:/home/nvidia/piek-src/install/keyboard_joy:/opt/ros/humble /usr/bin/cmake --install /home/nvidia/Motorcar-NEW_ws/build/nav_sim
[17.729s] -- Install configuration: ""
[17.729s] -- Installing: /home/nvidia/Motorcar-NEW_ws/install/nav_sim/lib/nav_sim/NAV_cmd
[17.736s] -- Set runtime path of "/home/nvidia/Motorcar-NEW_ws/install/nav_sim/lib/nav_sim/NAV_cmd" to ""
[17.737s] -- Installing: /home/nvidia/Motorcar-NEW_ws/install/nav_sim/share/ament_index/resource_index/package_run_dependencies/nav_sim
[17.737s] -- Installing: /home/nvidia/Motorcar-NEW_ws/install/nav_sim/share/ament_index/resource_index/parent_prefix_path/nav_sim
[17.737s] -- Installing: /home/nvidia/Motorcar-NEW_ws/install/nav_sim/share/nav_sim/environment/ament_prefix_path.sh
[17.737s] -- Installing: /home/nvidia/Motorcar-NEW_ws/install/nav_sim/share/nav_sim/environment/ament_prefix_path.dsv
[17.738s] -- Installing: /home/nvidia/Motorcar-NEW_ws/install/nav_sim/share/nav_sim/environment/path.sh
[17.738s] -- Installing: /home/nvidia/Motorcar-NEW_ws/install/nav_sim/share/nav_sim/environment/path.dsv
[17.738s] -- Installing: /home/nvidia/Motorcar-NEW_ws/install/nav_sim/share/nav_sim/local_setup.bash
[17.738s] -- Installing: /home/nvidia/Motorcar-NEW_ws/install/nav_sim/share/nav_sim/local_setup.sh
[17.739s] -- Installing: /home/nvidia/Motorcar-NEW_ws/install/nav_sim/share/nav_sim/local_setup.zsh
[17.739s] -- Installing: /home/nvidia/Motorcar-NEW_ws/install/nav_sim/share/nav_sim/local_setup.dsv
[17.739s] -- Installing: /home/nvidia/Motorcar-NEW_ws/install/nav_sim/share/nav_sim/package.dsv
[17.739s] -- Installing: /home/nvidia/Motorcar-NEW_ws/install/nav_sim/share/ament_index/resource_index/packages/nav_sim
[17.739s] -- Installing: /home/nvidia/Motorcar-NEW_ws/install/nav_sim/share/nav_sim/cmake/nav_simConfig.cmake
[17.740s] -- Installing: /home/nvidia/Motorcar-NEW_ws/install/nav_sim/share/nav_sim/cmake/nav_simConfig-version.cmake
[17.740s] -- Installing: /home/nvidia/Motorcar-NEW_ws/install/nav_sim/share/nav_sim/package.xml
[17.744s] Invoked command in '/home/nvidia/Motorcar-NEW_ws/build/nav_sim' returned '0': CMAKE_PREFIX_PATH=${CMAKE_PREFIX_PATH}:/home/nvidia/piek-src/install/keyboard_joy:/opt/ros/humble /usr/bin/cmake --install /home/nvidia/Motorcar-NEW_ws/build/nav_sim
