[1.042s] Invoking command in '/home/nvidia/MotorcarV1.1_ws/src/keyboard_joy': PYTHONPATH=/home/nvidia/MotorcarV1.1_ws/build/keyboard_joy/prefix_override:/usr/lib/python3/dist-packages/colcon_core/task/python/colcon_distutils_commands:/home/nvidia/MotorcarV1.1_ws/install/keyboard_joy/lib/python3.10/site-packages:${PYTHONPATH} /usr/bin/python3 -W ignore:setup.py install is deprecated -W ignore:easy_install command is deprecated setup.py egg_info --egg-base ../../build/keyboard_joy build --build-base /home/nvidia/MotorcarV1.1_ws/build/keyboard_joy/build install --record /home/nvidia/MotorcarV1.1_ws/build/keyboard_joy/install.log --single-version-externally-managed install_data
[1.396s] running egg_info
[1.397s] writing ../../build/keyboard_joy/keyboard_joy.egg-info/PKG-INFO
[1.408s] writing dependency_links to ../../build/keyboard_joy/keyboard_joy.egg-info/dependency_links.txt
[1.408s] writing entry points to ../../build/keyboard_joy/keyboard_joy.egg-info/entry_points.txt
[1.409s] writing requirements to ../../build/keyboard_joy/keyboard_joy.egg-info/requires.txt
[1.409s] writing top-level names to ../../build/keyboard_joy/keyboard_joy.egg-info/top_level.txt
[1.411s] reading manifest file '../../build/keyboard_joy/keyboard_joy.egg-info/SOURCES.txt'
[1.413s] writing manifest file '../../build/keyboard_joy/keyboard_joy.egg-info/SOURCES.txt'
[1.413s] running build
[1.414s] running build_py
[1.414s] running install
[1.415s] running install_lib
[1.416s] running install_data
[1.417s] running install_egg_info
[1.419s] removing '/home/nvidia/MotorcarV1.1_ws/install/keyboard_joy/lib/python3.10/site-packages/keyboard_joy-0.0.1-py3.10.egg-info' (and everything under it)
[1.420s] Copying ../../build/keyboard_joy/keyboard_joy.egg-info to /home/nvidia/MotorcarV1.1_ws/install/keyboard_joy/lib/python3.10/site-packages/keyboard_joy-0.0.1-py3.10.egg-info
[1.421s] running install_scripts
[1.453s] Installing joy_node script to /home/nvidia/MotorcarV1.1_ws/install/keyboard_joy/lib/keyboard_joy
[1.453s] writing list of installed files to '/home/nvidia/MotorcarV1.1_ws/build/keyboard_joy/install.log'
[1.510s] Invoked command in '/home/nvidia/MotorcarV1.1_ws/src/keyboard_joy' returned '0': PYTHONPATH=/home/nvidia/MotorcarV1.1_ws/build/keyboard_joy/prefix_override:/usr/lib/python3/dist-packages/colcon_core/task/python/colcon_distutils_commands:/home/nvidia/MotorcarV1.1_ws/install/keyboard_joy/lib/python3.10/site-packages:${PYTHONPATH} /usr/bin/python3 -W ignore:setup.py install is deprecated -W ignore:easy_install command is deprecated setup.py egg_info --egg-base ../../build/keyboard_joy build --build-base /home/nvidia/MotorcarV1.1_ws/build/keyboard_joy/build install --record /home/nvidia/MotorcarV1.1_ws/build/keyboard_joy/install.log --single-version-externally-managed install_data
