[0.034s] Invoking command in '/home/nvidia/Motorcar-NEW_ws/build/serial': CMAKE_PREFIX_PATH=${CMAKE_PREFIX_PATH}:/home/nvidia/piek-src/install/keyboard_joy:/opt/ros/humble /usr/bin/cmake /home/nvidia/Motorcar-NEW_ws/src/serial-ros2 -DCMAKE_INSTALL_PREFIX=/home/nvidia/Motorcar-NEW_ws/install/serial
[0.433s] -- The C compiler identification is GNU 11.4.0
[0.434s] -- The CXX compiler identification is GNU 11.4.0
[0.435s] -- Detecting C compiler ABI info
[0.469s] -- Detecting C compiler ABI info - done
[0.491s] -- Check for working C compiler: /usr/bin/cc - skipped
[0.492s] -- Detecting C compile features
[0.494s] -- Detecting C compile features - done
[0.505s] -- Detecting CXX compiler ABI info
[0.649s] -- Detecting CXX compiler ABI info - done
[0.674s] -- Check for working CXX compiler: /usr/bin/c++ - skipped
[0.675s] -- Detecting CXX compile features
[0.677s] -- Detecting CXX compile features - done
[0.689s] -- Found ament_cmake: 1.3.12 (/opt/ros/humble/share/ament_cmake/cmake)
[0.963s] -- Found Python3: /usr/bin/python3 (found version "3.10.12") found components: Interpreter 
[1.236s] -- Configuring done
[1.242s] -- Generating done
[1.245s] -- Build files have been written to: /home/nvidia/Motorcar-NEW_ws/build/serial
[1.255s] Invoked command in '/home/nvidia/Motorcar-NEW_ws/build/serial' returned '0': CMAKE_PREFIX_PATH=${CMAKE_PREFIX_PATH}:/home/nvidia/piek-src/install/keyboard_joy:/opt/ros/humble /usr/bin/cmake /home/nvidia/Motorcar-NEW_ws/src/serial-ros2 -DCMAKE_INSTALL_PREFIX=/home/nvidia/Motorcar-NEW_ws/install/serial
[1.258s] Invoking command in '/home/nvidia/Motorcar-NEW_ws/build/serial': CMAKE_PREFIX_PATH=${CMAKE_PREFIX_PATH}:/home/nvidia/piek-src/install/keyboard_joy:/opt/ros/humble /usr/bin/cmake --build /home/nvidia/Motorcar-NEW_ws/build/serial -- -j12 -l12
[1.339s] [ 75%] [32mBuilding CXX object CMakeFiles/serial.dir/src/impl/list_ports/list_ports_linux.cc.o[0m
[1.339s] [ 75%] [32mBuilding CXX object CMakeFiles/serial.dir/src/impl/unix.cc.o[0m
[1.339s] [ 75%] [32mBuilding CXX object CMakeFiles/serial.dir/src/serial.cc.o[0m
[2.195s] [100%] [32m[1mLinking CXX static library libserial.a[0m
[2.267s] [100%] Built target serial
[2.294s] Invoked command in '/home/nvidia/Motorcar-NEW_ws/build/serial' returned '0': CMAKE_PREFIX_PATH=${CMAKE_PREFIX_PATH}:/home/nvidia/piek-src/install/keyboard_joy:/opt/ros/humble /usr/bin/cmake --build /home/nvidia/Motorcar-NEW_ws/build/serial -- -j12 -l12
[2.314s] Invoking command in '/home/nvidia/Motorcar-NEW_ws/build/serial': CMAKE_PREFIX_PATH=${CMAKE_PREFIX_PATH}:/home/nvidia/piek-src/install/keyboard_joy:/opt/ros/humble /usr/bin/cmake --install /home/nvidia/Motorcar-NEW_ws/build/serial
[2.330s] -- Install configuration: ""
[2.330s] -- Installing: /home/nvidia/Motorcar-NEW_ws/install/serial/share/serial/environment/library_path.sh
[2.330s] -- Installing: /home/nvidia/Motorcar-NEW_ws/install/serial/share/serial/environment/library_path.dsv
[2.330s] -- Installing: /home/nvidia/Motorcar-NEW_ws/install/serial/lib/libserial.a
[2.332s] -- Installing: /home/nvidia/Motorcar-NEW_ws/install/serial/include/serial/serial.h
[2.332s] -- Installing: /home/nvidia/Motorcar-NEW_ws/install/serial/include/serial/v8stdint.h
[2.332s] -- Installing: /home/nvidia/Motorcar-NEW_ws/install/serial/share/ament_index/resource_index/package_run_dependencies/serial
[2.333s] -- Installing: /home/nvidia/Motorcar-NEW_ws/install/serial/share/ament_index/resource_index/parent_prefix_path/serial
[2.333s] -- Installing: /home/nvidia/Motorcar-NEW_ws/install/serial/share/serial/environment/ament_prefix_path.sh
[2.333s] -- Installing: /home/nvidia/Motorcar-NEW_ws/install/serial/share/serial/environment/ament_prefix_path.dsv
[2.334s] -- Installing: /home/nvidia/Motorcar-NEW_ws/install/serial/share/serial/environment/path.sh
[2.334s] -- Installing: /home/nvidia/Motorcar-NEW_ws/install/serial/share/serial/environment/path.dsv
[2.334s] -- Installing: /home/nvidia/Motorcar-NEW_ws/install/serial/share/serial/local_setup.bash
[2.334s] -- Installing: /home/nvidia/Motorcar-NEW_ws/install/serial/share/serial/local_setup.sh
[2.334s] -- Installing: /home/nvidia/Motorcar-NEW_ws/install/serial/share/serial/local_setup.zsh
[2.335s] -- Installing: /home/nvidia/Motorcar-NEW_ws/install/serial/share/serial/local_setup.dsv
[2.335s] -- Installing: /home/nvidia/Motorcar-NEW_ws/install/serial/share/serial/package.dsv
[2.335s] -- Installing: /home/nvidia/Motorcar-NEW_ws/install/serial/share/ament_index/resource_index/packages/serial
[2.335s] -- Installing: /home/nvidia/Motorcar-NEW_ws/install/serial/share/serial/cmake/ament_cmake_export_include_directories-extras.cmake
[2.335s] -- Installing: /home/nvidia/Motorcar-NEW_ws/install/serial/share/serial/cmake/ament_cmake_export_libraries-extras.cmake
[2.335s] -- Installing: /home/nvidia/Motorcar-NEW_ws/install/serial/share/serial/cmake/serialConfig.cmake
[2.336s] -- Installing: /home/nvidia/Motorcar-NEW_ws/install/serial/share/serial/cmake/serialConfig-version.cmake
[2.336s] -- Installing: /home/nvidia/Motorcar-NEW_ws/install/serial/share/serial/package.xml
[2.341s] Invoked command in '/home/nvidia/Motorcar-NEW_ws/build/serial' returned '0': CMAKE_PREFIX_PATH=${CMAKE_PREFIX_PATH}:/home/nvidia/piek-src/install/keyboard_joy:/opt/ros/humble /usr/bin/cmake --install /home/nvidia/Motorcar-NEW_ws/build/serial
