[0.470s] Invoking command in '/home/nvidia/MotorcarV1.1_ws/build/amr_description': CMAKE_PREFIX_PATH=/home/nvidia/MotorcarV1.1_ws/install/keyboard_joy:/home/nvidia/piek-src/install/keyboard_joy:/opt/ros/humble:${CMAKE_PREFIX_PATH} /usr/bin/cmake --build /home/nvidia/MotorcarV1.1_ws/build/amr_description -- -j12 -l12
[0.541s] Invoked command in '/home/nvidia/MotorcarV1.1_ws/build/amr_description' returned '0': CMAKE_PREFIX_PATH=/home/nvidia/MotorcarV1.1_ws/install/keyboard_joy:/home/nvidia/piek-src/install/keyboard_joy:/opt/ros/humble:${CMAKE_PREFIX_PATH} /usr/bin/cmake --build /home/nvidia/MotorcarV1.1_ws/build/amr_description -- -j12 -l12
[0.545s] Invoking command in '/home/nvidia/MotorcarV1.1_ws/build/amr_description': CMAKE_PREFIX_PATH=/home/nvidia/MotorcarV1.1_ws/install/keyboard_joy:/home/nvidia/piek-src/install/keyboard_joy:/opt/ros/humble:${CMAKE_PREFIX_PATH} /usr/bin/cmake --install /home/nvidia/MotorcarV1.1_ws/build/amr_description
[0.557s] -- Install configuration: ""
[0.558s] -- Up-to-date: /home/nvidia/MotorcarV1.1_ws/install/amr_description/share/amr_description/urdf
[0.558s] -- Up-to-date: /home/nvidia/MotorcarV1.1_ws/install/amr_description/share/amr_description/urdf/basestructure_link.urdf.xacro
[0.558s] -- Up-to-date: /home/nvidia/MotorcarV1.1_ws/install/amr_description/share/amr_description/urdf/structure_link.urdf.xacro
[0.558s] -- Up-to-date: /home/nvidia/MotorcarV1.1_ws/install/amr_description/share/amr_description/launch
[0.558s] -- Up-to-date: /home/nvidia/MotorcarV1.1_ws/install/amr_description/share/amr_description/launch/display.launch.py
[0.558s] -- Up-to-date: /home/nvidia/MotorcarV1.1_ws/install/amr_description/share/ament_index/resource_index/package_run_dependencies/amr_description
[0.559s] -- Up-to-date: /home/nvidia/MotorcarV1.1_ws/install/amr_description/share/ament_index/resource_index/parent_prefix_path/amr_description
[0.559s] -- Up-to-date: /home/nvidia/MotorcarV1.1_ws/install/amr_description/share/amr_description/environment/ament_prefix_path.sh
[0.559s] -- Up-to-date: /home/nvidia/MotorcarV1.1_ws/install/amr_description/share/amr_description/environment/ament_prefix_path.dsv
[0.559s] -- Up-to-date: /home/nvidia/MotorcarV1.1_ws/install/amr_description/share/amr_description/environment/path.sh
[0.559s] -- Up-to-date: /home/nvidia/MotorcarV1.1_ws/install/amr_description/share/amr_description/environment/path.dsv
[0.559s] -- Up-to-date: /home/nvidia/MotorcarV1.1_ws/install/amr_description/share/amr_description/local_setup.bash
[0.559s] -- Up-to-date: /home/nvidia/MotorcarV1.1_ws/install/amr_description/share/amr_description/local_setup.sh
[0.559s] -- Up-to-date: /home/nvidia/MotorcarV1.1_ws/install/amr_description/share/amr_description/local_setup.zsh
[0.560s] -- Up-to-date: /home/nvidia/MotorcarV1.1_ws/install/amr_description/share/amr_description/local_setup.dsv
[0.560s] -- Installing: /home/nvidia/MotorcarV1.1_ws/install/amr_description/share/amr_description/package.dsv
[0.560s] -- Up-to-date: /home/nvidia/MotorcarV1.1_ws/install/amr_description/share/ament_index/resource_index/packages/amr_description
[0.560s] -- Up-to-date: /home/nvidia/MotorcarV1.1_ws/install/amr_description/share/amr_description/cmake/amr_descriptionConfig.cmake
[0.560s] -- Up-to-date: /home/nvidia/MotorcarV1.1_ws/install/amr_description/share/amr_description/cmake/amr_descriptionConfig-version.cmake
[0.560s] -- Up-to-date: /home/nvidia/MotorcarV1.1_ws/install/amr_description/share/amr_description/package.xml
[0.563s] Invoked command in '/home/nvidia/MotorcarV1.1_ws/build/amr_description' returned '0': CMAKE_PREFIX_PATH=/home/nvidia/MotorcarV1.1_ws/install/keyboard_joy:/home/nvidia/piek-src/install/keyboard_joy:/opt/ros/humble:${CMAKE_PREFIX_PATH} /usr/bin/cmake --install /home/nvidia/MotorcarV1.1_ws/build/amr_description
