[0.039s] Invoking command in '/home/nvidia/Motorcar-NEW_ws/build/serial': CMAKE_PREFIX_PATH=${CMAKE_PREFIX_PATH}:/home/nvidia/piek-src/install/keyboard_joy:/opt/ros/humble /usr/bin/cmake --build /home/nvidia/Motorcar-NEW_ws/build/serial -- -j12 -l12
[0.530s] [100%] Built target serial
[0.558s] Invoked command in '/home/nvidia/Motorcar-NEW_ws/build/serial' returned '0': CMAKE_PREFIX_PATH=${CMAKE_PREFIX_PATH}:/home/nvidia/piek-src/install/keyboard_joy:/opt/ros/humble /usr/bin/cmake --build /home/nvidia/Motorcar-NEW_ws/build/serial -- -j12 -l12
[0.561s] Invoking command in '/home/nvidia/Motorcar-NEW_ws/build/serial': CMAKE_PREFIX_PATH=${CMAKE_PREFIX_PATH}:/home/nvidia/piek-src/install/keyboard_joy:/opt/ros/humble /usr/bin/cmake --install /home/nvidia/Motorcar-NEW_ws/build/serial
[0.575s] -- Install configuration: ""
[0.576s] -- Up-to-date: /home/nvidia/Motorcar-NEW_ws/install/serial/share/serial/environment/library_path.sh
[0.576s] -- Up-to-date: /home/nvidia/Motorcar-NEW_ws/install/serial/share/serial/environment/library_path.dsv
[0.576s] -- Up-to-date: /home/nvidia/Motorcar-NEW_ws/install/serial/lib/libserial.a
[0.576s] -- Up-to-date: /home/nvidia/Motorcar-NEW_ws/install/serial/include/serial/serial.h
[0.576s] -- Up-to-date: /home/nvidia/Motorcar-NEW_ws/install/serial/include/serial/v8stdint.h
[0.577s] -- Up-to-date: /home/nvidia/Motorcar-NEW_ws/install/serial/share/ament_index/resource_index/package_run_dependencies/serial
[0.577s] -- Up-to-date: /home/nvidia/Motorcar-NEW_ws/install/serial/share/ament_index/resource_index/parent_prefix_path/serial
[0.577s] -- Up-to-date: /home/nvidia/Motorcar-NEW_ws/install/serial/share/serial/environment/ament_prefix_path.sh
[0.577s] -- Up-to-date: /home/nvidia/Motorcar-NEW_ws/install/serial/share/serial/environment/ament_prefix_path.dsv
[0.577s] -- Up-to-date: /home/nvidia/Motorcar-NEW_ws/install/serial/share/serial/environment/path.sh
[0.577s] -- Up-to-date: /home/nvidia/Motorcar-NEW_ws/install/serial/share/serial/environment/path.dsv
[0.577s] -- Up-to-date: /home/nvidia/Motorcar-NEW_ws/install/serial/share/serial/local_setup.bash
[0.577s] -- Up-to-date: /home/nvidia/Motorcar-NEW_ws/install/serial/share/serial/local_setup.sh
[0.578s] -- Up-to-date: /home/nvidia/Motorcar-NEW_ws/install/serial/share/serial/local_setup.zsh
[0.578s] -- Up-to-date: /home/nvidia/Motorcar-NEW_ws/install/serial/share/serial/local_setup.dsv
[0.578s] -- Installing: /home/nvidia/Motorcar-NEW_ws/install/serial/share/serial/package.dsv
[0.578s] -- Up-to-date: /home/nvidia/Motorcar-NEW_ws/install/serial/share/ament_index/resource_index/packages/serial
[0.579s] -- Up-to-date: /home/nvidia/Motorcar-NEW_ws/install/serial/share/serial/cmake/ament_cmake_export_include_directories-extras.cmake
[0.580s] -- Up-to-date: /home/nvidia/Motorcar-NEW_ws/install/serial/share/serial/cmake/ament_cmake_export_libraries-extras.cmake
[0.581s] -- Up-to-date: /home/nvidia/Motorcar-NEW_ws/install/serial/share/serial/cmake/serialConfig.cmake
[0.581s] -- Up-to-date: /home/nvidia/Motorcar-NEW_ws/install/serial/share/serial/cmake/serialConfig-version.cmake
[0.581s] -- Up-to-date: /home/nvidia/Motorcar-NEW_ws/install/serial/share/serial/package.xml
[0.615s] Invoked command in '/home/nvidia/Motorcar-NEW_ws/build/serial' returned '0': CMAKE_PREFIX_PATH=${CMAKE_PREFIX_PATH}:/home/nvidia/piek-src/install/keyboard_joy:/opt/ros/humble /usr/bin/cmake --install /home/nvidia/Motorcar-NEW_ws/build/serial
