[0.030s] Invoking command in '/home/nvidia/MotorcarV1.1_ws/build/zlac8015d_serial': AMENT_PREFIX_PATH=/home/nvidia/MotorcarV1.1_ws/install/joy_control:/home/nvidia/MotorcarV1.1_ws/install/serial:/home/nvidia/MotorcarV1.1_ws/install/keyboard_joy:${AMENT_PREFIX_PATH} CMAKE_PREFIX_PATH=/home/nvidia/MotorcarV1.1_ws/install/joy_control:/home/nvidia/MotorcarV1.1_ws/install/serial:/home/nvidia/piek-src/install/motor_control:/home/nvidia/piek-src/install/willy_interfaces:/home/nvidia/piek-src/install/serial:/home/nvidia/piek-src/install/joy_control:/home/nvidia/piek-src/install/keyboard_joy:/opt/ros/humble LD_LIBRARY_PATH=/home/nvidia/MotorcarV1.1_ws/install/serial/lib:${LD_LIBRARY_PATH} PYTHONPATH=/home/nvidia/MotorcarV1.1_ws/install/keyboard_joy/lib/python3.10/site-packages:${PYTHONPATH} /usr/bin/cmake --build /home/nvidia/MotorcarV1.1_ws/build/zlac8015d_serial -- -j12 -l12
[0.109s] [35m[1mConsolidate compiler generated dependencies of target Motorctl[0m
[0.109s] [35m[1mConsolidate compiler generated dependencies of target Motorrcv[0m
[0.127s] [ 14%] Built target zlac8015d
[0.128s] [ 35%] Built target example
[0.135s] [ 57%] Built target SimpleControl
[0.140s] [ 64%] [32mBuilding CXX object CMakeFiles/Motorctl.dir/src/Motorctl.cpp.o[0m
[0.142s] [ 71%] [32mBuilding CXX object CMakeFiles/Motorrcv.dir/src/Motorrcv.cpp.o[0m
[4.162s] [01m[K/home/nvidia/MotorcarV1.1_ws/src/ROS2_ZLAC8015D_serial/src/Motorrcv.cpp:80:39:[m[K [01;31m[Kerror: [m[K‘[01m[KInt32_multi_array[m[K’ is not a member of ‘[01m[Kstd_msgs::msg[m[K’; did you mean ‘[01m[KInt32MultiArray[m[K’?
[4.163s]    80 |   rclcpp::Subscription<std_msgs::msg::[01;31m[KInt32_multi_array[m[K>::SharedPtr             getposition_sub_;
[4.163s]       |                                       [01;31m[K^~~~~~~~~~~~~~~~~[m[K
[4.163s]       |                                       [32m[KInt32MultiArray[m[K
[4.163s] [01m[K/home/nvidia/MotorcarV1.1_ws/src/ROS2_ZLAC8015D_serial/src/Motorrcv.cpp:80:56:[m[K [01;31m[Kerror: [m[Ktemplate argument 1 is invalid
[4.163s]    80 |   rclcpp::Subscription<std_msgs::msg::Int32_multi_array[01;31m[K>[m[K::SharedPtr             getposition_sub_;
[4.163s]       |                                                        [01;31m[K^[m[K
[4.163s] [01m[K/home/nvidia/MotorcarV1.1_ws/src/ROS2_ZLAC8015D_serial/src/Motorrcv.cpp:80:56:[m[K [01;31m[Kerror: [m[Ktemplate argument 3 is invalid
[4.163s] [01m[K/home/nvidia/MotorcarV1.1_ws/src/ROS2_ZLAC8015D_serial/src/Motorrcv.cpp:80:56:[m[K [01;31m[Kerror: [m[Ktemplate argument 4 is invalid
[4.163s] [01m[K/home/nvidia/MotorcarV1.1_ws/src/ROS2_ZLAC8015D_serial/src/Motorrcv.cpp:80:56:[m[K [01;31m[Kerror: [m[Ktemplate argument 5 is invalid
[4.163s] [01m[K/home/nvidia/MotorcarV1.1_ws/src/ROS2_ZLAC8015D_serial/src/Motorrcv.cpp:80:59:[m[K [01;31m[Kerror: [m[Kexpected ‘[01m[K;[m[K’ at end of member declaration
[4.163s]    80 |   rclcpp::Subscription<std_msgs::msg::Int32_multi_array>::[01;31m[KSharedPtr[m[K             getposition_sub_;
[4.164s]       |                                                           [01;31m[K^~~~~~~~~[m[K
[4.164s]       |                                                                    [32m[K;[m[K
[4.168s] [01m[K/home/nvidia/MotorcarV1.1_ws/src/ROS2_ZLAC8015D_serial/src/Motorrcv.cpp:80:81:[m[K [01;31m[Kerror: [m[K‘[01m[Kgetposition_sub_[m[K’ does not name a type
[4.168s]    80 |   rclcpp::Subscription<std_msgs::msg::Int32_multi_array>::SharedPtr             [01;31m[Kgetposition_sub_[m[K;
[4.168s]       |                                                                                 [01;31m[K^~~~~~~~~~~~~~~~[m[K
[4.199s] [01m[K/home/nvidia/MotorcarV1.1_ws/src/ROS2_ZLAC8015D_serial/src/Motorrcv.cpp:[m[K In constructor ‘[01m[KMotorreceiv::Motorreceiv()[m[K’:
[4.199s] [01m[K/home/nvidia/MotorcarV1.1_ws/src/ROS2_ZLAC8015D_serial/src/Motorrcv.cpp:30:5:[m[K [01;31m[Kerror: [m[K‘[01m[Kgetposition_sub_[m[K’ was not declared in this scope; did you mean ‘[01m[Kget_positionF[m[K’?
[4.200s]    30 |     [01;31m[Kgetposition_sub_[m[K = this->create_subscription<std_msgs::msg::Int32_multi_array>(
[4.200s]       |     [01;31m[K^~~~~~~~~~~~~~~~[m[K
[4.200s]       |     [32m[Kget_positionF[m[K
[4.200s] [01m[K/home/nvidia/MotorcarV1.1_ws/src/ROS2_ZLAC8015D_serial/src/Motorrcv.cpp:30:65:[m[K [01;31m[Kerror: [m[K‘[01m[KInt32_multi_array[m[K’ is not a member of ‘[01m[Kstd_msgs::msg[m[K’; did you mean ‘[01m[KInt32MultiArray[m[K’?
[4.200s]    30 |     getposition_sub_ = this->create_subscription<std_msgs::msg::[01;31m[KInt32_multi_array[m[K>(
[4.200s]       |                                                                 [01;31m[K^~~~~~~~~~~~~~~~~[m[K
[4.200s]       |                                                                 [32m[KInt32MultiArray[m[K
[4.202s] [01m[K/home/nvidia/MotorcarV1.1_ws/src/ROS2_ZLAC8015D_serial/src/Motorrcv.cpp:30:83:[m[K [01;31m[Kerror: [m[Kno matching function for call to ‘[01m[KMotorreceiv::create_subscription<<expression error> >(const char [13], int, std::_Bind_helper<false, void (Motorreceiv::*)(std::shared_ptr<std_msgs::msg::Int32_<std::allocator<void> > >), Motorreceiv*, const std::_Placeholder<1>&>::type)[m[K’
[4.202s]    30 |     getposition_sub_ = [01;31m[Kthis->create_subscription<std_msgs::msg::Int32_multi_array>([m[K
[4.202s]       |                        [01;31m[K~~~~~~~~~~~~~~~~~~~~~~~~~~~~~~~~~~~~~~~~~~~~~~~~~~~~~~~~~~~^[m[K
[4.202s]    31 | [01;31m[K      "/getposition", 10,std::bind(&Motorreceiv::getpos, this, std::placeholders::_1))[m[K;
[4.203s]       |       [01;31m[K~~~~~~~~~~~~~~~~~~~~~~~~~~~~~~~~~~~~~~~~~~~~~~~~~~~~~~~~~~~~~~~~~~~~~~~~~~~~~~~~[m[K
[4.203s] In file included from [01m[K/opt/ros/humble/include/rclcpp/rclcpp/node.hpp:1321[m[K,
[4.203s]                  from [01m[K/opt/ros/humble/include/rclcpp/rclcpp/executors/single_threaded_executor.hpp:28[m[K,
[4.203s]                  from [01m[K/opt/ros/humble/include/rclcpp/rclcpp/executors.hpp:22[m[K,
[4.203s]                  from [01m[K/opt/ros/humble/include/rclcpp/rclcpp/rclcpp.hpp:155[m[K,
[4.203s]                  from [01m[K/home/nvidia/MotorcarV1.1_ws/src/ROS2_ZLAC8015D_serial/src/Motorrcv.cpp:6[m[K:
[4.203s] [01m[K/opt/ros/humble/include/rclcpp/rclcpp/node_impl.hpp:92:1:[m[K [01;36m[Knote: [m[Kcandidate: ‘[01m[Ktemplate<class MessageT, class CallbackT, class AllocatorT, class SubscriptionT, class MessageMemoryStrategyT> std::shared_ptr<ROSMessageT> rclcpp::Node::create_subscription(const string&, const rclcpp::QoS&, CallbackT&&, const rclcpp::SubscriptionOptionsWithAllocator<AllocatorT>&, typename MessageMemoryStrategyT::SharedPtr)[m[K’
[4.203s]    92 | [01;36m[KNode[m[K::create_subscription(
[4.203s]       | [01;36m[K^~~~[m[K
[4.203s] [01m[K/opt/ros/humble/include/rclcpp/rclcpp/node_impl.hpp:92:1:[m[K [01;36m[Knote: [m[K  template argument deduction/substitution failed:
[4.203s] [01m[K/home/nvidia/MotorcarV1.1_ws/src/ROS2_ZLAC8015D_serial/src/Motorrcv.cpp:30:83:[m[K [01;31m[Kerror: [m[Ktemplate argument 1 is invalid
[4.203s]    30 |     getposition_sub_ = [01;31m[Kthis->create_subscription<std_msgs::msg::Int32_multi_array>([m[K
[4.203s]       |                        [01;31m[K~~~~~~~~~~~~~~~~~~~~~~~~~~~~~~~~~~~~~~~~~~~~~~~~~~~~~~~~~~~^[m[K
[4.204s]    31 | [01;31m[K      "/getposition", 10,std::bind(&Motorreceiv::getpos, this, std::placeholders::_1))[m[K;
[4.204s]       |       [01;31m[K~~~~~~~~~~~~~~~~~~~~~~~~~~~~~~~~~~~~~~~~~~~~~~~~~~~~~~~~~~~~~~~~~~~~~~~~~~~~~~~~[m[K
[4.226s] [01m[K/home/nvidia/MotorcarV1.1_ws/src/ROS2_ZLAC8015D_serial/src/Motorrcv.cpp:[m[K In member function ‘[01m[Kvoid Motorreceiv::getpos(std_msgs::msg::Int32_<std::allocator<void> >::SharedPtr)[m[K’:
[4.227s] [01m[K/home/nvidia/MotorcarV1.1_ws/src/ROS2_ZLAC8015D_serial/src/Motorrcv.cpp:61:31:[m[K [01;31m[Kerror: [m[Kinvalid types ‘[01m[Kstd_msgs::msg::Int32_<std::allocator<void> >::_data_type {aka int}[int][m[K’ for array subscript
[4.227s]    61 |     get_positionF  = msg->data[01;31m[K[[m[K0];
[4.227s]       |                               [01;31m[K^[m[K
[4.227s] [01m[K/home/nvidia/MotorcarV1.1_ws/src/ROS2_ZLAC8015D_serial/src/Motorrcv.cpp:62:30:[m[K [01;31m[Kerror: [m[Kinvalid types ‘[01m[Kstd_msgs::msg::Int32_<std::allocator<void> >::_data_type {aka int}[int][m[K’ for array subscript
[4.227s]    62 |     get_positionR = msg->data[01;31m[K[[m[K1];
[4.227s]       |                              [01;31m[K^[m[K
[4.272s] [01m[K/home/nvidia/MotorcarV1.1_ws/src/ROS2_ZLAC8015D_serial/src/Motorctl.cpp:251:36:[m[K [01;31m[Kerror: [m[K‘[01m[KInt32multiarray[m[K’ is not a member of ‘[01m[Kstd_msgs::msg[m[K’; did you mean ‘[01m[KInt32MultiArray[m[K’?
[4.272s]   251 |   rclcpp::Publisher<std_msgs::msg::[01;31m[KInt32multiarray[m[K>::SharedPtr getposition_pub_;
[4.272s]       |                                    [01;31m[K^~~~~~~~~~~~~~~[m[K
[4.272s]       |                                    [32m[KInt32MultiArray[m[K
[4.273s] [01m[K/home/nvidia/MotorcarV1.1_ws/src/ROS2_ZLAC8015D_serial/src/Motorctl.cpp:251:51:[m[K [01;31m[Kerror: [m[Ktemplate argument 1 is invalid
[4.273s]   251 |   rclcpp::Publisher<std_msgs::msg::Int32multiarray[01;31m[K>[m[K::SharedPtr getposition_pub_;
[4.273s]       |                                                   [01;31m[K^[m[K
[4.273s] [01m[K/home/nvidia/MotorcarV1.1_ws/src/ROS2_ZLAC8015D_serial/src/Motorctl.cpp:251:54:[m[K [01;31m[Kerror: [m[Kexpected ‘[01m[K;[m[K’ at end of member declaration
[4.273s]   251 |   rclcpp::Publisher<std_msgs::msg::Int32multiarray>::[01;31m[KSharedPtr[m[K getposition_pub_;
[4.273s]       |                                                      [01;31m[K^~~~~~~~~[m[K
[4.273s]       |                                                               [32m[K;[m[K
[4.278s] [01m[K/home/nvidia/MotorcarV1.1_ws/src/ROS2_ZLAC8015D_serial/src/Motorctl.cpp:251:64:[m[K [01;31m[Kerror: [m[K‘[01m[Kgetposition_pub_[m[K’ does not name a type
[4.278s]   251 |   rclcpp::Publisher<std_msgs::msg::Int32multiarray>::SharedPtr [01;31m[Kgetposition_pub_[m[K;
[4.278s]       |                                                                [01;31m[K^~~~~~~~~~~~~~~~[m[K
[4.508s] [01m[K/home/nvidia/MotorcarV1.1_ws/src/ROS2_ZLAC8015D_serial/src/Motorctl.cpp:[m[K In constructor ‘[01m[KModeToZlac::ModeToZlac()[m[K’:
[4.508s] [01m[K/home/nvidia/MotorcarV1.1_ws/src/ROS2_ZLAC8015D_serial/src/Motorctl.cpp:48:5:[m[K [01;31m[Kerror: [m[K‘[01m[Kgetposition_pub_[m[K’ was not declared in this scope
[4.509s]    48 |     [01;31m[Kgetposition_pub_[m[K= this->create_publisher<std_msgs::msg::Int32MultiArray>("/getposition", 10);
[4.509s]       |     [01;31m[K^~~~~~~~~~~~~~~~[m[K
[4.569s] [01m[K/home/nvidia/MotorcarV1.1_ws/src/ROS2_ZLAC8015D_serial/src/Motorctl.cpp:[m[K In member function ‘[01m[Kvoid ModeToZlac::ZLACoutput()[m[K’:
[4.569s] [01m[K/home/nvidia/MotorcarV1.1_ws/src/ROS2_ZLAC8015D_serial/src/Motorctl.cpp:226:20:[m[K [01;31m[Kerror: [m[K‘[01m[KInt32multiarray[m[K’ is not a member of ‘[01m[Kstd_msgs::msg[m[K’; did you mean ‘[01m[KInt32MultiArray[m[K’?
[4.569s]   226 |     std_msgs::msg::[01;31m[KInt32multiarray[m[K gpos;
[4.569s]       |                    [01;31m[K^~~~~~~~~~~~~~~[m[K
[4.569s]       |                    [32m[KInt32MultiArray[m[K
[4.580s] [01m[K/home/nvidia/MotorcarV1.1_ws/src/ROS2_ZLAC8015D_serial/src/Motorctl.cpp:227:5:[m[K [01;31m[Kerror: [m[K‘[01m[Kgpos[m[K’ was not declared in this scope
[4.580s]   227 |     [01;31m[Kgpos[m[K.data = { static_cast<int32_t>(posF), static_cast<int32_t>(posR)};
[4.580s]       |     [01;31m[K^~~~[m[K
[4.597s] [01m[K/home/nvidia/MotorcarV1.1_ws/src/ROS2_ZLAC8015D_serial/src/Motorctl.cpp:228:5:[m[K [01;31m[Kerror: [m[K‘[01m[Kgetposition_pub_[m[K’ was not declared in this scope
[4.597s]   228 |     [01;31m[Kgetposition_pub_[m[K->publish(gpos);
[4.598s]       |     [01;31m[K^~~~~~~~~~~~~~~~[m[K
[8.702s] gmake[2]: *** [CMakeFiles/Motorrcv.dir/build.make:76: CMakeFiles/Motorrcv.dir/src/Motorrcv.cpp.o] Error 1
[8.703s] gmake[1]: *** [CMakeFiles/Makefile2:223: CMakeFiles/Motorrcv.dir/all] Error 2
[8.703s] gmake[1]: *** Waiting for unfinished jobs....
[13.504s] gmake[2]: *** [CMakeFiles/Motorctl.dir/build.make:76: CMakeFiles/Motorctl.dir/src/Motorctl.cpp.o] Error 1
[13.504s] gmake[1]: *** [CMakeFiles/Makefile2:197: CMakeFiles/Motorctl.dir/all] Error 2
[13.505s] gmake: *** [Makefile:146: all] Error 2
[13.512s] Invoked command in '/home/nvidia/MotorcarV1.1_ws/build/zlac8015d_serial' returned '2': AMENT_PREFIX_PATH=/home/nvidia/MotorcarV1.1_ws/install/joy_control:/home/nvidia/MotorcarV1.1_ws/install/serial:/home/nvidia/MotorcarV1.1_ws/install/keyboard_joy:${AMENT_PREFIX_PATH} CMAKE_PREFIX_PATH=/home/nvidia/MotorcarV1.1_ws/install/joy_control:/home/nvidia/MotorcarV1.1_ws/install/serial:/home/nvidia/piek-src/install/motor_control:/home/nvidia/piek-src/install/willy_interfaces:/home/nvidia/piek-src/install/serial:/home/nvidia/piek-src/install/joy_control:/home/nvidia/piek-src/install/keyboard_joy:/opt/ros/humble LD_LIBRARY_PATH=/home/nvidia/MotorcarV1.1_ws/install/serial/lib:${LD_LIBRARY_PATH} PYTHONPATH=/home/nvidia/MotorcarV1.1_ws/install/keyboard_joy/lib/python3.10/site-packages:${PYTHONPATH} /usr/bin/cmake --build /home/nvidia/MotorcarV1.1_ws/build/zlac8015d_serial -- -j12 -l12
