[0.029s] Invoking command in '/home/nvidia/MotorcarV1.1_ws/build/zlac8015d_serial': AMENT_PREFIX_PATH=/home/nvidia/MotorcarV1.1_ws/install/joy_control:/home/nvidia/MotorcarV1.1_ws/install/serial:/home/nvidia/MotorcarV1.1_ws/install/keyboard_joy:${AMENT_PREFIX_PATH} CMAKE_PREFIX_PATH=/home/nvidia/MotorcarV1.1_ws/install/joy_control:/home/nvidia/MotorcarV1.1_ws/install/serial:/home/nvidia/piek-src/install/motor_control:/home/nvidia/piek-src/install/willy_interfaces:/home/nvidia/piek-src/install/serial:/home/nvidia/piek-src/install/joy_control:/home/nvidia/piek-src/install/keyboard_joy:/opt/ros/humble LD_LIBRARY_PATH=/home/nvidia/MotorcarV1.1_ws/install/serial/lib:${LD_LIBRARY_PATH} PYTHONPATH=/home/nvidia/MotorcarV1.1_ws/install/keyboard_joy/lib/python3.10/site-packages:${PYTHONPATH} /usr/bin/cmake --build /home/nvidia/MotorcarV1.1_ws/build/zlac8015d_serial -- -j12 -l12
[0.125s] [ 30%] Built target zlac8015d
[0.125s] [ 38%] Built target example
[0.126s] [ 61%] Built target SimpleControl
[0.135s] [ 69%] [32mBuilding CXX object CMakeFiles/Motorctl.dir/src/Motorctl.cpp.o[0m
[0.136s] [ 76%] [32mBuilding CXX object CMakeFiles/Motorrcv.dir/src/Motorrcv.cpp.o[0m
[20.404s] [ 84%] [32m[1mLinking CXX executable Motorrcv[0m
[21.615s] [ 84%] Built target Motorrcv
[24.791s] [ 92%] [32m[1mLinking CXX executable Motorctl[0m
[26.120s] [100%] Built target Motorctl
[26.143s] Invoked command in '/home/nvidia/MotorcarV1.1_ws/build/zlac8015d_serial' returned '0': AMENT_PREFIX_PATH=/home/nvidia/MotorcarV1.1_ws/install/joy_control:/home/nvidia/MotorcarV1.1_ws/install/serial:/home/nvidia/MotorcarV1.1_ws/install/keyboard_joy:${AMENT_PREFIX_PATH} CMAKE_PREFIX_PATH=/home/nvidia/MotorcarV1.1_ws/install/joy_control:/home/nvidia/MotorcarV1.1_ws/install/serial:/home/nvidia/piek-src/install/motor_control:/home/nvidia/piek-src/install/willy_interfaces:/home/nvidia/piek-src/install/serial:/home/nvidia/piek-src/install/joy_control:/home/nvidia/piek-src/install/keyboard_joy:/opt/ros/humble LD_LIBRARY_PATH=/home/nvidia/MotorcarV1.1_ws/install/serial/lib:${LD_LIBRARY_PATH} PYTHONPATH=/home/nvidia/MotorcarV1.1_ws/install/keyboard_joy/lib/python3.10/site-packages:${PYTHONPATH} /usr/bin/cmake --build /home/nvidia/MotorcarV1.1_ws/build/zlac8015d_serial -- -j12 -l12
[26.148s] Invoking command in '/home/nvidia/MotorcarV1.1_ws/build/zlac8015d_serial': AMENT_PREFIX_PATH=/home/nvidia/MotorcarV1.1_ws/install/joy_control:/home/nvidia/MotorcarV1.1_ws/install/serial:/home/nvidia/MotorcarV1.1_ws/install/keyboard_joy:${AMENT_PREFIX_PATH} CMAKE_PREFIX_PATH=/home/nvidia/MotorcarV1.1_ws/install/joy_control:/home/nvidia/MotorcarV1.1_ws/install/serial:/home/nvidia/piek-src/install/motor_control:/home/nvidia/piek-src/install/willy_interfaces:/home/nvidia/piek-src/install/serial:/home/nvidia/piek-src/install/joy_control:/home/nvidia/piek-src/install/keyboard_joy:/opt/ros/humble LD_LIBRARY_PATH=/home/nvidia/MotorcarV1.1_ws/install/serial/lib:${LD_LIBRARY_PATH} PYTHONPATH=/home/nvidia/MotorcarV1.1_ws/install/keyboard_joy/lib/python3.10/site-packages:${PYTHONPATH} /usr/bin/cmake --install /home/nvidia/MotorcarV1.1_ws/build/zlac8015d_serial
[26.163s] -- Install configuration: ""
[26.163s] -- Up-to-date: /home/nvidia/MotorcarV1.1_ws/install/zlac8015d_serial/share/zlac8015d_serial/environment/library_path.sh
[26.163s] -- Up-to-date: /home/nvidia/MotorcarV1.1_ws/install/zlac8015d_serial/share/zlac8015d_serial/environment/library_path.dsv
[26.164s] -- Up-to-date: /home/nvidia/MotorcarV1.1_ws/install/zlac8015d_serial/include/include
[26.164s] -- Installing: /home/nvidia/MotorcarV1.1_ws/install/zlac8015d_serial/include/include/Motorctl.h
[26.164s] -- Up-to-date: /home/nvidia/MotorcarV1.1_ws/install/zlac8015d_serial/include/include/zlac8015d.h
[26.164s] -- Up-to-date: /home/nvidia/MotorcarV1.1_ws/install/zlac8015d_serial/include/include/Comm
[26.164s] -- Up-to-date: /home/nvidia/MotorcarV1.1_ws/install/zlac8015d_serial/include/include/Comm/crc_check.h
[26.164s] -- Up-to-date: /home/nvidia/MotorcarV1.1_ws/install/zlac8015d_serial/lib/zlac8015d_serial/example
[26.165s] -- Up-to-date: /home/nvidia/MotorcarV1.1_ws/install/zlac8015d_serial/lib/zlac8015d_serial/SimpleControl
[26.165s] -- Installing: /home/nvidia/MotorcarV1.1_ws/install/zlac8015d_serial/lib/zlac8015d_serial/Motorctl
[26.178s] -- Set runtime path of "/home/nvidia/MotorcarV1.1_ws/install/zlac8015d_serial/lib/zlac8015d_serial/Motorctl" to ""
[26.179s] -- Installing: /home/nvidia/MotorcarV1.1_ws/install/zlac8015d_serial/lib/zlac8015d_serial/Motorrcv
[26.188s] -- Set runtime path of "/home/nvidia/MotorcarV1.1_ws/install/zlac8015d_serial/lib/zlac8015d_serial/Motorrcv" to ""
[26.189s] -- Up-to-date: /home/nvidia/MotorcarV1.1_ws/install/zlac8015d_serial/share/zlac8015d_serial/launch
[26.190s] -- Up-to-date: /home/nvidia/MotorcarV1.1_ws/install/zlac8015d_serial/share/zlac8015d_serial/launch/serial_test.launch.py
[26.190s] -- Up-to-date: /home/nvidia/MotorcarV1.1_ws/install/zlac8015d_serial/share/zlac8015d_serial/launch/joyCH_motor.launch.py
[26.190s] -- Up-to-date: /home/nvidia/MotorcarV1.1_ws/install/zlac8015d_serial/lib/libzlac8015d.a
[26.190s] -- Up-to-date: /home/nvidia/MotorcarV1.1_ws/install/zlac8015d_serial/share/ament_index/resource_index/package_run_dependencies/zlac8015d_serial
[26.191s] -- Up-to-date: /home/nvidia/MotorcarV1.1_ws/install/zlac8015d_serial/share/ament_index/resource_index/parent_prefix_path/zlac8015d_serial
[26.191s] -- Up-to-date: /home/nvidia/MotorcarV1.1_ws/install/zlac8015d_serial/share/zlac8015d_serial/environment/ament_prefix_path.sh
[26.191s] -- Up-to-date: /home/nvidia/MotorcarV1.1_ws/install/zlac8015d_serial/share/zlac8015d_serial/environment/ament_prefix_path.dsv
[26.191s] -- Up-to-date: /home/nvidia/MotorcarV1.1_ws/install/zlac8015d_serial/share/zlac8015d_serial/environment/path.sh
[26.191s] -- Up-to-date: /home/nvidia/MotorcarV1.1_ws/install/zlac8015d_serial/share/zlac8015d_serial/environment/path.dsv
[26.192s] -- Up-to-date: /home/nvidia/MotorcarV1.1_ws/install/zlac8015d_serial/share/zlac8015d_serial/local_setup.bash
[26.192s] -- Up-to-date: /home/nvidia/MotorcarV1.1_ws/install/zlac8015d_serial/share/zlac8015d_serial/local_setup.sh
[26.192s] -- Up-to-date: /home/nvidia/MotorcarV1.1_ws/install/zlac8015d_serial/share/zlac8015d_serial/local_setup.zsh
[26.193s] -- Up-to-date: /home/nvidia/MotorcarV1.1_ws/install/zlac8015d_serial/share/zlac8015d_serial/local_setup.dsv
[26.193s] -- Installing: /home/nvidia/MotorcarV1.1_ws/install/zlac8015d_serial/share/zlac8015d_serial/package.dsv
[26.193s] -- Up-to-date: /home/nvidia/MotorcarV1.1_ws/install/zlac8015d_serial/share/ament_index/resource_index/packages/zlac8015d_serial
[26.196s] -- Up-to-date: /home/nvidia/MotorcarV1.1_ws/install/zlac8015d_serial/share/zlac8015d_serial/cmake/zlac8015dExport.cmake
[26.196s] -- Up-to-date: /home/nvidia/MotorcarV1.1_ws/install/zlac8015d_serial/share/zlac8015d_serial/cmake/zlac8015dExport-noconfig.cmake
[26.196s] -- Up-to-date: /home/nvidia/MotorcarV1.1_ws/install/zlac8015d_serial/share/zlac8015d_serial/cmake/ament_cmake_export_targets-extras.cmake
[26.197s] -- Up-to-date: /home/nvidia/MotorcarV1.1_ws/install/zlac8015d_serial/share/zlac8015d_serial/cmake/zlac8015d_serialConfig.cmake
[26.197s] -- Up-to-date: /home/nvidia/MotorcarV1.1_ws/install/zlac8015d_serial/share/zlac8015d_serial/cmake/zlac8015d_serialConfig-version.cmake
[26.198s] -- Up-to-date: /home/nvidia/MotorcarV1.1_ws/install/zlac8015d_serial/share/zlac8015d_serial/package.xml
[26.199s] Invoked command in '/home/nvidia/MotorcarV1.1_ws/build/zlac8015d_serial' returned '0': AMENT_PREFIX_PATH=/home/nvidia/MotorcarV1.1_ws/install/joy_control:/home/nvidia/MotorcarV1.1_ws/install/serial:/home/nvidia/MotorcarV1.1_ws/install/keyboard_joy:${AMENT_PREFIX_PATH} CMAKE_PREFIX_PATH=/home/nvidia/MotorcarV1.1_ws/install/joy_control:/home/nvidia/MotorcarV1.1_ws/install/serial:/home/nvidia/piek-src/install/motor_control:/home/nvidia/piek-src/install/willy_interfaces:/home/nvidia/piek-src/install/serial:/home/nvidia/piek-src/install/joy_control:/home/nvidia/piek-src/install/keyboard_joy:/opt/ros/humble LD_LIBRARY_PATH=/home/nvidia/MotorcarV1.1_ws/install/serial/lib:${LD_LIBRARY_PATH} PYTHONPATH=/home/nvidia/MotorcarV1.1_ws/install/keyboard_joy/lib/python3.10/site-packages:${PYTHONPATH} /usr/bin/cmake --install /home/nvidia/MotorcarV1.1_ws/build/zlac8015d_serial
