[0.033s] Invoking command in '/home/nvidia/MotorcarV1.1_ws/build/zlac8015d_serial': AMENT_PREFIX_PATH=/home/nvidia/MotorcarV1.1_ws/install/joy_control:/home/nvidia/MotorcarV1.1_ws/install/serial:/home/nvidia/MotorcarV1.1_ws/install/keyboard_joy:${AMENT_PREFIX_PATH} CMAKE_PREFIX_PATH=/home/nvidia/MotorcarV1.1_ws/install/joy_control:/home/nvidia/MotorcarV1.1_ws/install/serial:/home/nvidia/piek-src/install/motor_control:/home/nvidia/piek-src/install/willy_interfaces:/home/nvidia/piek-src/install/serial:/home/nvidia/piek-src/install/joy_control:/home/nvidia/piek-src/install/keyboard_joy:/opt/ros/humble LD_LIBRARY_PATH=/home/nvidia/MotorcarV1.1_ws/install/serial/lib:${LD_LIBRARY_PATH} PYTHONPATH=/home/nvidia/MotorcarV1.1_ws/install/keyboard_joy/lib/python3.10/site-packages:${PYTHONPATH} /usr/bin/cmake --build /home/nvidia/MotorcarV1.1_ws/build/zlac8015d_serial -- -j12 -l12
[0.113s] [35m[1mConsolidate compiler generated dependencies of target Motorctl[0m
[0.113s] [35m[1mConsolidate compiler generated dependencies of target Motorrcv[0m
[0.133s] [ 30%] Built target zlac8015d
[0.133s] [ 38%] Built target example
[0.139s] [ 61%] Built target SimpleControl
[0.150s] [ 69%] [32mBuilding CXX object CMakeFiles/Motorctl.dir/src/Motorctl.cpp.o[0m
[0.150s] [ 76%] [32mBuilding CXX object CMakeFiles/Motorrcv.dir/src/Motorrcv.cpp.o[0m
[4.405s] [01m[K/home/nvidia/MotorcarV1.1_ws/src/ROS2_ZLAC8015D_serial/src/Motorctl.cpp:[m[K In member function ‘[01m[Kvoid ModeToZlac::ZLACoutput()[m[K’:
[4.405s] [01m[K/home/nvidia/MotorcarV1.1_ws/src/ROS2_ZLAC8015D_serial/src/Motorctl.cpp:120:9:[m[K [01;35m[Kwarning: [m[Kunused variable ‘[01m[Kprev_mode[m[K’ [[01;35m[K]8;;https://gcc.gnu.org/onlinedocs/gcc/Warning-Options.html#index-Wunused-variable-Wunused-variable]8;;[m[K]
[4.405s]   120 |     int [01;35m[Kprev_mode[m[K = -1;
[4.406s]       |         [01;35m[K^~~~~~~~~[m[K
[4.415s] [01m[K/home/nvidia/MotorcarV1.1_ws/src/ROS2_ZLAC8015D_serial/src/Motorrcv.cpp:333:2:[m[K [01;31m[Kerror: [m[Kexpected ‘[01m[K}[m[K’ at end of input
[4.415s]   333 | }
[4.415s]       |  [01;31m[K^[m[K
[4.416s] [01m[K/home/nvidia/MotorcarV1.1_ws/src/ROS2_ZLAC8015D_serial/src/Motorrcv.cpp:27:41:[m[K [01;36m[Knote: [m[Kto match this ‘[01m[K{[m[K’
[4.416s]    27 | class Motorreceiv : public rclcpp::Node [01;36m[K{[m[K
[4.416s]       |                                         [01;36m[K^[m[K
[4.441s] [01m[K/home/nvidia/MotorcarV1.1_ws/src/ROS2_ZLAC8015D_serial/src/Motorrcv.cpp:[m[K In constructor ‘[01m[KMotorreceiv::Motorreceiv()[m[K’:
[4.441s] [01m[K/home/nvidia/MotorcarV1.1_ws/src/ROS2_ZLAC8015D_serial/src/Motorrcv.cpp:33:5:[m[K [01;31m[Kerror: [m[K‘[01m[KModom_pub_[m[K’ was not declared in this scope
[4.442s]    33 |     [01;31m[KModom_pub_[m[K = this->create_publisher<nav_msgs::msg::Odometry>("/odom/Motor", rclcpp::QoS(50));
[4.442s]       |     [01;31m[K^~~~~~~~~~[m[K
[4.463s] [01m[K/home/nvidia/MotorcarV1.1_ws/src/ROS2_ZLAC8015D_serial/src/Motorrcv.cpp:34:5:[m[K [01;31m[Kerror: [m[K‘[01m[Ktf_broad_[m[K’ was not declared in this scope
[4.463s]    34 |     [01;31m[Ktf_broad_[m[K = std::make_unique<tf2_ros::TransformBroadcaster>(this);
[4.463s]       |     [01;31m[K^~~~~~~~~[m[K
[4.489s] [01m[K/home/nvidia/MotorcarV1.1_ws/src/ROS2_ZLAC8015D_serial/src/Motorrcv.cpp:44:5:[m[K [01;31m[Kerror: [m[K‘[01m[Ksetradpsec_sub_[m[K’ was not declared in this scope
[4.489s]    44 |     [01;31m[Ksetradpsec_sub_[m[K = this->create_subscription<sensor_msgs::msg::JointState>(
[4.489s]       |     [01;31m[K^~~~~~~~~~~~~~~[m[K
[4.583s] [01m[K/home/nvidia/MotorcarV1.1_ws/src/ROS2_ZLAC8015D_serial/src/Motorrcv.cpp:47:5:[m[K [01;31m[Kerror: [m[K‘[01m[Kgetposition_sub_[m[K’ was not declared in this scope; did you mean ‘[01m[Kget_positionFL[m[K’?
[4.583s]    47 |     [01;31m[Kgetposition_sub_[m[K = this->create_subscription<std_msgs::msg::Int32MultiArray>(
[4.584s]       |     [01;31m[K^~~~~~~~~~~~~~~~[m[K
[4.584s]       |     [32m[Kget_positionFL[m[K
[4.670s] [01m[K/home/nvidia/MotorcarV1.1_ws/src/ROS2_ZLAC8015D_serial/src/Motorrcv.cpp:50:5:[m[K [01;31m[Kerror: [m[K‘[01m[Kgettorque_sub_[m[K’ was not declared in this scope
[4.670s]    50 |     [01;31m[Kgettorque_sub_[m[K = this->create_subscription<sensor_msgs::msg::JointState>(
[4.670s]       |     [01;31m[K^~~~~~~~~~~~~~[m[K
[4.686s] [01m[K/home/nvidia/MotorcarV1.1_ws/src/ROS2_ZLAC8015D_serial/src/Motorrcv.cpp:53:5:[m[K [01;31m[Kerror: [m[K‘[01m[Kgetradpsec_sub_[m[K’ was not declared in this scope
[4.686s]    53 |     [01;31m[Kgetradpsec_sub_[m[K = this->create_subscription<sensor_msgs::msg::JointState>(
[4.686s]       |     [01;31m[K^~~~~~~~~~~~~~~[m[K
[4.698s] [01m[K/home/nvidia/MotorcarV1.1_ws/src/ROS2_ZLAC8015D_serial/src/Motorrcv.cpp:58:5:[m[K [01;31m[Kerror: [m[K‘[01m[KReceiv_[m[K’ was not declared in this scope
[4.698s]    58 |     [01;31m[KReceiv_[m[K = this-> create_wall_timer(200ms,std::bind(&Motorreceiv::ZLACreceiv,this));
[4.698s]       |     [01;31m[K^~~~~~~[m[K
[4.737s] [01m[K/home/nvidia/MotorcarV1.1_ws/src/ROS2_ZLAC8015D_serial/src/Motorrcv.cpp:[m[K In member function ‘[01m[Kvoid Motorreceiv::ZLACreceiv()[m[K’:
[4.737s] [01m[K/home/nvidia/MotorcarV1.1_ws/src/ROS2_ZLAC8015D_serial/src/Motorrcv.cpp:295:3:[m[K [01;31m[Kerror: [m[K‘[01m[KModom_pub_[m[K’ was not declared in this scope
[4.737s]   295 |   [01;31m[KModom_pub_[m[K->publish(modom);
[4.737s]       |   [01;31m[K^~~~~~~~~~[m[K
[4.748s] [01m[K/home/nvidia/MotorcarV1.1_ws/src/ROS2_ZLAC8015D_serial/src/Motorrcv.cpp:307:3:[m[K [01;31m[Kerror: [m[K‘[01m[Ktf_broad_[m[K’ was not declared in this scope
[4.748s]   307 |   [01;31m[Ktf_broad_[m[K->sendTransform(tf_msg);
[4.748s]       |   [01;31m[K^~~~~~~~~[m[K
[4.839s] [01m[K/home/nvidia/MotorcarV1.1_ws/src/ROS2_ZLAC8015D_serial/src/Motorrcv.cpp:[m[K At global scope:
[4.840s] [01m[K/home/nvidia/MotorcarV1.1_ws/src/ROS2_ZLAC8015D_serial/src/Motorrcv.cpp:333:2:[m[K [01;31m[Kerror: [m[Kexpected unqualified-id at end of input
[4.840s]   333 | }
[4.840s]       |  [01;31m[K^[m[K
[10.525s] gmake[2]: *** [CMakeFiles/Motorrcv.dir/build.make:76: CMakeFiles/Motorrcv.dir/src/Motorrcv.cpp.o] Error 1
[10.526s] gmake[1]: *** [CMakeFiles/Makefile2:223: CMakeFiles/Motorrcv.dir/all] Error 2
[10.526s] gmake[1]: *** Waiting for unfinished jobs....
[24.141s] [ 84%] [32m[1mLinking CXX executable Motorctl[0m
[25.424s] [ 92%] Built target Motorctl
[25.427s] gmake: *** [Makefile:146: all] Error 2
[25.433s] Invoked command in '/home/nvidia/MotorcarV1.1_ws/build/zlac8015d_serial' returned '2': AMENT_PREFIX_PATH=/home/nvidia/MotorcarV1.1_ws/install/joy_control:/home/nvidia/MotorcarV1.1_ws/install/serial:/home/nvidia/MotorcarV1.1_ws/install/keyboard_joy:${AMENT_PREFIX_PATH} CMAKE_PREFIX_PATH=/home/nvidia/MotorcarV1.1_ws/install/joy_control:/home/nvidia/MotorcarV1.1_ws/install/serial:/home/nvidia/piek-src/install/motor_control:/home/nvidia/piek-src/install/willy_interfaces:/home/nvidia/piek-src/install/serial:/home/nvidia/piek-src/install/joy_control:/home/nvidia/piek-src/install/keyboard_joy:/opt/ros/humble LD_LIBRARY_PATH=/home/nvidia/MotorcarV1.1_ws/install/serial/lib:${LD_LIBRARY_PATH} PYTHONPATH=/home/nvidia/MotorcarV1.1_ws/install/keyboard_joy/lib/python3.10/site-packages:${PYTHONPATH} /usr/bin/cmake --build /home/nvidia/MotorcarV1.1_ws/build/zlac8015d_serial -- -j12 -l12
