[0.031s] Invoking command in '/home/nvidia/MotorcarV1.1_ws/build/zlac8015d_serial': AMENT_PREFIX_PATH=/home/nvidia/MotorcarV1.1_ws/install/joy_control:/home/nvidia/MotorcarV1.1_ws/install/serial:/home/nvidia/MotorcarV1.1_ws/install/keyboard_joy:${AMENT_PREFIX_PATH} CMAKE_PREFIX_PATH=/home/nvidia/MotorcarV1.1_ws/install/joy_control:/home/nvidia/MotorcarV1.1_ws/install/serial:/home/nvidia/piek-src/install/motor_control:/home/nvidia/piek-src/install/willy_interfaces:/home/nvidia/piek-src/install/serial:/home/nvidia/piek-src/install/joy_control:/home/nvidia/piek-src/install/keyboard_joy:/opt/ros/humble LD_LIBRARY_PATH=/home/nvidia/MotorcarV1.1_ws/install/serial/lib:${LD_LIBRARY_PATH} PYTHONPATH=/home/nvidia/MotorcarV1.1_ws/install/keyboard_joy/lib/python3.10/site-packages:${PYTHONPATH} /usr/bin/cmake --build /home/nvidia/MotorcarV1.1_ws/build/zlac8015d_serial -- -j12 -l12
[0.116s] [35m[1mConsolidate compiler generated dependencies of target Motorctl[0m
[0.116s] [35m[1mConsolidate compiler generated dependencies of target Motorrcv[0m
[0.132s] [ 21%] Built target zlac8015d
[0.133s] [ 35%] Built target example
[0.140s] [ 57%] Built target SimpleControl
[0.147s] [ 64%] [32mBuilding CXX object CMakeFiles/Motorctl.dir/src/Motorctl.cpp.o[0m
[0.148s] [ 71%] [32mBuilding CXX object CMakeFiles/Motorrcv.dir/src/Motorrcv.cpp.o[0m
[4.125s] [01m[K/home/nvidia/MotorcarV1.1_ws/src/ROS2_ZLAC8015D_serial/src/Motorctl.cpp:97:36:[m[K [01;31m[Kerror: [m[K‘[01m[KInt32[m[K’ in namespace ‘[01m[Kstd_msgs::msg[m[K’ does not name a type
[4.125s]    97 |   void ModeCH(const std_msgs::msg::[01;31m[KInt32[m[K::SharedPtr msg) {
[4.125s]       |                                    [01;31m[K^~~~~[m[K
[4.125s] [01m[K/home/nvidia/MotorcarV1.1_ws/src/ROS2_ZLAC8015D_serial/src/Motorctl.cpp:97:53:[m[K [01;31m[Kerror: [m[Kexpected unqualified-id before ‘[01m[Kmsg[m[K’
[4.125s]    97 |   void ModeCH(const std_msgs::msg::Int32::SharedPtr [01;31m[Kmsg[m[K) {
[4.126s]       |                                                     [01;31m[K^~~[m[K
[4.126s] [01m[K/home/nvidia/MotorcarV1.1_ws/src/ROS2_ZLAC8015D_serial/src/Motorctl.cpp:97:52:[m[K [01;31m[Kerror: [m[Kexpected ‘[01m[K)[m[K’ before ‘[01m[Kmsg[m[K’
[4.126s]    97 |   void ModeCH[34m[K([m[Kconst std_msgs::msg::Int32::SharedPtr[01;31m[K [m[K[32m[Kmsg[m[K) {
[4.126s]       |              [34m[K~[m[K                                     [01;31m[K^[m[K[32m[K~~~[m[K
[4.126s]       |                                                    [32m[K)[m[K
[4.126s] [01m[K/home/nvidia/MotorcarV1.1_ws/src/ROS2_ZLAC8015D_serial/src/Motorctl.cpp:97:43:[m[K [01;31m[Kerror: [m[Kexpected ‘[01m[K;[m[K’ at end of member declaration
[4.126s]    97 |   void ModeCH(const std_msgs::msg::Int32::[01;31m[KSharedPtr[m[K msg) {
[4.126s]       |                                           [01;31m[K^~~~~~~~~[m[K
[4.126s]       |                                                    [32m[K;[m[K
[4.128s] [01m[K/home/nvidia/MotorcarV1.1_ws/src/ROS2_ZLAC8015D_serial/src/Motorctl.cpp:97:53:[m[K [01;31m[Kerror: [m[K‘[01m[Kmsg[m[K’ does not name a type
[4.128s]    97 |   void ModeCH(const std_msgs::msg::Int32::SharedPtr [01;31m[Kmsg[m[K) {
[4.128s]       |                                                     [01;31m[K^~~[m[K
[4.136s] [01m[K/home/nvidia/MotorcarV1.1_ws/src/ROS2_ZLAC8015D_serial/src/Motorctl.cpp:248:36:[m[K [01;31m[Kerror: [m[K‘[01m[KInt32_multi_array[m[K’ is not a member of ‘[01m[Kstd_msgs::msg[m[K’; did you mean ‘[01m[KInt32MultiArray[m[K’?
[4.136s]   248 |   rclcpp::Publisher<std_msgs::msg::[01;31m[KInt32_multi_array[m[K>::SharedPtr          getposition_pub_;
[4.136s]       |                                    [01;31m[K^~~~~~~~~~~~~~~~~[m[K
[4.136s]       |                                    [32m[KInt32MultiArray[m[K
[4.136s] [01m[K/home/nvidia/MotorcarV1.1_ws/src/ROS2_ZLAC8015D_serial/src/Motorctl.cpp:248:53:[m[K [01;31m[Kerror: [m[Ktemplate argument 1 is invalid
[4.136s]   248 |   rclcpp::Publisher<std_msgs::msg::Int32_multi_array[01;31m[K>[m[K::SharedPtr          getposition_pub_;
[4.137s]       |                                                     [01;31m[K^[m[K
[4.137s] [01m[K/home/nvidia/MotorcarV1.1_ws/src/ROS2_ZLAC8015D_serial/src/Motorctl.cpp:248:56:[m[K [01;31m[Kerror: [m[Kexpected ‘[01m[K;[m[K’ at end of member declaration
[4.137s]   248 |   rclcpp::Publisher<std_msgs::msg::Int32_multi_array>::[01;31m[KSharedPtr[m[K          getposition_pub_;
[4.137s]       |                                                        [01;31m[K^~~~~~~~~[m[K
[4.137s]       |                                                                 [32m[K;[m[K
[4.141s] [01m[K/home/nvidia/MotorcarV1.1_ws/src/ROS2_ZLAC8015D_serial/src/Motorctl.cpp:248:75:[m[K [01;31m[Kerror: [m[K‘[01m[Kgetposition_pub_[m[K’ does not name a type
[4.141s]   248 |   rclcpp::Publisher<std_msgs::msg::Int32_multi_array>::SharedPtr          [01;31m[Kgetposition_pub_[m[K;
[4.141s]       |                                                                           [01;31m[K^~~~~~~~~~~~~~~~[m[K
[4.191s] [01m[K/home/nvidia/MotorcarV1.1_ws/src/ROS2_ZLAC8015D_serial/src/Motorrcv.cpp:80:39:[m[K [01;31m[Kerror: [m[K‘[01m[KInt32_multi_array[m[K’ is not a member of ‘[01m[Kstd_msgs::msg[m[K’; did you mean ‘[01m[KInt32MultiArray[m[K’?
[4.191s]    80 |   rclcpp::Subscription<std_msgs::msg::[01;31m[KInt32_multi_array[m[K>::SharedPtr             getposition_sub_;
[4.191s]       |                                       [01;31m[K^~~~~~~~~~~~~~~~~[m[K
[4.191s]       |                                       [32m[KInt32MultiArray[m[K
[4.191s] [01m[K/home/nvidia/MotorcarV1.1_ws/src/ROS2_ZLAC8015D_serial/src/Motorrcv.cpp:80:56:[m[K [01;31m[Kerror: [m[Ktemplate argument 1 is invalid
[4.191s]    80 |   rclcpp::Subscription<std_msgs::msg::Int32_multi_array[01;31m[K>[m[K::SharedPtr             getposition_sub_;
[4.191s]       |                                                        [01;31m[K^[m[K
[4.191s] [01m[K/home/nvidia/MotorcarV1.1_ws/src/ROS2_ZLAC8015D_serial/src/Motorrcv.cpp:80:56:[m[K [01;31m[Kerror: [m[Ktemplate argument 3 is invalid
[4.191s] [01m[K/home/nvidia/MotorcarV1.1_ws/src/ROS2_ZLAC8015D_serial/src/Motorrcv.cpp:80:56:[m[K [01;31m[Kerror: [m[Ktemplate argument 4 is invalid
[4.191s] [01m[K/home/nvidia/MotorcarV1.1_ws/src/ROS2_ZLAC8015D_serial/src/Motorrcv.cpp:80:56:[m[K [01;31m[Kerror: [m[Ktemplate argument 5 is invalid
[4.191s] [01m[K/home/nvidia/MotorcarV1.1_ws/src/ROS2_ZLAC8015D_serial/src/Motorrcv.cpp:80:59:[m[K [01;31m[Kerror: [m[Kexpected ‘[01m[K;[m[K’ at end of member declaration
[4.192s]    80 |   rclcpp::Subscription<std_msgs::msg::Int32_multi_array>::[01;31m[KSharedPtr[m[K             getposition_sub_;
[4.192s]       |                                                           [01;31m[K^~~~~~~~~[m[K
[4.192s]       |                                                                    [32m[K;[m[K
[4.196s] [01m[K/home/nvidia/MotorcarV1.1_ws/src/ROS2_ZLAC8015D_serial/src/Motorrcv.cpp:80:81:[m[K [01;31m[Kerror: [m[K‘[01m[Kgetposition_sub_[m[K’ does not name a type
[4.196s]    80 |   rclcpp::Subscription<std_msgs::msg::Int32_multi_array>::SharedPtr             [01;31m[Kgetposition_sub_[m[K;
[4.196s]       |                                                                                 [01;31m[K^~~~~~~~~~~~~~~~[m[K
[4.209s] [01m[K/home/nvidia/MotorcarV1.1_ws/src/ROS2_ZLAC8015D_serial/src/Motorctl.cpp:256:39:[m[K [01;31m[Kerror: [m[K‘[01m[KInt32[m[K’ is not a member of ‘[01m[Kstd_msgs::msg[m[K’
[4.209s]   256 |   rclcpp::Subscription<std_msgs::msg::[01;31m[KInt32[m[K>::SharedPtr      mode_sub_;
[4.209s]       |                                       [01;31m[K^~~~~[m[K
[4.209s] [01m[K/home/nvidia/MotorcarV1.1_ws/src/ROS2_ZLAC8015D_serial/src/Motorctl.cpp:256:44:[m[K [01;31m[Kerror: [m[Ktemplate argument 1 is invalid
[4.210s]   256 |   rclcpp::Subscription<std_msgs::msg::Int32[01;31m[K>[m[K::SharedPtr      mode_sub_;
[4.210s]       |                                            [01;31m[K^[m[K
[4.210s] [01m[K/home/nvidia/MotorcarV1.1_ws/src/ROS2_ZLAC8015D_serial/src/Motorctl.cpp:256:44:[m[K [01;31m[Kerror: [m[Ktemplate argument 3 is invalid
[4.210s] [01m[K/home/nvidia/MotorcarV1.1_ws/src/ROS2_ZLAC8015D_serial/src/Motorctl.cpp:256:44:[m[K [01;31m[Kerror: [m[Ktemplate argument 4 is invalid
[4.210s] [01m[K/home/nvidia/MotorcarV1.1_ws/src/ROS2_ZLAC8015D_serial/src/Motorctl.cpp:256:44:[m[K [01;31m[Kerror: [m[Ktemplate argument 5 is invalid
[4.210s] [01m[K/home/nvidia/MotorcarV1.1_ws/src/ROS2_ZLAC8015D_serial/src/Motorctl.cpp:256:47:[m[K [01;31m[Kerror: [m[Kexpected ‘[01m[K;[m[K’ at end of member declaration
[4.210s]   256 |   rclcpp::Subscription<std_msgs::msg::Int32>::[01;31m[KSharedPtr[m[K      mode_sub_;
[4.210s]       |                                               [01;31m[K^~~~~~~~~[m[K
[4.210s]       |                                                        [32m[K;[m[K
[4.210s] [01m[K/home/nvidia/MotorcarV1.1_ws/src/ROS2_ZLAC8015D_serial/src/Motorctl.cpp:256:47:[m[K [01;31m[Kerror: [m[Kredeclaration of ‘[01m[Kint ModeToZlac::SharedPtr[m[K’
[4.210s] [01m[K/home/nvidia/MotorcarV1.1_ws/src/ROS2_ZLAC8015D_serial/src/Motorctl.cpp:248:56:[m[K [01;36m[Knote: [m[Kprevious declaration ‘[01m[Kint ModeToZlac::SharedPtr[m[K’
[4.210s]   248 |   rclcpp::Publisher<std_msgs::msg::Int32_multi_array>::[01;36m[KSharedPtr[m[K          getposition_pub_;
[4.210s]       |                                                        [01;36m[K^~~~~~~~~[m[K
[4.213s] [01m[K/home/nvidia/MotorcarV1.1_ws/src/ROS2_ZLAC8015D_serial/src/Motorctl.cpp:256:62:[m[K [01;31m[Kerror: [m[K‘[01m[Kmode_sub_[m[K’ does not name a type
[4.213s]   256 |   rclcpp::Subscription<std_msgs::msg::Int32>::SharedPtr      [01;31m[Kmode_sub_[m[K;
[4.213s]       |                                                              [01;31m[K^~~~~~~~~[m[K
[4.227s] [01m[K/home/nvidia/MotorcarV1.1_ws/src/ROS2_ZLAC8015D_serial/src/Motorrcv.cpp:[m[K In constructor ‘[01m[KMotorreceiv::Motorreceiv()[m[K’:
[4.227s] [01m[K/home/nvidia/MotorcarV1.1_ws/src/ROS2_ZLAC8015D_serial/src/Motorrcv.cpp:30:5:[m[K [01;31m[Kerror: [m[K‘[01m[Kgetposition_sub_[m[K’ was not declared in this scope; did you mean ‘[01m[Kget_positionF[m[K’?
[4.228s]    30 |     [01;31m[Kgetposition_sub_[m[K = this->create_subscription<std_msgs::msg::Int32_multi_array>(
[4.228s]       |     [01;31m[K^~~~~~~~~~~~~~~~[m[K
[4.228s]       |     [32m[Kget_positionF[m[K
[4.228s] [01m[K/home/nvidia/MotorcarV1.1_ws/src/ROS2_ZLAC8015D_serial/src/Motorrcv.cpp:30:65:[m[K [01;31m[Kerror: [m[K‘[01m[KInt32_multi_array[m[K’ is not a member of ‘[01m[Kstd_msgs::msg[m[K’; did you mean ‘[01m[KInt32MultiArray[m[K’?
[4.228s]    30 |     getposition_sub_ = this->create_subscription<std_msgs::msg::[01;31m[KInt32_multi_array[m[K>(
[4.228s]       |                                                                 [01;31m[K^~~~~~~~~~~~~~~~~[m[K
[4.228s]       |                                                                 [32m[KInt32MultiArray[m[K
[4.231s] [01m[K/home/nvidia/MotorcarV1.1_ws/src/ROS2_ZLAC8015D_serial/src/Motorrcv.cpp:30:83:[m[K [01;31m[Kerror: [m[Kno matching function for call to ‘[01m[KMotorreceiv::create_subscription<<expression error> >(const char [13], int, std::_Bind_helper<false, void (Motorreceiv::*)(std::shared_ptr<std_msgs::msg::Int32_<std::allocator<void> > >), Motorreceiv*, const std::_Placeholder<1>&>::type)[m[K’
[4.231s]    30 |     getposition_sub_ = [01;31m[Kthis->create_subscription<std_msgs::msg::Int32_multi_array>([m[K
[4.232s]       |                        [01;31m[K~~~~~~~~~~~~~~~~~~~~~~~~~~~~~~~~~~~~~~~~~~~~~~~~~~~~~~~~~~~^[m[K
[4.232s]    31 | [01;31m[K      "/getposition", 10,std::bind(&Motorreceiv::getpos, this, std::placeholders::_1))[m[K;
[4.232s]       |       [01;31m[K~~~~~~~~~~~~~~~~~~~~~~~~~~~~~~~~~~~~~~~~~~~~~~~~~~~~~~~~~~~~~~~~~~~~~~~~~~~~~~~~[m[K
[4.232s] In file included from [01m[K/opt/ros/humble/include/rclcpp/rclcpp/node.hpp:1321[m[K,
[4.232s]                  from [01m[K/opt/ros/humble/include/rclcpp/rclcpp/executors/single_threaded_executor.hpp:28[m[K,
[4.232s]                  from [01m[K/opt/ros/humble/include/rclcpp/rclcpp/executors.hpp:22[m[K,
[4.232s]                  from [01m[K/opt/ros/humble/include/rclcpp/rclcpp/rclcpp.hpp:155[m[K,
[4.232s]                  from [01m[K/home/nvidia/MotorcarV1.1_ws/src/ROS2_ZLAC8015D_serial/src/Motorrcv.cpp:6[m[K:
[4.232s] [01m[K/opt/ros/humble/include/rclcpp/rclcpp/node_impl.hpp:92:1:[m[K [01;36m[Knote: [m[Kcandidate: ‘[01m[Ktemplate<class MessageT, class CallbackT, class AllocatorT, class SubscriptionT, class MessageMemoryStrategyT> std::shared_ptr<ROSMessageT> rclcpp::Node::create_subscription(const string&, const rclcpp::QoS&, CallbackT&&, const rclcpp::SubscriptionOptionsWithAllocator<AllocatorT>&, typename MessageMemoryStrategyT::SharedPtr)[m[K’
[4.232s]    92 | [01;36m[KNode[m[K::create_subscription(
[4.232s]       | [01;36m[K^~~~[m[K
[4.232s] [01m[K/opt/ros/humble/include/rclcpp/rclcpp/node_impl.hpp:92:1:[m[K [01;36m[Knote: [m[K  template argument deduction/substitution failed:
[4.233s] [01m[K/home/nvidia/MotorcarV1.1_ws/src/ROS2_ZLAC8015D_serial/src/Motorrcv.cpp:30:83:[m[K [01;31m[Kerror: [m[Ktemplate argument 1 is invalid
[4.233s]    30 |     getposition_sub_ = [01;31m[Kthis->create_subscription<std_msgs::msg::Int32_multi_array>([m[K
[4.233s]       |                        [01;31m[K~~~~~~~~~~~~~~~~~~~~~~~~~~~~~~~~~~~~~~~~~~~~~~~~~~~~~~~~~~~^[m[K
[4.233s]    31 | [01;31m[K      "/getposition", 10,std::bind(&Motorreceiv::getpos, this, std::placeholders::_1))[m[K;
[4.233s]       |       [01;31m[K~~~~~~~~~~~~~~~~~~~~~~~~~~~~~~~~~~~~~~~~~~~~~~~~~~~~~~~~~~~~~~~~~~~~~~~~~~~~~~~~[m[K
[4.256s] [01m[K/home/nvidia/MotorcarV1.1_ws/src/ROS2_ZLAC8015D_serial/src/Motorrcv.cpp:[m[K In member function ‘[01m[Kvoid Motorreceiv::getpos(std_msgs::msg::Int32_<std::allocator<void> >::SharedPtr)[m[K’:
[4.256s] [01m[K/home/nvidia/MotorcarV1.1_ws/src/ROS2_ZLAC8015D_serial/src/Motorrcv.cpp:61:31:[m[K [01;31m[Kerror: [m[Kinvalid types ‘[01m[Kstd_msgs::msg::Int32_<std::allocator<void> >::_data_type {aka int}[int][m[K’ for array subscript
[4.256s]    61 |     get_positionF  = msg->data[01;31m[K[[m[K0];
[4.256s]       |                               [01;31m[K^[m[K
[4.256s] [01m[K/home/nvidia/MotorcarV1.1_ws/src/ROS2_ZLAC8015D_serial/src/Motorrcv.cpp:62:30:[m[K [01;31m[Kerror: [m[Kinvalid types ‘[01m[Kstd_msgs::msg::Int32_<std::allocator<void> >::_data_type {aka int}[int][m[K’ for array subscript
[4.256s]    62 |     get_positionR = msg->data[01;31m[K[[m[K1];
[4.256s]       |                              [01;31m[K^[m[K
[4.308s] [01m[K/home/nvidia/MotorcarV1.1_ws/src/ROS2_ZLAC8015D_serial/src/Motorctl.cpp:[m[K In constructor ‘[01m[KModeToZlac::ModeToZlac()[m[K’:
[4.309s] [01m[K/home/nvidia/MotorcarV1.1_ws/src/ROS2_ZLAC8015D_serial/src/Motorctl.cpp:47:5:[m[K [01;31m[Kerror: [m[K‘[01m[Kgetposition_pub_[m[K’ was not declared in this scope
[4.309s]    47 |     [01;31m[Kgetposition_pub_[m[K= this->create_publisher<std_msgs::msg::Int32_multi_array>("/getposition", 10);
[4.309s]       |     [01;31m[K^~~~~~~~~~~~~~~~[m[K
[4.309s] [01m[K/home/nvidia/MotorcarV1.1_ws/src/ROS2_ZLAC8015D_serial/src/Motorctl.cpp:47:61:[m[K [01;31m[Kerror: [m[K‘[01m[KInt32_multi_array[m[K’ is not a member of ‘[01m[Kstd_msgs::msg[m[K’; did you mean ‘[01m[KInt32MultiArray[m[K’?
[4.309s]    47 |     getposition_pub_= this->create_publisher<std_msgs::msg::[01;31m[KInt32_multi_array[m[K>("/getposition", 10);
[4.310s]       |                                                             [01;31m[K^~~~~~~~~~~~~~~~~[m[K
[4.310s]       |                                                             [32m[KInt32MultiArray[m[K
[4.310s] [01m[K/home/nvidia/MotorcarV1.1_ws/src/ROS2_ZLAC8015D_serial/src/Motorctl.cpp:47:79:[m[K [01;31m[Kerror: [m[Kno matching function for call to ‘[01m[KModeToZlac::create_publisher<<expression error> >(const char [13], int)[m[K’
[4.310s]    47 |     getposition_pub_= [01;31m[Kthis->create_publisher<std_msgs::msg::Int32_multi_array>("/getposition", 10)[m[K;
[4.311s]       |                       [01;31m[K~~~~~~~~~~~~~~~~~~~~~~~~~~~~~~~~~~~~~~~~~~~~~~~~~~~~~~~~^~~~~~~~~~~~~~~~~~~~[m[K
[4.311s] In file included from [01m[K/opt/ros/humble/include/rclcpp/rclcpp/node.hpp:1321[m[K,
[4.311s]                  from [01m[K/opt/ros/humble/include/rclcpp/rclcpp/executors/single_threaded_executor.hpp:28[m[K,
[4.311s]                  from [01m[K/opt/ros/humble/include/rclcpp/rclcpp/executors.hpp:22[m[K,
[4.311s]                  from [01m[K/opt/ros/humble/include/rclcpp/rclcpp/rclcpp.hpp:155[m[K,
[4.312s]                  from [01m[K/home/nvidia/MotorcarV1.1_ws/src/ROS2_ZLAC8015D_serial/src/Motorctl.cpp:7[m[K:
[4.312s] [01m[K/opt/ros/humble/include/rclcpp/rclcpp/node_impl.hpp:73:1:[m[K [01;36m[Knote: [m[Kcandidate: ‘[01m[Ktemplate<class MessageT, class AllocatorT, class PublisherT> std::shared_ptr<PublisherT> rclcpp::Node::create_publisher(const string&, const rclcpp::QoS&, const rclcpp::PublisherOptionsWithAllocator<AllocatorT>&)[m[K’
[4.312s]    73 | [01;36m[KNode[m[K::create_publisher(
[4.312s]       | [01;36m[K^~~~[m[K
[4.312s] [01m[K/opt/ros/humble/include/rclcpp/rclcpp/node_impl.hpp:73:1:[m[K [01;36m[Knote: [m[K  template argument deduction/substitution failed:
[4.313s] [01m[K/home/nvidia/MotorcarV1.1_ws/src/ROS2_ZLAC8015D_serial/src/Motorctl.cpp:47:79:[m[K [01;31m[Kerror: [m[Ktemplate argument 1 is invalid
[4.313s]    47 |     getposition_pub_= [01;31m[Kthis->create_publisher<std_msgs::msg::Int32_multi_array>("/getposition", 10)[m[K;
[4.313s]       |                       [01;31m[K~~~~~~~~~~~~~~~~~~~~~~~~~~~~~~~~~~~~~~~~~~~~~~~~~~~~~~~~^~~~~~~~~~~~~~~~~~~~[m[K
[4.333s] [01m[K/home/nvidia/MotorcarV1.1_ws/src/ROS2_ZLAC8015D_serial/src/Motorctl.cpp:58:5:[m[K [01;31m[Kerror: [m[K‘[01m[Kmode_sub_[m[K’ was not declared in this scope
[4.333s]    58 |     [01;31m[Kmode_sub_[m[K = this->create_subscription<std_msgs::msg::Int32>(
[4.333s]       |     [01;31m[K^~~~~~~~~[m[K
[4.334s] [01m[K/home/nvidia/MotorcarV1.1_ws/src/ROS2_ZLAC8015D_serial/src/Motorctl.cpp:58:58:[m[K [01;31m[Kerror: [m[K‘[01m[KInt32[m[K’ is not a member of ‘[01m[Kstd_msgs::msg[m[K’
[4.334s]    58 |     mode_sub_ = this->create_subscription<std_msgs::msg::[01;31m[KInt32[m[K>(
[4.335s]       |                                                          [01;31m[K^~~~~[m[K
[4.338s] [01m[K/home/nvidia/MotorcarV1.1_ws/src/ROS2_ZLAC8015D_serial/src/Motorctl.cpp:58:64:[m[K [01;31m[Kerror: [m[Kno matching function for call to ‘[01m[KModeToZlac::create_subscription<<expression error> >(const char [6], int, std::_Bind_helper<false, void (ModeToZlac::*)(...), ModeToZlac*, const std::_Placeholder<1>&>::type)[m[K’
[4.338s]    58 |     mode_sub_ = [01;31m[Kthis->create_subscription<std_msgs::msg::Int32>([m[K
[4.338s]       |                 [01;31m[K~~~~~~~~~~~~~~~~~~~~~~~~~~~~~~~~~~~~~~~~~~~~~~~^[m[K
[4.338s]    59 | [01;31m[K      "/Mode", 10,std::bind(&ModeToZlac::ModeCH, this, _1))[m[K;
[4.338s]       |       [01;31m[K~~~~~~~~~~~~~~~~~~~~~~~~~~~~~~~~~~~~~~~~~~~~~~~~~~~~~[m[K     
[4.339s] In file included from [01m[K/opt/ros/humble/include/rclcpp/rclcpp/node.hpp:1321[m[K,
[4.339s]                  from [01m[K/opt/ros/humble/include/rclcpp/rclcpp/executors/single_threaded_executor.hpp:28[m[K,
[4.339s]                  from [01m[K/opt/ros/humble/include/rclcpp/rclcpp/executors.hpp:22[m[K,
[4.339s]                  from [01m[K/opt/ros/humble/include/rclcpp/rclcpp/rclcpp.hpp:155[m[K,
[4.339s]                  from [01m[K/home/nvidia/MotorcarV1.1_ws/src/ROS2_ZLAC8015D_serial/src/Motorctl.cpp:7[m[K:
[4.340s] [01m[K/opt/ros/humble/include/rclcpp/rclcpp/node_impl.hpp:92:1:[m[K [01;36m[Knote: [m[Kcandidate: ‘[01m[Ktemplate<class MessageT, class CallbackT, class AllocatorT, class SubscriptionT, class MessageMemoryStrategyT> std::shared_ptr<ROSMessageT> rclcpp::Node::create_subscription(const string&, const rclcpp::QoS&, CallbackT&&, const rclcpp::SubscriptionOptionsWithAllocator<AllocatorT>&, typename MessageMemoryStrategyT::SharedPtr)[m[K’
[4.340s]    92 | [01;36m[KNode[m[K::create_subscription(
[4.340s]       | [01;36m[K^~~~[m[K
[4.340s] [01m[K/opt/ros/humble/include/rclcpp/rclcpp/node_impl.hpp:92:1:[m[K [01;36m[Knote: [m[K  template argument deduction/substitution failed:
[4.340s] [01m[K/home/nvidia/MotorcarV1.1_ws/src/ROS2_ZLAC8015D_serial/src/Motorctl.cpp:58:64:[m[K [01;31m[Kerror: [m[Ktemplate argument 1 is invalid
[4.341s]    58 |     mode_sub_ = [01;31m[Kthis->create_subscription<std_msgs::msg::Int32>([m[K
[4.341s]       |                 [01;31m[K~~~~~~~~~~~~~~~~~~~~~~~~~~~~~~~~~~~~~~~~~~~~~~~^[m[K
[4.341s]    59 | [01;31m[K      "/Mode", 10,std::bind(&ModeToZlac::ModeCH, this, _1))[m[K;
[4.341s]       |       [01;31m[K~~~~~~~~~~~~~~~~~~~~~~~~~~~~~~~~~~~~~~~~~~~~~~~~~~~~~[m[K     
[4.375s] In file included from [01m[K/opt/ros/humble/include/rclcpp/rclcpp/client.hpp:40[m[K,
[4.375s]                  from [01m[K/opt/ros/humble/include/rclcpp/rclcpp/callback_group.hpp:24[m[K,
[4.376s]                  from [01m[K/opt/ros/humble/include/rclcpp/rclcpp/any_executable.hpp:20[m[K,
[4.376s]                  from [01m[K/opt/ros/humble/include/rclcpp/rclcpp/memory_strategy.hpp:25[m[K,
[4.377s]                  from [01m[K/opt/ros/humble/include/rclcpp/rclcpp/memory_strategies.hpp:18[m[K,
[4.377s]                  from [01m[K/opt/ros/humble/include/rclcpp/rclcpp/executor_options.hpp:20[m[K,
[4.377s]                  from [01m[K/opt/ros/humble/include/rclcpp/rclcpp/executor.hpp:37[m[K,
[4.377s]                  from [01m[K/opt/ros/humble/include/rclcpp/rclcpp/executors/multi_threaded_executor.hpp:25[m[K,
[4.378s]                  from [01m[K/opt/ros/humble/include/rclcpp/rclcpp/executors.hpp:21[m[K,
[4.378s]                  from [01m[K/opt/ros/humble/include/rclcpp/rclcpp/rclcpp.hpp:155[m[K,
[4.378s]                  from [01m[K/home/nvidia/MotorcarV1.1_ws/src/ROS2_ZLAC8015D_serial/src/Motorctl.cpp:7[m[K:
[4.378s] [01m[K/home/nvidia/MotorcarV1.1_ws/src/ROS2_ZLAC8015D_serial/src/Motorctl.cpp:[m[K In lambda function:
[4.379s] [01m[K/home/nvidia/MotorcarV1.1_ws/src/ROS2_ZLAC8015D_serial/src/Motorctl.cpp:202:9:[m[K [01;31m[Kerror: [m[Krequest for member ‘[01m[Know[m[K’ in ‘[01m[Kc[m[K’, which is of non-class type ‘[01m[Kconst char [34][m[K’
[4.379s]   202 |         [01;31m[KRCLCPP_INFO_THROTTLE[m[K(this->get_logger(),"FrontCtl: pos=%d rpm=%.1f tq=%.1f", posF, rpmF, tqF);
[4.379s]       |         [01;31m[K^~~~~~~~~~~~~~~~~~~~[m[K
[4.379s] In file included from [01m[K/opt/ros/humble/include/rclcpp/rclcpp/logging.hpp:24[m[K,
[4.379s]                  from [01m[K/opt/ros/humble/include/rclcpp/rclcpp/client.hpp:40[m[K,
[4.380s]                  from [01m[K/opt/ros/humble/include/rclcpp/rclcpp/callback_group.hpp:24[m[K,
[4.380s]                  from [01m[K/opt/ros/humble/include/rclcpp/rclcpp/any_executable.hpp:20[m[K,
[4.380s]                  from [01m[K/opt/ros/humble/include/rclcpp/rclcpp/memory_strategy.hpp:25[m[K,
[4.380s]                  from [01m[K/opt/ros/humble/include/rclcpp/rclcpp/memory_strategies.hpp:18[m[K,
[4.380s]                  from [01m[K/opt/ros/humble/include/rclcpp/rclcpp/executor_options.hpp:20[m[K,
[4.381s]                  from [01m[K/opt/ros/humble/include/rclcpp/rclcpp/executor.hpp:37[m[K,
[4.381s]                  from [01m[K/opt/ros/humble/include/rclcpp/rclcpp/executors/multi_threaded_executor.hpp:25[m[K,
[4.381s]                  from [01m[K/opt/ros/humble/include/rclcpp/rclcpp/executors.hpp:21[m[K,
[4.381s]                  from [01m[K/opt/ros/humble/include/rclcpp/rclcpp/rclcpp.hpp:155[m[K,
[4.382s]                  from [01m[K/home/nvidia/MotorcarV1.1_ws/src/ROS2_ZLAC8015D_serial/src/Motorctl.cpp:7[m[K:
[4.382s] [01m[K/home/nvidia/MotorcarV1.1_ws/src/ROS2_ZLAC8015D_serial/src/Motorctl.cpp:[m[K In member function ‘[01m[Kvoid ModeToZlac::ZLACoutput()[m[K’:
[4.382s] [01m[K/home/nvidia/MotorcarV1.1_ws/src/ROS2_ZLAC8015D_serial/src/Motorctl.cpp:202:92:[m[K [01;31m[Kerror: [m[Kcannot convert ‘[01m[Kfloat[m[K’ to ‘[01m[Kconst char*[m[K’
[4.382s]   202 |         RCLCPP_INFO_THROTTLE(this->get_logger(),"FrontCtl: pos=%d rpm=%.1f tq=%.1f", posF, [01;31m[KrpmF[m[K, tqF);
[4.382s]       |                                                                                            [01;31m[K^~~~[m[K
[4.383s]       |                                                                                            [01;31m[K|[m[K
[4.383s]       |                                                                                            [01;31m[Kfloat[m[K
[4.383s] In file included from [01m[K/opt/ros/humble/include/rmw/rmw/types.h:28[m[K,
[4.383s]                  from [01m[K/opt/ros/humble/include/rcl/rcl/types.h:20[m[K,
[4.383s]                  from [01m[K/opt/ros/humble/include/rcl/rcl/log_level.h:22[m[K,
[4.384s]                  from [01m[K/opt/ros/humble/include/rcl/rcl/arguments.h:21[m[K,
[4.384s]                  from [01m[K/opt/ros/humble/include/rcl/rcl/context.h:28[m[K,
[4.384s]                  from [01m[K/opt/ros/humble/include/rcl/rcl/guard_condition.h:26[m[K,
[4.384s]                  from [01m[K/opt/ros/humble/include/rclcpp/rclcpp/executor.hpp:30[m[K,
[4.384s]                  from [01m[K/opt/ros/humble/include/rclcpp/rclcpp/executors/multi_threaded_executor.hpp:25[m[K,
[4.385s]                  from [01m[K/opt/ros/humble/include/rclcpp/rclcpp/executors.hpp:21[m[K,
[4.385s]                  from [01m[K/opt/ros/humble/include/rclcpp/rclcpp/rclcpp.hpp:155[m[K,
[4.385s]                  from [01m[K/home/nvidia/MotorcarV1.1_ws/src/ROS2_ZLAC8015D_serial/src/Motorctl.cpp:7[m[K:
[4.385s] [01m[K/opt/ros/humble/include/rcutils/rcutils/logging.h:479:16:[m[K [01;36m[Knote: [m[K  initializing argument 4 of ‘[01m[Kvoid rcutils_log(const rcutils_log_location_t*, int, const char*, const char*, ...)[m[K’
[4.385s]   479 |   [01;36m[Kconst char * format[m[K,
[4.386s]       |   [01;36m[K~~~~~~~~~~~~~^~~~~~[m[K
[4.386s] In file included from [01m[K/opt/ros/humble/include/rclcpp/rclcpp/client.hpp:40[m[K,
[4.386s]                  from [01m[K/opt/ros/humble/include/rclcpp/rclcpp/callback_group.hpp:24[m[K,
[4.386s]                  from [01m[K/opt/ros/humble/include/rclcpp/rclcpp/any_executable.hpp:20[m[K,
[4.386s]                  from [01m[K/opt/ros/humble/include/rclcpp/rclcpp/memory_strategy.hpp:25[m[K,
[4.387s]                  from [01m[K/opt/ros/humble/include/rclcpp/rclcpp/memory_strategies.hpp:18[m[K,
[4.387s]                  from [01m[K/opt/ros/humble/include/rclcpp/rclcpp/executor_options.hpp:20[m[K,
[4.387s]                  from [01m[K/opt/ros/humble/include/rclcpp/rclcpp/executor.hpp:37[m[K,
[4.387s]                  from [01m[K/opt/ros/humble/include/rclcpp/rclcpp/executors/multi_threaded_executor.hpp:25[m[K,
[4.388s]                  from [01m[K/opt/ros/humble/include/rclcpp/rclcpp/executors.hpp:21[m[K,
[4.388s]                  from [01m[K/opt/ros/humble/include/rclcpp/rclcpp/rclcpp.hpp:155[m[K,
[4.388s]                  from [01m[K/home/nvidia/MotorcarV1.1_ws/src/ROS2_ZLAC8015D_serial/src/Motorctl.cpp:7[m[K:
[4.388s] [01m[K/home/nvidia/MotorcarV1.1_ws/src/ROS2_ZLAC8015D_serial/src/Motorctl.cpp:[m[K In lambda function:
[4.388s] [01m[K/home/nvidia/MotorcarV1.1_ws/src/ROS2_ZLAC8015D_serial/src/Motorctl.cpp:208:9:[m[K [01;31m[Kerror: [m[Krequest for member ‘[01m[Know[m[K’ in ‘[01m[Kc[m[K’, which is of non-class type ‘[01m[Kconst char [34][m[K’
[4.389s]   208 |         [01;31m[KRCLCPP_INFO_THROTTLE[m[K(this->get_logger(),"RearCtl:  pos=%d rpm=%.1f tq=%.1f", posR, rpmR, tqR);
[4.389s]       |         [01;31m[K^~~~~~~~~~~~~~~~~~~~[m[K
[4.389s] In file included from [01m[K/opt/ros/humble/include/rclcpp/rclcpp/logging.hpp:24[m[K,
[4.389s]                  from [01m[K/opt/ros/humble/include/rclcpp/rclcpp/client.hpp:40[m[K,
[4.389s]                  from [01m[K/opt/ros/humble/include/rclcpp/rclcpp/callback_group.hpp:24[m[K,
[4.390s]                  from [01m[K/opt/ros/humble/include/rclcpp/rclcpp/any_executable.hpp:20[m[K,
[4.390s]                  from [01m[K/opt/ros/humble/include/rclcpp/rclcpp/memory_strategy.hpp:25[m[K,
[4.390s]                  from [01m[K/opt/ros/humble/include/rclcpp/rclcpp/memory_strategies.hpp:18[m[K,
[4.390s]                  from [01m[K/opt/ros/humble/include/rclcpp/rclcpp/executor_options.hpp:20[m[K,
[4.390s]                  from [01m[K/opt/ros/humble/include/rclcpp/rclcpp/executor.hpp:37[m[K,
[4.391s]                  from [01m[K/opt/ros/humble/include/rclcpp/rclcpp/executors/multi_threaded_executor.hpp:25[m[K,
[4.391s]                  from [01m[K/opt/ros/humble/include/rclcpp/rclcpp/executors.hpp:21[m[K,
[4.391s]                  from [01m[K/opt/ros/humble/include/rclcpp/rclcpp/rclcpp.hpp:155[m[K,
[4.391s]                  from [01m[K/home/nvidia/MotorcarV1.1_ws/src/ROS2_ZLAC8015D_serial/src/Motorctl.cpp:7[m[K:
[4.391s] [01m[K/home/nvidia/MotorcarV1.1_ws/src/ROS2_ZLAC8015D_serial/src/Motorctl.cpp:[m[K In member function ‘[01m[Kvoid ModeToZlac::ZLACoutput()[m[K’:
[4.392s] [01m[K/home/nvidia/MotorcarV1.1_ws/src/ROS2_ZLAC8015D_serial/src/Motorctl.cpp:208:92:[m[K [01;31m[Kerror: [m[Kcannot convert ‘[01m[Kfloat[m[K’ to ‘[01m[Kconst char*[m[K’
[4.392s]   208 |         RCLCPP_INFO_THROTTLE(this->get_logger(),"RearCtl:  pos=%d rpm=%.1f tq=%.1f", posR, [01;31m[KrpmR[m[K, tqR);
[4.392s]       |                                                                                            [01;31m[K^~~~[m[K
[4.392s]       |                                                                                            [01;31m[K|[m[K
[4.392s]       |                                                                                            [01;31m[Kfloat[m[K
[4.393s] In file included from [01m[K/opt/ros/humble/include/rmw/rmw/types.h:28[m[K,
[4.393s]                  from [01m[K/opt/ros/humble/include/rcl/rcl/types.h:20[m[K,
[4.393s]                  from [01m[K/opt/ros/humble/include/rcl/rcl/log_level.h:22[m[K,
[4.393s]                  from [01m[K/opt/ros/humble/include/rcl/rcl/arguments.h:21[m[K,
[4.393s]                  from [01m[K/opt/ros/humble/include/rcl/rcl/context.h:28[m[K,
[4.394s]                  from [01m[K/opt/ros/humble/include/rcl/rcl/guard_condition.h:26[m[K,
[4.394s]                  from [01m[K/opt/ros/humble/include/rclcpp/rclcpp/executor.hpp:30[m[K,
[4.394s]                  from [01m[K/opt/ros/humble/include/rclcpp/rclcpp/executors/multi_threaded_executor.hpp:25[m[K,
[4.394s]                  from [01m[K/opt/ros/humble/include/rclcpp/rclcpp/executors.hpp:21[m[K,
[4.394s]                  from [01m[K/opt/ros/humble/include/rclcpp/rclcpp/rclcpp.hpp:155[m[K,
[4.395s]                  from [01m[K/home/nvidia/MotorcarV1.1_ws/src/ROS2_ZLAC8015D_serial/src/Motorctl.cpp:7[m[K:
[4.395s] [01m[K/opt/ros/humble/include/rcutils/rcutils/logging.h:479:16:[m[K [01;36m[Knote: [m[K  initializing argument 4 of ‘[01m[Kvoid rcutils_log(const rcutils_log_location_t*, int, const char*, const char*, ...)[m[K’
[4.395s]   479 |   [01;36m[Kconst char * format[m[K,
[4.395s]       |   [01;36m[K~~~~~~~~~~~~~^~~~~~[m[K
[4.396s] [01m[K/home/nvidia/MotorcarV1.1_ws/src/ROS2_ZLAC8015D_serial/src/Motorctl.cpp:223:20:[m[K [01;31m[Kerror: [m[K‘[01m[KInt32_multi_array[m[K’ is not a member of ‘[01m[Kstd_msgs::msg[m[K’; did you mean ‘[01m[KInt32MultiArray[m[K’?
[4.396s]   223 |     std_msgs::msg::[01;31m[KInt32_multi_array[m[K gpos;
[4.396s]       |                    [01;31m[K^~~~~~~~~~~~~~~~~[m[K
[4.396s]       |                    [32m[KInt32MultiArray[m[K
[4.396s] [01m[K/home/nvidia/MotorcarV1.1_ws/src/ROS2_ZLAC8015D_serial/src/Motorctl.cpp:224:5:[m[K [01;31m[Kerror: [m[K‘[01m[Kgpos[m[K’ was not declared in this scope
[4.397s]   224 |     [01;31m[Kgpos[m[K.data = { static_cast<int32_t>(posF), static_cast<int32_t>(posR)};
[4.397s]       |     [01;31m[K^~~~[m[K
[4.398s] [01m[K/home/nvidia/MotorcarV1.1_ws/src/ROS2_ZLAC8015D_serial/src/Motorctl.cpp:224:40:[m[K [01;31m[Kerror: [m[K‘[01m[KposF[m[K’ was not declared in this scope
[4.398s]   224 |     gpos.data = { static_cast<int32_t>([01;31m[KposF[m[K), static_cast<int32_t>(posR)};
[4.398s]       |                                        [01;31m[K^~~~[m[K
[4.406s] [01m[K/home/nvidia/MotorcarV1.1_ws/src/ROS2_ZLAC8015D_serial/src/Motorctl.cpp:224:68:[m[K [01;31m[Kerror: [m[K‘[01m[KposR[m[K’ was not declared in this scope
[4.406s]   224 |     gpos.data = { static_cast<int32_t>(posF), static_cast<int32_t>([01;31m[KposR[m[K)};
[4.407s]       |                                                                    [01;31m[K^~~~[m[K
[4.419s] [01m[K/home/nvidia/MotorcarV1.1_ws/src/ROS2_ZLAC8015D_serial/src/Motorctl.cpp:225:5:[m[K [01;31m[Kerror: [m[K‘[01m[Kgetposition_pub_[m[K’ was not declared in this scope
[4.419s]   225 |     [01;31m[Kgetposition_pub_[m[K->publish(gpos);
[4.419s]       |     [01;31m[K^~~~~~~~~~~~~~~~[m[K
[8.895s] gmake[2]: *** [CMakeFiles/Motorrcv.dir/build.make:76: CMakeFiles/Motorrcv.dir/src/Motorrcv.cpp.o] Error 1
[8.895s] gmake[1]: *** [CMakeFiles/Makefile2:223: CMakeFiles/Motorrcv.dir/all] Error 2
[8.895s] gmake[1]: *** Waiting for unfinished jobs....
[10.529s] gmake[2]: *** [CMakeFiles/Motorctl.dir/build.make:76: CMakeFiles/Motorctl.dir/src/Motorctl.cpp.o] Error 1
[10.529s] gmake[1]: *** [CMakeFiles/Makefile2:197: CMakeFiles/Motorctl.dir/all] Error 2
[10.530s] gmake: *** [Makefile:146: all] Error 2
[10.537s] Invoked command in '/home/nvidia/MotorcarV1.1_ws/build/zlac8015d_serial' returned '2': AMENT_PREFIX_PATH=/home/nvidia/MotorcarV1.1_ws/install/joy_control:/home/nvidia/MotorcarV1.1_ws/install/serial:/home/nvidia/MotorcarV1.1_ws/install/keyboard_joy:${AMENT_PREFIX_PATH} CMAKE_PREFIX_PATH=/home/nvidia/MotorcarV1.1_ws/install/joy_control:/home/nvidia/MotorcarV1.1_ws/install/serial:/home/nvidia/piek-src/install/motor_control:/home/nvidia/piek-src/install/willy_interfaces:/home/nvidia/piek-src/install/serial:/home/nvidia/piek-src/install/joy_control:/home/nvidia/piek-src/install/keyboard_joy:/opt/ros/humble LD_LIBRARY_PATH=/home/nvidia/MotorcarV1.1_ws/install/serial/lib:${LD_LIBRARY_PATH} PYTHONPATH=/home/nvidia/MotorcarV1.1_ws/install/keyboard_joy/lib/python3.10/site-packages:${PYTHONPATH} /usr/bin/cmake --build /home/nvidia/MotorcarV1.1_ws/build/zlac8015d_serial -- -j12 -l12
