[0.991s] Invoking command in '/home/nvidia/MotorcarV1.1_ws/src/keyboard_joy': PYTHONPATH=/home/nvidia/MotorcarV1.1_ws/build/keyboard_joy/prefix_override:/usr/lib/python3/dist-packages/colcon_core/task/python/colcon_distutils_commands:/home/nvidia/MotorcarV1.1_ws/install/keyboard_joy/lib/python3.10/site-packages:${PYTHONPATH} /usr/bin/python3 -W ignore:setup.py install is deprecated -W ignore:easy_install command is deprecated setup.py egg_info --egg-base ../../build/keyboard_joy build --build-base /home/nvidia/MotorcarV1.1_ws/build/keyboard_joy/build install --record /home/nvidia/MotorcarV1.1_ws/build/keyboard_joy/install.log --single-version-externally-managed install_data
[1.387s] running egg_info
[1.387s] creating ../../build/keyboard_joy/keyboard_joy.egg-info
[1.388s] writing ../../build/keyboard_joy/keyboard_joy.egg-info/PKG-INFO
[1.388s] writing dependency_links to ../../build/keyboard_joy/keyboard_joy.egg-info/dependency_links.txt
[1.388s] writing entry points to ../../build/keyboard_joy/keyboard_joy.egg-info/entry_points.txt
[1.388s] writing requirements to ../../build/keyboard_joy/keyboard_joy.egg-info/requires.txt
[1.389s] writing top-level names to ../../build/keyboard_joy/keyboard_joy.egg-info/top_level.txt
[1.389s] writing manifest file '../../build/keyboard_joy/keyboard_joy.egg-info/SOURCES.txt'
[1.392s] reading manifest file '../../build/keyboard_joy/keyboard_joy.egg-info/SOURCES.txt'
[1.393s] writing manifest file '../../build/keyboard_joy/keyboard_joy.egg-info/SOURCES.txt'
[1.394s] running build
[1.394s] running build_py
[1.394s] creating /home/nvidia/MotorcarV1.1_ws/build/keyboard_joy/build
[1.394s] creating /home/nvidia/MotorcarV1.1_ws/build/keyboard_joy/build/lib
[1.394s] creating /home/nvidia/MotorcarV1.1_ws/build/keyboard_joy/build/lib/keyboard_joy
[1.394s] copying keyboard_joy/__init__.py -> /home/nvidia/MotorcarV1.1_ws/build/keyboard_joy/build/lib/keyboard_joy
[1.395s] copying keyboard_joy/joy_node.py -> /home/nvidia/MotorcarV1.1_ws/build/keyboard_joy/build/lib/keyboard_joy
[1.395s] running install
[1.396s] running install_lib
[1.397s] creating /home/nvidia/MotorcarV1.1_ws/install/keyboard_joy/lib/python3.10/site-packages/keyboard_joy
[1.397s] copying /home/nvidia/MotorcarV1.1_ws/build/keyboard_joy/build/lib/keyboard_joy/__init__.py -> /home/nvidia/MotorcarV1.1_ws/install/keyboard_joy/lib/python3.10/site-packages/keyboard_joy
[1.397s] copying /home/nvidia/MotorcarV1.1_ws/build/keyboard_joy/build/lib/keyboard_joy/joy_node.py -> /home/nvidia/MotorcarV1.1_ws/install/keyboard_joy/lib/python3.10/site-packages/keyboard_joy
[1.398s] byte-compiling /home/nvidia/MotorcarV1.1_ws/install/keyboard_joy/lib/python3.10/site-packages/keyboard_joy/__init__.py to __init__.cpython-310.pyc
[1.399s] byte-compiling /home/nvidia/MotorcarV1.1_ws/install/keyboard_joy/lib/python3.10/site-packages/keyboard_joy/joy_node.py to joy_node.cpython-310.pyc
[1.401s] running install_data
[1.401s] creating /home/nvidia/MotorcarV1.1_ws/install/keyboard_joy/share/ament_index
[1.401s] creating /home/nvidia/MotorcarV1.1_ws/install/keyboard_joy/share/ament_index/resource_index
[1.401s] creating /home/nvidia/MotorcarV1.1_ws/install/keyboard_joy/share/ament_index/resource_index/packages
[1.401s] copying resource/keyboard_joy -> /home/nvidia/MotorcarV1.1_ws/install/keyboard_joy/share/ament_index/resource_index/packages
[1.401s] copying package.xml -> /home/nvidia/MotorcarV1.1_ws/install/keyboard_joy/share/keyboard_joy
[1.402s] creating /home/nvidia/MotorcarV1.1_ws/install/keyboard_joy/share/keyboard_joy/config
[1.402s] copying config/key_mappings.yaml -> /home/nvidia/MotorcarV1.1_ws/install/keyboard_joy/share/keyboard_joy/config
[1.402s] creating /home/nvidia/MotorcarV1.1_ws/install/keyboard_joy/share/keyboard_joy/launch
[1.402s] copying launch/keyboard_joy.launch.py -> /home/nvidia/MotorcarV1.1_ws/install/keyboard_joy/share/keyboard_joy/launch
[1.402s] running install_egg_info
[1.406s] Copying ../../build/keyboard_joy/keyboard_joy.egg-info to /home/nvidia/MotorcarV1.1_ws/install/keyboard_joy/lib/python3.10/site-packages/keyboard_joy-0.0.1-py3.10.egg-info
[1.407s] running install_scripts
[1.446s] Installing joy_node script to /home/nvidia/MotorcarV1.1_ws/install/keyboard_joy/lib/keyboard_joy
[1.447s] writing list of installed files to '/home/nvidia/MotorcarV1.1_ws/build/keyboard_joy/install.log'
[1.523s] Invoked command in '/home/nvidia/MotorcarV1.1_ws/src/keyboard_joy' returned '0': PYTHONPATH=/home/nvidia/MotorcarV1.1_ws/build/keyboard_joy/prefix_override:/usr/lib/python3/dist-packages/colcon_core/task/python/colcon_distutils_commands:/home/nvidia/MotorcarV1.1_ws/install/keyboard_joy/lib/python3.10/site-packages:${PYTHONPATH} /usr/bin/python3 -W ignore:setup.py install is deprecated -W ignore:easy_install command is deprecated setup.py egg_info --egg-base ../../build/keyboard_joy build --build-base /home/nvidia/MotorcarV1.1_ws/build/keyboard_joy/build install --record /home/nvidia/MotorcarV1.1_ws/build/keyboard_joy/install.log --single-version-externally-managed install_data
