[0.421s] Invoking command in '/home/nvidia/MotorcarV1.1_ws/build/nav_sim': CMAKE_PREFIX_PATH=${CMAKE_PREFIX_PATH}:/home/nvidia/piek-src/install/keyboard_joy:/opt/ros/humble /usr/bin/cmake --build /home/nvidia/MotorcarV1.1_ws/build/nav_sim -- -j12 -l12
[0.513s] [100%] Built target NAV_cmd
[0.552s] Invoked command in '/home/nvidia/MotorcarV1.1_ws/build/nav_sim' returned '0': CMAKE_PREFIX_PATH=${CMAKE_PREFIX_PATH}:/home/nvidia/piek-src/install/keyboard_joy:/opt/ros/humble /usr/bin/cmake --build /home/nvidia/MotorcarV1.1_ws/build/nav_sim -- -j12 -l12
[0.555s] Invoking command in '/home/nvidia/MotorcarV1.1_ws/build/nav_sim': CMAKE_PREFIX_PATH=${CMAKE_PREFIX_PATH}:/home/nvidia/piek-src/install/keyboard_joy:/opt/ros/humble /usr/bin/cmake --install /home/nvidia/MotorcarV1.1_ws/build/nav_sim
[0.569s] -- Install configuration: ""
[0.569s] -- Up-to-date: /home/nvidia/MotorcarV1.1_ws/install/nav_sim/lib/nav_sim/NAV_cmd
[0.569s] -- Up-to-date: /home/nvidia/MotorcarV1.1_ws/install/nav_sim/share/ament_index/resource_index/package_run_dependencies/nav_sim
[0.569s] -- Up-to-date: /home/nvidia/MotorcarV1.1_ws/install/nav_sim/share/ament_index/resource_index/parent_prefix_path/nav_sim
[0.569s] -- Up-to-date: /home/nvidia/MotorcarV1.1_ws/install/nav_sim/share/nav_sim/environment/ament_prefix_path.sh
[0.569s] -- Up-to-date: /home/nvidia/MotorcarV1.1_ws/install/nav_sim/share/nav_sim/environment/ament_prefix_path.dsv
[0.570s] -- Up-to-date: /home/nvidia/MotorcarV1.1_ws/install/nav_sim/share/nav_sim/environment/path.sh
[0.570s] -- Up-to-date: /home/nvidia/MotorcarV1.1_ws/install/nav_sim/share/nav_sim/environment/path.dsv
[0.570s] -- Up-to-date: /home/nvidia/MotorcarV1.1_ws/install/nav_sim/share/nav_sim/local_setup.bash
[0.570s] -- Up-to-date: /home/nvidia/MotorcarV1.1_ws/install/nav_sim/share/nav_sim/local_setup.sh
[0.570s] -- Up-to-date: /home/nvidia/MotorcarV1.1_ws/install/nav_sim/share/nav_sim/local_setup.zsh
[0.570s] -- Up-to-date: /home/nvidia/MotorcarV1.1_ws/install/nav_sim/share/nav_sim/local_setup.dsv
[0.570s] -- Installing: /home/nvidia/MotorcarV1.1_ws/install/nav_sim/share/nav_sim/package.dsv
[0.570s] -- Up-to-date: /home/nvidia/MotorcarV1.1_ws/install/nav_sim/share/ament_index/resource_index/packages/nav_sim
[0.570s] -- Up-to-date: /home/nvidia/MotorcarV1.1_ws/install/nav_sim/share/nav_sim/cmake/nav_simConfig.cmake
[0.571s] -- Up-to-date: /home/nvidia/MotorcarV1.1_ws/install/nav_sim/share/nav_sim/cmake/nav_simConfig-version.cmake
[0.571s] -- Up-to-date: /home/nvidia/MotorcarV1.1_ws/install/nav_sim/share/nav_sim/package.xml
[0.576s] Invoked command in '/home/nvidia/MotorcarV1.1_ws/build/nav_sim' returned '0': CMAKE_PREFIX_PATH=${CMAKE_PREFIX_PATH}:/home/nvidia/piek-src/install/keyboard_joy:/opt/ros/humble /usr/bin/cmake --install /home/nvidia/MotorcarV1.1_ws/build/nav_sim
