-- The C compiler identification is GNU 11.4.0
-- The CXX compiler identification is GNU 11.4.0
-- Detecting C compiler ABI info
-- Detecting C compiler ABI info - done
-- Check for working C compiler: /usr/bin/cc - skipped
-- Detecting C compile features
-- Detecting C compile features - done
-- Detecting CXX compiler ABI info
-- Detecting CXX compiler ABI info - done
-- Check for working CXX compiler: /usr/bin/c++ - skipped
-- Detecting CXX compile features
-- Detecting CXX compile features - done
-- Found ament_cmake: 1.3.12 (/opt/ros/humble/share/ament_cmake/cmake)
-- Found Python3: /usr/bin/python3 (found version "3.10.12") found components: Interpreter 
-- Found rclcpp: 16.0.14 (/opt/ros/humble/share/rclcpp/cmake)
-- Found rosidl_generator_c: 3.1.7 (/opt/ros/humble/share/rosidl_generator_c/cmake)
-- Found rosidl_adapter: 3.1.7 (/opt/ros/humble/share/rosidl_adapter/cmake)
-- Found rosidl_generator_cpp: 3.1.7 (/opt/ros/humble/share/rosidl_generator_cpp/cmake)
-- Using all available rosidl_typesupport_c: rosidl_typesupport_fastrtps_c;rosidl_typesupport_introspection_c
-- Using all available rosidl_typesupport_cpp: rosidl_typesupport_fastrtps_cpp;rosidl_typesupport_introspection_cpp
-- Found rmw_implementation_cmake: 6.1.2 (/opt/ros/humble/share/rmw_implementation_cmake/cmake)
-- Found rmw_fastrtps_cpp: 6.2.8 (/opt/ros/humble/share/rmw_fastrtps_cpp/cmake)
-- Found OpenSSL: /usr/lib/aarch64-linux-gnu/libcrypto.so (found version "3.0.2")  
-- Found FastRTPS: /opt/ros/humble/include  
-- Using RMW implementation 'rmw_fastrtps_cpp' as default
-- Looking for pthread.h
-- Looking for pthread.h - found
-- Performing Test CMAKE_HAVE_LIBC_PTHREAD
-- Performing Test CMAKE_HAVE_LIBC_PTHREAD - Success
-- Found Threads: TRUE  
-- Found serial: 1.2.1 (/home/nvidia/MotorcarV1.1_ws/install/serial/share/serial/cmake)
-- Found geometry_msgs: 4.9.0 (/opt/ros/humble/share/geometry_msgs/cmake)
-- Found sensor_msgs: 4.9.0 (/opt/ros/humble/share/sensor_msgs/cmake)
-- Configuring done
-- Generating done
-- Build files have been written to: /home/nvidia/MotorcarV1.1_ws/build/zlac8015d_serial
[ 57%] [32mBuilding CXX object CMakeFiles/SimpleControl.dir/src/SimpleControl.cpp.o[0m
[ 57%] [32mBuilding CXX object CMakeFiles/zlac8015d.dir/src/zlac8015d.cpp.o[0m
[ 64%] [32mBuilding CXX object CMakeFiles/Motorrcv.dir/src/Motorrcv.cpp.o[0m
[ 57%] [32mBuilding CXX object CMakeFiles/Motorctl.dir/src/Motorctl.cpp.o[0m
[ 57%] [32mBuilding CXX object CMakeFiles/example.dir/src/zlac8015d.cpp.o[0m
[ 57%] [32mBuilding CXX object CMakeFiles/Motorrcv.dir/src/zlac8015d.cpp.o[0m
[ 64%] [32mBuilding CXX object CMakeFiles/SimpleControl.dir/src/zlac8015d.cpp.o[0m
[ 64%] [32mBuilding CXX object CMakeFiles/Motorctl.dir/src/zlac8015d.cpp.o[0m
[ 64%] [32mBuilding CXX object CMakeFiles/example.dir/src/example.cpp.o[0m
[ 71%] [32m[1mLinking CXX static library libzlac8015d.a[0m
[ 78%] [32m[1mLinking CXX executable example[0m
[ 78%] Built target zlac8015d
[ 78%] Built target example
[01m[K/home/nvidia/MotorcarV1.1_ws/src/ROS2_ZLAC8015D_serial/src/Motorrcv.cpp:46:3:[m[K [01;31m[Kerror: [m[Ktwo or more data types in declaration of ‘[01m[Ksetrpm[m[K’
   46 |   [01;31m[Kint[m[K
      |   [01;31m[K^~~[m[K
[01m[K/home/nvidia/MotorcarV1.1_ws/src/ROS2_ZLAC8015D_serial/src/Motorrcv.cpp:52:36:[m[K [01;31m[Kerror: [m[K‘[01m[KInt32[m[K’ in namespace ‘[01m[Kstd_msgs::msg[m[K’ does not name a type
   52 |   void getpos(const std_msgs::msg::[01;31m[KInt32[m[K::SharedPtr msg) {
      |                                    [01;31m[K^~~~~[m[K
[01m[K/home/nvidia/MotorcarV1.1_ws/src/ROS2_ZLAC8015D_serial/src/Motorrcv.cpp:52:53:[m[K [01;31m[Kerror: [m[Kexpected unqualified-id before ‘[01m[Kmsg[m[K’
   52 |   void getpos(const std_msgs::msg::Int32::SharedPtr [01;31m[Kmsg[m[K) {
      |                                                     [01;31m[K^~~[m[K
[01m[K/home/nvidia/MotorcarV1.1_ws/src/ROS2_ZLAC8015D_serial/src/Motorrcv.cpp:52:52:[m[K [01;31m[Kerror: [m[Kexpected ‘[01m[K)[m[K’ before ‘[01m[Kmsg[m[K’
   52 |   void getpos[34m[K([m[Kconst std_msgs::msg::Int32::SharedPtr[01;31m[K [m[K[32m[Kmsg[m[K) {
      |              [34m[K~[m[K                                     [01;31m[K^[m[K[32m[K~~~[m[K
      |                                                    [32m[K)[m[K
[01m[K/home/nvidia/MotorcarV1.1_ws/src/ROS2_ZLAC8015D_serial/src/Motorrcv.cpp:52:43:[m[K [01;31m[Kerror: [m[Kexpected ‘[01m[K;[m[K’ at end of member declaration
   52 |   void getpos(const std_msgs::msg::Int32::[01;31m[KSharedPtr[m[K msg) {
      |                                           [01;31m[K^~~~~~~~~[m[K
      |                                                    [32m[K;[m[K
[01m[K/home/nvidia/MotorcarV1.1_ws/src/ROS2_ZLAC8015D_serial/src/Motorrcv.cpp:52:53:[m[K [01;31m[Kerror: [m[K‘[01m[Kmsg[m[K’ does not name a type
   52 |   void getpos(const std_msgs::msg::Int32::SharedPtr [01;31m[Kmsg[m[K) {
      |                                                     [01;31m[K^~~[m[K
[01m[K/home/nvidia/MotorcarV1.1_ws/src/ROS2_ZLAC8015D_serial/src/Motorrcv.cpp:71:3:[m[K [01;31m[Kerror: [m[K‘[01m[KZLAC[m[K’ does not name a type
   71 |   [01;31m[KZLAC[m[K motorF_, motorR_;
      |   [01;31m[K^~~~[m[K
[01m[K/home/nvidia/MotorcarV1.1_ws/src/ROS2_ZLAC8015D_serial/src/Motorrcv.cpp:74:39:[m[K [01;31m[Kerror: [m[K‘[01m[KInt32[m[K’ is not a member of ‘[01m[Kstd_msgs::msg[m[K’
   74 |   rclcpp::Subscription<std_msgs::msg::[01;31m[KInt32[m[K>::SharedPtr                 getposition_sub_;
      |                                       [01;31m[K^~~~~[m[K
[01m[K/home/nvidia/MotorcarV1.1_ws/src/ROS2_ZLAC8015D_serial/src/Motorrcv.cpp:74:44:[m[K [01;31m[Kerror: [m[Ktemplate argument 1 is invalid
   74 |   rclcpp::Subscription<std_msgs::msg::Int32[01;31m[K>[m[K::SharedPtr                 getposition_sub_;
      |                                            [01;31m[K^[m[K
[01m[K/home/nvidia/MotorcarV1.1_ws/src/ROS2_ZLAC8015D_serial/src/Motorrcv.cpp:74:44:[m[K [01;31m[Kerror: [m[Ktemplate argument 3 is invalid
[01m[K/home/nvidia/MotorcarV1.1_ws/src/ROS2_ZLAC8015D_serial/src/Motorrcv.cpp:74:44:[m[K [01;31m[Kerror: [m[Ktemplate argument 4 is invalid
[01m[K/home/nvidia/MotorcarV1.1_ws/src/ROS2_ZLAC8015D_serial/src/Motorrcv.cpp:74:44:[m[K [01;31m[Kerror: [m[Ktemplate argument 5 is invalid
[01m[K/home/nvidia/MotorcarV1.1_ws/src/ROS2_ZLAC8015D_serial/src/Motorrcv.cpp:74:47:[m[K [01;31m[Kerror: [m[Kexpected ‘[01m[K;[m[K’ at end of member declaration
   74 |   rclcpp::Subscription<std_msgs::msg::Int32>::[01;31m[KSharedPtr[m[K                 getposition_sub_;
      |                                               [01;31m[K^~~~~~~~~[m[K
      |                                                        [32m[K;[m[K
[01m[K/home/nvidia/MotorcarV1.1_ws/src/ROS2_ZLAC8015D_serial/src/Motorrcv.cpp:74:73:[m[K [01;31m[Kerror: [m[K‘[01m[Kgetposition_sub_[m[K’ does not name a type
   74 |   rclcpp::Subscription<std_msgs::msg::Int32>::SharedPtr                 [01;31m[Kgetposition_sub_[m[K;
      |                                                                         [01;31m[K^~~~~~~~~~~~~~~~[m[K
[01m[K/home/nvidia/MotorcarV1.1_ws/src/ROS2_ZLAC8015D_serial/src/Motorrcv.cpp:[m[K In constructor ‘[01m[KMotorreceiv::Motorreceiv()[m[K’:
[01m[K/home/nvidia/MotorcarV1.1_ws/src/ROS2_ZLAC8015D_serial/src/Motorrcv.cpp:27:51:[m[K [01;31m[Kerror: [m[K‘[01m[Ksetrpm[m[K’ is not a member of ‘[01m[KMotorreceiv[m[K’
   27 |       "/setrpm_value", 10,std::bind(&Motorreceiv::[01;31m[Ksetrpm[m[K, this, std::placeholders::_1));
      |                                                   [01;31m[K^~~~~~[m[K
[01m[K/home/nvidia/MotorcarV1.1_ws/src/ROS2_ZLAC8015D_serial/src/Motorrcv.cpp:29:5:[m[K [01;31m[Kerror: [m[K‘[01m[Kgetposition_sub_[m[K’ was not declared in this scope
   29 |     [01;31m[Kgetposition_sub_[m[K = this->create_subscription<std_msgs::msg::Int32>(
      |     [01;31m[K^~~~~~~~~~~~~~~~[m[K
[01m[K/home/nvidia/MotorcarV1.1_ws/src/ROS2_ZLAC8015D_serial/src/Motorrcv.cpp:29:65:[m[K [01;31m[Kerror: [m[K‘[01m[KInt32[m[K’ is not a member of ‘[01m[Kstd_msgs::msg[m[K’
   29 |     getposition_sub_ = this->create_subscription<std_msgs::msg::[01;31m[KInt32[m[K>(
      |                                                                 [01;31m[K^~~~~[m[K
[01m[K/home/nvidia/MotorcarV1.1_ws/src/ROS2_ZLAC8015D_serial/src/Motorrcv.cpp:29:71:[m[K [01;31m[Kerror: [m[Kno matching function for call to ‘[01m[KMotorreceiv::create_subscription<<expression error> >(const char [13], int, std::_Bind_helper<false, void (Motorreceiv::*)(...), Motorreceiv*, const std::_Placeholder<1>&>::type)[m[K’
   29 |     getposition_sub_ = [01;31m[Kthis->create_subscription<std_msgs::msg::Int32>([m[K
      |                        [01;31m[K~~~~~~~~~~~~~~~~~~~~~~~~~~~~~~~~~~~~~~~~~~~~~~~^[m[K
   30 | [01;31m[K      "/getposition", 10,std::bind(&Motorreceiv::getpos, this, std::placeholders::_1))[m[K;
      |       [01;31m[K~~~~~~~~~~~~~~~~~~~~~~~~~~~~~~~~~~~~~~~~~~~~~~~~~~~~~~~~~~~~~~~~~~~~~~~~~~~~~~~~[m[K
In file included from [01m[K/opt/ros/humble/include/rclcpp/rclcpp/executors/single_threaded_executor.hpp:28[m[K,
                 from [01m[K/opt/ros/humble/include/rclcpp/rclcpp/executors.hpp:22[m[K,
                 from [01m[K/opt/ros/humble/include/rclcpp/rclcpp/rclcpp.hpp:155[m[K,
                 from [01m[K/home/nvidia/MotorcarV1.1_ws/src/ROS2_ZLAC8015D_serial/src/Motorrcv.cpp:6[m[K:
[01m[K/opt/ros/humble/include/rclcpp/rclcpp/node.hpp:219:3:[m[K [01;36m[Knote: [m[Kcandidate: ‘[01m[Ktemplate<class MessageT, class CallbackT, class AllocatorT, class SubscriptionT, class MessageMemoryStrategyT> std::shared_ptr<ROSMessageT> rclcpp::Node::create_subscription(const string&, const rclcpp::QoS&, CallbackT&&, const rclcpp::SubscriptionOptionsWithAllocator<AllocatorT>&, typename MessageMemoryStrategyT::SharedPtr)[m[K’
  219 |   [01;36m[Kcreate_subscription[m[K(
      |   [01;36m[K^~~~~~~~~~~~~~~~~~~[m[K
[01m[K/opt/ros/humble/include/rclcpp/rclcpp/node.hpp:219:3:[m[K [01;36m[Knote: [m[K  template argument deduction/substitution failed:
[01m[K/home/nvidia/MotorcarV1.1_ws/src/ROS2_ZLAC8015D_serial/src/Motorrcv.cpp:29:71:[m[K [01;31m[Kerror: [m[Ktemplate argument 1 is invalid
   29 |     getposition_sub_ = [01;31m[Kthis->create_subscription<std_msgs::msg::Int32>([m[K
      |                        [01;31m[K~~~~~~~~~~~~~~~~~~~~~~~~~~~~~~~~~~~~~~~~~~~~~~~^[m[K
   30 | [01;31m[K      "/getposition", 10,std::bind(&Motorreceiv::getpos, this, std::placeholders::_1))[m[K;
      |       [01;31m[K~~~~~~~~~~~~~~~~~~~~~~~~~~~~~~~~~~~~~~~~~~~~~~~~~~~~~~~~~~~~~~~~~~~~~~~~~~~~~~~~[m[K
In file included from [01m[K/opt/ros/humble/include/rclcpp/rclcpp/client.hpp:40[m[K,
                 from [01m[K/opt/ros/humble/include/rclcpp/rclcpp/callback_group.hpp:24[m[K,
                 from [01m[K/opt/ros/humble/include/rclcpp/rclcpp/any_executable.hpp:20[m[K,
                 from [01m[K/opt/ros/humble/include/rclcpp/rclcpp/memory_strategy.hpp:25[m[K,
                 from [01m[K/opt/ros/humble/include/rclcpp/rclcpp/memory_strategies.hpp:18[m[K,
                 from [01m[K/opt/ros/humble/include/rclcpp/rclcpp/executor_options.hpp:20[m[K,
                 from [01m[K/opt/ros/humble/include/rclcpp/rclcpp/executor.hpp:37[m[K,
                 from [01m[K/opt/ros/humble/include/rclcpp/rclcpp/executors/multi_threaded_executor.hpp:25[m[K,
                 from [01m[K/opt/ros/humble/include/rclcpp/rclcpp/executors.hpp:21[m[K,
                 from [01m[K/opt/ros/humble/include/rclcpp/rclcpp/rclcpp.hpp:155[m[K,
                 from [01m[K/home/nvidia/MotorcarV1.1_ws/src/ROS2_ZLAC8015D_serial/src/Motorctl.cpp:7[m[K:
[01m[K/home/nvidia/MotorcarV1.1_ws/src/ROS2_ZLAC8015D_serial/src/Motorctl.cpp:[m[K In lambda function:
[01m[K/home/nvidia/MotorcarV1.1_ws/src/ROS2_ZLAC8015D_serial/src/Motorctl.cpp:197:9:[m[K [01;31m[Kerror: [m[Krequest for member ‘[01m[Know[m[K’ in ‘[01m[Kc[m[K’, which is of non-class type ‘[01m[Kconst char [34][m[K’
  197 |         [01;31m[KRCLCPP_INFO_THROTTLE[m[K(this->get_logger(),"FrontCtl: pos=%d rpm=%.1f tq=%.1f", posF, rpmF, tqF);
      |         [01;31m[K^~~~~~~~~~~~~~~~~~~~[m[K
In file included from [01m[K/opt/ros/humble/include/rclcpp/rclcpp/logging.hpp:24[m[K,
                 from [01m[K/opt/ros/humble/include/rclcpp/rclcpp/client.hpp:40[m[K,
                 from [01m[K/opt/ros/humble/include/rclcpp/rclcpp/callback_group.hpp:24[m[K,
                 from [01m[K/opt/ros/humble/include/rclcpp/rclcpp/any_executable.hpp:20[m[K,
                 from [01m[K/opt/ros/humble/include/rclcpp/rclcpp/memory_strategy.hpp:25[m[K,
                 from [01m[K/opt/ros/humble/include/rclcpp/rclcpp/memory_strategies.hpp:18[m[K,
                 from [01m[K/opt/ros/humble/include/rclcpp/rclcpp/executor_options.hpp:20[m[K,
                 from [01m[K/opt/ros/humble/include/rclcpp/rclcpp/executor.hpp:37[m[K,
                 from [01m[K/opt/ros/humble/include/rclcpp/rclcpp/executors/multi_threaded_executor.hpp:25[m[K,
                 from [01m[K/opt/ros/humble/include/rclcpp/rclcpp/executors.hpp:21[m[K,
                 from [01m[K/opt/ros/humble/include/rclcpp/rclcpp/rclcpp.hpp:155[m[K,
                 from [01m[K/home/nvidia/MotorcarV1.1_ws/src/ROS2_ZLAC8015D_serial/src/Motorctl.cpp:7[m[K:
[01m[K/home/nvidia/MotorcarV1.1_ws/src/ROS2_ZLAC8015D_serial/src/Motorctl.cpp:[m[K In member function ‘[01m[Kvoid ModeToZlac::ZLACoutput()[m[K’:
[01m[K/home/nvidia/MotorcarV1.1_ws/src/ROS2_ZLAC8015D_serial/src/Motorctl.cpp:197:92:[m[K [01;31m[Kerror: [m[Kcannot convert ‘[01m[Kfloat[m[K’ to ‘[01m[Kconst char*[m[K’
  197 |         RCLCPP_INFO_THROTTLE(this->get_logger(),"FrontCtl: pos=%d rpm=%.1f tq=%.1f", posF, [01;31m[KrpmF[m[K, tqF);
      |                                                                                            [01;31m[K^~~~[m[K
      |                                                                                            [01;31m[K|[m[K
      |                                                                                            [01;31m[Kfloat[m[K
In file included from [01m[K/opt/ros/humble/include/rmw/rmw/types.h:28[m[K,
                 from [01m[K/opt/ros/humble/include/rcl/rcl/types.h:20[m[K,
                 from [01m[K/opt/ros/humble/include/rcl/rcl/log_level.h:22[m[K,
                 from [01m[K/opt/ros/humble/include/rcl/rcl/arguments.h:21[m[K,
                 from [01m[K/opt/ros/humble/include/rcl/rcl/context.h:28[m[K,
                 from [01m[K/opt/ros/humble/include/rcl/rcl/guard_condition.h:26[m[K,
                 from [01m[K/opt/ros/humble/include/rclcpp/rclcpp/executor.hpp:30[m[K,
                 from [01m[K/opt/ros/humble/include/rclcpp/rclcpp/executors/multi_threaded_executor.hpp:25[m[K,
                 from [01m[K/opt/ros/humble/include/rclcpp/rclcpp/executors.hpp:21[m[K,
                 from [01m[K/opt/ros/humble/include/rclcpp/rclcpp/rclcpp.hpp:155[m[K,
                 from [01m[K/home/nvidia/MotorcarV1.1_ws/src/ROS2_ZLAC8015D_serial/src/Motorctl.cpp:7[m[K:
[01m[K/opt/ros/humble/include/rcutils/rcutils/logging.h:479:16:[m[K [01;36m[Knote: [m[K  initializing argument 4 of ‘[01m[Kvoid rcutils_log(const rcutils_log_location_t*, int, const char*, const char*, ...)[m[K’
  479 |   [01;36m[Kconst char * format[m[K,
      |   [01;36m[K~~~~~~~~~~~~~^~~~~~[m[K
In file included from [01m[K/opt/ros/humble/include/rclcpp/rclcpp/client.hpp:40[m[K,
                 from [01m[K/opt/ros/humble/include/rclcpp/rclcpp/callback_group.hpp:24[m[K,
                 from [01m[K/opt/ros/humble/include/rclcpp/rclcpp/any_executable.hpp:20[m[K,
                 from [01m[K/opt/ros/humble/include/rclcpp/rclcpp/memory_strategy.hpp:25[m[K,
                 from [01m[K/opt/ros/humble/include/rclcpp/rclcpp/memory_strategies.hpp:18[m[K,
                 from [01m[K/opt/ros/humble/include/rclcpp/rclcpp/executor_options.hpp:20[m[K,
                 from [01m[K/opt/ros/humble/include/rclcpp/rclcpp/executor.hpp:37[m[K,
                 from [01m[K/opt/ros/humble/include/rclcpp/rclcpp/executors/multi_threaded_executor.hpp:25[m[K,
                 from [01m[K/opt/ros/humble/include/rclcpp/rclcpp/executors.hpp:21[m[K,
                 from [01m[K/opt/ros/humble/include/rclcpp/rclcpp/rclcpp.hpp:155[m[K,
                 from [01m[K/home/nvidia/MotorcarV1.1_ws/src/ROS2_ZLAC8015D_serial/src/Motorctl.cpp:7[m[K:
[01m[K/home/nvidia/MotorcarV1.1_ws/src/ROS2_ZLAC8015D_serial/src/Motorctl.cpp:[m[K In lambda function:
[01m[K/home/nvidia/MotorcarV1.1_ws/src/ROS2_ZLAC8015D_serial/src/Motorctl.cpp:203:9:[m[K [01;31m[Kerror: [m[Krequest for member ‘[01m[Know[m[K’ in ‘[01m[Kc[m[K’, which is of non-class type ‘[01m[Kconst char [34][m[K’
  203 |         [01;31m[KRCLCPP_INFO_THROTTLE[m[K(this->get_logger(),"RearCtl:  pos=%d rpm=%.1f tq=%.1f", posR, rpmR, tqR);
      |         [01;31m[K^~~~~~~~~~~~~~~~~~~~[m[K
In file included from [01m[K/opt/ros/humble/include/rclcpp/rclcpp/logging.hpp:24[m[K,
                 from [01m[K/opt/ros/humble/include/rclcpp/rclcpp/client.hpp:40[m[K,
                 from [01m[K/opt/ros/humble/include/rclcpp/rclcpp/callback_group.hpp:24[m[K,
                 from [01m[K/opt/ros/humble/include/rclcpp/rclcpp/any_executable.hpp:20[m[K,
                 from [01m[K/opt/ros/humble/include/rclcpp/rclcpp/memory_strategy.hpp:25[m[K,
                 from [01m[K/opt/ros/humble/include/rclcpp/rclcpp/memory_strategies.hpp:18[m[K,
                 from [01m[K/opt/ros/humble/include/rclcpp/rclcpp/executor_options.hpp:20[m[K,
                 from [01m[K/opt/ros/humble/include/rclcpp/rclcpp/executor.hpp:37[m[K,
                 from [01m[K/opt/ros/humble/include/rclcpp/rclcpp/executors/multi_threaded_executor.hpp:25[m[K,
                 from [01m[K/opt/ros/humble/include/rclcpp/rclcpp/executors.hpp:21[m[K,
                 from [01m[K/opt/ros/humble/include/rclcpp/rclcpp/rclcpp.hpp:155[m[K,
                 from [01m[K/home/nvidia/MotorcarV1.1_ws/src/ROS2_ZLAC8015D_serial/src/Motorctl.cpp:7[m[K:
[01m[K/home/nvidia/MotorcarV1.1_ws/src/ROS2_ZLAC8015D_serial/src/Motorctl.cpp:[m[K In member function ‘[01m[Kvoid ModeToZlac::ZLACoutput()[m[K’:
[01m[K/home/nvidia/MotorcarV1.1_ws/src/ROS2_ZLAC8015D_serial/src/Motorctl.cpp:203:92:[m[K [01;31m[Kerror: [m[Kcannot convert ‘[01m[Kfloat[m[K’ to ‘[01m[Kconst char*[m[K’
  203 |         RCLCPP_INFO_THROTTLE(this->get_logger(),"RearCtl:  pos=%d rpm=%.1f tq=%.1f", posR, [01;31m[KrpmR[m[K, tqR);
      |                                                                                            [01;31m[K^~~~[m[K
      |                                                                                            [01;31m[K|[m[K
      |                                                                                            [01;31m[Kfloat[m[K
In file included from [01m[K/opt/ros/humble/include/rmw/rmw/types.h:28[m[K,
                 from [01m[K/opt/ros/humble/include/rcl/rcl/types.h:20[m[K,
                 from [01m[K/opt/ros/humble/include/rcl/rcl/log_level.h:22[m[K,
                 from [01m[K/opt/ros/humble/include/rcl/rcl/arguments.h:21[m[K,
                 from [01m[K/opt/ros/humble/include/rcl/rcl/context.h:28[m[K,
                 from [01m[K/opt/ros/humble/include/rcl/rcl/guard_condition.h:26[m[K,
                 from [01m[K/opt/ros/humble/include/rclcpp/rclcpp/executor.hpp:30[m[K,
                 from [01m[K/opt/ros/humble/include/rclcpp/rclcpp/executors/multi_threaded_executor.hpp:25[m[K,
                 from [01m[K/opt/ros/humble/include/rclcpp/rclcpp/executors.hpp:21[m[K,
                 from [01m[K/opt/ros/humble/include/rclcpp/rclcpp/rclcpp.hpp:155[m[K,
                 from [01m[K/home/nvidia/MotorcarV1.1_ws/src/ROS2_ZLAC8015D_serial/src/Motorctl.cpp:7[m[K:
[01m[K/opt/ros/humble/include/rcutils/rcutils/logging.h:479:16:[m[K [01;36m[Knote: [m[K  initializing argument 4 of ‘[01m[Kvoid rcutils_log(const rcutils_log_location_t*, int, const char*, const char*, ...)[m[K’
  479 |   [01;36m[Kconst char * format[m[K,
      |   [01;36m[K~~~~~~~~~~~~~^~~~~~[m[K
[01m[K/home/nvidia/MotorcarV1.1_ws/src/ROS2_ZLAC8015D_serial/src/Motorctl.cpp:209:34:[m[K [01;31m[Kerror: [m[K‘[01m[KrpmF[m[K’ was not declared in this scope
  209 |     double get_radpsecF = to_rpm*[01;31m[KrpmF[m[K;
      |                                  [01;31m[K^~~~[m[K
[01m[K/home/nvidia/MotorcarV1.1_ws/src/ROS2_ZLAC8015D_serial/src/Motorctl.cpp:210:34:[m[K [01;31m[Kerror: [m[K‘[01m[KrpmR[m[K’ was not declared in this scope
  210 |     double get_radpsecR = to_rpm*[01;31m[KrpmR[m[K;
      |                                  [01;31m[K^~~~[m[K
[01m[K/home/nvidia/MotorcarV1.1_ws/src/ROS2_ZLAC8015D_serial/src/Motorctl.cpp:219:5:[m[K [01;31m[Kerror: [m[K‘[01m[Kgpo[m[K’ was not declared in this scope; did you mean ‘[01m[Kgpos[m[K’?
  219 |     [01;31m[Kgpo[m[K.data = { static_cast<int32_t>(posF), static_cast<int32_t>(posR)};
      |     [01;31m[K^~~[m[K
      |     [32m[Kgpos[m[K
[01m[K/home/nvidia/MotorcarV1.1_ws/src/ROS2_ZLAC8015D_serial/src/Motorctl.cpp:219:39:[m[K [01;31m[Kerror: [m[K‘[01m[KposF[m[K’ was not declared in this scope
  219 |     gpo.data = { static_cast<int32_t>([01;31m[KposF[m[K), static_cast<int32_t>(posR)};
      |                                       [01;31m[K^~~~[m[K
[01m[K/home/nvidia/MotorcarV1.1_ws/src/ROS2_ZLAC8015D_serial/src/Motorctl.cpp:219:67:[m[K [01;31m[Kerror: [m[K‘[01m[KposR[m[K’ was not declared in this scope
  219 |     gpo.data = { static_cast<int32_t>(posF), static_cast<int32_t>([01;31m[KposR[m[K)};
      |                                                                   [01;31m[K^~~~[m[K
[01m[K/home/nvidia/MotorcarV1.1_ws/src/ROS2_ZLAC8015D_serial/src/Motorctl.cpp:220:5:[m[K [01;31m[Kerror: [m[K‘[01m[Kaxes_pub_[m[K’ was not declared in this scope; did you mean ‘[01m[Kaxes_sub_[m[K’?
  220 |     [01;31m[Kaxes_pub_[m[K->publish(gpos);
      |     [01;31m[K^~~~~~~~~[m[K
      |     [32m[Kaxes_sub_[m[K
[01m[K/home/nvidia/MotorcarV1.1_ws/src/ROS2_ZLAC8015D_serial/src/Motorctl.cpp:225:21:[m[K [01;31m[Kerror: [m[K‘[01m[KtqF[m[K’ was not declared in this scope
  225 |     gtorq.effort = {[01;31m[KtqF[m[K, tqR};
      |                     [01;31m[K^~~[m[K
[01m[K/home/nvidia/MotorcarV1.1_ws/src/ROS2_ZLAC8015D_serial/src/Motorctl.cpp:225:26:[m[K [01;31m[Kerror: [m[K‘[01m[KtqR[m[K’ was not declared in this scope
  225 |     gtorq.effort = {tqF, [01;31m[KtqR[m[K};
      |                          [01;31m[K^~~[m[K
[01m[K/home/nvidia/MotorcarV1.1_ws/src/ROS2_ZLAC8015D_serial/src/Motorctl.cpp:225:29:[m[K [01;31m[Kerror: [m[Kno match for ‘[01m[Koperator=[m[K’ (operand types are ‘[01m[Ksensor_msgs::msg::JointState_<std::allocator<void> >::_effort_type[m[K’ {aka ‘[01m[Kstd::vector<double, std::allocator<double> >[m[K’} and ‘[01m[K<brace-enclosed initializer list>[m[K’)
  225 |     gtorq.effort = {tqF, tqR[01;31m[K}[m[K;
      |                             [01;31m[K^[m[K
In file included from [01m[K/usr/include/c++/11/vector:72[m[K,
                 from [01m[K/usr/include/c++/11/functional:62[m[K,
                 from [01m[K/home/nvidia/MotorcarV1.1_ws/src/ROS2_ZLAC8015D_serial/src/Motorctl.cpp:4[m[K:
[01m[K/usr/include/c++/11/bits/vector.tcc:198:5:[m[K [01;36m[Knote: [m[Kcandidate: ‘[01m[Kstd::vector<_Tp, _Alloc>& std::vector<_Tp, _Alloc>::operator=(const std::vector<_Tp, _Alloc>&) [with _Tp = double; _Alloc = std::allocator<double>][m[K’
  198 |     [01;36m[Kvector<_Tp, _Alloc>[m[K::
      |     [01;36m[K^~~~~~~~~~~~~~~~~~~[m[K
[01m[K/usr/include/c++/11/bits/vector.tcc:199:42:[m[K [01;36m[Knote: [m[K  no known conversion for argument 1 from ‘[01m[K<brace-enclosed initializer list>[m[K’ to ‘[01m[Kconst std::vector<double, std::allocator<double> >&[m[K’
  199 |     operator=([01;36m[Kconst vector<_Tp, _Alloc>& __x[m[K)
      |               [01;36m[K~~~~~~~~~~~~~~~~~~~~~~~~~~~^~~[m[K
In file included from [01m[K/usr/include/c++/11/vector:67[m[K,
                 from [01m[K/usr/include/c++/11/functional:62[m[K,
                 from [01m[K/home/nvidia/MotorcarV1.1_ws/src/ROS2_ZLAC8015D_serial/src/Motorctl.cpp:4[m[K:
[01m[K/usr/include/c++/11/bits/stl_vector.h:709:7:[m[K [01;36m[Knote: [m[Kcandidate: ‘[01m[Kstd::vector<_Tp, _Alloc>& std::vector<_Tp, _Alloc>::operator=(std::vector<_Tp, _Alloc>&&) [with _Tp = double; _Alloc = std::allocator<double>][m[K’
  709 |       [01;36m[Koperator[m[K=(vector&& __x) noexcept(_Alloc_traits::_S_nothrow_move())
      |       [01;36m[K^~~~~~~~[m[K
[01m[K/usr/include/c++/11/bits/stl_vector.h:709:26:[m[K [01;36m[Knote: [m[K  no known conversion for argument 1 from ‘[01m[K<brace-enclosed initializer list>[m[K’ to ‘[01m[Kstd::vector<double, std::allocator<double> >&&[m[K’
  709 |       operator=([01;36m[Kvector&& __x[m[K) noexcept(_Alloc_traits::_S_nothrow_move())
      |                 [01;36m[K~~~~~~~~~^~~[m[K
[01m[K/usr/include/c++/11/bits/stl_vector.h:730:7:[m[K [01;36m[Knote: [m[Kcandidate: ‘[01m[Kstd::vector<_Tp, _Alloc>& std::vector<_Tp, _Alloc>::operator=(std::initializer_list<_Tp>) [with _Tp = double; _Alloc = std::allocator<double>][m[K’
  730 |       [01;36m[Koperator[m[K=(initializer_list<value_type> __l)
      |       [01;36m[K^~~~~~~~[m[K
[01m[K/usr/include/c++/11/bits/stl_vector.h:730:46:[m[K [01;36m[Knote: [m[K  no known conversion for argument 1 from ‘[01m[K<brace-enclosed initializer list>[m[K’ to ‘[01m[Kstd::initializer_list<double>[m[K’
  730 |       operator=([01;36m[Kinitializer_list<value_type> __l[m[K)
      |                 [01;36m[K~~~~~~~~~~~~~~~~~~~~~~~~~~~~~^~~[m[K
gmake[2]: *** [CMakeFiles/Motorrcv.dir/build.make:76: CMakeFiles/Motorrcv.dir/src/Motorrcv.cpp.o] Error 1
gmake[1]: *** [CMakeFiles/Makefile2:223: CMakeFiles/Motorrcv.dir/all] Error 2
gmake[1]: *** Waiting for unfinished jobs....
gmake[2]: *** [CMakeFiles/Motorctl.dir/build.make:76: CMakeFiles/Motorctl.dir/src/Motorctl.cpp.o] Error 1
gmake[1]: *** [CMakeFiles/Makefile2:197: CMakeFiles/Motorctl.dir/all] Error 2
[ 85%] [32m[1mLinking CXX executable SimpleControl[0m
[ 85%] Built target SimpleControl
gmake: *** [Makefile:146: all] Error 2
