[0.440s] Invoking command in '/home/nvidia/Motorcar-NEW_ws/build/amr_description': CMAKE_PREFIX_PATH=${CMAKE_PREFIX_PATH}:/home/nvidia/piek-src/install/keyboard_joy:/opt/ros/humble /usr/bin/cmake /home/nvidia/Motorcar-NEW_ws/src/amr_description -DCMAKE_INSTALL_PREFIX=/home/nvidia/Motorcar-NEW_ws/install/amr_description
[0.570s] -- The C compiler identification is GNU 11.4.0
[0.700s] -- The CXX compiler identification is GNU 11.4.0
[0.720s] -- Detecting C compiler ABI info
[0.854s] -- Detecting C compiler ABI info - done
[0.879s] -- Check for working C compiler: /usr/bin/cc - skipped
[0.880s] -- Detecting C compile features
[0.882s] -- Detecting C compile features - done
[0.893s] -- Detecting CXX compiler ABI info
[1.041s] -- Detecting CXX compiler ABI info - done
[1.063s] -- Check for working CXX compiler: /usr/bin/c++ - skipped
[1.063s] -- Detecting CXX compile features
[1.063s] -- Detecting CXX compile features - done
[1.082s] -- Found ament_cmake: 1.3.12 (/opt/ros/humble/share/ament_cmake/cmake)
[1.348s] -- Found Python3: /usr/bin/python3 (found version "3.10.12") found components: Interpreter 
[1.684s] -- Configuring done
[1.691s] -- Generating done
[1.693s] -- Build files have been written to: /home/nvidia/Motorcar-NEW_ws/build/amr_description
[1.755s] Invoked command in '/home/nvidia/Motorcar-NEW_ws/build/amr_description' returned '0': CMAKE_PREFIX_PATH=${CMAKE_PREFIX_PATH}:/home/nvidia/piek-src/install/keyboard_joy:/opt/ros/humble /usr/bin/cmake /home/nvidia/Motorcar-NEW_ws/src/amr_description -DCMAKE_INSTALL_PREFIX=/home/nvidia/Motorcar-NEW_ws/install/amr_description
[1.757s] Invoking command in '/home/nvidia/Motorcar-NEW_ws/build/amr_description': CMAKE_PREFIX_PATH=${CMAKE_PREFIX_PATH}:/home/nvidia/piek-src/install/keyboard_joy:/opt/ros/humble /usr/bin/cmake --build /home/nvidia/Motorcar-NEW_ws/build/amr_description -- -j12 -l12
[1.824s] Invoked command in '/home/nvidia/Motorcar-NEW_ws/build/amr_description' returned '0': CMAKE_PREFIX_PATH=${CMAKE_PREFIX_PATH}:/home/nvidia/piek-src/install/keyboard_joy:/opt/ros/humble /usr/bin/cmake --build /home/nvidia/Motorcar-NEW_ws/build/amr_description -- -j12 -l12
[1.827s] Invoking command in '/home/nvidia/Motorcar-NEW_ws/build/amr_description': CMAKE_PREFIX_PATH=${CMAKE_PREFIX_PATH}:/home/nvidia/piek-src/install/keyboard_joy:/opt/ros/humble /usr/bin/cmake --install /home/nvidia/Motorcar-NEW_ws/build/amr_description
[1.842s] -- Install configuration: ""
[1.842s] -- Installing: /home/nvidia/Motorcar-NEW_ws/install/amr_description/share/amr_description/urdf
[1.842s] -- Installing: /home/nvidia/Motorcar-NEW_ws/install/amr_description/share/amr_description/urdf/structure_link.urdf.xacro
[1.842s] -- Installing: /home/nvidia/Motorcar-NEW_ws/install/amr_description/share/amr_description/launch
[1.842s] -- Installing: /home/nvidia/Motorcar-NEW_ws/install/amr_description/share/amr_description/launch/display.launch.py
[1.843s] -- Installing: /home/nvidia/Motorcar-NEW_ws/install/amr_description/share/ament_index/resource_index/package_run_dependencies/amr_description
[1.843s] -- Installing: /home/nvidia/Motorcar-NEW_ws/install/amr_description/share/ament_index/resource_index/parent_prefix_path/amr_description
[1.843s] -- Installing: /home/nvidia/Motorcar-NEW_ws/install/amr_description/share/amr_description/environment/ament_prefix_path.sh
[1.844s] -- Installing: /home/nvidia/Motorcar-NEW_ws/install/amr_description/share/amr_description/environment/ament_prefix_path.dsv
[1.844s] -- Installing: /home/nvidia/Motorcar-NEW_ws/install/amr_description/share/amr_description/environment/path.sh
[1.844s] -- Installing: /home/nvidia/Motorcar-NEW_ws/install/amr_description/share/amr_description/environment/path.dsv
[1.844s] -- Installing: /home/nvidia/Motorcar-NEW_ws/install/amr_description/share/amr_description/local_setup.bash
[1.845s] -- Installing: /home/nvidia/Motorcar-NEW_ws/install/amr_description/share/amr_description/local_setup.sh
[1.845s] -- Installing: /home/nvidia/Motorcar-NEW_ws/install/amr_description/share/amr_description/local_setup.zsh
[1.845s] -- Installing: /home/nvidia/Motorcar-NEW_ws/install/amr_description/share/amr_description/local_setup.dsv
[1.845s] -- Installing: /home/nvidia/Motorcar-NEW_ws/install/amr_description/share/amr_description/package.dsv
[1.846s] -- Installing: /home/nvidia/Motorcar-NEW_ws/install/amr_description/share/ament_index/resource_index/packages/amr_description
[1.846s] -- Installing: /home/nvidia/Motorcar-NEW_ws/install/amr_description/share/amr_description/cmake/amr_descriptionConfig.cmake
[1.846s] -- Installing: /home/nvidia/Motorcar-NEW_ws/install/amr_description/share/amr_description/cmake/amr_descriptionConfig-version.cmake
[1.846s] -- Installing: /home/nvidia/Motorcar-NEW_ws/install/amr_description/share/amr_description/package.xml
[1.851s] Invoked command in '/home/nvidia/Motorcar-NEW_ws/build/amr_description' returned '0': CMAKE_PREFIX_PATH=${CMAKE_PREFIX_PATH}:/home/nvidia/piek-src/install/keyboard_joy:/opt/ros/humble /usr/bin/cmake --install /home/nvidia/Motorcar-NEW_ws/build/amr_description
