[0.029s] Invoking command in '/home/nvidia/MotorcarV1.1_ws/build/zlac8015d_serial': AMENT_PREFIX_PATH=/home/nvidia/MotorcarV1.1_ws/install/joy_control:/home/nvidia/MotorcarV1.1_ws/install/serial:/home/nvidia/MotorcarV1.1_ws/install/keyboard_joy:${AMENT_PREFIX_PATH} CMAKE_PREFIX_PATH=/home/nvidia/MotorcarV1.1_ws/install/joy_control:/home/nvidia/MotorcarV1.1_ws/install/serial:/home/nvidia/piek-src/install/motor_control:/home/nvidia/piek-src/install/willy_interfaces:/home/nvidia/piek-src/install/serial:/home/nvidia/piek-src/install/joy_control:/home/nvidia/piek-src/install/keyboard_joy:/opt/ros/humble LD_LIBRARY_PATH=/home/nvidia/MotorcarV1.1_ws/install/serial/lib:${LD_LIBRARY_PATH} PYTHONPATH=/home/nvidia/MotorcarV1.1_ws/install/keyboard_joy/lib/python3.10/site-packages:${PYTHONPATH} /usr/bin/cmake --build /home/nvidia/MotorcarV1.1_ws/build/zlac8015d_serial -- -j12 -l12
[0.103s] [35m[1mConsolidate compiler generated dependencies of target Motorrcv[0m
[0.103s] [35m[1mConsolidate compiler generated dependencies of target Motorctl[0m
[0.122s] [ 14%] Built target zlac8015d
[0.123s] [ 35%] Built target example
[0.127s] [ 57%] Built target SimpleControl
[0.135s] [ 71%] [32mBuilding CXX object CMakeFiles/Motorctl.dir/src/Motorctl.cpp.o[0m
[0.136s] [ 71%] [32mBuilding CXX object CMakeFiles/Motorrcv.dir/src/Motorrcv.cpp.o[0m
[4.145s] [01m[K/home/nvidia/MotorcarV1.1_ws/src/ROS2_ZLAC8015D_serial/src/Motorrcv.cpp:79:3:[m[K [01;31m[Kerror: [m[K‘[01m[KZLAC[m[K’ does not name a type
[4.145s]    79 |   [01;31m[KZLAC[m[K motorF_, motorR_;
[4.146s]       |   [01;31m[K^~~~[m[K
[4.294s] [01m[K/home/nvidia/MotorcarV1.1_ws/src/ROS2_ZLAC8015D_serial/src/Motorrcv.cpp:[m[K In member function ‘[01m[Kvoid Motorreceiv::getpos(std_msgs::msg::Int32_<std::allocator<void> >::SharedPtr)[m[K’:
[4.294s] [01m[K/home/nvidia/MotorcarV1.1_ws/src/ROS2_ZLAC8015D_serial/src/Motorrcv.cpp:61:31:[m[K [01;31m[Kerror: [m[Kinvalid types ‘[01m[Kstd_msgs::msg::Int32_<std::allocator<void> >::_data_type {aka int}[int][m[K’ for array subscript
[4.294s]    61 |     get_positionF  = msg->data[01;31m[K[[m[K0];
[4.295s]       |                               [01;31m[K^[m[K
[4.295s] [01m[K/home/nvidia/MotorcarV1.1_ws/src/ROS2_ZLAC8015D_serial/src/Motorrcv.cpp:62:30:[m[K [01;31m[Kerror: [m[Kinvalid types ‘[01m[Kstd_msgs::msg::Int32_<std::allocator<void> >::_data_type {aka int}[int][m[K’ for array subscript
[4.295s]    62 |     get_positionR = msg->data[01;31m[K[[m[K1];
[4.295s]       |                              [01;31m[K^[m[K
[4.381s] In file included from [01m[K/opt/ros/humble/include/rclcpp/rclcpp/client.hpp:40[m[K,
[4.381s]                  from [01m[K/opt/ros/humble/include/rclcpp/rclcpp/callback_group.hpp:24[m[K,
[4.382s]                  from [01m[K/opt/ros/humble/include/rclcpp/rclcpp/any_executable.hpp:20[m[K,
[4.382s]                  from [01m[K/opt/ros/humble/include/rclcpp/rclcpp/memory_strategy.hpp:25[m[K,
[4.382s]                  from [01m[K/opt/ros/humble/include/rclcpp/rclcpp/memory_strategies.hpp:18[m[K,
[4.382s]                  from [01m[K/opt/ros/humble/include/rclcpp/rclcpp/executor_options.hpp:20[m[K,
[4.382s]                  from [01m[K/opt/ros/humble/include/rclcpp/rclcpp/executor.hpp:37[m[K,
[4.382s]                  from [01m[K/opt/ros/humble/include/rclcpp/rclcpp/executors/multi_threaded_executor.hpp:25[m[K,
[4.382s]                  from [01m[K/opt/ros/humble/include/rclcpp/rclcpp/executors.hpp:21[m[K,
[4.382s]                  from [01m[K/opt/ros/humble/include/rclcpp/rclcpp/rclcpp.hpp:155[m[K,
[4.382s]                  from [01m[K/home/nvidia/MotorcarV1.1_ws/src/ROS2_ZLAC8015D_serial/src/Motorctl.cpp:7[m[K:
[4.382s] [01m[K/home/nvidia/MotorcarV1.1_ws/src/ROS2_ZLAC8015D_serial/src/Motorctl.cpp:[m[K In lambda function:
[4.383s] [01m[K/home/nvidia/MotorcarV1.1_ws/src/ROS2_ZLAC8015D_serial/src/Motorctl.cpp:197:9:[m[K [01;31m[Kerror: [m[Krequest for member ‘[01m[Know[m[K’ in ‘[01m[Kc[m[K’, which is of non-class type ‘[01m[Kconst char [34][m[K’
[4.383s]   197 |         [01;31m[KRCLCPP_INFO_THROTTLE[m[K(this->get_logger(),"FrontCtl: pos=%d rpm=%.1f tq=%.1f", posF, rpmF, tqF);
[4.383s]       |         [01;31m[K^~~~~~~~~~~~~~~~~~~~[m[K
[4.383s] In file included from [01m[K/opt/ros/humble/include/rclcpp/rclcpp/logging.hpp:24[m[K,
[4.383s]                  from [01m[K/opt/ros/humble/include/rclcpp/rclcpp/client.hpp:40[m[K,
[4.383s]                  from [01m[K/opt/ros/humble/include/rclcpp/rclcpp/callback_group.hpp:24[m[K,
[4.383s]                  from [01m[K/opt/ros/humble/include/rclcpp/rclcpp/any_executable.hpp:20[m[K,
[4.383s]                  from [01m[K/opt/ros/humble/include/rclcpp/rclcpp/memory_strategy.hpp:25[m[K,
[4.383s]                  from [01m[K/opt/ros/humble/include/rclcpp/rclcpp/memory_strategies.hpp:18[m[K,
[4.383s]                  from [01m[K/opt/ros/humble/include/rclcpp/rclcpp/executor_options.hpp:20[m[K,
[4.383s]                  from [01m[K/opt/ros/humble/include/rclcpp/rclcpp/executor.hpp:37[m[K,
[4.383s]                  from [01m[K/opt/ros/humble/include/rclcpp/rclcpp/executors/multi_threaded_executor.hpp:25[m[K,
[4.384s]                  from [01m[K/opt/ros/humble/include/rclcpp/rclcpp/executors.hpp:21[m[K,
[4.384s]                  from [01m[K/opt/ros/humble/include/rclcpp/rclcpp/rclcpp.hpp:155[m[K,
[4.384s]                  from [01m[K/home/nvidia/MotorcarV1.1_ws/src/ROS2_ZLAC8015D_serial/src/Motorctl.cpp:7[m[K:
[4.384s] [01m[K/home/nvidia/MotorcarV1.1_ws/src/ROS2_ZLAC8015D_serial/src/Motorctl.cpp:[m[K In member function ‘[01m[Kvoid ModeToZlac::ZLACoutput()[m[K’:
[4.384s] [01m[K/home/nvidia/MotorcarV1.1_ws/src/ROS2_ZLAC8015D_serial/src/Motorctl.cpp:197:92:[m[K [01;31m[Kerror: [m[Kcannot convert ‘[01m[Kfloat[m[K’ to ‘[01m[Kconst char*[m[K’
[4.384s]   197 |         RCLCPP_INFO_THROTTLE(this->get_logger(),"FrontCtl: pos=%d rpm=%.1f tq=%.1f", posF, [01;31m[KrpmF[m[K, tqF);
[4.384s]       |                                                                                            [01;31m[K^~~~[m[K
[4.384s]       |                                                                                            [01;31m[K|[m[K
[4.384s]       |                                                                                            [01;31m[Kfloat[m[K
[4.384s] In file included from [01m[K/opt/ros/humble/include/rmw/rmw/types.h:28[m[K,
[4.384s]                  from [01m[K/opt/ros/humble/include/rcl/rcl/types.h:20[m[K,
[4.384s]                  from [01m[K/opt/ros/humble/include/rcl/rcl/log_level.h:22[m[K,
[4.384s]                  from [01m[K/opt/ros/humble/include/rcl/rcl/arguments.h:21[m[K,
[4.385s]                  from [01m[K/opt/ros/humble/include/rcl/rcl/context.h:28[m[K,
[4.385s]                  from [01m[K/opt/ros/humble/include/rcl/rcl/guard_condition.h:26[m[K,
[4.385s]                  from [01m[K/opt/ros/humble/include/rclcpp/rclcpp/executor.hpp:30[m[K,
[4.385s]                  from [01m[K/opt/ros/humble/include/rclcpp/rclcpp/executors/multi_threaded_executor.hpp:25[m[K,
[4.385s]                  from [01m[K/opt/ros/humble/include/rclcpp/rclcpp/executors.hpp:21[m[K,
[4.385s]                  from [01m[K/opt/ros/humble/include/rclcpp/rclcpp/rclcpp.hpp:155[m[K,
[4.385s]                  from [01m[K/home/nvidia/MotorcarV1.1_ws/src/ROS2_ZLAC8015D_serial/src/Motorctl.cpp:7[m[K:
[4.385s] [01m[K/opt/ros/humble/include/rcutils/rcutils/logging.h:479:16:[m[K [01;36m[Knote: [m[K  initializing argument 4 of ‘[01m[Kvoid rcutils_log(const rcutils_log_location_t*, int, const char*, const char*, ...)[m[K’
[4.385s]   479 |   [01;36m[Kconst char * format[m[K,
[4.385s]       |   [01;36m[K~~~~~~~~~~~~~^~~~~~[m[K
[4.385s] In file included from [01m[K/opt/ros/humble/include/rclcpp/rclcpp/client.hpp:40[m[K,
[4.385s]                  from [01m[K/opt/ros/humble/include/rclcpp/rclcpp/callback_group.hpp:24[m[K,
[4.385s]                  from [01m[K/opt/ros/humble/include/rclcpp/rclcpp/any_executable.hpp:20[m[K,
[4.385s]                  from [01m[K/opt/ros/humble/include/rclcpp/rclcpp/memory_strategy.hpp:25[m[K,
[4.386s]                  from [01m[K/opt/ros/humble/include/rclcpp/rclcpp/memory_strategies.hpp:18[m[K,
[4.386s]                  from [01m[K/opt/ros/humble/include/rclcpp/rclcpp/executor_options.hpp:20[m[K,
[4.386s]                  from [01m[K/opt/ros/humble/include/rclcpp/rclcpp/executor.hpp:37[m[K,
[4.386s]                  from [01m[K/opt/ros/humble/include/rclcpp/rclcpp/executors/multi_threaded_executor.hpp:25[m[K,
[4.386s]                  from [01m[K/opt/ros/humble/include/rclcpp/rclcpp/executors.hpp:21[m[K,
[4.386s]                  from [01m[K/opt/ros/humble/include/rclcpp/rclcpp/rclcpp.hpp:155[m[K,
[4.386s]                  from [01m[K/home/nvidia/MotorcarV1.1_ws/src/ROS2_ZLAC8015D_serial/src/Motorctl.cpp:7[m[K:
[4.386s] [01m[K/home/nvidia/MotorcarV1.1_ws/src/ROS2_ZLAC8015D_serial/src/Motorctl.cpp:[m[K In lambda function:
[4.386s] [01m[K/home/nvidia/MotorcarV1.1_ws/src/ROS2_ZLAC8015D_serial/src/Motorctl.cpp:203:9:[m[K [01;31m[Kerror: [m[Krequest for member ‘[01m[Know[m[K’ in ‘[01m[Kc[m[K’, which is of non-class type ‘[01m[Kconst char [34][m[K’
[4.386s]   203 |         [01;31m[KRCLCPP_INFO_THROTTLE[m[K(this->get_logger(),"RearCtl:  pos=%d rpm=%.1f tq=%.1f", posR, rpmR, tqR);
[4.386s]       |         [01;31m[K^~~~~~~~~~~~~~~~~~~~[m[K
[4.386s] In file included from [01m[K/opt/ros/humble/include/rclcpp/rclcpp/logging.hpp:24[m[K,
[4.386s]                  from [01m[K/opt/ros/humble/include/rclcpp/rclcpp/client.hpp:40[m[K,
[4.386s]                  from [01m[K/opt/ros/humble/include/rclcpp/rclcpp/callback_group.hpp:24[m[K,
[4.387s]                  from [01m[K/opt/ros/humble/include/rclcpp/rclcpp/any_executable.hpp:20[m[K,
[4.387s]                  from [01m[K/opt/ros/humble/include/rclcpp/rclcpp/memory_strategy.hpp:25[m[K,
[4.387s]                  from [01m[K/opt/ros/humble/include/rclcpp/rclcpp/memory_strategies.hpp:18[m[K,
[4.387s]                  from [01m[K/opt/ros/humble/include/rclcpp/rclcpp/executor_options.hpp:20[m[K,
[4.387s]                  from [01m[K/opt/ros/humble/include/rclcpp/rclcpp/executor.hpp:37[m[K,
[4.387s]                  from [01m[K/opt/ros/humble/include/rclcpp/rclcpp/executors/multi_threaded_executor.hpp:25[m[K,
[4.387s]                  from [01m[K/opt/ros/humble/include/rclcpp/rclcpp/executors.hpp:21[m[K,
[4.387s]                  from [01m[K/opt/ros/humble/include/rclcpp/rclcpp/rclcpp.hpp:155[m[K,
[4.387s]                  from [01m[K/home/nvidia/MotorcarV1.1_ws/src/ROS2_ZLAC8015D_serial/src/Motorctl.cpp:7[m[K:
[4.387s] [01m[K/home/nvidia/MotorcarV1.1_ws/src/ROS2_ZLAC8015D_serial/src/Motorctl.cpp:[m[K In member function ‘[01m[Kvoid ModeToZlac::ZLACoutput()[m[K’:
[4.387s] [01m[K/home/nvidia/MotorcarV1.1_ws/src/ROS2_ZLAC8015D_serial/src/Motorctl.cpp:203:92:[m[K [01;31m[Kerror: [m[Kcannot convert ‘[01m[Kfloat[m[K’ to ‘[01m[Kconst char*[m[K’
[4.387s]   203 |         RCLCPP_INFO_THROTTLE(this->get_logger(),"RearCtl:  pos=%d rpm=%.1f tq=%.1f", posR, [01;31m[KrpmR[m[K, tqR);
[4.388s]       |                                                                                            [01;31m[K^~~~[m[K
[4.388s]       |                                                                                            [01;31m[K|[m[K
[4.388s]       |                                                                                            [01;31m[Kfloat[m[K
[4.388s] In file included from [01m[K/opt/ros/humble/include/rmw/rmw/types.h:28[m[K,
[4.388s]                  from [01m[K/opt/ros/humble/include/rcl/rcl/types.h:20[m[K,
[4.388s]                  from [01m[K/opt/ros/humble/include/rcl/rcl/log_level.h:22[m[K,
[4.388s]                  from [01m[K/opt/ros/humble/include/rcl/rcl/arguments.h:21[m[K,
[4.388s]                  from [01m[K/opt/ros/humble/include/rcl/rcl/context.h:28[m[K,
[4.388s]                  from [01m[K/opt/ros/humble/include/rcl/rcl/guard_condition.h:26[m[K,
[4.388s]                  from [01m[K/opt/ros/humble/include/rclcpp/rclcpp/executor.hpp:30[m[K,
[4.388s]                  from [01m[K/opt/ros/humble/include/rclcpp/rclcpp/executors/multi_threaded_executor.hpp:25[m[K,
[4.388s]                  from [01m[K/opt/ros/humble/include/rclcpp/rclcpp/executors.hpp:21[m[K,
[4.388s]                  from [01m[K/opt/ros/humble/include/rclcpp/rclcpp/rclcpp.hpp:155[m[K,
[4.388s]                  from [01m[K/home/nvidia/MotorcarV1.1_ws/src/ROS2_ZLAC8015D_serial/src/Motorctl.cpp:7[m[K:
[4.389s] [01m[K/opt/ros/humble/include/rcutils/rcutils/logging.h:479:16:[m[K [01;36m[Knote: [m[K  initializing argument 4 of ‘[01m[Kvoid rcutils_log(const rcutils_log_location_t*, int, const char*, const char*, ...)[m[K’
[4.389s]   479 |   [01;36m[Kconst char * format[m[K,
[4.389s]       |   [01;36m[K~~~~~~~~~~~~~^~~~~~[m[K
[4.393s] [01m[K/home/nvidia/MotorcarV1.1_ws/src/ROS2_ZLAC8015D_serial/src/Motorctl.cpp:209:34:[m[K [01;31m[Kerror: [m[K‘[01m[KrpmF[m[K’ was not declared in this scope
[4.394s]   209 |     double get_radpsecF = to_rpm*[01;31m[KrpmF[m[K;
[4.394s]       |                                  [01;31m[K^~~~[m[K
[4.403s] [01m[K/home/nvidia/MotorcarV1.1_ws/src/ROS2_ZLAC8015D_serial/src/Motorctl.cpp:210:34:[m[K [01;31m[Kerror: [m[K‘[01m[KrpmR[m[K’ was not declared in this scope
[4.403s]   210 |     double get_radpsecR = to_rpm*[01;31m[KrpmR[m[K;
[4.403s]       |                                  [01;31m[K^~~~[m[K
[4.414s] [01m[K/home/nvidia/MotorcarV1.1_ws/src/ROS2_ZLAC8015D_serial/src/Motorctl.cpp:219:5:[m[K [01;31m[Kerror: [m[K‘[01m[Kgpo[m[K’ was not declared in this scope; did you mean ‘[01m[Kgpos[m[K’?
[4.414s]   219 |     [01;31m[Kgpo[m[K.data = { static_cast<int32_t>(posF), static_cast<int32_t>(posR)};
[4.414s]       |     [01;31m[K^~~[m[K
[4.414s]       |     [32m[Kgpos[m[K
[4.422s] [01m[K/home/nvidia/MotorcarV1.1_ws/src/ROS2_ZLAC8015D_serial/src/Motorctl.cpp:219:39:[m[K [01;31m[Kerror: [m[K‘[01m[KposF[m[K’ was not declared in this scope
[4.422s]   219 |     gpo.data = { static_cast<int32_t>([01;31m[KposF[m[K), static_cast<int32_t>(posR)};
[4.422s]       |                                       [01;31m[K^~~~[m[K
[4.430s] [01m[K/home/nvidia/MotorcarV1.1_ws/src/ROS2_ZLAC8015D_serial/src/Motorctl.cpp:219:67:[m[K [01;31m[Kerror: [m[K‘[01m[KposR[m[K’ was not declared in this scope
[4.430s]   219 |     gpo.data = { static_cast<int32_t>(posF), static_cast<int32_t>([01;31m[KposR[m[K)};
[4.430s]       |                                                                   [01;31m[K^~~~[m[K
[4.438s] [01m[K/home/nvidia/MotorcarV1.1_ws/src/ROS2_ZLAC8015D_serial/src/Motorctl.cpp:220:5:[m[K [01;31m[Kerror: [m[K‘[01m[Kaxes_pub_[m[K’ was not declared in this scope; did you mean ‘[01m[Kaxes_sub_[m[K’?
[4.438s]   220 |     [01;31m[Kaxes_pub_[m[K->publish(gpos);
[4.438s]       |     [01;31m[K^~~~~~~~~[m[K
[4.438s]       |     [32m[Kaxes_sub_[m[K
[4.446s] [01m[K/home/nvidia/MotorcarV1.1_ws/src/ROS2_ZLAC8015D_serial/src/Motorctl.cpp:225:21:[m[K [01;31m[Kerror: [m[K‘[01m[KtqF[m[K’ was not declared in this scope
[4.447s]   225 |     gtorq.effort = {[01;31m[KtqF[m[K, tqR};
[4.447s]       |                     [01;31m[K^~~[m[K
[4.454s] [01m[K/home/nvidia/MotorcarV1.1_ws/src/ROS2_ZLAC8015D_serial/src/Motorctl.cpp:225:26:[m[K [01;31m[Kerror: [m[K‘[01m[KtqR[m[K’ was not declared in this scope
[4.455s]   225 |     gtorq.effort = {tqF, [01;31m[KtqR[m[K};
[4.455s]       |                          [01;31m[K^~~[m[K
[4.455s] [01m[K/home/nvidia/MotorcarV1.1_ws/src/ROS2_ZLAC8015D_serial/src/Motorctl.cpp:225:29:[m[K [01;31m[Kerror: [m[Kno match for ‘[01m[Koperator=[m[K’ (operand types are ‘[01m[Ksensor_msgs::msg::JointState_<std::allocator<void> >::_effort_type[m[K’ {aka ‘[01m[Kstd::vector<double, std::allocator<double> >[m[K’} and ‘[01m[K<brace-enclosed initializer list>[m[K’)
[4.455s]   225 |     gtorq.effort = {tqF, tqR[01;31m[K}[m[K;
[4.455s]       |                             [01;31m[K^[m[K
[4.455s] In file included from [01m[K/usr/include/c++/11/vector:72[m[K,
[4.455s]                  from [01m[K/usr/include/c++/11/functional:62[m[K,
[4.455s]                  from [01m[K/home/nvidia/MotorcarV1.1_ws/src/ROS2_ZLAC8015D_serial/src/Motorctl.cpp:4[m[K:
[4.455s] [01m[K/usr/include/c++/11/bits/vector.tcc:198:5:[m[K [01;36m[Knote: [m[Kcandidate: ‘[01m[Kstd::vector<_Tp, _Alloc>& std::vector<_Tp, _Alloc>::operator=(const std::vector<_Tp, _Alloc>&) [with _Tp = double; _Alloc = std::allocator<double>][m[K’
[4.455s]   198 |     [01;36m[Kvector<_Tp, _Alloc>[m[K::
[4.456s]       |     [01;36m[K^~~~~~~~~~~~~~~~~~~[m[K
[4.456s] [01m[K/usr/include/c++/11/bits/vector.tcc:199:42:[m[K [01;36m[Knote: [m[K  no known conversion for argument 1 from ‘[01m[K<brace-enclosed initializer list>[m[K’ to ‘[01m[Kconst std::vector<double, std::allocator<double> >&[m[K’
[4.456s]   199 |     operator=([01;36m[Kconst vector<_Tp, _Alloc>& __x[m[K)
[4.456s]       |               [01;36m[K~~~~~~~~~~~~~~~~~~~~~~~~~~~^~~[m[K
[4.456s] In file included from [01m[K/usr/include/c++/11/vector:67[m[K,
[4.456s]                  from [01m[K/usr/include/c++/11/functional:62[m[K,
[4.456s]                  from [01m[K/home/nvidia/MotorcarV1.1_ws/src/ROS2_ZLAC8015D_serial/src/Motorctl.cpp:4[m[K:
[4.456s] [01m[K/usr/include/c++/11/bits/stl_vector.h:709:7:[m[K [01;36m[Knote: [m[Kcandidate: ‘[01m[Kstd::vector<_Tp, _Alloc>& std::vector<_Tp, _Alloc>::operator=(std::vector<_Tp, _Alloc>&&) [with _Tp = double; _Alloc = std::allocator<double>][m[K’
[4.456s]   709 |       [01;36m[Koperator[m[K=(vector&& __x) noexcept(_Alloc_traits::_S_nothrow_move())
[4.456s]       |       [01;36m[K^~~~~~~~[m[K
[4.456s] [01m[K/usr/include/c++/11/bits/stl_vector.h:709:26:[m[K [01;36m[Knote: [m[K  no known conversion for argument 1 from ‘[01m[K<brace-enclosed initializer list>[m[K’ to ‘[01m[Kstd::vector<double, std::allocator<double> >&&[m[K’
[4.456s]   709 |       operator=([01;36m[Kvector&& __x[m[K) noexcept(_Alloc_traits::_S_nothrow_move())
[4.457s]       |                 [01;36m[K~~~~~~~~~^~~[m[K
[4.457s] [01m[K/usr/include/c++/11/bits/stl_vector.h:730:7:[m[K [01;36m[Knote: [m[Kcandidate: ‘[01m[Kstd::vector<_Tp, _Alloc>& std::vector<_Tp, _Alloc>::operator=(std::initializer_list<_Tp>) [with _Tp = double; _Alloc = std::allocator<double>][m[K’
[4.457s]   730 |       [01;36m[Koperator[m[K=(initializer_list<value_type> __l)
[4.457s]       |       [01;36m[K^~~~~~~~[m[K
[4.457s] [01m[K/usr/include/c++/11/bits/stl_vector.h:730:46:[m[K [01;36m[Knote: [m[K  no known conversion for argument 1 from ‘[01m[K<brace-enclosed initializer list>[m[K’ to ‘[01m[Kstd::initializer_list<double>[m[K’
[4.457s]   730 |       operator=([01;36m[Kinitializer_list<value_type> __l[m[K)
[4.457s]       |                 [01;36m[K~~~~~~~~~~~~~~~~~~~~~~~~~~~~~^~~[m[K
[10.153s] gmake[2]: *** [CMakeFiles/Motorrcv.dir/build.make:76: CMakeFiles/Motorrcv.dir/src/Motorrcv.cpp.o] Error 1
[10.153s] gmake[1]: *** [CMakeFiles/Makefile2:223: CMakeFiles/Motorrcv.dir/all] Error 2
[10.153s] gmake[1]: *** Waiting for unfinished jobs....
[13.384s] gmake[2]: *** [CMakeFiles/Motorctl.dir/build.make:76: CMakeFiles/Motorctl.dir/src/Motorctl.cpp.o] Error 1
[13.384s] gmake[1]: *** [CMakeFiles/Makefile2:197: CMakeFiles/Motorctl.dir/all] Error 2
[13.385s] gmake: *** [Makefile:146: all] Error 2
[13.391s] Invoked command in '/home/nvidia/MotorcarV1.1_ws/build/zlac8015d_serial' returned '2': AMENT_PREFIX_PATH=/home/nvidia/MotorcarV1.1_ws/install/joy_control:/home/nvidia/MotorcarV1.1_ws/install/serial:/home/nvidia/MotorcarV1.1_ws/install/keyboard_joy:${AMENT_PREFIX_PATH} CMAKE_PREFIX_PATH=/home/nvidia/MotorcarV1.1_ws/install/joy_control:/home/nvidia/MotorcarV1.1_ws/install/serial:/home/nvidia/piek-src/install/motor_control:/home/nvidia/piek-src/install/willy_interfaces:/home/nvidia/piek-src/install/serial:/home/nvidia/piek-src/install/joy_control:/home/nvidia/piek-src/install/keyboard_joy:/opt/ros/humble LD_LIBRARY_PATH=/home/nvidia/MotorcarV1.1_ws/install/serial/lib:${LD_LIBRARY_PATH} PYTHONPATH=/home/nvidia/MotorcarV1.1_ws/install/keyboard_joy/lib/python3.10/site-packages:${PYTHONPATH} /usr/bin/cmake --build /home/nvidia/MotorcarV1.1_ws/build/zlac8015d_serial -- -j12 -l12
