[0.021s] Invoking command in '/home/nvidia/Motorcar-NEW_ws/build/joy_control': AMENT_PREFIX_PATH=/home/nvidia/Motorcar-NEW_ws/install/serial:${AMENT_PREFIX_PATH} CMAKE_PREFIX_PATH=/home/nvidia/Motorcar-NEW_ws/install/serial:/home/nvidia/piek-src/install/motor_control:/home/nvidia/piek-src/install/willy_interfaces:/home/nvidia/piek-src/install/serial:/home/nvidia/piek-src/install/joy_control:/home/nvidia/piek-src/install/keyboard_joy:/opt/ros/humble LD_LIBRARY_PATH=/home/nvidia/Motorcar-NEW_ws/install/serial/lib:${LD_LIBRARY_PATH} /usr/bin/cmake --build /home/nvidia/Motorcar-NEW_ws/build/joy_control -- -j12 -l12
[0.116s] [ 50%] [32mBuilding CXX object CMakeFiles/joy_control.dir/src/Modectl.cpp.o[0m
[15.055s] [100%] [32m[1mLinking CXX executable joy_control[0m
[15.806s] [100%] Built target joy_control
[15.828s] Invoked command in '/home/nvidia/Motorcar-NEW_ws/build/joy_control' returned '0': AMENT_PREFIX_PATH=/home/nvidia/Motorcar-NEW_ws/install/serial:${AMENT_PREFIX_PATH} CMAKE_PREFIX_PATH=/home/nvidia/Motorcar-NEW_ws/install/serial:/home/nvidia/piek-src/install/motor_control:/home/nvidia/piek-src/install/willy_interfaces:/home/nvidia/piek-src/install/serial:/home/nvidia/piek-src/install/joy_control:/home/nvidia/piek-src/install/keyboard_joy:/opt/ros/humble LD_LIBRARY_PATH=/home/nvidia/Motorcar-NEW_ws/install/serial/lib:${LD_LIBRARY_PATH} /usr/bin/cmake --build /home/nvidia/Motorcar-NEW_ws/build/joy_control -- -j12 -l12
[15.833s] Invoking command in '/home/nvidia/Motorcar-NEW_ws/build/joy_control': AMENT_PREFIX_PATH=/home/nvidia/Motorcar-NEW_ws/install/serial:${AMENT_PREFIX_PATH} CMAKE_PREFIX_PATH=/home/nvidia/Motorcar-NEW_ws/install/serial:/home/nvidia/piek-src/install/motor_control:/home/nvidia/piek-src/install/willy_interfaces:/home/nvidia/piek-src/install/serial:/home/nvidia/piek-src/install/joy_control:/home/nvidia/piek-src/install/keyboard_joy:/opt/ros/humble LD_LIBRARY_PATH=/home/nvidia/Motorcar-NEW_ws/install/serial/lib:${LD_LIBRARY_PATH} /usr/bin/cmake --install /home/nvidia/Motorcar-NEW_ws/build/joy_control
[15.849s] -- Install configuration: ""
[15.849s] -- Installing: /home/nvidia/Motorcar-NEW_ws/install/joy_control/lib/joy_control/joy_control
[15.857s] -- Set runtime path of "/home/nvidia/Motorcar-NEW_ws/install/joy_control/lib/joy_control/joy_control" to ""
[15.858s] -- Up-to-date: /home/nvidia/Motorcar-NEW_ws/install/joy_control/share/ament_index/resource_index/package_run_dependencies/joy_control
[15.858s] -- Up-to-date: /home/nvidia/Motorcar-NEW_ws/install/joy_control/share/ament_index/resource_index/parent_prefix_path/joy_control
[15.859s] -- Up-to-date: /home/nvidia/Motorcar-NEW_ws/install/joy_control/share/joy_control/environment/ament_prefix_path.sh
[15.859s] -- Up-to-date: /home/nvidia/Motorcar-NEW_ws/install/joy_control/share/joy_control/environment/ament_prefix_path.dsv
[15.859s] -- Up-to-date: /home/nvidia/Motorcar-NEW_ws/install/joy_control/share/joy_control/environment/path.sh
[15.859s] -- Up-to-date: /home/nvidia/Motorcar-NEW_ws/install/joy_control/share/joy_control/environment/path.dsv
[15.860s] -- Up-to-date: /home/nvidia/Motorcar-NEW_ws/install/joy_control/share/joy_control/local_setup.bash
[15.860s] -- Up-to-date: /home/nvidia/Motorcar-NEW_ws/install/joy_control/share/joy_control/local_setup.sh
[15.860s] -- Up-to-date: /home/nvidia/Motorcar-NEW_ws/install/joy_control/share/joy_control/local_setup.zsh
[15.860s] -- Up-to-date: /home/nvidia/Motorcar-NEW_ws/install/joy_control/share/joy_control/local_setup.dsv
[15.860s] -- Installing: /home/nvidia/Motorcar-NEW_ws/install/joy_control/share/joy_control/package.dsv
[15.861s] -- Up-to-date: /home/nvidia/Motorcar-NEW_ws/install/joy_control/share/ament_index/resource_index/packages/joy_control
[15.861s] -- Up-to-date: /home/nvidia/Motorcar-NEW_ws/install/joy_control/share/joy_control/cmake/joy_controlConfig.cmake
[15.862s] -- Up-to-date: /home/nvidia/Motorcar-NEW_ws/install/joy_control/share/joy_control/cmake/joy_controlConfig-version.cmake
[15.864s] -- Up-to-date: /home/nvidia/Motorcar-NEW_ws/install/joy_control/share/joy_control/package.xml
[15.865s] Invoked command in '/home/nvidia/Motorcar-NEW_ws/build/joy_control' returned '0': AMENT_PREFIX_PATH=/home/nvidia/Motorcar-NEW_ws/install/serial:${AMENT_PREFIX_PATH} CMAKE_PREFIX_PATH=/home/nvidia/Motorcar-NEW_ws/install/serial:/home/nvidia/piek-src/install/motor_control:/home/nvidia/piek-src/install/willy_interfaces:/home/nvidia/piek-src/install/serial:/home/nvidia/piek-src/install/joy_control:/home/nvidia/piek-src/install/keyboard_joy:/opt/ros/humble LD_LIBRARY_PATH=/home/nvidia/Motorcar-NEW_ws/install/serial/lib:${LD_LIBRARY_PATH} /usr/bin/cmake --install /home/nvidia/Motorcar-NEW_ws/build/joy_control
